#
# There is insufficient memory for the Java Runtime Environment to continue.
# Native memory allocation (malloc) failed to allocate 2260816 bytes for Chunk::new
# Possible reasons:
#   The system is out of physical RAM or swap space
#   In 32 bit mode, the process size limit was hit
# Possible solutions:
#   Reduce memory load on the system
#   Increase physical memory or swap space
#   Check if swap backing store is full
#   Use 64 bit Java on a 64 bit OS
#   Decrease Java heap size (-Xmx/-Xms)
#   Decrease number of Java threads
#   Decrease Java thread stack sizes (-Xss)
#   Set larger code cache with -XX:ReservedCodeCacheSize=
# This output file may be truncated or incomplete.
#
#  Out of Memory Error (allocation.cpp:390), pid=18108, tid=0x0000000000003680
#
# JRE version: OpenJDK Runtime Environment (8.0_152-b01) (build 1.8.0_152-release-915-b01)
# Java VM: OpenJDK 64-Bit Server VM (25.152-b01 mixed mode windows-amd64 compressed oops)
# Failed to write core dump. Minidumps are not enabled by default on client versions of Windows
#

---------------  T H R E A D  ---------------

Current thread (0x00000000186ad800):  JavaThread "C2 CompilerThread0" daemon [_thread_in_native, id=13952, stack(0x0000000019e00000,0x0000000019f00000)]

Stack: [0x0000000019e00000,0x0000000019f00000]
[error occurred during error reporting (printing stack bounds), id 0xc0000005]

Native frames: (J=compiled Java code, j=interpreted, Vv=VM code, C=native code)


Current CompileTask:
C2:   6455 1316   !   4       java.net.URLClassLoader$1::run (63 bytes)


---------------  P R O C E S S  ---------------

Java Threads: ( => current thread )
  0x000000001d959000 JavaThread "Cache worker for file hash cache (C:\Users\JCarvalhoJr\eclipse-workspace_2018\Web_Services_Android\Web_Service_Android_Client\.gradle\4.1\fileHashes)" [_thread_blocked, id=17696, stack(0x000000001e330000,0x000000001e430000)]
  0x000000001b6fa800 JavaThread "File lock request listener" [_thread_in_native, id=17672, stack(0x000000001d260000,0x000000001d360000)]
  0x000000001a86f800 JavaThread "Cache worker for file hash cache (C:\Users\JCarvalhoJr\.gradle\caches\4.1\fileHashes)" [_thread_blocked, id=17688, stack(0x000000001cf60000,0x000000001d060000)]
  0x000000001b810000 JavaThread "Stdin handler" [_thread_blocked, id=17928, stack(0x000000001ce60000,0x000000001cf60000)]
  0x000000001afae800 JavaThread "Asynchronous log dispatcher for DefaultDaemonConnection: socket connection from /127.0.0.1:3401 to /127.0.0.1:3402" [_thread_blocked, id=17560, stack(0x000000001cd60000,0x000000001ce60000)]
  0x000000001b5b8000 JavaThread "Daemon worker" [_thread_in_vm, id=13852, stack(0x000000001cc60000,0x000000001cd60000)]
  0x000000001b5b7000 JavaThread "Cancel handler" [_thread_blocked, id=7780, stack(0x000000001cb60000,0x000000001cc60000)]
  0x000000001b812000 JavaThread "Handler for socket connection from /127.0.0.1:3401 to /127.0.0.1:3402" [_thread_in_native, id=6016, stack(0x000000001c860000,0x000000001c960000)]
  0x000000001870a000 JavaThread "Daemon" [_thread_blocked, id=10984, stack(0x000000001c760000,0x000000001c860000)]
  0x000000001b9c8800 JavaThread "Daemon periodic checks" [_thread_blocked, id=11768, stack(0x000000001c660000,0x000000001c760000)]
  0x000000001b858800 JavaThread "Incoming local TCP Connector on port 3401" [_thread_in_native, id=8688, stack(0x000000001c410000,0x000000001c510000)]
  0x000000001a119000 JavaThread "Service Thread" daemon [_thread_blocked, id=2612, stack(0x000000001a500000,0x000000001a600000)]
  0x00000000186e4800 JavaThread "C1 CompilerThread2" daemon [_thread_blocked, id=16196, stack(0x000000001a000000,0x000000001a100000)]
  0x00000000186b1000 JavaThread "C2 CompilerThread1" daemon [_thread_in_native, id=2636, stack(0x0000000019f00000,0x000000001a000000)]
=>0x00000000186ad800 JavaThread "C2 CompilerThread0" daemon [_thread_in_native, id=13952, stack(0x0000000019e00000,0x0000000019f00000)]
  0x00000000186ac800 JavaThread "Attach Listener" daemon [_thread_blocked, id=9472, stack(0x0000000019d00000,0x0000000019e00000)]
  0x00000000186ab000 JavaThread "Signal Dispatcher" daemon [_thread_blocked, id=644, stack(0x0000000019c00000,0x0000000019d00000)]
  0x0000000004d3c800 JavaThread "Finalizer" daemon [_thread_blocked, id=5240, stack(0x0000000019900000,0x0000000019a00000)]
  0x0000000004d32000 JavaThread "Reference Handler" daemon [_thread_blocked, id=17556, stack(0x0000000019800000,0x0000000019900000)]
  0x0000000004c42800 JavaThread "main" [_thread_blocked, id=18260, stack(0x0000000004b40000,0x0000000004c40000)]

Other Threads:
  0x0000000018676800 VMThread [stack: 0x0000000019700000,0x0000000019800000] [id=17564]
  0x000000001a11a000 WatcherThread [stack: 0x000000001a600000,0x000000001a700000] [id=5764]

VM state:not at safepoint (normal execution)

VM Mutex/Monitor currently owned by a thread: None

Heap:
 PSYoungGen      total 57344K, used 11082K [0x00000000e0000000, 0x00000000e4000000, 0x0000000100000000)
  eden space 49152K, 5% used [0x00000000e0000000,0x00000000e02d2c20,0x00000000e3000000)
  from space 8192K, 99% used [0x00000000e3800000,0x00000000e3fffd00,0x00000000e4000000)
  to   space 8192K, 0% used [0x00000000e3000000,0x00000000e3000000,0x00000000e3800000)
 ParOldGen       total 131072K, used 754K [0x00000000a0000000, 0x00000000a8000000, 0x00000000e0000000)
  object space 131072K, 0% used [0x00000000a0000000,0x00000000a00bcaf0,0x00000000a8000000)
 Metaspace       used 15447K, capacity 15730K, committed 15872K, reserved 1062912K
  class space    used 2176K, capacity 2279K, committed 2304K, reserved 1048576K

Card table byte_map: [0x0000000014100000,0x0000000014410000] byte_map_base: 0x0000000013c00000

Marking Bits: (ParMarkBitMap*) 0x0000000075193950
 Begin Bits: [0x0000000014a10000, 0x0000000016210000)
 End Bits:   [0x0000000016210000, 0x0000000017a10000)

Polling page: 0x0000000000bb0000

CodeCache: size=245760Kb used=4986Kb max_used=4986Kb free=240773Kb
 bounds [0x0000000004d40000, 0x0000000005230000, 0x0000000013d40000]
 total_blobs=1796 nmethods=1427 adapters=282
 compilation: enabled

Compilation events (10 events):
Event: 6.280 Thread 0x00000000186e4800 1431       3       java.io.ByteArrayOutputStream::<init> (7 bytes)
Event: 6.280 Thread 0x00000000186e4800 nmethod 1431 0x000000000521d4d0 code [0x000000000521d640, 0x000000000521d7c8]
Event: 6.421 Thread 0x00000000186e4800 1432       3       java.lang.Class::arrayContentsEq (70 bytes)
Event: 6.421 Thread 0x00000000186e4800 nmethod 1432 0x000000000521d850 code [0x000000000521d9e0, 0x000000000521de10]
Event: 6.423 Thread 0x00000000186e4800 1433       3       java.lang.Class::getDeclaredMethod (67 bytes)
Event: 6.424 Thread 0x00000000186e4800 nmethod 1433 0x000000000521df90 code [0x000000000521e1e0, 0x000000000521ee98]
Event: 6.429 Thread 0x00000000186e4800 1434       3       org.objectweb.asm.ClassWriter::get (49 bytes)
Event: 6.430 Thread 0x00000000186e4800 nmethod 1434 0x000000000521f450 code [0x000000000521f5e0, 0x000000000521f968]
Event: 6.430 Thread 0x00000000186e4800 1435       3       org.objectweb.asm.Item::set (143 bytes)
Event: 6.431 Thread 0x00000000186e4800 nmethod 1435 0x000000000521fb10 code [0x000000000521fcc0, 0x0000000005220378]

GC Heap History (4 events):
Event: 3.027 GC heap before
{Heap before GC invocations=1 (full 0):
 PSYoungGen      total 57344K, used 49152K [0x00000000e0000000, 0x00000000e4000000, 0x0000000100000000)
  eden space 49152K, 100% used [0x00000000e0000000,0x00000000e3000000,0x00000000e3000000)
  from space 8192K, 0% used [0x00000000e3800000,0x00000000e3800000,0x00000000e4000000)
  to   space 8192K, 0% used [0x00000000e3000000,0x00000000e3000000,0x00000000e3800000)
 ParOldGen       total 131072K, used 0K [0x00000000a0000000, 0x00000000a8000000, 0x00000000e0000000)
  object space 131072K, 0% used [0x00000000a0000000,0x00000000a0000000,0x00000000a8000000)
 Metaspace       used 8270K, capacity 8500K, committed 8576K, reserved 1056768K
  class space    used 1046K, capacity 1112K, committed 1152K, reserved 1048576K
Event: 3.052 GC heap after
Heap after GC invocations=1 (full 0):
 PSYoungGen      total 57344K, used 5844K [0x00000000e0000000, 0x00000000e4000000, 0x0000000100000000)
  eden space 49152K, 0% used [0x00000000e0000000,0x00000000e0000000,0x00000000e3000000)
  from space 8192K, 71% used [0x00000000e3000000,0x00000000e35b5078,0x00000000e3800000)
  to   space 8192K, 0% used [0x00000000e3800000,0x00000000e3800000,0x00000000e4000000)
 ParOldGen       total 131072K, used 8K [0x00000000a0000000, 0x00000000a8000000, 0x00000000e0000000)
  object space 131072K, 0% used [0x00000000a0000000,0x00000000a0002000,0x00000000a8000000)
 Metaspace       used 8270K, capacity 8500K, committed 8576K, reserved 1056768K
  class space    used 1046K, capacity 1112K, committed 1152K, reserved 1048576K
}
Event: 6.337 GC heap before
{Heap before GC invocations=2 (full 0):
 PSYoungGen      total 57344K, used 54996K [0x00000000e0000000, 0x00000000e4000000, 0x0000000100000000)
  eden space 49152K, 100% used [0x00000000e0000000,0x00000000e3000000,0x00000000e3000000)
  from space 8192K, 71% used [0x00000000e3000000,0x00000000e35b5078,0x00000000e3800000)
  to   space 8192K, 0% used [0x00000000e3800000,0x00000000e3800000,0x00000000e4000000)
 ParOldGen       total 131072K, used 8K [0x00000000a0000000, 0x00000000a8000000, 0x00000000e0000000)
  object space 131072K, 0% used [0x00000000a0000000,0x00000000a0002000,0x00000000a8000000)
 Metaspace       used 15035K, capacity 15378K, committed 15616K, reserved 1062912K
  class space    used 2124K, capacity 2247K, committed 2304K, reserved 1048576K
Event: 6.362 GC heap after
Heap after GC invocations=2 (full 0):
 PSYoungGen      total 57344K, used 8191K [0x00000000e0000000, 0x00000000e4000000, 0x0000000100000000)
  eden space 49152K, 0% used [0x00000000e0000000,0x00000000e0000000,0x00000000e3000000)
  from space 8192K, 99% used [0x00000000e3800000,0x00000000e3fffd00,0x00000000e4000000)
  to   space 8192K, 0% used [0x00000000e3000000,0x00000000e3000000,0x00000000e3800000)
 ParOldGen       total 131072K, used 754K [0x00000000a0000000, 0x00000000a8000000, 0x00000000e0000000)
  object space 131072K, 0% used [0x00000000a0000000,0x00000000a00bcaf0,0x00000000a8000000)
 Metaspace       used 15035K, capacity 15378K, committed 15616K, reserved 1062912K
  class space    used 2124K, capacity 2247K, committed 2304K, reserved 1048576K
}

Deoptimization events (10 events):
Event: 2.910 Thread 0x0000000004c42800 Uncommon trap: reason=bimorphic action=maybe_recompile pc=0x0000000004fc90e0 method=java.util.HashMap.putVal(ILjava/lang/Object;Ljava/lang/Object;ZZ)Ljava/lang/Object; @ 91
Event: 2.922 Thread 0x0000000004c42800 Uncommon trap: reason=bimorphic action=maybe_recompile pc=0x0000000004fc4748 method=java.util.HashMap.putVal(ILjava/lang/Object;Ljava/lang/Object;ZZ)Ljava/lang/Object; @ 91
Event: 3.254 Thread 0x0000000004c42800 Uncommon trap: reason=bimorphic action=maybe_recompile pc=0x0000000005074bec method=java.util.HashMap.putVal(ILjava/lang/Object;Ljava/lang/Object;ZZ)Ljava/lang/Object; @ 203
Event: 4.052 Thread 0x0000000004c42800 Uncommon trap: reason=unstable_if action=reinterpret pc=0x000000000505f098 method=java.io.WinNTFileSystem.normalize(Ljava/lang/String;)Ljava/lang/String; @ 128
Event: 4.052 Thread 0x0000000004c42800 Uncommon trap: reason=unstable_if action=reinterpret pc=0x0000000005038a54 method=java.io.WinNTFileSystem.normalize(Ljava/lang/String;II)Ljava/lang/String; @ 90
Event: 5.445 Thread 0x000000001b5b8000 Uncommon trap: reason=bimorphic action=maybe_recompile pc=0x000000000507454c method=java.util.HashMap.putVal(ILjava/lang/Object;Ljava/lang/Object;ZZ)Ljava/lang/Object; @ 253
Event: 5.446 Thread 0x000000001b5b8000 Uncommon trap: reason=bimorphic action=maybe_recompile pc=0x000000000507454c method=java.util.HashMap.putVal(ILjava/lang/Object;Ljava/lang/Object;ZZ)Ljava/lang/Object; @ 253
Event: 5.769 Thread 0x000000001b5b8000 Uncommon trap: reason=class_check action=maybe_recompile pc=0x0000000004fb2e5c method=java.util.regex.Matcher.match(II)Z @ 86
Event: 5.769 Thread 0x000000001b5b8000 Uncommon trap: reason=class_check action=maybe_recompile pc=0x0000000004fb2e5c method=java.util.regex.Matcher.match(II)Z @ 86
Event: 5.870 Thread 0x000000001b5b8000 Uncommon trap: reason=unstable_if action=reinterpret pc=0x00000000051c1534 method=java.lang.String.lastIndexOf([CII[CIII)I @ 66

Classes redefined (0 events):
No events

Internal exceptions (10 events):
Event: 5.358 Thread 0x000000001b812000 Exception <a 'java/lang/NoSuchMethodError': <clinit>> (0x00000000e0c17e68) thrown at [D:\src\AOSP-openjdk-cygwin\jdk8u\hotspot\src\share\vm\prims\jni.cpp, line 1613]
Event: 5.364 Thread 0x000000001b812000 Exception <a 'java/lang/NoSuchMethodError': <clinit>> (0x00000000e0c422e8) thrown at [D:\src\AOSP-openjdk-cygwin\jdk8u\hotspot\src\share\vm\prims\jni.cpp, line 1613]
Event: 5.365 Thread 0x000000001b812000 Exception <a 'java/lang/NoSuchMethodError': <clinit>> (0x00000000e0c4b940) thrown at [D:\src\AOSP-openjdk-cygwin\jdk8u\hotspot\src\share\vm\prims\jni.cpp, line 1613]
Event: 5.367 Thread 0x000000001b812000 Exception <a 'java/lang/NoSuchMethodError': <clinit>> (0x00000000e0c56118) thrown at [D:\src\AOSP-openjdk-cygwin\jdk8u\hotspot\src\share\vm\prims\jni.cpp, line 1613]
Event: 5.385 Thread 0x000000001b812000 Exception <a 'java/lang/NoSuchMethodError': <clinit>> (0x00000000e0cd0cb0) thrown at [D:\src\AOSP-openjdk-cygwin\jdk8u\hotspot\src\share\vm\prims\jni.cpp, line 1613]
Event: 5.391 Thread 0x000000001b812000 Exception <a 'java/lang/NoSuchMethodError': <clinit>> (0x00000000e0d04390) thrown at [D:\src\AOSP-openjdk-cygwin\jdk8u\hotspot\src\share\vm\prims\jni.cpp, line 1613]
Event: 5.393 Thread 0x000000001b812000 Exception <a 'java/lang/NoSuchMethodError': <clinit>> (0x00000000e0d14188) thrown at [D:\src\AOSP-openjdk-cygwin\jdk8u\hotspot\src\share\vm\prims\jni.cpp, line 1613]
Event: 5.399 Thread 0x000000001b812000 Exception <a 'java/lang/NoSuchMethodError': <clinit>> (0x00000000e0d3a720) thrown at [D:\src\AOSP-openjdk-cygwin\jdk8u\hotspot\src\share\vm\prims\jni.cpp, line 1613]
Event: 5.435 Thread 0x000000001b5b8000 Exception <a 'java/lang/NoSuchMethodError': <clinit>> (0x00000000e0e496e0) thrown at [D:\src\AOSP-openjdk-cygwin\jdk8u\hotspot\src\share\vm\prims\jni.cpp, line 1613]
Event: 5.436 Thread 0x000000001b5b8000 Exception <a 'java/lang/NoSuchMethodError': <clinit>> (0x00000000e0e51968) thrown at [D:\src\AOSP-openjdk-cygwin\jdk8u\hotspot\src\share\vm\prims\jni.cpp, line 1613]

Events (10 events):
Event: 6.450 loading class org/gradle/plugin/management/internal/PluginRequestsSerializer
Event: 6.450 loading class org/gradle/plugin/management/internal/PluginRequestsSerializer done
Event: 6.451 loading class org/gradle/plugin/management/internal/PluginRequests
Event: 6.451 loading class org/gradle/plugin/management/internal/PluginRequests done
Event: 6.451 loading class org/gradle/api/internal/DependencyInjectingInstantiator
Event: 6.451 loading class org/gradle/api/internal/DependencyInjectingInstantiator done
Event: 6.452 loading class org/gradle/configuration/ScriptPluginFactorySelector
Event: 6.452 loading class org/gradle/configuration/ScriptPluginFactorySelector done
Event: 6.453 loading class org/gradle/configuration/ScriptPluginFactorySelector$ProviderInstantiator
Event: 6.453 loading class org/gradle/configuration/ScriptPluginFactorySelector$ProviderInstantiator done


Dynamic libraries:
0x00007ff7e0830000 - 0x00007ff7e0861000 	C:\Program Files\Android\Android Studio1\jre\bin\java.exe
0x00007fff2db60000 - 0x00007fff2dd40000 	C:\WINDOWS\SYSTEM32\ntdll.dll
0x00007fff2da80000 - 0x00007fff2db2e000 	C:\WINDOWS\System32\KERNEL32.DLL
0x00007fff2ad50000 - 0x00007fff2afb6000 	C:\WINDOWS\System32\KERNELBASE.dll
0x00007fff2c120000 - 0x00007fff2c1c1000 	C:\WINDOWS\System32\ADVAPI32.dll
0x00007fff2b290000 - 0x00007fff2b32d000 	C:\WINDOWS\System32\msvcrt.dll
0x00007fff2b0e0000 - 0x00007fff2b13b000 	C:\WINDOWS\System32\sechost.dll
0x00007fff2d900000 - 0x00007fff2da1f000 	C:\WINDOWS\System32\RPCRT4.dll
0x00007fff2c1d0000 - 0x00007fff2c35e000 	C:\WINDOWS\System32\USER32.dll
0x00007fff2b010000 - 0x00007fff2b030000 	C:\WINDOWS\System32\win32u.dll
0x00007fff2b3a0000 - 0x00007fff2b3c8000 	C:\WINDOWS\System32\GDI32.dll
0x00007fff2a7b0000 - 0x00007fff2a944000 	C:\WINDOWS\System32\gdi32full.dll
0x00007fff2a9b0000 - 0x00007fff2aa4b000 	C:\WINDOWS\System32\msvcp_win.dll
0x00007fff29f60000 - 0x00007fff2a056000 	C:\WINDOWS\System32\ucrtbase.dll
0x00007fff1b290000 - 0x00007fff1b4f9000 	C:\WINDOWS\WinSxS\amd64_microsoft.windows.common-controls_6595b64144ccf1df_6.0.16299.19_none_cc92fab02215da61\COMCTL32.dll
0x00007fff2b630000 - 0x00007fff2b938000 	C:\WINDOWS\System32\combase.dll
0x00007fff2aa50000 - 0x00007fff2aac2000 	C:\WINDOWS\System32\bcryptPrimitives.dll
0x00007fff2d840000 - 0x00007fff2d86d000 	C:\WINDOWS\System32\IMM32.DLL
0x00000000748f0000 - 0x00000000749c2000 	C:\Program Files\Android\Android Studio1\jre\jre\bin\msvcr100.dll
0x00000000749d0000 - 0x000000007520e000 	C:\Program Files\Android\Android Studio1\jre\jre\bin\server\jvm.dll
0x00007fff2b550000 - 0x00007fff2b558000 	C:\WINDOWS\System32\PSAPI.DLL
0x00007fff265a0000 - 0x00007fff265a9000 	C:\WINDOWS\SYSTEM32\WSOCK32.dll
0x00007fff2b3d0000 - 0x00007fff2b43c000 	C:\WINDOWS\System32\WS2_32.dll
0x00007fff27be0000 - 0x00007fff27c03000 	C:\WINDOWS\SYSTEM32\WINMM.dll
0x00007fff1f300000 - 0x00007fff1f30a000 	C:\WINDOWS\SYSTEM32\VERSION.dll
0x00007fff27b80000 - 0x00007fff27baa000 	C:\WINDOWS\SYSTEM32\WINMMBASE.dll
0x00007fff2afc0000 - 0x00007fff2b00a000 	C:\WINDOWS\System32\cfgmgr32.dll
0x00007fff299b0000 - 0x00007fff299bf000 	C:\Program Files\Android\Android Studio1\jre\jre\bin\verify.dll
0x00007fff1e080000 - 0x00007fff1e0a9000 	C:\Program Files\Android\Android Studio1\jre\jre\bin\java.dll
0x00007fff268f0000 - 0x00007fff26906000 	C:\Program Files\Android\Android Studio1\jre\jre\bin\zip.dll
0x00007fff2c400000 - 0x00007fff2d837000 	C:\WINDOWS\System32\SHELL32.dll
0x00007fff2b030000 - 0x00007fff2b0d6000 	C:\WINDOWS\System32\shcore.dll
0x00007fff2a060000 - 0x00007fff2a7a7000 	C:\WINDOWS\System32\windows.storage.dll
0x00007fff2bd90000 - 0x00007fff2bde1000 	C:\WINDOWS\System32\shlwapi.dll
0x00007fff29ed0000 - 0x00007fff29ee1000 	C:\WINDOWS\System32\kernel.appcore.dll
0x00007fff29ef0000 - 0x00007fff29f3c000 	C:\WINDOWS\System32\powrprof.dll
0x00007fff29f40000 - 0x00007fff29f5b000 	C:\WINDOWS\System32\profapi.dll
0x00007fff25bf0000 - 0x00007fff25c0a000 	C:\Program Files\Android\Android Studio1\jre\jre\bin\net.dll
0x00007fff29390000 - 0x00007fff293f6000 	C:\WINDOWS\system32\mswsock.dll
0x00007fff1e060000 - 0x00007fff1e071000 	C:\Program Files\Android\Android Studio1\jre\jre\bin\nio.dll
0x00007fff0c900000 - 0x00007fff0c91e000 	C:\Users\JCarvalhoJr\.gradle\native\25\windows-amd64\native-platform.dll
0x00007fff299a0000 - 0x00007fff299ad000 	C:\Program Files\Android\Android Studio1\jre\jre\bin\management.dll
0x00007fff29be0000 - 0x00007fff29bf7000 	C:\WINDOWS\SYSTEM32\CRYPTSP.dll
0x00007fff28fa0000 - 0x00007fff28fd3000 	C:\WINDOWS\system32\rsaenh.dll
0x00007fff299e0000 - 0x00007fff29a05000 	C:\WINDOWS\SYSTEM32\bcrypt.dll
0x00007fff29db0000 - 0x00007fff29dd9000 	C:\WINDOWS\SYSTEM32\USERENV.dll
0x00007fff29550000 - 0x00007fff2955b000 	C:\WINDOWS\SYSTEM32\CRYPTBASE.dll
0x00007fff29120000 - 0x00007fff29159000 	C:\WINDOWS\SYSTEM32\IPHLPAPI.DLL
0x00007fff2d870000 - 0x00007fff2d878000 	C:\WINDOWS\System32\NSI.dll
0x00007fff1e3d0000 - 0x00007fff1e3e6000 	C:\WINDOWS\SYSTEM32\dhcpcsvc6.DLL
0x00007fff1e3b0000 - 0x00007fff1e3ca000 	C:\WINDOWS\SYSTEM32\dhcpcsvc.DLL

VM Arguments:
jvm_args: -Xmx1536m -Dfile.encoding=windows-1252 -Duser.country=BR -Duser.language=pt -Duser.variant 
java_command: org.gradle.launcher.daemon.bootstrap.GradleDaemon 4.1
java_class_path (initial): C:\Users\JCarvalhoJr\.gradle\wrapper\dists\gradle-4.1-all\bzyivzo6n839fup2jbap0tjew\gradle-4.1\lib\gradle-launcher-4.1.jar
Launcher Type: SUN_STANDARD

Environment Variables:
CLASSPATH=.;C:\Program Files (x86)\Griaule\Fingerprint SDK 2009\bin\GrFingerJava.jar
USERNAME=JCarvalhoJr
OS=Windows_NT
PROCESSOR_IDENTIFIER=Intel64 Family 6 Model 42 Stepping 7, GenuineIntel



---------------  S Y S T E M  ---------------

OS: Windows 10.0 , 64 bit Build 16299 (10.0.16299.15)

CPU:total 4 (initial active 4) (2 cores per cpu, 2 threads per core) family 6 model 42 stepping 7, cmov, cx8, fxsr, mmx, sse, sse2, sse3, ssse3, sse4.1, sse4.2, popcnt, avx, aes, clmul, ht, tsc, tscinvbit

Memory: 4k page, physical 12496748k(2591244k free), swap 13545324k(4468k free)

vm_info: OpenJDK 64-Bit Server VM (25.152-b01) for windows-amd64 JRE (1.8.0_152-release-915-b01), built by "builder" with MS VC++ 10.0 (VS2010)

time: Thu Mar 01 19:04:42 2018
elapsed time: 6 seconds (0d 0h 0m 6s)

