#
# There is insufficient memory for the Java Runtime Environment to continue.
# Native memory allocation (malloc) failed to allocate 952576 bytes for Chunk::new
# Possible reasons:
#   The system is out of physical RAM or swap space
#   In 32 bit mode, the process size limit was hit
# Possible solutions:
#   Reduce memory load on the system
#   Increase physical memory or swap space
#   Check if swap backing store is full
#   Use 64 bit Java on a 64 bit OS
#   Decrease Java heap size (-Xmx/-Xms)
#   Decrease number of Java threads
#   Decrease Java thread stack sizes (-Xss)
#   Set larger code cache with -XX:ReservedCodeCacheSize=
# This output file may be truncated or incomplete.
#
#  Out of Memory Error (allocation.cpp:390), pid=17596, tid=0x00000000000008cc
#
# JRE version: OpenJDK Runtime Environment (8.0_152-b01) (build 1.8.0_152-release-915-b01)
# Java VM: OpenJDK 64-Bit Server VM (25.152-b01 mixed mode windows-amd64 compressed oops)
# Failed to write core dump. Minidumps are not enabled by default on client versions of Windows
#

---------------  T H R E A D  ---------------

Current thread (0x00000000182fe000):  JavaThread "C2 CompilerThread0" daemon [_thread_in_native, id=2252, stack(0x0000000019a80000,0x0000000019b80000)]

Stack: [0x0000000019a80000,0x0000000019b80000]
[error occurred during error reporting (printing stack bounds), id 0xc0000005]

Native frames: (J=compiled Java code, j=interpreted, Vv=VM code, C=native code)


Current CompileTask:
C2:   4821 1299   !   4       java.net.URLClassLoader$1::run (63 bytes)


---------------  P R O C E S S  ---------------

Java Threads: ( => current thread )
  0x000000001c2b0000 JavaThread "Cache worker for file hash cache (C:\Users\JCarvalhoJr\.gradle\caches\4.1\fileHashes)" [_thread_new, id=18196, stack(0x0000000000000000,0x0000000000000000)]
  0x000000001b2a9000 JavaThread "Stdin handler" [_thread_blocked, id=17512, stack(0x000000001dab0000,0x000000001dbb0000)]
  0x000000001b2a7800 JavaThread "Asynchronous log dispatcher for DefaultDaemonConnection: socket connection from /127.0.0.1:3417 to /127.0.0.1:3418" [_thread_blocked, id=17748, stack(0x000000001d9b0000,0x000000001dab0000)]
  0x000000001b2a6000 JavaThread "Daemon worker" [_thread_in_native, id=17792, stack(0x000000001d8b0000,0x000000001d9b0000)]
  0x000000001b4eb800 JavaThread "Cancel handler" [_thread_blocked, id=17832, stack(0x000000001d7b0000,0x000000001d8b0000)]
  0x000000001b341800 JavaThread "Handler for socket connection from /127.0.0.1:3417 to /127.0.0.1:3418" [_thread_in_native, id=15900, stack(0x000000001d4b0000,0x000000001d5b0000)]
  0x000000001b33e800 JavaThread "Daemon" [_thread_blocked, id=15672, stack(0x000000001d3b0000,0x000000001d4b0000)]
  0x000000001b337000 JavaThread "Daemon periodic checks" [_thread_blocked, id=18296, stack(0x000000001d2b0000,0x000000001d3b0000)]
  0x000000001bba8800 JavaThread "Incoming local TCP Connector on port 3417" [_thread_in_native, id=18288, stack(0x000000001d060000,0x000000001d160000)]
  0x0000000019db3000 JavaThread "Service Thread" daemon [_thread_blocked, id=17764, stack(0x000000001a180000,0x000000001a280000)]
  0x000000001830a000 JavaThread "C1 CompilerThread2" daemon [_thread_blocked, id=6432, stack(0x0000000019c80000,0x0000000019d80000)]
  0x0000000018301000 JavaThread "C2 CompilerThread1" daemon [_thread_in_native, id=17156, stack(0x0000000019b80000,0x0000000019c80000)]
=>0x00000000182fe000 JavaThread "C2 CompilerThread0" daemon [_thread_in_native, id=2252, stack(0x0000000019a80000,0x0000000019b80000)]
  0x00000000182fc800 JavaThread "Attach Listener" daemon [_thread_blocked, id=16656, stack(0x0000000019980000,0x0000000019a80000)]
  0x00000000182fb000 JavaThread "Signal Dispatcher" daemon [_thread_blocked, id=12236, stack(0x0000000019880000,0x0000000019980000)]
  0x000000000489d000 JavaThread "Finalizer" daemon [_thread_blocked, id=7892, stack(0x0000000019580000,0x0000000019680000)]
  0x0000000004892000 JavaThread "Reference Handler" daemon [_thread_blocked, id=232, stack(0x0000000019480000,0x0000000019580000)]
  0x00000000047a2800 JavaThread "main" [_thread_blocked, id=10620, stack(0x0000000004670000,0x0000000004770000)]

Other Threads:
  0x00000000182c6800 VMThread [stack: 0x0000000019380000,0x0000000019480000] [id=12776]
  0x0000000019dcc800 WatcherThread [stack: 0x000000001a280000,0x000000001a380000] [id=9584]

VM state:not at safepoint (normal execution)

VM Mutex/Monitor currently owned by a thread: None

Heap:
 PSYoungGen      total 57344K, used 43136K [0x00000000e0000000, 0x00000000e4000000, 0x0000000100000000)
  eden space 49152K, 75% used [0x00000000e0000000,0x00000000e2465b60,0x00000000e3000000)
  from space 8192K, 71% used [0x00000000e3000000,0x00000000e35ba740,0x00000000e3800000)
  to   space 8192K, 0% used [0x00000000e3800000,0x00000000e3800000,0x00000000e4000000)
 ParOldGen       total 131072K, used 8K [0x00000000a0000000, 0x00000000a8000000, 0x00000000e0000000)
  object space 131072K, 0% used [0x00000000a0000000,0x00000000a0002000,0x00000000a8000000)
 Metaspace       used 13965K, capacity 14386K, committed 14720K, reserved 1062912K
  class space    used 1941K, capacity 2087K, committed 2176K, reserved 1048576K

Card table byte_map: [0x0000000013d50000,0x0000000014060000] byte_map_base: 0x0000000013850000

Marking Bits: (ParMarkBitMap*) 0x0000000075193950
 Begin Bits: [0x0000000014660000, 0x0000000015e60000)
 End Bits:   [0x0000000015e60000, 0x0000000017660000)

Polling page: 0x00000000029e0000

CodeCache: size=245760Kb used=4678Kb max_used=4686Kb free=241081Kb
 bounds [0x0000000004990000, 0x0000000004e30000, 0x0000000013990000]
 total_blobs=1662 nmethods=1297 adapters=278
 compilation: enabled

Compilation events (10 events):
Event: 4.627 Thread 0x000000001830a000 1296       3       java.io.File::getAbsoluteFile (21 bytes)
Event: 4.628 Thread 0x000000001830a000 nmethod 1296 0x0000000004e1b710 code [0x0000000004e1b8a0, 0x0000000004e1bc58]
Event: 4.644 Thread 0x00000000182fe000 1297   !   4       java.net.URLClassLoader::findClass (47 bytes)
Event: 4.644 Thread 0x0000000018301000 1298       4       java.net.URLClassLoader$1::run (5 bytes)
Event: 4.647 Thread 0x00000000182fe000 nmethod 1297 0x0000000004e25950 code [0x0000000004e25ae0, 0x0000000004e25cd8]
Event: 4.647 Thread 0x00000000182fe000 1299   !   4       java.net.URLClassLoader$1::run (63 bytes)
Event: 4.788 Thread 0x000000001830a000 1300       3       java.lang.reflect.Field::<init> (44 bytes)
Event: 4.788 Thread 0x000000001830a000 nmethod 1300 0x0000000004e1b010 code [0x0000000004e1b180, 0x0000000004e1b410]
Event: 4.789 Thread 0x000000001830a000 1301       3       java.lang.reflect.Field::copy (76 bytes)
Event: 4.789 Thread 0x000000001830a000 nmethod 1301 0x0000000004e1aa10 code [0x0000000004e1aba0, 0x0000000004e1aef8]

GC Heap History (2 events):
Event: 2.302 GC heap before
{Heap before GC invocations=1 (full 0):
 PSYoungGen      total 57344K, used 49152K [0x00000000e0000000, 0x00000000e4000000, 0x0000000100000000)
  eden space 49152K, 100% used [0x00000000e0000000,0x00000000e3000000,0x00000000e3000000)
  from space 8192K, 0% used [0x00000000e3800000,0x00000000e3800000,0x00000000e4000000)
  to   space 8192K, 0% used [0x00000000e3000000,0x00000000e3000000,0x00000000e3800000)
 ParOldGen       total 131072K, used 0K [0x00000000a0000000, 0x00000000a8000000, 0x00000000e0000000)
  object space 131072K, 0% used [0x00000000a0000000,0x00000000a0000000,0x00000000a8000000)
 Metaspace       used 8283K, capacity 8506K, committed 8576K, reserved 1056768K
  class space    used 1050K, capacity 1113K, committed 1152K, reserved 1048576K
Event: 2.311 GC heap after
Heap after GC invocations=1 (full 0):
 PSYoungGen      total 57344K, used 5865K [0x00000000e0000000, 0x00000000e4000000, 0x0000000100000000)
  eden space 49152K, 0% used [0x00000000e0000000,0x00000000e0000000,0x00000000e3000000)
  from space 8192K, 71% used [0x00000000e3000000,0x00000000e35ba740,0x00000000e3800000)
  to   space 8192K, 0% used [0x00000000e3800000,0x00000000e3800000,0x00000000e4000000)
 ParOldGen       total 131072K, used 8K [0x00000000a0000000, 0x00000000a8000000, 0x00000000e0000000)
  object space 131072K, 0% used [0x00000000a0000000,0x00000000a0002000,0x00000000a8000000)
 Metaspace       used 8283K, capacity 8506K, committed 8576K, reserved 1056768K
  class space    used 1050K, capacity 1113K, committed 1152K, reserved 1048576K
}

Deoptimization events (10 events):
Event: 2.189 Thread 0x00000000047a2800 Uncommon trap: reason=bimorphic action=maybe_recompile pc=0x0000000004c05da4 method=java.util.HashMap.putVal(ILjava/lang/Object;Ljava/lang/Object;ZZ)Ljava/lang/Object; @ 91
Event: 2.189 Thread 0x00000000047a2800 Uncommon trap: reason=bimorphic action=maybe_recompile pc=0x0000000004c05da4 method=java.util.HashMap.putVal(ILjava/lang/Object;Ljava/lang/Object;ZZ)Ljava/lang/Object; @ 91
Event: 2.209 Thread 0x00000000047a2800 Uncommon trap: reason=bimorphic action=maybe_recompile pc=0x0000000004c01408 method=java.util.HashMap.putVal(ILjava/lang/Object;Ljava/lang/Object;ZZ)Ljava/lang/Object; @ 91
Event: 2.462 Thread 0x00000000047a2800 Uncommon trap: reason=bimorphic action=maybe_recompile pc=0x0000000004ca0a2c method=java.util.HashMap.putVal(ILjava/lang/Object;Ljava/lang/Object;ZZ)Ljava/lang/Object; @ 203
Event: 2.839 Thread 0x00000000047a2800 Uncommon trap: reason=unstable_if action=reinterpret pc=0x0000000004cb3248 method=java.io.WinNTFileSystem.normalize(Ljava/lang/String;)Ljava/lang/String; @ 128
Event: 2.840 Thread 0x00000000047a2800 Uncommon trap: reason=unstable_if action=reinterpret pc=0x0000000004c85a28 method=java.io.WinNTFileSystem.normalize(Ljava/lang/String;II)Ljava/lang/String; @ 90
Event: 4.049 Thread 0x000000001b2a6000 Uncommon trap: reason=bimorphic action=maybe_recompile pc=0x0000000004ca038c method=java.util.HashMap.putVal(ILjava/lang/Object;Ljava/lang/Object;ZZ)Ljava/lang/Object; @ 253
Event: 4.049 Thread 0x000000001b2a6000 Uncommon trap: reason=bimorphic action=maybe_recompile pc=0x0000000004ca038c method=java.util.HashMap.putVal(ILjava/lang/Object;Ljava/lang/Object;ZZ)Ljava/lang/Object; @ 253
Event: 4.616 Thread 0x000000001b2a6000 Uncommon trap: reason=class_check action=maybe_recompile pc=0x0000000004bef79c method=java.util.regex.Matcher.match(II)Z @ 86
Event: 4.617 Thread 0x000000001b2a6000 Uncommon trap: reason=class_check action=maybe_recompile pc=0x0000000004bef79c method=java.util.regex.Matcher.match(II)Z @ 86

Classes redefined (0 events):
No events

Internal exceptions (10 events):
Event: 3.938 Thread 0x000000001b341800 Exception <a 'java/lang/NoSuchMethodError': <clinit>> (0x00000000e0c17350) thrown at [D:\src\AOSP-openjdk-cygwin\jdk8u\hotspot\src\share\vm\prims\jni.cpp, line 1613]
Event: 3.946 Thread 0x000000001b341800 Exception <a 'java/lang/NoSuchMethodError': <clinit>> (0x00000000e0c417d0) thrown at [D:\src\AOSP-openjdk-cygwin\jdk8u\hotspot\src\share\vm\prims\jni.cpp, line 1613]
Event: 3.947 Thread 0x000000001b341800 Exception <a 'java/lang/NoSuchMethodError': <clinit>> (0x00000000e0c4ae28) thrown at [D:\src\AOSP-openjdk-cygwin\jdk8u\hotspot\src\share\vm\prims\jni.cpp, line 1613]
Event: 3.949 Thread 0x000000001b341800 Exception <a 'java/lang/NoSuchMethodError': <clinit>> (0x00000000e0c55600) thrown at [D:\src\AOSP-openjdk-cygwin\jdk8u\hotspot\src\share\vm\prims\jni.cpp, line 1613]
Event: 3.970 Thread 0x000000001b341800 Exception <a 'java/lang/NoSuchMethodError': <clinit>> (0x00000000e0cd0198) thrown at [D:\src\AOSP-openjdk-cygwin\jdk8u\hotspot\src\share\vm\prims\jni.cpp, line 1613]
Event: 3.980 Thread 0x000000001b341800 Exception <a 'java/lang/NoSuchMethodError': <clinit>> (0x00000000e0d036f0) thrown at [D:\src\AOSP-openjdk-cygwin\jdk8u\hotspot\src\share\vm\prims\jni.cpp, line 1613]
Event: 3.985 Thread 0x000000001b341800 Exception <a 'java/lang/NoSuchMethodError': <clinit>> (0x00000000e0d132c8) thrown at [D:\src\AOSP-openjdk-cygwin\jdk8u\hotspot\src\share\vm\prims\jni.cpp, line 1613]
Event: 3.999 Thread 0x000000001b341800 Exception <a 'java/lang/NoSuchMethodError': <clinit>> (0x00000000e0d39860) thrown at [D:\src\AOSP-openjdk-cygwin\jdk8u\hotspot\src\share\vm\prims\jni.cpp, line 1613]
Event: 4.031 Thread 0x000000001b2a6000 Exception <a 'java/lang/NoSuchMethodError': <clinit>> (0x00000000e0e48b38) thrown at [D:\src\AOSP-openjdk-cygwin\jdk8u\hotspot\src\share\vm\prims\jni.cpp, line 1613]
Event: 4.033 Thread 0x000000001b2a6000 Exception <a 'java/lang/NoSuchMethodError': <clinit>> (0x00000000e0e50dc0) thrown at [D:\src\AOSP-openjdk-cygwin\jdk8u\hotspot\src\share\vm\prims\jni.cpp, line 1613]

Events (10 events):
Event: 4.790 loading class org/gradle/api/internal/changedetection/state/InMemoryCacheDecoratorFactory$CacheDetails
Event: 4.790 loading class org/gradle/api/internal/changedetection/state/InMemoryCacheDecoratorFactory$CacheDetails done
Event: 4.791 loading class org/gradle/api/internal/changedetection/state/InMemoryDecoratedCache
Event: 4.791 loading class org/gradle/api/internal/changedetection/state/InMemoryDecoratedCache done
Event: 4.792 loading class org/gradle/cache/internal/CrossProcessSynchronizingCache
Event: 4.792 loading class org/gradle/cache/internal/CrossProcessSynchronizingCache done
Event: 4.794 loading class org/gradle/internal/Factories
Event: 4.794 loading class org/gradle/internal/Factories done
Event: 4.795 loading class org/gradle/internal/Factories$1
Event: 4.795 loading class org/gradle/internal/Factories$1 done


Dynamic libraries:
0x00007ff7e0830000 - 0x00007ff7e0861000 	C:\Program Files\Android\Android Studio1\jre\bin\java.exe
0x00007fff2db60000 - 0x00007fff2dd40000 	C:\WINDOWS\SYSTEM32\ntdll.dll
0x00007fff2da80000 - 0x00007fff2db2e000 	C:\WINDOWS\System32\KERNEL32.DLL
0x00007fff2ad50000 - 0x00007fff2afb6000 	C:\WINDOWS\System32\KERNELBASE.dll
0x00007fff2c120000 - 0x00007fff2c1c1000 	C:\WINDOWS\System32\ADVAPI32.dll
0x00007fff2b290000 - 0x00007fff2b32d000 	C:\WINDOWS\System32\msvcrt.dll
0x00007fff2b0e0000 - 0x00007fff2b13b000 	C:\WINDOWS\System32\sechost.dll
0x00007fff2d900000 - 0x00007fff2da1f000 	C:\WINDOWS\System32\RPCRT4.dll
0x00007fff2c1d0000 - 0x00007fff2c35e000 	C:\WINDOWS\System32\USER32.dll
0x00007fff2b010000 - 0x00007fff2b030000 	C:\WINDOWS\System32\win32u.dll
0x00007fff2b3a0000 - 0x00007fff2b3c8000 	C:\WINDOWS\System32\GDI32.dll
0x00007fff2a7b0000 - 0x00007fff2a944000 	C:\WINDOWS\System32\gdi32full.dll
0x00007fff2a9b0000 - 0x00007fff2aa4b000 	C:\WINDOWS\System32\msvcp_win.dll
0x00007fff29f60000 - 0x00007fff2a056000 	C:\WINDOWS\System32\ucrtbase.dll
0x00007fff1b290000 - 0x00007fff1b4f9000 	C:\WINDOWS\WinSxS\amd64_microsoft.windows.common-controls_6595b64144ccf1df_6.0.16299.19_none_cc92fab02215da61\COMCTL32.dll
0x00007fff2b630000 - 0x00007fff2b938000 	C:\WINDOWS\System32\combase.dll
0x00007fff2aa50000 - 0x00007fff2aac2000 	C:\WINDOWS\System32\bcryptPrimitives.dll
0x00007fff2d840000 - 0x00007fff2d86d000 	C:\WINDOWS\System32\IMM32.DLL
0x00000000748f0000 - 0x00000000749c2000 	C:\Program Files\Android\Android Studio1\jre\jre\bin\msvcr100.dll
0x00000000749d0000 - 0x000000007520e000 	C:\Program Files\Android\Android Studio1\jre\jre\bin\server\jvm.dll
0x00007fff2b550000 - 0x00007fff2b558000 	C:\WINDOWS\System32\PSAPI.DLL
0x00007fff27be0000 - 0x00007fff27c03000 	C:\WINDOWS\SYSTEM32\WINMM.dll
0x00007fff1f300000 - 0x00007fff1f30a000 	C:\WINDOWS\SYSTEM32\VERSION.dll
0x00007fff265a0000 - 0x00007fff265a9000 	C:\WINDOWS\SYSTEM32\WSOCK32.dll
0x00007fff2b3d0000 - 0x00007fff2b43c000 	C:\WINDOWS\System32\WS2_32.dll
0x00007fff27b80000 - 0x00007fff27baa000 	C:\WINDOWS\SYSTEM32\winmmbase.dll
0x00007fff2afc0000 - 0x00007fff2b00a000 	C:\WINDOWS\System32\cfgmgr32.dll
0x00007fff299b0000 - 0x00007fff299bf000 	C:\Program Files\Android\Android Studio1\jre\jre\bin\verify.dll
0x00007fff1e080000 - 0x00007fff1e0a9000 	C:\Program Files\Android\Android Studio1\jre\jre\bin\java.dll
0x00007fff268f0000 - 0x00007fff26906000 	C:\Program Files\Android\Android Studio1\jre\jre\bin\zip.dll
0x00007fff2c400000 - 0x00007fff2d837000 	C:\WINDOWS\System32\SHELL32.dll
0x00007fff2b030000 - 0x00007fff2b0d6000 	C:\WINDOWS\System32\shcore.dll
0x00007fff2a060000 - 0x00007fff2a7a7000 	C:\WINDOWS\System32\windows.storage.dll
0x00007fff2bd90000 - 0x00007fff2bde1000 	C:\WINDOWS\System32\shlwapi.dll
0x00007fff29ed0000 - 0x00007fff29ee1000 	C:\WINDOWS\System32\kernel.appcore.dll
0x00007fff29ef0000 - 0x00007fff29f3c000 	C:\WINDOWS\System32\powrprof.dll
0x00007fff29f40000 - 0x00007fff29f5b000 	C:\WINDOWS\System32\profapi.dll
0x00007fff25bf0000 - 0x00007fff25c0a000 	C:\Program Files\Android\Android Studio1\jre\jre\bin\net.dll
0x00007fff29390000 - 0x00007fff293f6000 	C:\WINDOWS\system32\mswsock.dll
0x00007fff1e060000 - 0x00007fff1e071000 	C:\Program Files\Android\Android Studio1\jre\jre\bin\nio.dll
0x00007fff0c900000 - 0x00007fff0c91e000 	C:\Users\JCarvalhoJr\.gradle\native\25\windows-amd64\native-platform.dll
0x00007fff299a0000 - 0x00007fff299ad000 	C:\Program Files\Android\Android Studio1\jre\jre\bin\management.dll
0x00007fff29be0000 - 0x00007fff29bf7000 	C:\WINDOWS\SYSTEM32\CRYPTSP.dll
0x00007fff28fa0000 - 0x00007fff28fd3000 	C:\WINDOWS\system32\rsaenh.dll
0x00007fff299e0000 - 0x00007fff29a05000 	C:\WINDOWS\SYSTEM32\bcrypt.dll
0x00007fff29db0000 - 0x00007fff29dd9000 	C:\WINDOWS\SYSTEM32\USERENV.dll
0x00007fff29550000 - 0x00007fff2955b000 	C:\WINDOWS\SYSTEM32\CRYPTBASE.dll
0x00007fff29120000 - 0x00007fff29159000 	C:\WINDOWS\SYSTEM32\IPHLPAPI.DLL
0x00007fff2d870000 - 0x00007fff2d878000 	C:\WINDOWS\System32\NSI.dll
0x00007fff1e3d0000 - 0x00007fff1e3e6000 	C:\WINDOWS\SYSTEM32\dhcpcsvc6.DLL
0x00007fff1e3b0000 - 0x00007fff1e3ca000 	C:\WINDOWS\SYSTEM32\dhcpcsvc.DLL

VM Arguments:
jvm_args: -Xmx1536m -Dfile.encoding=windows-1252 -Duser.country=BR -Duser.language=pt -Duser.variant 
java_command: org.gradle.launcher.daemon.bootstrap.GradleDaemon 4.1
java_class_path (initial): C:\Users\JCarvalhoJr\.gradle\wrapper\dists\gradle-4.1-all\bzyivzo6n839fup2jbap0tjew\gradle-4.1\lib\gradle-launcher-4.1.jar
Launcher Type: SUN_STANDARD

Environment Variables:
CLASSPATH=.;C:\Program Files (x86)\Griaule\Fingerprint SDK 2009\bin\GrFingerJava.jar
USERNAME=JCarvalhoJr
OS=Windows_NT
PROCESSOR_IDENTIFIER=Intel64 Family 6 Model 42 Stepping 7, GenuineIntel



---------------  S Y S T E M  ---------------

OS: Windows 10.0 , 64 bit Build 16299 (10.0.16299.15)

CPU:total 4 (initial active 4) (2 cores per cpu, 2 threads per core) family 6 model 42 stepping 7, cmov, cx8, fxsr, mmx, sse, sse2, sse3, ssse3, sse4.1, sse4.2, popcnt, avx, aes, clmul, ht, tsc, tscinvbit

Memory: 4k page, physical 12496748k(2626056k free), swap 13545324k(4856k free)

vm_info: OpenJDK 64-Bit Server VM (25.152-b01) for windows-amd64 JRE (1.8.0_152-release-915-b01), built by "builder" with MS VC++ 10.0 (VS2010)

time: Thu Mar 01 19:05:09 2018
elapsed time: 4 seconds (0d 0h 0m 4s)

