#
# There is insufficient memory for the Java Runtime Environment to continue.
# Native memory allocation (malloc) failed to allocate 32744 bytes for ChunkPool::allocate
# Possible reasons:
#   The system is out of physical RAM or swap space
#   In 32 bit mode, the process size limit was hit
# Possible solutions:
#   Reduce memory load on the system
#   Increase physical memory or swap space
#   Check if swap backing store is full
#   Use 64 bit Java on a 64 bit OS
#   Decrease Java heap size (-Xmx/-Xms)
#   Decrease number of Java threads
#   Decrease Java thread stack sizes (-Xss)
#   Set larger code cache with -XX:ReservedCodeCacheSize=
# This output file may be truncated or incomplete.
#
#  Out of Memory Error (allocation.cpp:273), pid=18324, tid=0x0000000000003238
#
# JRE version: OpenJDK Runtime Environment (8.0_152-b01) (build 1.8.0_152-release-915-b01)
# Java VM: OpenJDK 64-Bit Server VM (25.152-b01 mixed mode windows-amd64 compressed oops)
# Failed to write core dump. Minidumps are not enabled by default on client versions of Windows
#

---------------  T H R E A D  ---------------

Current thread (0x0000000018c80000):  JavaThread "C2 CompilerThread1" daemon [_thread_in_native, id=12856, stack(0x000000001a4d0000,0x000000001a5d0000)]

Stack: [0x000000001a4d0000,0x000000001a5d0000]
[error occurred during error reporting (printing stack bounds), id 0xc0000005]

Native frames: (J=compiled Java code, j=interpreted, Vv=VM code, C=native code)


Current CompileTask:
C2:  13898 2859   !   4       com.sun.org.apache.xerces.internal.impl.XMLDocumentFragmentScannerImpl$FragmentContentDriver::next (2346 bytes)


---------------  P R O C E S S  ---------------

Java Threads: ( => current thread )
  0x000000001cad2800 JavaThread "Cache worker for Artifact transforms cache (C:\Users\JCarvalhoJr\.gradle\caches\transforms-1)" [_thread_blocked, id=14572, stack(0x0000000020ba0000,0x0000000020ca0000)]
  0x000000001ce52000 JavaThread "Cache worker for file hash cache (C:\Users\JCarvalhoJr\eclipse-workspace_2018\Web_Services_Android\Web_Service_Android_Client\.gradle\4.1\fileHashes)" [_thread_blocked, id=9916, stack(0x000000001e900000,0x000000001ea00000)]
  0x000000001c49e000 JavaThread "File lock request listener" [_thread_in_native, id=17388, stack(0x000000001e800000,0x000000001e900000)]
  0x000000001bd15000 JavaThread "Cache worker for file hash cache (C:\Users\JCarvalhoJr\.gradle\caches\4.1\fileHashes)" [_thread_blocked, id=3640, stack(0x000000001e500000,0x000000001e600000)]
  0x000000001bc5f000 JavaThread "Stdin handler" [_thread_blocked, id=3160, stack(0x000000001e400000,0x000000001e500000)]
  0x000000001bc5b800 JavaThread "Asynchronous log dispatcher for DefaultDaemonConnection: socket connection from /127.0.0.1:3266 to /127.0.0.1:3267" [_thread_blocked, id=12660, stack(0x000000001e300000,0x000000001e400000)]
  0x000000001bd8f800 JavaThread "Daemon worker" [_thread_in_native, id=17480, stack(0x000000001e200000,0x000000001e300000)]
  0x000000001bd8c800 JavaThread "Cancel handler" [_thread_blocked, id=12484, stack(0x000000001e100000,0x000000001e200000)]
  0x000000001b96e800 JavaThread "Handler for socket connection from /127.0.0.1:3266 to /127.0.0.1:3267" [_thread_in_native, id=16624, stack(0x000000001de00000,0x000000001df00000)]
  0x000000001bbe9000 JavaThread "Daemon" [_thread_blocked, id=15932, stack(0x000000001dd00000,0x000000001de00000)]
  0x000000001b7c2000 JavaThread "Daemon periodic checks" [_thread_blocked, id=17464, stack(0x000000001dc00000,0x000000001dd00000)]
  0x000000001b7c1800 JavaThread "Incoming local TCP Connector on port 3266" [_thread_in_native, id=17448, stack(0x000000001d9b0000,0x000000001dab0000)]
  0x000000001a712800 JavaThread "Service Thread" daemon [_thread_blocked, id=11868, stack(0x000000001aad0000,0x000000001abd0000)]
  0x0000000018c88800 JavaThread "C1 CompilerThread2" daemon [_thread_blocked, id=13844, stack(0x000000001a5d0000,0x000000001a6d0000)]
=>0x0000000018c80000 JavaThread "C2 CompilerThread1" daemon [_thread_in_native, id=12856, stack(0x000000001a4d0000,0x000000001a5d0000)]
  0x0000000018c7d000 JavaThread "C2 CompilerThread0" daemon [_thread_in_native, id=14924, stack(0x000000001a3d0000,0x000000001a4d0000)]
  0x0000000018c7b800 JavaThread "Attach Listener" daemon [_thread_blocked, id=16804, stack(0x000000001a2d0000,0x000000001a3d0000)]
  0x0000000018c7a000 JavaThread "Signal Dispatcher" daemon [_thread_blocked, id=2760, stack(0x000000001a1d0000,0x000000001a2d0000)]
  0x000000000522d000 JavaThread "Finalizer" daemon [_thread_blocked, id=4156, stack(0x0000000019ed0000,0x0000000019fd0000)]
  0x0000000005222000 JavaThread "Reference Handler" daemon [_thread_blocked, id=5060, stack(0x0000000019dd0000,0x0000000019ed0000)]
  0x0000000005132800 JavaThread "main" [_thread_blocked, id=18412, stack(0x0000000004fb0000,0x00000000050b0000)]

Other Threads:
  0x0000000018c36800 VMThread [stack: 0x0000000019cd0000,0x0000000019dd0000] [id=17456]
  0x000000001a714800 WatcherThread [stack: 0x000000001abd0000,0x000000001acd0000] [id=14524]

VM state:not at safepoint (normal execution)

VM Mutex/Monitor currently owned by a thread: None

Heap:
 PSYoungGen      total 57344K, used 32907K [0x00000000e0000000, 0x00000000e5500000, 0x0000000100000000)
  eden space 49152K, 52% used [0x00000000e0000000,0x00000000e18f8090,0x00000000e3000000)
  from space 8192K, 89% used [0x00000000e3000000,0x00000000e372ad00,0x00000000e3800000)
  to   space 10752K, 0% used [0x00000000e4a80000,0x00000000e4a80000,0x00000000e5500000)
 ParOldGen       total 97280K, used 9247K [0x00000000a0000000, 0x00000000a5f00000, 0x00000000e0000000)
  object space 97280K, 9% used [0x00000000a0000000,0x00000000a0907ee8,0x00000000a5f00000)
 Metaspace       used 30177K, capacity 30936K, committed 31360K, reserved 1077248K
  class space    used 4121K, capacity 4355K, committed 4480K, reserved 1048576K

Card table byte_map: [0x00000000146c0000,0x00000000149d0000] byte_map_base: 0x00000000141c0000

Marking Bits: (ParMarkBitMap*) 0x0000000075193950
 Begin Bits: [0x0000000014fd0000, 0x00000000167d0000)
 End Bits:   [0x00000000167d0000, 0x0000000017fd0000)

Polling page: 0x00000000032e0000

CodeCache: size=245760Kb used=10803Kb max_used=10818Kb free=234956Kb
 bounds [0x0000000005300000, 0x0000000005da0000, 0x0000000014300000]
 total_blobs=3340 nmethods=2680 adapters=573
 compilation: enabled

Compilation events (10 events):
Event: 13.860 Thread 0x0000000018c88800 2881       3       org.gradle.internal.component.external.model.AbstractModuleComponentResolveMetadata$DefaultConfigurationMetadata::populateHierarchy (56 bytes)
Event: 13.861 Thread 0x0000000018c88800 nmethod 2881 0x0000000005d90d50 code [0x0000000005d90f20, 0x0000000005d915a8]
Event: 13.861 Thread 0x0000000018c88800 2882       3       org.gradle.internal.component.external.model.DefaultModuleComponentIdentifier::hashCode (36 bytes)
Event: 13.862 Thread 0x0000000018c88800 nmethod 2882 0x0000000005d917d0 code [0x0000000005d91960, 0x0000000005d91d08]
Event: 13.866 Thread 0x0000000018c88800 2883       3       java.util.Collections$SingletonList::iterator (8 bytes)
Event: 13.866 Thread 0x0000000018c88800 nmethod 2883 0x0000000005d93350 code [0x0000000005d934c0, 0x0000000005d93790]
Event: 13.867 Thread 0x0000000018c88800 2884       1       org.gradle.api.internal.artifacts.ivyservice.ivyresolve.ErrorHandlingModuleComponentRepository::getLocalAccess (5 bytes)
Event: 13.867 Thread 0x0000000018c88800 nmethod 2884 0x0000000005d88b50 code [0x0000000005d88ca0, 0x0000000005d88db0]
Event: 13.868 Thread 0x0000000018c7d000 nmethod 2874 0x0000000005d96290 code [0x0000000005d96560, 0x0000000005d97768]
Event: 13.868 Thread 0x0000000018c7d000 2875       4       com.sun.org.apache.xerces.internal.impl.XMLDTDScannerImpl::scanEntityDecl (873 bytes)

GC Heap History (10 events):
Event: 3.824 GC heap before
{Heap before GC invocations=2 (full 0):
 PSYoungGen      total 57344K, used 54991K [0x00000000e0000000, 0x00000000e4000000, 0x0000000100000000)
  eden space 49152K, 100% used [0x00000000e0000000,0x00000000e3000000,0x00000000e3000000)
  from space 8192K, 71% used [0x00000000e3000000,0x00000000e35b3d08,0x00000000e3800000)
  to   space 8192K, 0% used [0x00000000e3800000,0x00000000e3800000,0x00000000e4000000)
 ParOldGen       total 131072K, used 8K [0x00000000a0000000, 0x00000000a8000000, 0x00000000e0000000)
  object space 131072K, 0% used [0x00000000a0000000,0x00000000a0002000,0x00000000a8000000)
 Metaspace       used 15085K, capacity 15484K, committed 15616K, reserved 1062912K
  class space    used 2127K, capacity 2254K, committed 2304K, reserved 1048576K
Event: 3.844 GC heap after
Heap after GC invocations=2 (full 0):
 PSYoungGen      total 57344K, used 8172K [0x00000000e0000000, 0x00000000e4000000, 0x0000000100000000)
  eden space 49152K, 0% used [0x00000000e0000000,0x00000000e0000000,0x00000000e3000000)
  from space 8192K, 99% used [0x00000000e3800000,0x00000000e3ffb338,0x00000000e4000000)
  to   space 8192K, 0% used [0x00000000e3000000,0x00000000e3000000,0x00000000e3800000)
 ParOldGen       total 131072K, used 879K [0x00000000a0000000, 0x00000000a8000000, 0x00000000e0000000)
  object space 131072K, 0% used [0x00000000a0000000,0x00000000a00dbc60,0x00000000a8000000)
 Metaspace       used 15085K, capacity 15484K, committed 15616K, reserved 1062912K
  class space    used 2127K, capacity 2254K, committed 2304K, reserved 1048576K
}
Event: 5.592 GC heap before
{Heap before GC invocations=3 (full 0):
 PSYoungGen      total 57344K, used 39672K [0x00000000e0000000, 0x00000000e4000000, 0x0000000100000000)
  eden space 49152K, 64% used [0x00000000e0000000,0x00000000e1ec2f90,0x00000000e3000000)
  from space 8192K, 99% used [0x00000000e3800000,0x00000000e3ffb338,0x00000000e4000000)
  to   space 8192K, 0% used [0x00000000e3000000,0x00000000e3000000,0x00000000e3800000)
 ParOldGen       total 131072K, used 879K [0x00000000a0000000, 0x00000000a8000000, 0x00000000e0000000)
  object space 131072K, 0% used [0x00000000a0000000,0x00000000a00dbc60,0x00000000a8000000)
 Metaspace       used 20611K, capacity 21110K, committed 21248K, reserved 1067008K
  class space    used 2844K, capacity 3010K, committed 3072K, reserved 1048576K
Event: 5.613 GC heap after
Heap after GC invocations=3 (full 0):
 PSYoungGen      total 57344K, used 8185K [0x00000000e0000000, 0x00000000e4000000, 0x0000000100000000)
  eden space 49152K, 0% used [0x00000000e0000000,0x00000000e0000000,0x00000000e3000000)
  from space 8192K, 99% used [0x00000000e3000000,0x00000000e37fe530,0x00000000e3800000)
  to   space 8192K, 0% used [0x00000000e3800000,0x00000000e3800000,0x00000000e4000000)
 ParOldGen       total 131072K, used 2189K [0x00000000a0000000, 0x00000000a8000000, 0x00000000e0000000)
  object space 131072K, 1% used [0x00000000a0000000,0x00000000a02235f0,0x00000000a8000000)
 Metaspace       used 20611K, capacity 21110K, committed 21248K, reserved 1067008K
  class space    used 2844K, capacity 3010K, committed 3072K, reserved 1048576K
}
Event: 5.613 GC heap before
{Heap before GC invocations=4 (full 1):
 PSYoungGen      total 57344K, used 8185K [0x00000000e0000000, 0x00000000e4000000, 0x0000000100000000)
  eden space 49152K, 0% used [0x00000000e0000000,0x00000000e0000000,0x00000000e3000000)
  from space 8192K, 99% used [0x00000000e3000000,0x00000000e37fe530,0x00000000e3800000)
  to   space 8192K, 0% used [0x00000000e3800000,0x00000000e3800000,0x00000000e4000000)
 ParOldGen       total 131072K, used 2189K [0x00000000a0000000, 0x00000000a8000000, 0x00000000e0000000)
  object space 131072K, 1% used [0x00000000a0000000,0x00000000a02235f0,0x00000000a8000000)
 Metaspace       used 20611K, capacity 21110K, committed 21248K, reserved 1067008K
  class space    used 2844K, capacity 3010K, committed 3072K, reserved 1048576K
Event: 5.768 GC heap after
Heap after GC invocations=4 (full 1):
 PSYoungGen      total 57344K, used 0K [0x00000000e0000000, 0x00000000e4000000, 0x0000000100000000)
  eden space 49152K, 0% used [0x00000000e0000000,0x00000000e0000000,0x00000000e3000000)
  from space 8192K, 0% used [0x00000000e3000000,0x00000000e3000000,0x00000000e3800000)
  to   space 8192K, 0% used [0x00000000e3800000,0x00000000e3800000,0x00000000e4000000)
 ParOldGen       total 97280K, used 9239K [0x00000000a0000000, 0x00000000a5f00000, 0x00000000e0000000)
  object space 97280K, 9% used [0x00000000a0000000,0x00000000a0905ee8,0x00000000a5f00000)
 Metaspace       used 20611K, capacity 21110K, committed 21248K, reserved 1067008K
  class space    used 2844K, capacity 3010K, committed 3072K, reserved 1048576K
}
Event: 8.131 GC heap before
{Heap before GC invocations=5 (full 1):
 PSYoungGen      total 57344K, used 49152K [0x00000000e0000000, 0x00000000e4000000, 0x0000000100000000)
  eden space 49152K, 100% used [0x00000000e0000000,0x00000000e3000000,0x00000000e3000000)
  from space 8192K, 0% used [0x00000000e3000000,0x00000000e3000000,0x00000000e3800000)
  to   space 8192K, 0% used [0x00000000e3800000,0x00000000e3800000,0x00000000e4000000)
 ParOldGen       total 97280K, used 9239K [0x00000000a0000000, 0x00000000a5f00000, 0x00000000e0000000)
  object space 97280K, 9% used [0x00000000a0000000,0x00000000a0905ee8,0x00000000a5f00000)
 Metaspace       used 24548K, capacity 25096K, committed 25344K, reserved 1071104K
  class space    used 3377K, capacity 3541K, committed 3584K, reserved 1048576K
Event: 8.217 GC heap after
Heap after GC invocations=5 (full 1):
 PSYoungGen      total 57344K, used 5910K [0x00000000e0000000, 0x00000000e5180000, 0x0000000100000000)
  eden space 49152K, 0% used [0x00000000e0000000,0x00000000e0000000,0x00000000e3000000)
  from space 8192K, 72% used [0x00000000e3800000,0x00000000e3dc5810,0x00000000e4000000)
  to   space 8192K, 0% used [0x00000000e3000000,0x00000000e3000000,0x00000000e3800000)
 ParOldGen       total 97280K, used 9239K [0x00000000a0000000, 0x00000000a5f00000, 0x00000000e0000000)
  object space 97280K, 9% used [0x00000000a0000000,0x00000000a0905ee8,0x00000000a5f00000)
 Metaspace       used 24548K, capacity 25096K, committed 25344K, reserved 1071104K
  class space    used 3377K, capacity 3541K, committed 3584K, reserved 1048576K
}
Event: 12.166 GC heap before
{Heap before GC invocations=6 (full 1):
 PSYoungGen      total 57344K, used 55062K [0x00000000e0000000, 0x00000000e5180000, 0x0000000100000000)
  eden space 49152K, 100% used [0x00000000e0000000,0x00000000e3000000,0x00000000e3000000)
  from space 8192K, 72% used [0x00000000e3800000,0x00000000e3dc5810,0x00000000e4000000)
  to   space 8192K, 0% used [0x00000000e3000000,0x00000000e3000000,0x00000000e3800000)
 ParOldGen       total 97280K, used 9239K [0x00000000a0000000, 0x00000000a5f00000, 0x00000000e0000000)
  object space 97280K, 9% used [0x00000000a0000000,0x00000000a0905ee8,0x00000000a5f00000)
 Metaspace       used 27929K, capacity 28632K, committed 29056K, reserved 1075200K
  class space    used 3888K, capacity 4099K, committed 4224K, reserved 1048576K
Event: 12.199 GC heap after
Heap after GC invocations=6 (full 1):
 PSYoungGen      total 57344K, used 7339K [0x00000000e0000000, 0x00000000e5500000, 0x0000000100000000)
  eden space 49152K, 0% used [0x00000000e0000000,0x00000000e0000000,0x00000000e3000000)
  from space 8192K, 89% used [0x00000000e3000000,0x00000000e372ad00,0x00000000e3800000)
  to   space 10752K, 0% used [0x00000000e4a80000,0x00000000e4a80000,0x00000000e5500000)
 ParOldGen       total 97280K, used 9247K [0x00000000a0000000, 0x00000000a5f00000, 0x00000000e0000000)
  object space 97280K, 9% used [0x00000000a0000000,0x00000000a0907ee8,0x00000000a5f00000)
 Metaspace       used 27929K, capacity 28632K, committed 29056K, reserved 1075200K
  class space    used 3888K, capacity 4099K, committed 4224K, reserved 1048576K
}

Deoptimization events (10 events):
Event: 11.971 Thread 0x000000001bd8f800 Uncommon trap: reason=unstable_if action=reinterpret pc=0x0000000005bff220 method=java.net.URI.match(CJJ)Z @ 45
Event: 12.846 Thread 0x000000001bd8f800 Uncommon trap: reason=unstable_if action=reinterpret pc=0x0000000005c4c828 method=java.util.regex.Pattern$BmpCharProperty.match(Ljava/util/regex/Matcher;ILjava/lang/CharSequence;)Z @ 34
Event: 12.936 Thread 0x000000001bd8f800 Uncommon trap: reason=unstable_if action=reinterpret pc=0x00000000058619b0 method=com.sun.org.apache.xerces.internal.impl.XMLEntityScanner.peekChar()I @ 14
Event: 13.305 Thread 0x000000001bd8f800 Uncommon trap: reason=unstable_if action=reinterpret pc=0x0000000005cea2b8 method=com.sun.org.apache.xerces.internal.impl.XMLEntityScanner.checkBeforeLoad(Lcom/sun/xml/internal/stream/Entity$ScannedEntity;II)I @ 18
Event: 13.306 Thread 0x000000001bd8f800 Uncommon trap: reason=unstable_if action=reinterpret pc=0x0000000005cc9658 method=com.sun.org.apache.xerces.internal.xni.XMLString.toString()Ljava/lang/String; @ 4
Event: 13.307 Thread 0x000000001bd8f800 Uncommon trap: reason=unstable_if action=reinterpret pc=0x0000000005476ab4 method=com.sun.org.apache.xerces.internal.impl.XMLEntityScanner.checkBeforeLoad(Lcom/sun/xml/internal/stream/Entity$ScannedEntity;II)I @ 18
Event: 13.337 Thread 0x000000001bd8f800 Uncommon trap: reason=unstable_if action=reinterpret pc=0x000000000561b868 method=com.sun.org.apache.xerces.internal.dom.ParentNode.nodeListGetLength()I @ 11
Event: 13.353 Thread 0x000000001bd8f800 Uncommon trap: reason=unstable_if action=reinterpret pc=0x0000000005c7b1e8 method=com.sun.org.apache.xerces.internal.dom.ParentNode.nodeListGetLength()I @ 11
Event: 13.410 Thread 0x000000001bd8f800 Uncommon trap: reason=unstable_if action=reinterpret pc=0x0000000005d27fb0 method=com.sun.org.apache.xerces.internal.impl.XMLDocumentFragmentScannerImpl$FragmentContentDriver.next()I @ 452
Event: 13.415 Thread 0x000000001bd8f800 Uncommon trap: reason=unstable_if action=reinterpret pc=0x0000000005d2e828 method=com.sun.org.apache.xerces.internal.parsers.AbstractDOMParser.characters(Lcom/sun/org/apache/xerces/internal/xni/XMLString;Lcom/sun/org/apache/xerces/internal/xni/Augmentatio

Classes redefined (0 events):
No events

Internal exceptions (10 events):
Event: 9.104 Thread 0x000000001bd8f800 Exception <a 'java/lang/ClassNotFoundException': org/gradle/api/internal/artifacts/repositories/DefaultMavenArtifactRepositoryCustomizer> (0x00000000e0846918) thrown at [D:\src\AOSP-openjdk-cygwin\jdk8u\hotspot\src\share\vm\classfile\systemDictionary.cpp,
Event: 9.107 Thread 0x000000001bd8f800 Exception <a 'java/lang/ClassNotFoundException': org/gradle/api/internal/artifacts/repositories/DefaultMavenArtifactRepository_DecoratedCustomizer> (0x00000000e088d6e0) thrown at [D:\src\AOSP-openjdk-cygwin\jdk8u\hotspot\src\share\vm\classfile\systemDicti
Event: 9.820 Thread 0x000000001bd8f800 Exception <a 'java/lang/ClassNotFoundException': build_527ol55o0vk9sp2ncka3k5gfzBeanInfo> (0x00000000e1295130) thrown at [D:\src\AOSP-openjdk-cygwin\jdk8u\hotspot\src\share\vm\classfile\systemDictionary.cpp, line 210]
Event: 9.821 Thread 0x000000001bd8f800 Exception <a 'java/lang/ClassNotFoundException': org/gradle/api/internal/project/ProjectScriptBeanInfo> (0x00000000e12a6c40) thrown at [D:\src\AOSP-openjdk-cygwin\jdk8u\hotspot\src\share\vm\classfile\systemDictionary.cpp, line 210]
Event: 9.821 Thread 0x000000001bd8f800 Exception <a 'java/lang/ClassNotFoundException': org/gradle/api/internal/project/ProjectScriptCustomizer> (0x00000000e12b8d58) thrown at [D:\src\AOSP-openjdk-cygwin\jdk8u\hotspot\src\share\vm\classfile\systemDictionary.cpp, line 210]
Event: 9.832 Thread 0x000000001bd8f800 Exception <a 'java/lang/ClassNotFoundException': build_527ol55o0vk9sp2ncka3k5gfzCustomizer> (0x00000000e12d7208) thrown at [D:\src\AOSP-openjdk-cygwin\jdk8u\hotspot\src\share\vm\classfile\systemDictionary.cpp, line 210]
Event: 11.112 Thread 0x000000001bd8f800 Exception <a 'java/lang/ClassNotFoundException': org/gradle/api/internal/artifacts/dsl/dependencies/DefaultDependencyHandler_DecoratedBeanInfo> (0x00000000e2254588) thrown at [D:\src\AOSP-openjdk-cygwin\jdk8u\hotspot\src\share\vm\classfile\systemDictionar
Event: 11.117 Thread 0x000000001bd8f800 Exception <a 'java/lang/ClassNotFoundException': org/gradle/api/internal/artifacts/dsl/dependencies/DefaultDependencyHandlerBeanInfo> (0x00000000e2296e98) thrown at [D:\src\AOSP-openjdk-cygwin\jdk8u\hotspot\src\share\vm\classfile\systemDictionary.cpp, lin
Event: 11.139 Thread 0x000000001bd8f800 Exception <a 'java/lang/ClassNotFoundException': org/gradle/api/internal/artifacts/dsl/dependencies/DefaultDependencyHandlerCustomizer> (0x00000000e22da400) thrown at [D:\src\AOSP-openjdk-cygwin\jdk8u\hotspot\src\share\vm\classfile\systemDictionary.cpp, l
Event: 11.166 Thread 0x000000001bd8f800 Exception <a 'java/lang/ClassNotFoundException': org/gradle/api/internal/artifacts/dsl/dependencies/DefaultDependencyHandler_DecoratedCustomizer> (0x00000000e2340918) thrown at [D:\src\AOSP-openjdk-cygwin\jdk8u\hotspot\src\share\vm\classfile\systemDiction

Events (10 events):
Event: 13.410 Thread 0x000000001bd8f800 Uncommon trap: trap_request=0xffffff65 fr.pc=0x0000000005d27fb0
Event: 13.410 Thread 0x000000001bd8f800 DEOPT PACKING pc=0x0000000005d27fb0 sp=0x000000001e2faae0
Event: 13.410 Thread 0x000000001bd8f800 DEOPT UNPACKING pc=0x000000000534556a sp=0x000000001e2faad8 mode 2
Event: 13.415 Thread 0x000000001bd8f800 Uncommon trap: trap_request=0xffffff65 fr.pc=0x0000000005d2e828
Event: 13.415 Thread 0x000000001bd8f800 DEOPT PACKING pc=0x0000000005d2e828 sp=0x000000001e2faad0
Event: 13.415 Thread 0x000000001bd8f800 DEOPT UNPACKING pc=0x000000000534556a sp=0x000000001e2faa90 mode 2
Event: 13.437 Thread 0x000000001bd8f800 DEOPT PACKING pc=0x00000000055e5f9b sp=0x000000001e2fa770
Event: 13.437 Thread 0x000000001bd8f800 DEOPT UNPACKING pc=0x00000000053475bf sp=0x000000001e2fa570 mode 0
Event: 13.644 Thread 0x000000001bd8f800 DEOPT PACKING pc=0x0000000005cce6c3 sp=0x000000001e2fa790
Event: 13.644 Thread 0x000000001bd8f800 DEOPT UNPACKING pc=0x00000000053475bf sp=0x000000001e2fa510 mode 0


Dynamic libraries:
0x00007ff7e0830000 - 0x00007ff7e0861000 	C:\Program Files\Android\Android Studio1\jre\bin\java.exe
0x00007fff2db60000 - 0x00007fff2dd40000 	C:\WINDOWS\SYSTEM32\ntdll.dll
0x00007fff2da80000 - 0x00007fff2db2e000 	C:\WINDOWS\System32\KERNEL32.DLL
0x00007fff2ad50000 - 0x00007fff2afb6000 	C:\WINDOWS\System32\KERNELBASE.dll
0x00007fff2c120000 - 0x00007fff2c1c1000 	C:\WINDOWS\System32\ADVAPI32.dll
0x00007fff2b290000 - 0x00007fff2b32d000 	C:\WINDOWS\System32\msvcrt.dll
0x00007fff2b0e0000 - 0x00007fff2b13b000 	C:\WINDOWS\System32\sechost.dll
0x00007fff2d900000 - 0x00007fff2da1f000 	C:\WINDOWS\System32\RPCRT4.dll
0x00007fff2c1d0000 - 0x00007fff2c35e000 	C:\WINDOWS\System32\USER32.dll
0x00007fff2b010000 - 0x00007fff2b030000 	C:\WINDOWS\System32\win32u.dll
0x00007fff2b3a0000 - 0x00007fff2b3c8000 	C:\WINDOWS\System32\GDI32.dll
0x00007fff2a7b0000 - 0x00007fff2a944000 	C:\WINDOWS\System32\gdi32full.dll
0x00007fff2a9b0000 - 0x00007fff2aa4b000 	C:\WINDOWS\System32\msvcp_win.dll
0x00007fff29f60000 - 0x00007fff2a056000 	C:\WINDOWS\System32\ucrtbase.dll
0x00007fff1b290000 - 0x00007fff1b4f9000 	C:\WINDOWS\WinSxS\amd64_microsoft.windows.common-controls_6595b64144ccf1df_6.0.16299.19_none_cc92fab02215da61\COMCTL32.dll
0x00007fff2b630000 - 0x00007fff2b938000 	C:\WINDOWS\System32\combase.dll
0x00007fff2aa50000 - 0x00007fff2aac2000 	C:\WINDOWS\System32\bcryptPrimitives.dll
0x00007fff2d840000 - 0x00007fff2d86d000 	C:\WINDOWS\System32\IMM32.DLL
0x00000000748f0000 - 0x00000000749c2000 	C:\Program Files\Android\Android Studio1\jre\jre\bin\msvcr100.dll
0x00000000749d0000 - 0x000000007520e000 	C:\Program Files\Android\Android Studio1\jre\jre\bin\server\jvm.dll
0x00007fff2b550000 - 0x00007fff2b558000 	C:\WINDOWS\System32\PSAPI.DLL
0x00007fff27be0000 - 0x00007fff27c03000 	C:\WINDOWS\SYSTEM32\WINMM.dll
0x00007fff265a0000 - 0x00007fff265a9000 	C:\WINDOWS\SYSTEM32\WSOCK32.dll
0x00007fff1f300000 - 0x00007fff1f30a000 	C:\WINDOWS\SYSTEM32\VERSION.dll
0x00007fff2b3d0000 - 0x00007fff2b43c000 	C:\WINDOWS\System32\WS2_32.dll
0x00007fff27b80000 - 0x00007fff27baa000 	C:\WINDOWS\SYSTEM32\winmmbase.dll
0x00007fff2afc0000 - 0x00007fff2b00a000 	C:\WINDOWS\System32\cfgmgr32.dll
0x00007fff299b0000 - 0x00007fff299bf000 	C:\Program Files\Android\Android Studio1\jre\jre\bin\verify.dll
0x00007fff1e080000 - 0x00007fff1e0a9000 	C:\Program Files\Android\Android Studio1\jre\jre\bin\java.dll
0x00007fff268f0000 - 0x00007fff26906000 	C:\Program Files\Android\Android Studio1\jre\jre\bin\zip.dll
0x00007fff2c400000 - 0x00007fff2d837000 	C:\WINDOWS\System32\SHELL32.dll
0x00007fff2b030000 - 0x00007fff2b0d6000 	C:\WINDOWS\System32\shcore.dll
0x00007fff2a060000 - 0x00007fff2a7a7000 	C:\WINDOWS\System32\windows.storage.dll
0x00007fff2bd90000 - 0x00007fff2bde1000 	C:\WINDOWS\System32\shlwapi.dll
0x00007fff29ed0000 - 0x00007fff29ee1000 	C:\WINDOWS\System32\kernel.appcore.dll
0x00007fff29ef0000 - 0x00007fff29f3c000 	C:\WINDOWS\System32\powrprof.dll
0x00007fff29f40000 - 0x00007fff29f5b000 	C:\WINDOWS\System32\profapi.dll
0x00007fff25bf0000 - 0x00007fff25c0a000 	C:\Program Files\Android\Android Studio1\jre\jre\bin\net.dll
0x00007fff29390000 - 0x00007fff293f6000 	C:\WINDOWS\system32\mswsock.dll
0x00007fff1e060000 - 0x00007fff1e071000 	C:\Program Files\Android\Android Studio1\jre\jre\bin\nio.dll
0x00007fff0c900000 - 0x00007fff0c91e000 	C:\Users\JCarvalhoJr\.gradle\native\25\windows-amd64\native-platform.dll
0x00007fff299a0000 - 0x00007fff299ad000 	C:\Program Files\Android\Android Studio1\jre\jre\bin\management.dll
0x00007fff29be0000 - 0x00007fff29bf7000 	C:\WINDOWS\SYSTEM32\CRYPTSP.dll
0x00007fff28fa0000 - 0x00007fff28fd3000 	C:\WINDOWS\system32\rsaenh.dll
0x00007fff299e0000 - 0x00007fff29a05000 	C:\WINDOWS\SYSTEM32\bcrypt.dll
0x00007fff29db0000 - 0x00007fff29dd9000 	C:\WINDOWS\SYSTEM32\USERENV.dll
0x00007fff29550000 - 0x00007fff2955b000 	C:\WINDOWS\SYSTEM32\CRYPTBASE.dll
0x00007fff29120000 - 0x00007fff29159000 	C:\WINDOWS\SYSTEM32\IPHLPAPI.DLL
0x00007fff2d870000 - 0x00007fff2d878000 	C:\WINDOWS\System32\NSI.dll
0x00007fff1e3d0000 - 0x00007fff1e3e6000 	C:\WINDOWS\SYSTEM32\dhcpcsvc6.DLL
0x00007fff1e3b0000 - 0x00007fff1e3ca000 	C:\WINDOWS\SYSTEM32\dhcpcsvc.DLL

VM Arguments:
jvm_args: -Xmx1536m -Dfile.encoding=windows-1252 -Duser.country=BR -Duser.language=pt -Duser.variant 
java_command: org.gradle.launcher.daemon.bootstrap.GradleDaemon 4.1
java_class_path (initial): C:\Users\JCarvalhoJr\.gradle\wrapper\dists\gradle-4.1-all\bzyivzo6n839fup2jbap0tjew\gradle-4.1\lib\gradle-launcher-4.1.jar
Launcher Type: SUN_STANDARD

Environment Variables:
CLASSPATH=.;C:\Program Files (x86)\Griaule\Fingerprint SDK 2009\bin\GrFingerJava.jar
USERNAME=JCarvalhoJr
OS=Windows_NT
PROCESSOR_IDENTIFIER=Intel64 Family 6 Model 42 Stepping 7, GenuineIntel



---------------  S Y S T E M  ---------------

OS: Windows 10.0 , 64 bit Build 16299 (10.0.16299.15)

CPU:total 4 (initial active 4) (2 cores per cpu, 2 threads per core) family 6 model 42 stepping 7, cmov, cx8, fxsr, mmx, sse, sse2, sse3, ssse3, sse4.1, sse4.2, popcnt, avx, aes, clmul, ht, tsc, tscinvbit

Memory: 4k page, physical 12496748k(2635500k free), swap 13545324k(4380k free)

vm_info: OpenJDK 64-Bit Server VM (25.152-b01) for windows-amd64 JRE (1.8.0_152-release-915-b01), built by "builder" with MS VC++ 10.0 (VS2010)

time: Thu Mar 01 19:04:02 2018
elapsed time: 13 seconds (0d 0h 0m 13s)

