#
# There is insufficient memory for the Java Runtime Environment to continue.
# Native memory allocation (malloc) failed to allocate 2695536 bytes for Chunk::new
# Possible reasons:
#   The system is out of physical RAM or swap space
#   In 32 bit mode, the process size limit was hit
# Possible solutions:
#   Reduce memory load on the system
#   Increase physical memory or swap space
#   Check if swap backing store is full
#   Use 64 bit Java on a 64 bit OS
#   Decrease Java heap size (-Xmx/-Xms)
#   Decrease number of Java threads
#   Decrease Java thread stack sizes (-Xss)
#   Set larger code cache with -XX:ReservedCodeCacheSize=
# This output file may be truncated or incomplete.
#
#  Out of Memory Error (allocation.cpp:390), pid=2960, tid=0x0000000000006130
#
# JRE version: OpenJDK Runtime Environment (8.0_152-b01) (build 1.8.0_152-release-915-b01)
# Java VM: OpenJDK 64-Bit Server VM (25.152-b01 mixed mode windows-amd64 compressed oops)
# Failed to write core dump. Minidumps are not enabled by default on client versions of Windows
#

---------------  T H R E A D  ---------------

Current thread (0x0000000014ec5800):  JavaThread "C2 CompilerThread1" daemon [_thread_in_native, id=24880, stack(0x0000000016750000,0x0000000016850000)]

Stack: [0x0000000016750000,0x0000000016850000]
[error occurred during error reporting (printing stack bounds), id 0xc0000005]

Native frames: (J=compiled Java code, j=interpreted, Vv=VM code, C=native code)


Current CompileTask:
C2:   4124  852 %     4       org.objectweb.asm.ClassReader::a @ 700 (3587 bytes)


---------------  P R O C E S S  ---------------

Java Threads: ( => current thread )
  0x0000000014f1b000 JavaThread "Service Thread" daemon [_thread_blocked, id=24908, stack(0x0000000016d50000,0x0000000016e50000)]
  0x0000000014f15800 JavaThread "C1 CompilerThread2" daemon [_thread_blocked, id=24884, stack(0x0000000016c50000,0x0000000016d50000)]
=>0x0000000014ec5800 JavaThread "C2 CompilerThread1" daemon [_thread_in_native, id=24880, stack(0x0000000016750000,0x0000000016850000)]
  0x0000000014ec2800 JavaThread "C2 CompilerThread0" daemon [_thread_blocked, id=24872, stack(0x0000000016650000,0x0000000016750000)]
  0x0000000014ec0800 JavaThread "Attach Listener" daemon [_thread_blocked, id=24868, stack(0x0000000016550000,0x0000000016650000)]
  0x0000000014ebf000 JavaThread "Signal Dispatcher" daemon [_thread_blocked, id=24864, stack(0x0000000016450000,0x0000000016550000)]
  0x0000000004b5c000 JavaThread "Finalizer" daemon [_thread_blocked, id=24772, stack(0x0000000016150000,0x0000000016250000)]
  0x0000000004b56800 JavaThread "Reference Handler" daemon [_thread_blocked, id=24764, stack(0x0000000016050000,0x0000000016150000)]
  0x0000000004a66800 JavaThread "main" [_thread_in_Java, id=24664, stack(0x0000000004960000,0x0000000004a60000)]

Other Threads:
  0x0000000014e86000 VMThread [stack: 0x0000000015f50000,0x0000000016050000] [id=24748]
  0x0000000014f1c800 WatcherThread [stack: 0x0000000016e50000,0x0000000016f50000] [id=24912]

VM state:not at safepoint (normal execution)

VM Mutex/Monitor currently owned by a thread: None

Heap:
 PSYoungGen      total 18944K, used 5567K [0x00000000feb00000, 0x0000000100000000, 0x0000000100000000)
  eden space 16384K, 18% used [0x00000000feb00000,0x00000000fedf4f78,0x00000000ffb00000)
  from space 2560K, 99% used [0x00000000ffd80000,0x00000000ffffae20,0x0000000100000000)
  to   space 2560K, 0% used [0x00000000ffb00000,0x00000000ffb00000,0x00000000ffd80000)
 ParOldGen       total 44032K, used 4644K [0x00000000fc000000, 0x00000000feb00000, 0x00000000feb00000)
  object space 44032K, 10% used [0x00000000fc000000,0x00000000fc4891f8,0x00000000feb00000)
 Metaspace       used 7510K, capacity 7720K, committed 7936K, reserved 1056768K
  class space    used 868K, capacity 956K, committed 1024K, reserved 1048576K

Card table byte_map: [0x00000000048c0000,0x00000000048f0000] byte_map_base: 0x00000000040e0000

Marking Bits: (ParMarkBitMap*) 0x00000000609f3950
 Begin Bits: [0x0000000014320000, 0x0000000014420000)
 End Bits:   [0x0000000014420000, 0x0000000014520000)

Polling page: 0x0000000002ec0000

CodeCache: size=245760Kb used=3622Kb max_used=3636Kb free=242137Kb
 bounds [0x0000000004b60000, 0x0000000004f00000, 0x0000000013b60000]
 total_blobs=1267 nmethods=936 adapters=245
 compilation: enabled

Compilation events (10 events):
Event: 3.763 Thread 0x0000000014f15800  933       3       java.util.zip.ZipOutputStream::ensureOpen (18 bytes)
Event: 3.764 Thread 0x0000000014f15800 nmethod 933 0x0000000004ee1110 code [0x0000000004ee1280, 0x0000000004ee14c8]
Event: 3.764 Thread 0x0000000014ec2800  934       4       org.objectweb.asm.MethodVisitor::visitMethodInsn (68 bytes)
Event: 3.774 Thread 0x0000000014f15800  937       3       org.objectweb.asm.ClassReader::<init> (257 bytes)
Event: 3.775 Thread 0x0000000014f15800 nmethod 937 0x0000000004edfed0 code [0x0000000004ee00a0, 0x0000000004ee0a48]
Event: 3.899 Thread 0x0000000014ec2800 nmethod 934 0x0000000004ee6450 code [0x0000000004ee67a0, 0x0000000004ee8fb8]
Event: 3.899 Thread 0x0000000014ec2800  935       4       org.objectweb.asm.Label::a (214 bytes)
Event: 3.905 Thread 0x0000000014ec2800 nmethod 935 0x0000000004edf810 code [0x0000000004edf960, 0x0000000004edfc58]
Event: 3.905 Thread 0x0000000014ec2800  936       4       org.objectweb.asm.tree.VarInsnNode::accept (18 bytes)
Event: 3.929 Thread 0x0000000014ec2800 nmethod 936 0x0000000004eef910 code [0x0000000004eefb00, 0x0000000004ef0750]

GC Heap History (4 events):
Event: 2.341 GC heap before
{Heap before GC invocations=1 (full 0):
 PSYoungGen      total 18944K, used 16384K [0x00000000feb00000, 0x0000000100000000, 0x0000000100000000)
  eden space 16384K, 100% used [0x00000000feb00000,0x00000000ffb00000,0x00000000ffb00000)
  from space 2560K, 0% used [0x00000000ffd80000,0x00000000ffd80000,0x0000000100000000)
  to   space 2560K, 0% used [0x00000000ffb00000,0x00000000ffb00000,0x00000000ffd80000)
 ParOldGen       total 44032K, used 0K [0x00000000fc000000, 0x00000000feb00000, 0x00000000feb00000)
  object space 44032K, 0% used [0x00000000fc000000,0x00000000fc000000,0x00000000feb00000)
 Metaspace       used 6516K, capacity 6618K, committed 6784K, reserved 1056768K
  class space    used 768K, capacity 823K, committed 896K, reserved 1048576K
Event: 2.347 GC heap after
Heap after GC invocations=1 (full 0):
 PSYoungGen      total 18944K, used 2528K [0x00000000feb00000, 0x0000000100000000, 0x0000000100000000)
  eden space 16384K, 0% used [0x00000000feb00000,0x00000000feb00000,0x00000000ffb00000)
  from space 2560K, 98% used [0x00000000ffb00000,0x00000000ffd78030,0x00000000ffd80000)
  to   space 2560K, 0% used [0x00000000ffd80000,0x00000000ffd80000,0x0000000100000000)
 ParOldGen       total 44032K, used 1389K [0x00000000fc000000, 0x00000000feb00000, 0x00000000feb00000)
  object space 44032K, 3% used [0x00000000fc000000,0x00000000fc15b4a8,0x00000000feb00000)
 Metaspace       used 6516K, capacity 6618K, committed 6784K, reserved 1056768K
  class space    used 768K, capacity 823K, committed 896K, reserved 1048576K
}
Event: 3.525 GC heap before
{Heap before GC invocations=2 (full 0):
 PSYoungGen      total 18944K, used 18912K [0x00000000feb00000, 0x0000000100000000, 0x0000000100000000)
  eden space 16384K, 100% used [0x00000000feb00000,0x00000000ffb00000,0x00000000ffb00000)
  from space 2560K, 98% used [0x00000000ffb00000,0x00000000ffd78030,0x00000000ffd80000)
  to   space 2560K, 0% used [0x00000000ffd80000,0x00000000ffd80000,0x0000000100000000)
 ParOldGen       total 44032K, used 1389K [0x00000000fc000000, 0x00000000feb00000, 0x00000000feb00000)
  object space 44032K, 3% used [0x00000000fc000000,0x00000000fc15b4a8,0x00000000feb00000)
 Metaspace       used 7498K, capacity 7656K, committed 7936K, reserved 1056768K
  class space    used 868K, capacity 956K, committed 1024K, reserved 1048576K
Event: 3.711 GC heap after
Heap after GC invocations=2 (full 0):
 PSYoungGen      total 18944K, used 2539K [0x00000000feb00000, 0x0000000100000000, 0x0000000100000000)
  eden space 16384K, 0% used [0x00000000feb00000,0x00000000feb00000,0x00000000ffb00000)
  from space 2560K, 99% used [0x00000000ffd80000,0x00000000ffffae20,0x0000000100000000)
  to   space 2560K, 0% used [0x00000000ffb00000,0x00000000ffb00000,0x00000000ffd80000)
 ParOldGen       total 44032K, used 4644K [0x00000000fc000000, 0x00000000feb00000, 0x00000000feb00000)
  object space 44032K, 10% used [0x00000000fc000000,0x00000000fc4891f8,0x00000000feb00000)
 Metaspace       used 7498K, capacity 7656K, committed 7936K, reserved 1056768K
  class space    used 868K, capacity 956K, committed 1024K, reserved 1048576K
}

Deoptimization events (10 events):
Event: 2.211 Thread 0x0000000004a66800 Uncommon trap: reason=unstable_if action=reinterpret pc=0x0000000004d8e35c method=java.util.zip.ZipCoder.decoder()Ljava/nio/charset/CharsetDecoder; @ 4
Event: 2.266 Thread 0x0000000004a66800 Uncommon trap: reason=unstable_if action=reinterpret pc=0x0000000004d98e78 method=java.util.zip.ZipCoder.decoder()Ljava/nio/charset/CharsetDecoder; @ 4
Event: 2.482 Thread 0x0000000004a66800 Uncommon trap: reason=unstable_if action=reinterpret pc=0x0000000004d9da0c method=java.util.zip.ZipCoder.decoder()Ljava/nio/charset/CharsetDecoder; @ 4
Event: 2.501 Thread 0x0000000004a66800 Uncommon trap: reason=unstable_if action=reinterpret pc=0x0000000004da6648 method=java.util.HashMap$HashIterator.nextNode()Ljava/util/HashMap$Node; @ 74
Event: 2.595 Thread 0x0000000004a66800 Uncommon trap: reason=unstable_if action=reinterpret pc=0x0000000004d8ba88 method=java.util.HashMap$HashIterator.nextNode()Ljava/util/HashMap$Node; @ 74
Event: 2.834 Thread 0x0000000004a66800 Uncommon trap: reason=unloaded action=reinterpret pc=0x0000000004d8f47c method=java.util.zip.ZipEntry.setExtra0([BZ)V @ 37
Event: 3.113 Thread 0x0000000004a66800 Uncommon trap: reason=unstable_if action=reinterpret pc=0x0000000004d54a28 method=java.lang.String.indexOf([CII[CIII)I @ 134
Event: 3.190 Thread 0x0000000004a66800 Uncommon trap: reason=unstable_if action=reinterpret pc=0x0000000004d01bec method=java.lang.String.<init>([CII)V @ 18
Event: 3.301 Thread 0x0000000004a66800 Uncommon trap: reason=unstable_if action=reinterpret pc=0x0000000004e1a67c method=java.lang.String.<init>([CII)V @ 18
Event: 3.316 Thread 0x0000000004a66800 Uncommon trap: reason=unstable_if action=reinterpret pc=0x0000000004e684c0 method=org.objectweb.asm.Item.a(Lorg/objectweb/asm/Item;)Z @ 345

Classes redefined (0 events):
No events

Internal exceptions (10 events):
Event: 2.482 Thread 0x0000000004a66800 Implicit null exception at 0x0000000004d9d045 to 0x0000000004d9d9cd
Event: 2.588 Thread 0x0000000004a66800 Exception <a 'sun/nio/fs/WindowsException'> (0x00000000ff1e1490) thrown at [D:\src\AOSP-openjdk-cygwin\jdk8u\hotspot\src\share\vm\prims\jni.cpp, line 709]
Event: 2.588 Thread 0x0000000004a66800 Exception <a 'sun/nio/fs/WindowsException'> (0x00000000ff1e1a70) thrown at [D:\src\AOSP-openjdk-cygwin\jdk8u\hotspot\src\share\vm\prims\jni.cpp, line 709]
Event: 2.588 Thread 0x0000000004a66800 Exception <a 'sun/nio/fs/WindowsException'> (0x00000000ff1e2088) thrown at [D:\src\AOSP-openjdk-cygwin\jdk8u\hotspot\src\share\vm\prims\jni.cpp, line 709]
Event: 2.589 Thread 0x0000000004a66800 Exception <a 'sun/nio/fs/WindowsException'> (0x00000000ff1e2868) thrown at [D:\src\AOSP-openjdk-cygwin\jdk8u\hotspot\src\share\vm\prims\jni.cpp, line 709]
Event: 2.589 Thread 0x0000000004a66800 Exception <a 'sun/nio/fs/WindowsException'> (0x00000000ff1e2e58) thrown at [D:\src\AOSP-openjdk-cygwin\jdk8u\hotspot\src\share\vm\prims\jni.cpp, line 709]
Event: 2.590 Thread 0x0000000004a66800 Exception <a 'sun/nio/fs/WindowsException'> (0x00000000ff1e3628) thrown at [D:\src\AOSP-openjdk-cygwin\jdk8u\hotspot\src\share\vm\prims\jni.cpp, line 709]
Event: 2.601 Thread 0x0000000004a66800 Exception <a 'sun/nio/fs/WindowsException'> (0x00000000ff1e8b38) thrown at [D:\src\AOSP-openjdk-cygwin\jdk8u\hotspot\src\share\vm\prims\jni.cpp, line 709]
Event: 2.881 Thread 0x0000000004a66800 Exception <a 'sun/nio/fs/WindowsException'> (0x00000000ff506b68) thrown at [D:\src\AOSP-openjdk-cygwin\jdk8u\hotspot\src\share\vm\prims\jni.cpp, line 709]
Event: 2.882 Thread 0x0000000004a66800 Exception <a 'sun/nio/fs/WindowsException'> (0x00000000ff507168) thrown at [D:\src\AOSP-openjdk-cygwin\jdk8u\hotspot\src\share\vm\prims\jni.cpp, line 709]

Events (10 events):
Event: 3.190 Thread 0x0000000004a66800 DEOPT PACKING pc=0x0000000004d01bec sp=0x0000000004a5e930
Event: 3.190 Thread 0x0000000004a66800 DEOPT UNPACKING pc=0x0000000004ba556a sp=0x0000000004a5e8f8 mode 2
Event: 3.301 Thread 0x0000000004a66800 Uncommon trap: trap_request=0xffffff65 fr.pc=0x0000000004e1a67c
Event: 3.301 Thread 0x0000000004a66800 DEOPT PACKING pc=0x0000000004e1a67c sp=0x0000000004a5e760
Event: 3.301 Thread 0x0000000004a66800 DEOPT UNPACKING pc=0x0000000004ba556a sp=0x0000000004a5e620 mode 2
Event: 3.316 Thread 0x0000000004a66800 Uncommon trap: trap_request=0xffffff65 fr.pc=0x0000000004e684c0
Event: 3.316 Thread 0x0000000004a66800 DEOPT PACKING pc=0x0000000004e684c0 sp=0x0000000004a5e800
Event: 3.316 Thread 0x0000000004a66800 DEOPT UNPACKING pc=0x0000000004ba556a sp=0x0000000004a5e798 mode 2
Event: 3.465 Executing VM operation: ParallelGCFailedAllocation
Event: 3.711 Executing VM operation: ParallelGCFailedAllocation done


Dynamic libraries:
0x00007ff657170000 - 0x00007ff6571a1000 	C:\Program Files\Android\Android Studio1\jre\bin\java.exe
0x00007ffca44f0000 - 0x00007ffca46d0000 	C:\WINDOWS\SYSTEM32\ntdll.dll
0x00007ffca1f80000 - 0x00007ffca202e000 	C:\WINDOWS\System32\KERNEL32.DLL
0x00007ffca16a0000 - 0x00007ffca1906000 	C:\WINDOWS\System32\KERNELBASE.dll
0x00007ffca19d0000 - 0x00007ffca1a71000 	C:\WINDOWS\System32\ADVAPI32.dll
0x00007ffca4420000 - 0x00007ffca44bd000 	C:\WINDOWS\System32\msvcrt.dll
0x00007ffca1e20000 - 0x00007ffca1e7b000 	C:\WINDOWS\System32\sechost.dll
0x00007ffca2760000 - 0x00007ffca287f000 	C:\WINDOWS\System32\RPCRT4.dll
0x00007ffca2160000 - 0x00007ffca22ee000 	C:\WINDOWS\System32\USER32.dll
0x00007ffca1480000 - 0x00007ffca14a0000 	C:\WINDOWS\System32\win32u.dll
0x00007ffca1b40000 - 0x00007ffca1b68000 	C:\WINDOWS\System32\GDI32.dll
0x00007ffca08f0000 - 0x00007ffca0a84000 	C:\WINDOWS\System32\gdi32full.dll
0x00007ffca14a0000 - 0x00007ffca153b000 	C:\WINDOWS\System32\msvcp_win.dll
0x00007ffca15a0000 - 0x00007ffca1696000 	C:\WINDOWS\System32\ucrtbase.dll
0x00007ffc90e70000 - 0x00007ffc910d9000 	C:\WINDOWS\WinSxS\amd64_microsoft.windows.common-controls_6595b64144ccf1df_6.0.16299.19_none_cc92fab02215da61\COMCTL32.dll
0x00007ffca3e80000 - 0x00007ffca4188000 	C:\WINDOWS\System32\combase.dll
0x00007ffca13b0000 - 0x00007ffca1422000 	C:\WINDOWS\System32\bcryptPrimitives.dll
0x00007ffca1a80000 - 0x00007ffca1aad000 	C:\WINDOWS\System32\IMM32.DLL
0x0000000060150000 - 0x0000000060222000 	C:\Program Files\Android\Android Studio1\jre\jre\bin\msvcr100.dll
0x0000000060230000 - 0x0000000060a6e000 	C:\Program Files\Android\Android Studio1\jre\jre\bin\server\jvm.dll
0x00007ffca19c0000 - 0x00007ffca19c8000 	C:\WINDOWS\System32\PSAPI.DLL
0x00007ffc9d5a0000 - 0x00007ffc9d5a9000 	C:\WINDOWS\SYSTEM32\WSOCK32.dll
0x00007ffca3cc0000 - 0x00007ffca3d2c000 	C:\WINDOWS\System32\WS2_32.dll
0x00007ffc9e570000 - 0x00007ffc9e593000 	C:\WINDOWS\SYSTEM32\WINMM.dll
0x00007ffc910e0000 - 0x00007ffc910ea000 	C:\WINDOWS\SYSTEM32\VERSION.dll
0x00007ffc9e3c0000 - 0x00007ffc9e3ea000 	C:\WINDOWS\SYSTEM32\WINMMBASE.dll
0x00007ffca1430000 - 0x00007ffca147a000 	C:\WINDOWS\System32\cfgmgr32.dll
0x00007ffc9d360000 - 0x00007ffc9d36f000 	C:\Program Files\Android\Android Studio1\jre\jre\bin\verify.dll
0x00007ffc9ab60000 - 0x00007ffc9ab89000 	C:\Program Files\Android\Android Studio1\jre\jre\bin\java.dll
0x00007ffc95780000 - 0x00007ffc95796000 	C:\Program Files\Android\Android Studio1\jre\jre\bin\zip.dll
0x00007ffca2880000 - 0x00007ffca3cb7000 	C:\WINDOWS\System32\SHELL32.dll
0x00007ffca41f0000 - 0x00007ffca4296000 	C:\WINDOWS\System32\shcore.dll
0x00007ffca0c60000 - 0x00007ffca13a7000 	C:\WINDOWS\System32\windows.storage.dll
0x00007ffca2030000 - 0x00007ffca2081000 	C:\WINDOWS\System32\shlwapi.dll
0x00007ffca0840000 - 0x00007ffca0851000 	C:\WINDOWS\System32\kernel.appcore.dll
0x00007ffca0860000 - 0x00007ffca08ac000 	C:\WINDOWS\System32\powrprof.dll
0x00007ffca08d0000 - 0x00007ffca08eb000 	C:\WINDOWS\System32\profapi.dll
0x00007ffca0570000 - 0x00007ffca0587000 	C:\WINDOWS\SYSTEM32\CRYPTSP.dll
0x00007ffc9f930000 - 0x00007ffc9f963000 	C:\WINDOWS\system32\rsaenh.dll
0x00007ffca0370000 - 0x00007ffca0395000 	C:\WINDOWS\SYSTEM32\bcrypt.dll
0x00007ffca0740000 - 0x00007ffca0769000 	C:\WINDOWS\SYSTEM32\USERENV.dll
0x00007ffc9ff40000 - 0x00007ffc9ff4b000 	C:\WINDOWS\SYSTEM32\CRYPTBASE.dll
0x00007ffc95760000 - 0x00007ffc9577a000 	C:\Program Files\Android\Android Studio1\jre\jre\bin\net.dll
0x00007ffc9fd80000 - 0x00007ffc9fde6000 	C:\WINDOWS\system32\mswsock.dll
0x00007ffc9fab0000 - 0x00007ffc9fae9000 	C:\WINDOWS\SYSTEM32\IPHLPAPI.DLL
0x00007ffca4410000 - 0x00007ffca4418000 	C:\WINDOWS\System32\NSI.dll
0x00007ffc95eb0000 - 0x00007ffc95ec6000 	C:\WINDOWS\SYSTEM32\dhcpcsvc6.DLL
0x00007ffc95e90000 - 0x00007ffc95eaa000 	C:\WINDOWS\SYSTEM32\dhcpcsvc.DLL
0x00007ffc95740000 - 0x00007ffc95751000 	C:\Program Files\Android\Android Studio1\jre\jre\bin\nio.dll

VM Arguments:
jvm_args: -Djava.awt.headless=true -Xmx64M -Dfile.encoding=windows-1252 -Duser.country=BR -Duser.language=pt -Duser.variant 
java_command: com.google.devtools.build.android.desugar.Desugar --input C:\Users\JCarvalhoJr\eclipse-workspace_2018\Web_Services_Android\Web_Service_Android_Client\app\build\intermediates\transforms\stackFramesFixer\debug\27.jar --output C:\Users\JCarvalhoJr\eclipse-workspace_2018\Web_Services_Android\Web_Service_Android_Client\app\build\intermediates\transforms\desugar\debug\28.jar --input C:\Users\JCarvalhoJr\eclipse-workspace_2018\Web_Services_Android\Web_Service_Android_Client\app\build\intermediates\transforms\stackFramesFixer\debug\5.jar --output C:\Users\JCarvalhoJr\eclipse-workspace_2018\Web_Services_Android\Web_Service_Android_Client\app\build\intermediates\transforms\desugar\debug\6.jar --input C:\Users\JCarvalhoJr\eclipse-workspace_2018\Web_Services_Android\Web_Service_Android_Client\app\build\intermediates\transforms\stackFramesFixer\debug\29.jar --output C:\Users\JCarvalhoJr\eclipse-workspace_2018\Web_Services_Android\Web_Service_Android_Client\app\build\intermediates\transforms\desugar\debug\30.jar --input C:\Users\JCarvalhoJr\eclipse-workspace_2018\Web_Services_Android\Web_Service_Android_Client\app\build\intermediates\transforms\stackFramesFixer\debug\0.jar --output C:\Users\JCarvalhoJr\eclipse-workspace_2018\Web_Services_Android\Web_Service_Android_Client\app\build\intermediates\transforms\desugar\debug\1.jar --input C:\Users\JCarvalhoJr\eclipse-workspace_2018\Web_Services_Android\Web_Service_Android_Client\app\build\intermediates\transforms\stackFramesFixer\debug\24.jar --output C:\Users\JCarvalhoJr\eclipse-workspace_2018\Web_Services_Android\Web_Service_Android_Client\app\build\intermediates\transforms\desugar\debug\25.jar --input C:\Users\JCarvalhoJr\eclipse-workspace_2018\Web_Services_Android\Web_Service_Android_Client\app\build\intermediates\transforms\stackFramesFixer\debug\4.jar --output C:\Users\JCarvalhoJr\eclipse-workspace_2018\Web_Services_Android\Web_Service_Android_Client\app\build\intermediates\transforms\desugar\debug\5.jar --input 
java_class_path (initial): C:\Users\JCarvalhoJr\AppData\Local\Temp\desugar_deploy.jar1718099202361967594
Launcher Type: SUN_STANDARD

Environment Variables:
CLASSPATH=.;C:\Program Files (x86)\Griaule\Fingerprint SDK 2009\bin\GrFingerJava.jar
USERNAME=JCarvalhoJr
OS=Windows_NT
PROCESSOR_IDENTIFIER=Intel64 Family 6 Model 42 Stepping 7, GenuineIntel



---------------  S Y S T E M  ---------------

OS: Windows 10.0 , 64 bit Build 16299 (10.0.16299.15)

CPU:total 4 (initial active 4) (2 cores per cpu, 2 threads per core) family 6 model 42 stepping 7, cmov, cx8, fxsr, mmx, sse, sse2, sse3, ssse3, sse4.1, sse4.2, popcnt, avx, aes, clmul, ht, tsc, tscinvbit

Memory: 4k page, physical 12496748k(4248376k free), swap 13545324k(6432k free)

vm_info: OpenJDK 64-Bit Server VM (25.152-b01) for windows-amd64 JRE (1.8.0_152-release-915-b01), built by "builder" with MS VC++ 10.0 (VS2010)

time: Tue Mar 13 19:27:29 2018
elapsed time: 4 seconds (0d 0h 0m 4s)

