#
# There is insufficient memory for the Java Runtime Environment to continue.
# Native memory allocation (malloc) failed to allocate 32744 bytes for ChunkPool::allocate
# Possible reasons:
#   The system is out of physical RAM or swap space
#   In 32 bit mode, the process size limit was hit
# Possible solutions:
#   Reduce memory load on the system
#   Increase physical memory or swap space
#   Check if swap backing store is full
#   Use 64 bit Java on a 64 bit OS
#   Decrease Java heap size (-Xmx/-Xms)
#   Decrease number of Java threads
#   Decrease Java thread stack sizes (-Xss)
#   Set larger code cache with -XX:ReservedCodeCacheSize=
# This output file may be truncated or incomplete.
#
#  Out of Memory Error (allocation.cpp:273), pid=8164, tid=0x0000000000004bc4
#
# JRE version: OpenJDK Runtime Environment (8.0_152-b01) (build 1.8.0_152-release-915-b01)
# Java VM: OpenJDK 64-Bit Server VM (25.152-b01 mixed mode windows-amd64 compressed oops)
# Failed to write core dump. Minidumps are not enabled by default on client versions of Windows
#

---------------  T H R E A D  ---------------

Current thread (0x0000000016c63000):  JavaThread "C1 CompilerThread2" daemon [_thread_in_vm, id=19396, stack(0x0000000017160000,0x0000000017260000)]

Stack: [0x0000000017160000,0x0000000017260000]
[error occurred during error reporting (printing stack bounds), id 0xc0000005]

Native frames: (J=compiled Java code, j=interpreted, Vv=VM code, C=native code)


Current CompileTask:
C1:   3518  943       3       org.objectweb.asm.ClassReader::accept (11 bytes)


---------------  P R O C E S S  ---------------

Java Threads: ( => current thread )
  0x0000000016c6b800 JavaThread "Service Thread" daemon [_thread_blocked, id=24384, stack(0x0000000017260000,0x0000000017360000)]
=>0x0000000016c63000 JavaThread "C1 CompilerThread2" daemon [_thread_in_vm, id=19396, stack(0x0000000017160000,0x0000000017260000)]
  0x000000001546e800 JavaThread "C2 CompilerThread1" daemon [_thread_in_native, id=24520, stack(0x0000000017060000,0x0000000017160000)]
  0x0000000015413000 JavaThread "C2 CompilerThread0" daemon [_thread_in_native, id=8796, stack(0x0000000016b60000,0x0000000016c60000)]
  0x0000000015410800 JavaThread "Attach Listener" daemon [_thread_blocked, id=14236, stack(0x0000000016a60000,0x0000000016b60000)]
  0x000000001540f800 JavaThread "Signal Dispatcher" daemon [_thread_blocked, id=4552, stack(0x0000000016960000,0x0000000016a60000)]
  0x00000000050ac000 JavaThread "Finalizer" daemon [_thread_blocked, id=22436, stack(0x0000000016660000,0x0000000016760000)]
  0x00000000050a6800 JavaThread "Reference Handler" daemon [_thread_blocked, id=20560, stack(0x0000000016560000,0x0000000016660000)]
  0x0000000004fb6800 JavaThread "main" [_thread_in_vm, id=6120, stack(0x0000000004dc0000,0x0000000004ec0000)]

Other Threads:
  0x00000000153d6000 VMThread [stack: 0x0000000016460000,0x0000000016560000] [id=10540]
  0x0000000016c6d000 WatcherThread [stack: 0x0000000017360000,0x0000000017460000] [id=20924]

VM state:not at safepoint (normal execution)

VM Mutex/Monitor currently owned by a thread: None

Heap:
 PSYoungGen      total 18944K, used 4909K [0x00000000feb00000, 0x0000000100000000, 0x0000000100000000)
  eden space 16384K, 14% used [0x00000000feb00000,0x00000000fed50c40,0x00000000ffb00000)
  from space 2560K, 99% used [0x00000000ffd80000,0x00000000ffffa7f0,0x0000000100000000)
  to   space 2560K, 0% used [0x00000000ffb00000,0x00000000ffb00000,0x00000000ffd80000)
 ParOldGen       total 44032K, used 4639K [0x00000000fc000000, 0x00000000feb00000, 0x00000000feb00000)
  object space 44032K, 10% used [0x00000000fc000000,0x00000000fc487c78,0x00000000feb00000)
 Metaspace       used 7517K, capacity 7724K, committed 7936K, reserved 1056768K
  class space    used 866K, capacity 956K, committed 1024K, reserved 1048576K

Card table byte_map: [0x0000000004ec0000,0x0000000004ef0000] byte_map_base: 0x00000000046e0000

Marking Bits: (ParMarkBitMap*) 0x00000000609f3950
 Begin Bits: [0x0000000014870000, 0x0000000014970000)
 End Bits:   [0x0000000014970000, 0x0000000014a70000)

Polling page: 0x0000000004c70000

CodeCache: size=245760Kb used=3592Kb max_used=3592Kb free=242167Kb
 bounds [0x00000000050b0000, 0x0000000005440000, 0x00000000140b0000]
 total_blobs=1270 nmethods=939 adapters=245
 compilation: enabled

Compilation events (10 events):
Event: 3.512 Thread 0x0000000016c63000 nmethod 938 0x000000000542d690 code [0x000000000542d8c0, 0x000000000542e5a8]
Event: 3.512 Thread 0x0000000016c63000  937       3       org.objectweb.asm.AnnotationWriter::<init> (34 bytes)
Event: 3.512 Thread 0x0000000016c63000 nmethod 937 0x000000000542d190 code [0x000000000542d300, 0x000000000542d588]
Event: 3.512 Thread 0x0000000016c63000  940       3       com.google.devtools.build.android.desugar.DefaultMethodClassFixer::recordIfInstanceMethod (41 bytes)
Event: 3.514 Thread 0x0000000016c63000 nmethod 940 0x0000000005433d10 code [0x0000000005433f40, 0x0000000005434c58]
Event: 3.514 Thread 0x0000000016c63000  941       3       org.objectweb.asm.MethodWriter::visitCode (1 bytes)
Event: 3.514 Thread 0x0000000016c63000 nmethod 941 0x000000000542ce50 code [0x000000000542cfa0, 0x000000000542d0f0]
Event: 3.514 Thread 0x0000000016c63000  942       1       java.nio.Buffer::capacity (5 bytes)
Event: 3.514 Thread 0x0000000016c63000 nmethod 942 0x000000000542cb90 code [0x000000000542cce0, 0x000000000542cdf0]
Event: 3.515 Thread 0x0000000016c63000  943       3       org.objectweb.asm.ClassReader::accept (11 bytes)

GC Heap History (4 events):
Event: 2.163 GC heap before
{Heap before GC invocations=1 (full 0):
 PSYoungGen      total 18944K, used 16384K [0x00000000feb00000, 0x0000000100000000, 0x0000000100000000)
  eden space 16384K, 100% used [0x00000000feb00000,0x00000000ffb00000,0x00000000ffb00000)
  from space 2560K, 0% used [0x00000000ffd80000,0x00000000ffd80000,0x0000000100000000)
  to   space 2560K, 0% used [0x00000000ffb00000,0x00000000ffb00000,0x00000000ffd80000)
 ParOldGen       total 44032K, used 0K [0x00000000fc000000, 0x00000000feb00000, 0x00000000feb00000)
  object space 44032K, 0% used [0x00000000fc000000,0x00000000fc000000,0x00000000feb00000)
 Metaspace       used 6525K, capacity 6682K, committed 6784K, reserved 1056768K
  class space    used 768K, capacity 823K, committed 896K, reserved 1048576K
Event: 2.168 GC heap after
Heap after GC invocations=1 (full 0):
 PSYoungGen      total 18944K, used 2528K [0x00000000feb00000, 0x0000000100000000, 0x0000000100000000)
  eden space 16384K, 0% used [0x00000000feb00000,0x00000000feb00000,0x00000000ffb00000)
  from space 2560K, 98% used [0x00000000ffb00000,0x00000000ffd78030,0x00000000ffd80000)
  to   space 2560K, 0% used [0x00000000ffd80000,0x00000000ffd80000,0x0000000100000000)
 ParOldGen       total 44032K, used 1391K [0x00000000fc000000, 0x00000000feb00000, 0x00000000feb00000)
  object space 44032K, 3% used [0x00000000fc000000,0x00000000fc15bf28,0x00000000feb00000)
 Metaspace       used 6525K, capacity 6682K, committed 6784K, reserved 1056768K
  class space    used 768K, capacity 823K, committed 896K, reserved 1048576K
}
Event: 3.401 GC heap before
{Heap before GC invocations=2 (full 0):
 PSYoungGen      total 18944K, used 18912K [0x00000000feb00000, 0x0000000100000000, 0x0000000100000000)
  eden space 16384K, 100% used [0x00000000feb00000,0x00000000ffb00000,0x00000000ffb00000)
  from space 2560K, 98% used [0x00000000ffb00000,0x00000000ffd78030,0x00000000ffd80000)
  to   space 2560K, 0% used [0x00000000ffd80000,0x00000000ffd80000,0x0000000100000000)
 ParOldGen       total 44032K, used 1391K [0x00000000fc000000, 0x00000000feb00000, 0x00000000feb00000)
  object space 44032K, 3% used [0x00000000fc000000,0x00000000fc15bf28,0x00000000feb00000)
 Metaspace       used 7495K, capacity 7660K, committed 7936K, reserved 1056768K
  class space    used 866K, capacity 956K, committed 1024K, reserved 1048576K
Event: 3.487 GC heap after
Heap after GC invocations=2 (full 0):
 PSYoungGen      total 18944K, used 2537K [0x00000000feb00000, 0x0000000100000000, 0x0000000100000000)
  eden space 16384K, 0% used [0x00000000feb00000,0x00000000feb00000,0x00000000ffb00000)
  from space 2560K, 99% used [0x00000000ffd80000,0x00000000ffffa7f0,0x0000000100000000)
  to   space 2560K, 0% used [0x00000000ffb00000,0x00000000ffb00000,0x00000000ffd80000)
 ParOldGen       total 44032K, used 4639K [0x00000000fc000000, 0x00000000feb00000, 0x00000000feb00000)
  object space 44032K, 10% used [0x00000000fc000000,0x00000000fc487c78,0x00000000feb00000)
 Metaspace       used 7495K, capacity 7660K, committed 7936K, reserved 1056768K
  class space    used 866K, capacity 956K, committed 1024K, reserved 1048576K
}

Deoptimization events (10 events):
Event: 2.495 Thread 0x0000000004fb6800 Uncommon trap: reason=unstable_if action=reinterpret pc=0x00000000052fa848 method=java.util.HashMap$HashIterator.nextNode()Ljava/util/HashMap$Node; @ 74
Event: 2.736 Thread 0x0000000004fb6800 Uncommon trap: reason=unloaded action=reinterpret pc=0x00000000052ec6fc method=java.util.zip.ZipEntry.setExtra0([BZ)V @ 37
Event: 2.916 Thread 0x0000000004fb6800 Uncommon trap: reason=unstable_if action=reinterpret pc=0x00000000052986b8 method=java.lang.String.indexOf([CII[CIII)I @ 134
Event: 2.934 Thread 0x0000000004fb6800 Uncommon trap: reason=unstable_if action=reinterpret pc=0x000000000523ee2c method=java.lang.String.<init>([CII)V @ 18
Event: 3.203 Thread 0x0000000004fb6800 Uncommon trap: reason=unstable_if action=reinterpret pc=0x0000000005375f00 method=org.objectweb.asm.ClassReader.readUTF8(I[C)Ljava/lang/String; @ 7
Event: 3.381 Thread 0x0000000004fb6800 Uncommon trap: reason=class_check action=maybe_recompile pc=0x0000000005405ad8 method=org.objectweb.asm.MethodVisitor.visitVarInsn(II)V @ 13
Event: 3.381 Thread 0x0000000004fb6800 Uncommon trap: reason=class_check action=maybe_recompile pc=0x0000000005405ad8 method=org.objectweb.asm.MethodVisitor.visitVarInsn(II)V @ 13
Event: 3.392 Thread 0x0000000004fb6800 Uncommon trap: reason=class_check action=maybe_recompile pc=0x0000000005405ad8 method=org.objectweb.asm.MethodVisitor.visitVarInsn(II)V @ 13
Event: 3.489 Thread 0x0000000004fb6800 Uncommon trap: reason=unstable_if action=reinterpret pc=0x00000000053d174c method=org.objectweb.asm.Item.a(Lorg/objectweb/asm/Item;)Z @ 345
Event: 3.492 Thread 0x0000000004fb6800 Uncommon trap: reason=unstable_if action=reinterpret pc=0x0000000005405bc4 method=org.objectweb.asm.MethodWriter.visitVarInsn(II)V @ 142

Classes redefined (0 events):
No events

Internal exceptions (10 events):
Event: 2.456 Thread 0x0000000004fb6800 Exception <a 'sun/nio/fs/WindowsException'> (0x00000000ff1e0868) thrown at [D:\src\AOSP-openjdk-cygwin\jdk8u\hotspot\src\share\vm\prims\jni.cpp, line 709]
Event: 2.456 Thread 0x0000000004fb6800 Exception <a 'sun/nio/fs/WindowsException'> (0x00000000ff1e0e80) thrown at [D:\src\AOSP-openjdk-cygwin\jdk8u\hotspot\src\share\vm\prims\jni.cpp, line 709]
Event: 2.456 Thread 0x0000000004fb6800 Exception <a 'sun/nio/fs/WindowsException'> (0x00000000ff1e1660) thrown at [D:\src\AOSP-openjdk-cygwin\jdk8u\hotspot\src\share\vm\prims\jni.cpp, line 709]
Event: 2.456 Thread 0x0000000004fb6800 Exception <a 'sun/nio/fs/WindowsException'> (0x00000000ff1e1c50) thrown at [D:\src\AOSP-openjdk-cygwin\jdk8u\hotspot\src\share\vm\prims\jni.cpp, line 709]
Event: 2.457 Thread 0x0000000004fb6800 Exception <a 'sun/nio/fs/WindowsException'> (0x00000000ff1e2420) thrown at [D:\src\AOSP-openjdk-cygwin\jdk8u\hotspot\src\share\vm\prims\jni.cpp, line 709]
Event: 2.502 Thread 0x0000000004fb6800 Exception <a 'sun/nio/fs/WindowsException'> (0x00000000ff1e7930) thrown at [D:\src\AOSP-openjdk-cygwin\jdk8u\hotspot\src\share\vm\prims\jni.cpp, line 709]
Event: 2.774 Thread 0x0000000004fb6800 Exception <a 'sun/nio/fs/WindowsException'> (0x00000000ff505a18) thrown at [D:\src\AOSP-openjdk-cygwin\jdk8u\hotspot\src\share\vm\prims\jni.cpp, line 709]
Event: 2.775 Thread 0x0000000004fb6800 Exception <a 'sun/nio/fs/WindowsException'> (0x00000000ff506018) thrown at [D:\src\AOSP-openjdk-cygwin\jdk8u\hotspot\src\share\vm\prims\jni.cpp, line 709]
Event: 3.068 Thread 0x0000000004fb6800 Exception <a 'sun/nio/fs/WindowsException'> (0x00000000ff7840f0) thrown at [D:\src\AOSP-openjdk-cygwin\jdk8u\hotspot\src\share\vm\prims\jni.cpp, line 709]
Event: 3.069 Thread 0x0000000004fb6800 Exception <a 'sun/nio/fs/WindowsException'> (0x00000000ff784670) thrown at [D:\src\AOSP-openjdk-cygwin\jdk8u\hotspot\src\share\vm\prims\jni.cpp, line 709]

Events (10 events):
Event: 3.392 Thread 0x0000000004fb6800 DEOPT PACKING pc=0x0000000005405ad8 sp=0x0000000004ebeb40
Event: 3.392 Thread 0x0000000004fb6800 DEOPT UNPACKING pc=0x00000000050f556a sp=0x0000000004ebeaf0 mode 2
Event: 3.401 Executing VM operation: ParallelGCFailedAllocation
Event: 3.487 Executing VM operation: ParallelGCFailedAllocation done
Event: 3.489 Thread 0x0000000004fb6800 Uncommon trap: trap_request=0xffffff65 fr.pc=0x00000000053d174c
Event: 3.489 Thread 0x0000000004fb6800 DEOPT PACKING pc=0x00000000053d174c sp=0x0000000004ebe870
Event: 3.489 Thread 0x0000000004fb6800 DEOPT UNPACKING pc=0x00000000050f556a sp=0x0000000004ebe808 mode 2
Event: 3.492 Thread 0x0000000004fb6800 Uncommon trap: trap_request=0xffffff65 fr.pc=0x0000000005405bc4
Event: 3.492 Thread 0x0000000004fb6800 DEOPT PACKING pc=0x0000000005405bc4 sp=0x0000000004ebeb40
Event: 3.492 Thread 0x0000000004fb6800 DEOPT UNPACKING pc=0x00000000050f556a sp=0x0000000004ebea88 mode 2


Dynamic libraries:
0x00007ff657170000 - 0x00007ff6571a1000 	C:\Program Files\Android\Android Studio1\jre\bin\java.exe
0x00007ffca44f0000 - 0x00007ffca46d0000 	C:\WINDOWS\SYSTEM32\ntdll.dll
0x00007ffca1f80000 - 0x00007ffca202e000 	C:\WINDOWS\System32\KERNEL32.DLL
0x00007ffca16a0000 - 0x00007ffca1906000 	C:\WINDOWS\System32\KERNELBASE.dll
0x00007ffca19d0000 - 0x00007ffca1a71000 	C:\WINDOWS\System32\ADVAPI32.dll
0x00007ffca4420000 - 0x00007ffca44bd000 	C:\WINDOWS\System32\msvcrt.dll
0x00007ffca1e20000 - 0x00007ffca1e7b000 	C:\WINDOWS\System32\sechost.dll
0x00007ffca2760000 - 0x00007ffca287f000 	C:\WINDOWS\System32\RPCRT4.dll
0x00007ffca2160000 - 0x00007ffca22ee000 	C:\WINDOWS\System32\USER32.dll
0x00007ffca1480000 - 0x00007ffca14a0000 	C:\WINDOWS\System32\win32u.dll
0x00007ffca1b40000 - 0x00007ffca1b68000 	C:\WINDOWS\System32\GDI32.dll
0x00007ffca08f0000 - 0x00007ffca0a84000 	C:\WINDOWS\System32\gdi32full.dll
0x00007ffca14a0000 - 0x00007ffca153b000 	C:\WINDOWS\System32\msvcp_win.dll
0x00007ffca15a0000 - 0x00007ffca1696000 	C:\WINDOWS\System32\ucrtbase.dll
0x00007ffc90e70000 - 0x00007ffc910d9000 	C:\WINDOWS\WinSxS\amd64_microsoft.windows.common-controls_6595b64144ccf1df_6.0.16299.19_none_cc92fab02215da61\COMCTL32.dll
0x00007ffca3e80000 - 0x00007ffca4188000 	C:\WINDOWS\System32\combase.dll
0x00007ffca13b0000 - 0x00007ffca1422000 	C:\WINDOWS\System32\bcryptPrimitives.dll
0x00007ffca1a80000 - 0x00007ffca1aad000 	C:\WINDOWS\System32\IMM32.DLL
0x0000000060150000 - 0x0000000060222000 	C:\Program Files\Android\Android Studio1\jre\jre\bin\msvcr100.dll
0x0000000060230000 - 0x0000000060a6e000 	C:\Program Files\Android\Android Studio1\jre\jre\bin\server\jvm.dll
0x00007ffca19c0000 - 0x00007ffca19c8000 	C:\WINDOWS\System32\PSAPI.DLL
0x00007ffc9d5a0000 - 0x00007ffc9d5a9000 	C:\WINDOWS\SYSTEM32\WSOCK32.dll
0x00007ffc9e570000 - 0x00007ffc9e593000 	C:\WINDOWS\SYSTEM32\WINMM.dll
0x00007ffca3cc0000 - 0x00007ffca3d2c000 	C:\WINDOWS\System32\WS2_32.dll
0x00007ffc910e0000 - 0x00007ffc910ea000 	C:\WINDOWS\SYSTEM32\VERSION.dll
0x00007ffc9e3c0000 - 0x00007ffc9e3ea000 	C:\WINDOWS\SYSTEM32\WINMMBASE.dll
0x00007ffca1430000 - 0x00007ffca147a000 	C:\WINDOWS\System32\cfgmgr32.dll
0x00007ffc9d360000 - 0x00007ffc9d36f000 	C:\Program Files\Android\Android Studio1\jre\jre\bin\verify.dll
0x00007ffc9ab60000 - 0x00007ffc9ab89000 	C:\Program Files\Android\Android Studio1\jre\jre\bin\java.dll
0x00007ffc95780000 - 0x00007ffc95796000 	C:\Program Files\Android\Android Studio1\jre\jre\bin\zip.dll
0x00007ffca2880000 - 0x00007ffca3cb7000 	C:\WINDOWS\System32\SHELL32.dll
0x00007ffca41f0000 - 0x00007ffca4296000 	C:\WINDOWS\System32\shcore.dll
0x00007ffca0c60000 - 0x00007ffca13a7000 	C:\WINDOWS\System32\windows.storage.dll
0x00007ffca2030000 - 0x00007ffca2081000 	C:\WINDOWS\System32\shlwapi.dll
0x00007ffca0840000 - 0x00007ffca0851000 	C:\WINDOWS\System32\kernel.appcore.dll
0x00007ffca0860000 - 0x00007ffca08ac000 	C:\WINDOWS\System32\powrprof.dll
0x00007ffca08d0000 - 0x00007ffca08eb000 	C:\WINDOWS\System32\profapi.dll
0x00007ffca0570000 - 0x00007ffca0587000 	C:\WINDOWS\SYSTEM32\CRYPTSP.dll
0x00007ffc9f930000 - 0x00007ffc9f963000 	C:\WINDOWS\system32\rsaenh.dll
0x00007ffca0370000 - 0x00007ffca0395000 	C:\WINDOWS\SYSTEM32\bcrypt.dll
0x00007ffca0740000 - 0x00007ffca0769000 	C:\WINDOWS\SYSTEM32\USERENV.dll
0x00007ffc9ff40000 - 0x00007ffc9ff4b000 	C:\WINDOWS\SYSTEM32\CRYPTBASE.dll
0x00007ffc95760000 - 0x00007ffc9577a000 	C:\Program Files\Android\Android Studio1\jre\jre\bin\net.dll
0x00007ffc9fd80000 - 0x00007ffc9fde6000 	C:\WINDOWS\system32\mswsock.dll
0x00007ffc9fab0000 - 0x00007ffc9fae9000 	C:\WINDOWS\SYSTEM32\IPHLPAPI.DLL
0x00007ffca4410000 - 0x00007ffca4418000 	C:\WINDOWS\System32\NSI.dll
0x00007ffc95eb0000 - 0x00007ffc95ec6000 	C:\WINDOWS\SYSTEM32\dhcpcsvc6.DLL
0x00007ffc95e90000 - 0x00007ffc95eaa000 	C:\WINDOWS\SYSTEM32\dhcpcsvc.DLL
0x00007ffc95740000 - 0x00007ffc95751000 	C:\Program Files\Android\Android Studio1\jre\jre\bin\nio.dll

VM Arguments:
jvm_args: -Djava.awt.headless=true -Xmx64M -Dfile.encoding=windows-1252 -Duser.country=BR -Duser.language=pt -Duser.variant 
java_command: com.google.devtools.build.android.desugar.Desugar --input C:\Users\JCarvalhoJr\eclipse-workspace_2018\Web_Services_Android\Web_Service_Android_Client\app\build\intermediates\transforms\stackFramesFixer\debug\7.jar --output C:\Users\JCarvalhoJr\eclipse-workspace_2018\Web_Services_Android\Web_Service_Android_Client\app\build\intermediates\transforms\desugar\debug\8.jar --input C:\Users\JCarvalhoJr\eclipse-workspace_2018\Web_Services_Android\Web_Service_Android_Client\app\build\intermediates\transforms\stackFramesFixer\debug\9.jar --output C:\Users\JCarvalhoJr\eclipse-workspace_2018\Web_Services_Android\Web_Service_Android_Client\app\build\intermediates\transforms\desugar\debug\10.jar --input C:\Users\JCarvalhoJr\eclipse-workspace_2018\Web_Services_Android\Web_Service_Android_Client\app\build\intermediates\transforms\stackFramesFixer\debug\10.jar --output C:\Users\JCarvalhoJr\eclipse-workspace_2018\Web_Services_Android\Web_Service_Android_Client\app\build\intermediates\transforms\desugar\debug\11.jar --input C:\Users\JCarvalhoJr\eclipse-workspace_2018\Web_Services_Android\Web_Service_Android_Client\app\build\intermediates\transforms\stackFramesFixer\debug\23.jar --output C:\Users\JCarvalhoJr\eclipse-workspace_2018\Web_Services_Android\Web_Service_Android_Client\app\build\intermediates\transforms\desugar\debug\24.jar --input C:\Users\JCarvalhoJr\eclipse-workspace_2018\Web_Services_Android\Web_Service_Android_Client\app\build\intermediates\transforms\stackFramesFixer\debug\22.jar --output C:\Users\JCarvalhoJr\eclipse-workspace_2018\Web_Services_Android\Web_Service_Android_Client\app\build\intermediates\transforms\desugar\debug\23.jar --input C:\Users\JCarvalhoJr\eclipse-workspace_2018\Web_Services_Android\Web_Service_Android_Client\app\build\intermediates\transforms\stackFramesFixer\debug\13.jar --output C:\Users\JCarvalhoJr\eclipse-workspace_2018\Web_Services_Android\Web_Service_Android_Client\app\build\intermediates\transforms\desugar\debug\14.jar --inp
java_class_path (initial): C:\Users\JCarvalhoJr\AppData\Local\Temp\desugar_deploy.jar1718099202361967594
Launcher Type: SUN_STANDARD

Environment Variables:
CLASSPATH=.;C:\Program Files (x86)\Griaule\Fingerprint SDK 2009\bin\GrFingerJava.jar
USERNAME=JCarvalhoJr
OS=Windows_NT
PROCESSOR_IDENTIFIER=Intel64 Family 6 Model 42 Stepping 7, GenuineIntel



---------------  S Y S T E M  ---------------

OS: Windows 10.0 , 64 bit Build 16299 (10.0.16299.15)

CPU:total 4 (initial active 4) (2 cores per cpu, 2 threads per core) family 6 model 42 stepping 7, cmov, cx8, fxsr, mmx, sse, sse2, sse3, ssse3, sse4.1, sse4.2, popcnt, avx, aes, clmul, ht, tsc, tscinvbit

Memory: 4k page, physical 12496748k(4036520k free), swap 13545324k(1136k free)

vm_info: OpenJDK 64-Bit Server VM (25.152-b01) for windows-amd64 JRE (1.8.0_152-release-915-b01), built by "builder" with MS VC++ 10.0 (VS2010)

time: Tue Mar 13 19:11:37 2018
elapsed time: 3 seconds (0d 0h 0m 3s)

