#
# There is insufficient memory for the Java Runtime Environment to continue.
# Native memory allocation (malloc) failed to allocate 32744 bytes for ChunkPool::allocate
# Possible reasons:
#   The system is out of physical RAM or swap space
#   In 32 bit mode, the process size limit was hit
# Possible solutions:
#   Reduce memory load on the system
#   Increase physical memory or swap space
#   Check if swap backing store is full
#   Use 64 bit Java on a 64 bit OS
#   Decrease Java heap size (-Xmx/-Xms)
#   Decrease number of Java threads
#   Decrease Java thread stack sizes (-Xss)
#   Set larger code cache with -XX:ReservedCodeCacheSize=
# This output file may be truncated or incomplete.
#
#  Out of Memory Error (allocation.cpp:273), pid=10560, tid=0x0000000000004a5c
#
# JRE version: OpenJDK Runtime Environment (8.0_152-b01) (build 1.8.0_152-release-915-b01)
# Java VM: OpenJDK 64-Bit Server VM (25.152-b01 mixed mode windows-amd64 compressed oops)
# Failed to write core dump. Minidumps are not enabled by default on client versions of Windows
#

---------------  T H R E A D  ---------------

Current thread (0x0000000016b70800):  JavaThread "C2 CompilerThread1" daemon [_thread_in_native, id=19036, stack(0x0000000016f70000,0x0000000017070000)]

Stack: [0x0000000016f70000,0x0000000017070000]
[error occurred during error reporting (printing stack bounds), id 0xc0000005]

Native frames: (J=compiled Java code, j=interpreted, Vv=VM code, C=native code)


Current CompileTask:
C2:   3211  886       4       org.objectweb.asm.ClassReader::readUTF8 (60 bytes)


---------------  P R O C E S S  ---------------

Java Threads: ( => current thread )
  0x0000000016b79000 JavaThread "Service Thread" daemon [_thread_blocked, id=8660, stack(0x0000000017170000,0x0000000017270000)]
  0x0000000016b73800 JavaThread "C1 CompilerThread2" daemon [_thread_blocked, id=19056, stack(0x0000000017070000,0x0000000017170000)]
=>0x0000000016b70800 JavaThread "C2 CompilerThread1" daemon [_thread_in_native, id=19036, stack(0x0000000016f70000,0x0000000017070000)]
  0x0000000015313000 JavaThread "C2 CompilerThread0" daemon [_thread_in_native, id=17688, stack(0x0000000016a70000,0x0000000016b70000)]
  0x0000000015310800 JavaThread "Attach Listener" daemon [_thread_blocked, id=9116, stack(0x0000000016970000,0x0000000016a70000)]
  0x000000001530f800 JavaThread "Signal Dispatcher" daemon [_thread_blocked, id=14760, stack(0x0000000016870000,0x0000000016970000)]
  0x0000000004fab800 JavaThread "Finalizer" daemon [_thread_blocked, id=11196, stack(0x0000000016570000,0x0000000016670000)]
  0x0000000004fa6800 JavaThread "Reference Handler" daemon [_thread_blocked, id=11776, stack(0x0000000016470000,0x0000000016570000)]
  0x0000000004eb6800 JavaThread "main" [_thread_in_vm, id=19428, stack(0x0000000004ce0000,0x0000000004de0000)]

Other Threads:
  0x00000000152d5800 VMThread [stack: 0x0000000016370000,0x0000000016470000] [id=18508]
  0x0000000016b7a000 WatcherThread [stack: 0x0000000017270000,0x0000000017370000] [id=18524]

VM state:not at safepoint (normal execution)

VM Mutex/Monitor currently owned by a thread: None

Heap:
 PSYoungGen      total 18944K, used 17819K [0x00000000feb00000, 0x0000000100000000, 0x0000000100000000)
  eden space 16384K, 93% used [0x00000000feb00000,0x00000000ff9ead60,0x00000000ffb00000)
  from space 2560K, 99% used [0x00000000ffb00000,0x00000000ffd7c020,0x00000000ffd80000)
  to   space 2560K, 0% used [0x00000000ffd80000,0x00000000ffd80000,0x0000000100000000)
 ParOldGen       total 44032K, used 1486K [0x00000000fc000000, 0x00000000feb00000, 0x00000000feb00000)
  object space 44032K, 3% used [0x00000000fc000000,0x00000000fc173a40,0x00000000feb00000)
 Metaspace       used 7492K, capacity 7652K, committed 7936K, reserved 1056768K
  class space    used 867K, capacity 956K, committed 1024K, reserved 1048576K

Card table byte_map: [0x0000000004ae0000,0x0000000004b10000] byte_map_base: 0x0000000004300000

Marking Bits: (ParMarkBitMap*) 0x0000000066963950
 Begin Bits: [0x0000000014770000, 0x0000000014870000)
 End Bits:   [0x0000000014870000, 0x0000000014970000)

Polling page: 0x0000000003000000

CodeCache: size=245760Kb used=3422Kb max_used=3434Kb free=242337Kb
 bounds [0x0000000004fb0000, 0x0000000005310000, 0x0000000013fb0000]
 total_blobs=1215 nmethods=884 adapters=245
 compilation: enabled

Compilation events (10 events):
Event: 2.558 Thread 0x0000000016b73800  882       3       java.util.AbstractMap::<init> (5 bytes)
Event: 2.558 Thread 0x0000000016b73800 nmethod 882 0x00000000052f9110 code [0x00000000052f9260, 0x00000000052f9410]
Event: 2.560 Thread 0x0000000016b73800  884       3       java.util.zip.ZipOutputStream::writeShort (41 bytes)
Event: 2.561 Thread 0x0000000016b73800 nmethod 884 0x0000000005307850 code [0x00000000053079c0, 0x0000000005307cd8]
Event: 2.564 Thread 0x0000000016b73800  885       3       java.util.zip.ZipOutputStream::writeInt (69 bytes)
Event: 2.564 Thread 0x0000000016b73800 nmethod 885 0x0000000005307dd0 code [0x0000000005307f60, 0x0000000005308438]
Event: 2.566 Thread 0x0000000016b70800 nmethod 880 0x000000000530b810 code [0x000000000530b9a0, 0x000000000530c058]
Event: 2.566 Thread 0x0000000016b70800  883       4       org.objectweb.asm.ClassReader::a (194 bytes)
Event: 2.579 Thread 0x0000000016b70800 nmethod 883 0x000000000530c750 code [0x000000000530c8c0, 0x000000000530ce38]
Event: 3.206 Thread 0x0000000016b70800  886       4       org.objectweb.asm.ClassReader::readUTF8 (60 bytes)

GC Heap History (2 events):
Event: 1.744 GC heap before
{Heap before GC invocations=1 (full 0):
 PSYoungGen      total 18944K, used 16384K [0x00000000feb00000, 0x0000000100000000, 0x0000000100000000)
  eden space 16384K, 100% used [0x00000000feb00000,0x00000000ffb00000,0x00000000ffb00000)
  from space 2560K, 0% used [0x00000000ffd80000,0x00000000ffd80000,0x0000000100000000)
  to   space 2560K, 0% used [0x00000000ffb00000,0x00000000ffb00000,0x00000000ffd80000)
 ParOldGen       total 44032K, used 0K [0x00000000fc000000, 0x00000000feb00000, 0x00000000feb00000)
  object space 44032K, 0% used [0x00000000fc000000,0x00000000fc000000,0x00000000feb00000)
 Metaspace       used 6521K, capacity 6678K, committed 6784K, reserved 1056768K
  class space    used 768K, capacity 823K, committed 896K, reserved 1048576K
Event: 1.749 GC heap after
Heap after GC invocations=1 (full 0):
 PSYoungGen      total 18944K, used 2544K [0x00000000feb00000, 0x0000000100000000, 0x0000000100000000)
  eden space 16384K, 0% used [0x00000000feb00000,0x00000000feb00000,0x00000000ffb00000)
  from space 2560K, 99% used [0x00000000ffb00000,0x00000000ffd7c020,0x00000000ffd80000)
  to   space 2560K, 0% used [0x00000000ffd80000,0x00000000ffd80000,0x0000000100000000)
 ParOldGen       total 44032K, used 1486K [0x00000000fc000000, 0x00000000feb00000, 0x00000000feb00000)
  object space 44032K, 3% used [0x00000000fc000000,0x00000000fc173a40,0x00000000feb00000)
 Metaspace       used 6521K, capacity 6678K, committed 6784K, reserved 1056768K
  class space    used 768K, capacity 823K, committed 896K, reserved 1048576K
}

Deoptimization events (10 events):
Event: 1.594 Thread 0x0000000004eb6800 Uncommon trap: reason=unstable_if action=reinterpret pc=0x00000000051d5058 method=java.util.zip.ZipEntry.setExtra0([BZ)V @ 1
Event: 1.602 Thread 0x0000000004eb6800 Uncommon trap: reason=unstable_if action=reinterpret pc=0x00000000051d6588 method=java.util.zip.ZipFile$ZipEntryIterator.hasNext()Z @ 25
Event: 1.603 Thread 0x0000000004eb6800 Uncommon trap: reason=unstable_if action=reinterpret pc=0x00000000051e06f8 method=java.util.zip.ZipCoder.decoder()Ljava/nio/charset/CharsetDecoder; @ 4
Event: 1.606 Thread 0x0000000004eb6800 Uncommon trap: reason=unstable_if action=reinterpret pc=0x00000000051d5edc method=java.util.zip.ZipFile$ZipEntryIterator.hasNext()Z @ 25
Event: 1.606 Thread 0x0000000004eb6800 Uncommon trap: reason=unstable_if action=reinterpret pc=0x00000000051d8bdc method=java.util.zip.ZipCoder.decoder()Ljava/nio/charset/CharsetDecoder; @ 4
Event: 2.088 Thread 0x0000000004eb6800 Uncommon trap: reason=unloaded action=reinterpret pc=0x00000000051e21bc method=java.util.zip.ZipEntry.setExtra0([BZ)V @ 37
Event: 2.257 Thread 0x0000000004eb6800 Uncommon trap: reason=unstable_if action=reinterpret pc=0x0000000005196f38 method=java.lang.String.indexOf([CII[CIII)I @ 134
Event: 2.264 Thread 0x0000000004eb6800 Uncommon trap: reason=unstable_if action=reinterpret pc=0x000000000515fd6c method=java.lang.String.<init>([CII)V @ 18
Event: 2.523 Thread 0x0000000004eb6800 Uncommon trap: reason=unstable_if action=reinterpret pc=0x00000000052e3a50 method=org.objectweb.asm.MethodWriter.visitVarInsn(II)V @ 130
Event: 2.541 Thread 0x0000000004eb6800 Uncommon trap: reason=unstable_if action=reinterpret pc=0x0000000005278cf0 method=org.objectweb.asm.ClassReader.readUTF8(I[C)Ljava/lang/String; @ 7

Classes redefined (0 events):
No events

Internal exceptions (10 events):
Event: 1.899 Thread 0x0000000004eb6800 Exception <a 'sun/nio/fs/WindowsException'> (0x00000000ff19b7d0) thrown at [D:\src\AOSP-openjdk-cygwin\jdk8u\hotspot\src\share\vm\prims\jni.cpp, line 709]
Event: 1.899 Thread 0x0000000004eb6800 Exception <a 'sun/nio/fs/WindowsException'> (0x00000000ff19bdc0) thrown at [D:\src\AOSP-openjdk-cygwin\jdk8u\hotspot\src\share\vm\prims\jni.cpp, line 709]
Event: 1.899 Thread 0x0000000004eb6800 Exception <a 'sun/nio/fs/WindowsException'> (0x00000000ff19c590) thrown at [D:\src\AOSP-openjdk-cygwin\jdk8u\hotspot\src\share\vm\prims\jni.cpp, line 709]
Event: 1.907 Thread 0x0000000004eb6800 Exception <a 'sun/nio/fs/WindowsException'> (0x00000000ff1a1aa0) thrown at [D:\src\AOSP-openjdk-cygwin\jdk8u\hotspot\src\share\vm\prims\jni.cpp, line 709]
Event: 2.126 Thread 0x0000000004eb6800 Exception <a 'sun/nio/fs/WindowsException'> (0x00000000ff4c1780) thrown at [D:\src\AOSP-openjdk-cygwin\jdk8u\hotspot\src\share\vm\prims\jni.cpp, line 709]
Event: 2.126 Thread 0x0000000004eb6800 Exception <a 'sun/nio/fs/WindowsException'> (0x00000000ff4c1d80) thrown at [D:\src\AOSP-openjdk-cygwin\jdk8u\hotspot\src\share\vm\prims\jni.cpp, line 709]
Event: 2.447 Thread 0x0000000004eb6800 Exception <a 'sun/nio/fs/WindowsException'> (0x00000000ff880cd0) thrown at [D:\src\AOSP-openjdk-cygwin\jdk8u\hotspot\src\share\vm\prims\jni.cpp, line 709]
Event: 2.447 Thread 0x0000000004eb6800 Exception <a 'sun/nio/fs/WindowsException'> (0x00000000ff881250) thrown at [D:\src\AOSP-openjdk-cygwin\jdk8u\hotspot\src\share\vm\prims\jni.cpp, line 709]
Event: 2.758 Thread 0x0000000004eb6800 Exception <a 'sun/nio/fs/WindowsException'> (0x00000000ff9b5928) thrown at [D:\src\AOSP-openjdk-cygwin\jdk8u\hotspot\src\share\vm\prims\jni.cpp, line 709]
Event: 2.758 Thread 0x0000000004eb6800 Exception <a 'sun/nio/fs/WindowsException'> (0x00000000ff9b5ea8) thrown at [D:\src\AOSP-openjdk-cygwin\jdk8u\hotspot\src\share\vm\prims\jni.cpp, line 709]

Events (10 events):
Event: 2.276 loading class org/objectweb/asm/Handler
Event: 2.276 loading class org/objectweb/asm/Handler done
Event: 2.444 loading class java/util/Vector$Itr
Event: 2.444 loading class java/util/Vector$Itr done
Event: 2.523 Thread 0x0000000004eb6800 Uncommon trap: trap_request=0xffffff65 fr.pc=0x00000000052e3a50
Event: 2.523 Thread 0x0000000004eb6800 DEOPT PACKING pc=0x00000000052e3a50 sp=0x0000000004ddedd0
Event: 2.523 Thread 0x0000000004eb6800 DEOPT UNPACKING pc=0x0000000004ff556a sp=0x0000000004dded18 mode 2
Event: 2.541 Thread 0x0000000004eb6800 Uncommon trap: trap_request=0xffffff65 fr.pc=0x0000000005278cf0
Event: 2.541 Thread 0x0000000004eb6800 DEOPT PACKING pc=0x0000000005278cf0 sp=0x0000000004ddec10
Event: 2.541 Thread 0x0000000004eb6800 DEOPT UNPACKING pc=0x0000000004ff556a sp=0x0000000004ddebe0 mode 2


Dynamic libraries:
0x00007ff67e2c0000 - 0x00007ff67e2f1000 	C:\Program Files\Android\Android Studio1\jre\bin\java.exe
0x00007ffa8bac0000 - 0x00007ffa8bca0000 	C:\WINDOWS\SYSTEM32\ntdll.dll
0x00007ffa8b2c0000 - 0x00007ffa8b36e000 	C:\WINDOWS\System32\KERNEL32.DLL
0x00007ffa88210000 - 0x00007ffa88476000 	C:\WINDOWS\System32\KERNELBASE.dll
0x00007ffa89420000 - 0x00007ffa894c1000 	C:\WINDOWS\System32\ADVAPI32.dll
0x00007ffa89bf0000 - 0x00007ffa89c8d000 	C:\WINDOWS\System32\msvcrt.dll
0x00007ffa89c90000 - 0x00007ffa89ceb000 	C:\WINDOWS\System32\sechost.dll
0x00007ffa8b740000 - 0x00007ffa8b85f000 	C:\WINDOWS\System32\RPCRT4.dll
0x00007ffa8b510000 - 0x00007ffa8b69e000 	C:\WINDOWS\System32\USER32.dll
0x00007ffa885a0000 - 0x00007ffa885c0000 	C:\WINDOWS\System32\win32u.dll
0x00007ffa8ba00000 - 0x00007ffa8ba28000 	C:\WINDOWS\System32\GDI32.dll
0x00007ffa88020000 - 0x00007ffa881b4000 	C:\WINDOWS\System32\gdi32full.dll
0x00007ffa88500000 - 0x00007ffa8859b000 	C:\WINDOWS\System32\msvcp_win.dll
0x00007ffa87ec0000 - 0x00007ffa87fb6000 	C:\WINDOWS\System32\ucrtbase.dll
0x00007ffa788b0000 - 0x00007ffa78b19000 	C:\WINDOWS\WinSxS\amd64_microsoft.windows.common-controls_6595b64144ccf1df_6.0.16299.19_none_cc92fab02215da61\COMCTL32.dll
0x00007ffa89110000 - 0x00007ffa89418000 	C:\WINDOWS\System32\combase.dll
0x00007ffa88480000 - 0x00007ffa884f2000 	C:\WINDOWS\System32\bcryptPrimitives.dll
0x00007ffa89e40000 - 0x00007ffa89e6d000 	C:\WINDOWS\System32\IMM32.DLL
0x000000006b270000 - 0x000000006b342000 	C:\Program Files\Android\Android Studio1\jre\jre\bin\msvcr100.dll
0x00000000661a0000 - 0x00000000669de000 	C:\Program Files\Android\Android Studio1\jre\jre\bin\server\jvm.dll
0x00007ffa89100000 - 0x00007ffa89108000 	C:\WINDOWS\System32\PSAPI.DLL
0x00007ffa83640000 - 0x00007ffa83649000 	C:\WINDOWS\SYSTEM32\WSOCK32.dll
0x00007ffa894d0000 - 0x00007ffa8953c000 	C:\WINDOWS\System32\WS2_32.dll
0x00007ffa86270000 - 0x00007ffa86293000 	C:\WINDOWS\SYSTEM32\WINMM.dll
0x00007ffa86210000 - 0x00007ffa8623a000 	C:\WINDOWS\SYSTEM32\WINMMBASE.dll
0x00007ffa881c0000 - 0x00007ffa8820a000 	C:\WINDOWS\System32\cfgmgr32.dll
0x00007ffa78b50000 - 0x00007ffa78b5a000 	C:\WINDOWS\SYSTEM32\VERSION.dll
0x00007ffa6b210000 - 0x00007ffa6b21f000 	C:\Program Files\Android\Android Studio1\jre\jre\bin\verify.dll
0x00007ffa4fec0000 - 0x00007ffa4fee9000 	C:\Program Files\Android\Android Studio1\jre\jre\bin\java.dll
0x00007ffa54bd0000 - 0x00007ffa54be6000 	C:\Program Files\Android\Android Studio1\jre\jre\bin\zip.dll
0x00007ffa89e70000 - 0x00007ffa8b2a7000 	C:\WINDOWS\System32\SHELL32.dll
0x00007ffa89ac0000 - 0x00007ffa89b66000 	C:\WINDOWS\System32\shcore.dll
0x00007ffa88840000 - 0x00007ffa88f87000 	C:\WINDOWS\System32\windows.storage.dll
0x00007ffa8b3e0000 - 0x00007ffa8b431000 	C:\WINDOWS\System32\shlwapi.dll
0x00007ffa87e30000 - 0x00007ffa87e41000 	C:\WINDOWS\System32\kernel.appcore.dll
0x00007ffa87e70000 - 0x00007ffa87ebc000 	C:\WINDOWS\System32\powrprof.dll
0x00007ffa87e50000 - 0x00007ffa87e6b000 	C:\WINDOWS\System32\profapi.dll
0x00007ffa87860000 - 0x00007ffa87877000 	C:\WINDOWS\SYSTEM32\CRYPTSP.dll
0x00007ffa87250000 - 0x00007ffa87283000 	C:\WINDOWS\system32\rsaenh.dll
0x00007ffa87970000 - 0x00007ffa87995000 	C:\WINDOWS\SYSTEM32\bcrypt.dll
0x00007ffa87d10000 - 0x00007ffa87d39000 	C:\WINDOWS\SYSTEM32\USERENV.dll
0x00007ffa87880000 - 0x00007ffa8788b000 	C:\WINDOWS\SYSTEM32\CRYPTBASE.dll
0x00007ffa53920000 - 0x00007ffa5393a000 	C:\Program Files\Android\Android Studio1\jre\jre\bin\net.dll
0x00007ffa876a0000 - 0x00007ffa87706000 	C:\WINDOWS\system32\mswsock.dll
0x00007ffa87430000 - 0x00007ffa87469000 	C:\WINDOWS\SYSTEM32\IPHLPAPI.DLL
0x00007ffa8b3d0000 - 0x00007ffa8b3d8000 	C:\WINDOWS\System32\NSI.dll
0x00007ffa7e010000 - 0x00007ffa7e026000 	C:\WINDOWS\SYSTEM32\dhcpcsvc6.DLL
0x00007ffa7dff0000 - 0x00007ffa7e00a000 	C:\WINDOWS\SYSTEM32\dhcpcsvc.DLL
0x00007ffa4fea0000 - 0x00007ffa4feb1000 	C:\Program Files\Android\Android Studio1\jre\jre\bin\nio.dll

VM Arguments:
jvm_args: -Djava.awt.headless=true -Xmx64M -Dfile.encoding=windows-1252 -Duser.country=BR -Duser.language=pt -Duser.variant 
java_command: com.google.devtools.build.android.desugar.Desugar --input C:\Users\JCarvalhoJr\eclipse-workspace_2018\Web_Services_Android\Web_Service_Android_Client\app\build\intermediates\transforms\stackFramesFixer\debug\26.jar --output C:\Users\JCarvalhoJr\eclipse-workspace_2018\Web_Services_Android\Web_Service_Android_Client\app\build\intermediates\transforms\desugar\debug\27.jar --input C:\Users\JCarvalhoJr\eclipse-workspace_2018\Web_Services_Android\Web_Service_Android_Client\app\build\intermediates\transforms\stackFramesFixer\debug\23.jar --output C:\Users\JCarvalhoJr\eclipse-workspace_2018\Web_Services_Android\Web_Service_Android_Client\app\build\intermediates\transforms\desugar\debug\24.jar --input C:\Users\JCarvalhoJr\eclipse-workspace_2018\Web_Services_Android\Web_Service_Android_Client\app\build\intermediates\transforms\stackFramesFixer\debug\21.jar --output C:\Users\JCarvalhoJr\eclipse-workspace_2018\Web_Services_Android\Web_Service_Android_Client\app\build\intermediates\transforms\desugar\debug\22.jar --input C:\Users\JCarvalhoJr\eclipse-workspace_2018\Web_Services_Android\Web_Service_Android_Client\app\build\intermediates\transforms\stackFramesFixer\debug\5.jar --output C:\Users\JCarvalhoJr\eclipse-workspace_2018\Web_Services_Android\Web_Service_Android_Client\app\build\intermediates\transforms\desugar\debug\6.jar --input C:\Users\JCarvalhoJr\eclipse-workspace_2018\Web_Services_Android\Web_Service_Android_Client\app\build\intermediates\transforms\stackFramesFixer\debug\17.jar --output C:\Users\JCarvalhoJr\eclipse-workspace_2018\Web_Services_Android\Web_Service_Android_Client\app\build\intermediates\transforms\desugar\debug\18.jar --input C:\Users\JCarvalhoJr\eclipse-workspace_2018\Web_Services_Android\Web_Service_Android_Client\app\build\intermediates\transforms\stackFramesFixer\debug\12.jar --output C:\Users\JCarvalhoJr\eclipse-workspace_2018\Web_Services_Android\Web_Service_Android_Client\app\build\intermediates\transforms\desugar\debug\13.jar --in
java_class_path (initial): C:\Users\JCarvalhoJr\AppData\Local\Temp\desugar_deploy.jar3951035612156620796
Launcher Type: SUN_STANDARD

Environment Variables:
JAVA_HOME=C:\Program Files\Java\jdk1.8.0_162
CLASSPATH=.;C:\Program Files (x86)\Griaule\Fingerprint SDK 2009\bin\GrFingerJava.jar
USERNAME=JCarvalhoJr
OS=Windows_NT
PROCESSOR_IDENTIFIER=Intel64 Family 6 Model 42 Stepping 7, GenuineIntel



---------------  S Y S T E M  ---------------

OS: Windows 10.0 , 64 bit Build 16299 (10.0.16299.15)

CPU:total 4 (initial active 4) (2 cores per cpu, 2 threads per core) family 6 model 42 stepping 7, cmov, cx8, fxsr, mmx, sse, sse2, sse3, ssse3, sse4.1, sse4.2, popcnt, avx, aes, clmul, ht, tsc, tscinvbit

Memory: 4k page, physical 12496748k(5625420k free), swap 13545324k(3092k free)

vm_info: OpenJDK 64-Bit Server VM (25.152-b01) for windows-amd64 JRE (1.8.0_152-release-915-b01), built by "builder" with MS VC++ 10.0 (VS2010)

time: Thu Mar 22 15:40:12 2018
elapsed time: 3 seconds (0d 0h 0m 3s)

