#
# There is insufficient memory for the Java Runtime Environment to continue.
# Native memory allocation (malloc) failed to allocate 32744 bytes for ChunkPool::allocate
# Possible reasons:
#   The system is out of physical RAM or swap space
#   In 32 bit mode, the process size limit was hit
# Possible solutions:
#   Reduce memory load on the system
#   Increase physical memory or swap space
#   Check if swap backing store is full
#   Use 64 bit Java on a 64 bit OS
#   Decrease Java heap size (-Xmx/-Xms)
#   Decrease number of Java threads
#   Decrease Java thread stack sizes (-Xss)
#   Set larger code cache with -XX:ReservedCodeCacheSize=
# This output file may be truncated or incomplete.
#
#  Out of Memory Error (allocation.cpp:273), pid=7884, tid=0x00000000000047b4
#
# JRE version: OpenJDK Runtime Environment (8.0_152-b01) (build 1.8.0_152-release-915-b01)
# Java VM: OpenJDK 64-Bit Server VM (25.152-b01 mixed mode windows-amd64 compressed oops)
# Failed to write core dump. Minidumps are not enabled by default on client versions of Windows
#

---------------  T H R E A D  ---------------

Current thread (0x00000000166b4000):  JavaThread "C1 CompilerThread2" daemon [_thread_in_native, id=18356, stack(0x0000000016ab0000,0x0000000016bb0000)]

Stack: [0x0000000016ab0000,0x0000000016bb0000]
[error occurred during error reporting (printing stack bounds), id 0xc0000005]

Native frames: (J=compiled Java code, j=interpreted, Vv=VM code, C=native code)


Current CompileTask:
C1:   6256  908       3      
[error occurred during error reporting (printing current compile task), id 0xe0000001]


---------------  P R O C E S S  ---------------

Java Threads: ( => current thread )
  0x00000000166bc000 JavaThread "Service Thread" daemon [_thread_blocked, id=15672, stack(0x0000000016bb0000,0x0000000016cb0000)]
=>0x00000000166b4000 JavaThread "C1 CompilerThread2" daemon [_thread_in_native, id=18356, stack(0x0000000016ab0000,0x0000000016bb0000)]
  0x0000000014dbc000 JavaThread "C2 CompilerThread1" daemon [_thread_blocked, id=9568, stack(0x00000000165b0000,0x00000000166b0000)]
  0x0000000014d64000 JavaThread "C2 CompilerThread0" daemon [_thread_in_native, id=18152, stack(0x00000000164b0000,0x00000000165b0000)]
  0x0000000014d61800 JavaThread "Attach Listener" daemon [_thread_blocked, id=14848, stack(0x00000000163b0000,0x00000000164b0000)]
  0x0000000014d60800 JavaThread "Signal Dispatcher" daemon [_thread_blocked, id=11432, stack(0x00000000162b0000,0x00000000163b0000)]
  0x0000000014d4e800 JavaThread "Finalizer" daemon [_thread_blocked, id=1636, stack(0x0000000015fb0000,0x00000000160b0000)]
  0x00000000049f7800 JavaThread "Reference Handler" daemon [_thread_blocked, id=18048, stack(0x0000000015eb0000,0x0000000015fb0000)]
  0x0000000004906800 JavaThread "main" [_thread_in_Java, id=1664, stack(0x0000000004800000,0x0000000004900000)]

Other Threads:
  0x0000000014d26800 VMThread [stack: 0x0000000015db0000,0x0000000015eb0000] [id=18224]
  0x00000000166bd000 WatcherThread [stack: 0x0000000016cb0000,0x0000000016db0000] [id=6532]

VM state:not at safepoint (normal execution)

VM Mutex/Monitor currently owned by a thread: None

Heap:
 PSYoungGen      total 18944K, used 17775K [0x00000000feb00000, 0x0000000100000000, 0x0000000100000000)
  eden space 16384K, 93% used [0x00000000feb00000,0x00000000ff9e3f58,0x00000000ffb00000)
  from space 2560K, 98% used [0x00000000ffb00000,0x00000000ffd78030,0x00000000ffd80000)
  to   space 2560K, 0% used [0x00000000ffd80000,0x00000000ffd80000,0x0000000100000000)
 ParOldGen       total 44032K, used 1577K [0x00000000fc000000, 0x00000000feb00000, 0x00000000feb00000)
  object space 44032K, 3% used [0x00000000fc000000,0x00000000fc18a6d8,0x00000000feb00000)
 Metaspace       used 7537K, capacity 7716K, committed 7936K, reserved 1056768K
  class space    used 867K, capacity 956K, committed 1024K, reserved 1048576K

Card table byte_map: [0x0000000002d50000,0x0000000002d80000] byte_map_base: 0x0000000002570000

Marking Bits: (ParMarkBitMap*) 0x0000000066963950
 Begin Bits: [0x00000000141c0000, 0x00000000142c0000)
 End Bits:   [0x00000000142c0000, 0x00000000143c0000)

Polling page: 0x0000000002d20000

CodeCache: size=245760Kb used=3492Kb max_used=3492Kb free=242267Kb
 bounds [0x0000000004a00000, 0x0000000004d70000, 0x0000000013a00000]
 total_blobs=1237 nmethods=906 adapters=245
 compilation: enabled

Compilation events (10 events):
Event: 6.239 Thread 0x00000000166b4000 nmethod 903 0x0000000004d66590 code [0x0000000004d66740, 0x0000000004d66d98]
Event: 6.239 Thread 0x00000000166b4000  904       3       com.google.devtools.build.android.desugar.LambdaDesugaring$InvokedynamicRewriter::visitEnd (9 bytes)
Event: 6.240 Thread 0x00000000166b4000 nmethod 904 0x0000000004d426d0 code [0x0000000004d42840, 0x0000000004d42a48]
Event: 6.240 Thread 0x00000000166b4000  905       3       org.objectweb.asm.MethodWriter::visitEnd (1 bytes)
Event: 6.240 Thread 0x00000000166b4000 nmethod 905 0x0000000004d42310 code [0x0000000004d42460, 0x0000000004d425b0]
Event: 6.241 Thread 0x00000000166b4000  906       3       org.objectweb.asm.MethodWriter::visitCode (1 bytes)
Event: 6.241 Thread 0x00000000166b4000 nmethod 906 0x0000000004d66fd0 code [0x0000000004d67120, 0x0000000004d67270]
Event: 6.241 Thread 0x00000000166b4000  907       3       org.objectweb.asm.MethodWriter::a (845 bytes)
Event: 6.246 Thread 0x00000000166b4000 nmethod 907 0x0000000004d67310 code [0x0000000004d67780, 0x0000000004d69b68]
Event: 6.247 Thread 0x00000000166b4000  908       3       org.objectweb.asm.MethodWriter::a (1609 bytes)

GC Heap History (2 events):
Event: 3.633 GC heap before
{Heap before GC invocations=1 (full 0):
 PSYoungGen      total 18944K, used 16384K [0x00000000feb00000, 0x0000000100000000, 0x0000000100000000)
  eden space 16384K, 100% used [0x00000000feb00000,0x00000000ffb00000,0x00000000ffb00000)
  from space 2560K, 0% used [0x00000000ffd80000,0x00000000ffd80000,0x0000000100000000)
  to   space 2560K, 0% used [0x00000000ffb00000,0x00000000ffb00000,0x00000000ffd80000)
 ParOldGen       total 44032K, used 0K [0x00000000fc000000, 0x00000000feb00000, 0x00000000feb00000)
  object space 44032K, 0% used [0x00000000fc000000,0x00000000fc000000,0x00000000feb00000)
 Metaspace       used 6539K, capacity 6742K, committed 7040K, reserved 1056768K
  class space    used 768K, capacity 823K, committed 896K, reserved 1048576K
Event: 3.694 GC heap after
Heap after GC invocations=1 (full 0):
 PSYoungGen      total 18944K, used 2528K [0x00000000feb00000, 0x0000000100000000, 0x0000000100000000)
  eden space 16384K, 0% used [0x00000000feb00000,0x00000000feb00000,0x00000000ffb00000)
  from space 2560K, 98% used [0x00000000ffb00000,0x00000000ffd78030,0x00000000ffd80000)
  to   space 2560K, 0% used [0x00000000ffd80000,0x00000000ffd80000,0x0000000100000000)
 ParOldGen       total 44032K, used 1577K [0x00000000fc000000, 0x00000000feb00000, 0x00000000feb00000)
  object space 44032K, 3% used [0x00000000fc000000,0x00000000fc18a6d8,0x00000000feb00000)
 Metaspace       used 6539K, capacity 6742K, committed 7040K, reserved 1056768K
  class space    used 768K, capacity 823K, committed 896K, reserved 1048576K
}

Deoptimization events (10 events):
Event: 3.519 Thread 0x0000000004906800 Uncommon trap: reason=unstable_if action=reinterpret pc=0x0000000004c39eb8 method=java.util.zip.ZipCoder.decoder()Ljava/nio/charset/CharsetDecoder; @ 4
Event: 3.522 Thread 0x0000000004906800 Uncommon trap: reason=unstable_if action=reinterpret pc=0x0000000004c33edc method=java.util.zip.ZipFile$ZipEntryIterator.hasNext()Z @ 25
Event: 3.522 Thread 0x0000000004906800 Uncommon trap: reason=unstable_if action=reinterpret pc=0x0000000004c3c58c method=java.util.zip.ZipCoder.decoder()Ljava/nio/charset/CharsetDecoder; @ 4
Event: 3.747 Thread 0x0000000004906800 Uncommon trap: reason=unstable_if action=reinterpret pc=0x0000000004c3ea4c method=java.util.zip.ZipCoder.decoder()Ljava/nio/charset/CharsetDecoder; @ 4
Event: 3.748 Thread 0x0000000004906800 Uncommon trap: reason=unstable_if action=reinterpret pc=0x0000000004c2e3dc method=java.util.zip.ZipCoder.decoder()Ljava/nio/charset/CharsetDecoder; @ 4
Event: 4.170 Thread 0x0000000004906800 Uncommon trap: reason=unloaded action=reinterpret pc=0x0000000004c2f0fc method=java.util.zip.ZipEntry.setExtra0([BZ)V @ 37
Event: 4.490 Thread 0x0000000004906800 Uncommon trap: reason=unstable_if action=reinterpret pc=0x0000000004be93f8 method=java.lang.String.indexOf([CII[CIII)I @ 134
Event: 4.894 Thread 0x0000000004906800 Uncommon trap: reason=unstable_if action=reinterpret pc=0x0000000004cc6a3c method=java.lang.String.<init>([CII)V @ 18
Event: 4.939 Thread 0x0000000004906800 Uncommon trap: reason=unstable_if action=reinterpret pc=0x0000000004cc394c method=java.lang.String.<init>([CII)V @ 18
Event: 5.072 Thread 0x0000000004906800 Uncommon trap: reason=unstable_if action=reinterpret pc=0x0000000004d102c0 method=org.objectweb.asm.Item.a(Lorg/objectweb/asm/Item;)Z @ 345

Classes redefined (0 events):
No events

Internal exceptions (10 events):
Event: 3.850 Thread 0x0000000004906800 Exception <a 'sun/nio/fs/WindowsException'> (0x00000000ff194a20) thrown at [D:\src\AOSP-openjdk-cygwin\jdk8u\hotspot\src\share\vm\prims\jni.cpp, line 709]
Event: 3.865 Thread 0x0000000004906800 Exception <a 'sun/nio/fs/WindowsException'> (0x00000000ff199f30) thrown at [D:\src\AOSP-openjdk-cygwin\jdk8u\hotspot\src\share\vm\prims\jni.cpp, line 709]
Event: 4.231 Thread 0x0000000004906800 Exception <a 'sun/nio/fs/WindowsException'> (0x00000000ff4b8140) thrown at [D:\src\AOSP-openjdk-cygwin\jdk8u\hotspot\src\share\vm\prims\jni.cpp, line 709]
Event: 4.232 Thread 0x0000000004906800 Exception <a 'sun/nio/fs/WindowsException'> (0x00000000ff4b8740) thrown at [D:\src\AOSP-openjdk-cygwin\jdk8u\hotspot\src\share\vm\prims\jni.cpp, line 709]
Event: 4.554 Thread 0x0000000004906800 Exception <a 'sun/nio/fs/WindowsException'> (0x00000000ff62bc90) thrown at [D:\src\AOSP-openjdk-cygwin\jdk8u\hotspot\src\share\vm\prims\jni.cpp, line 709]
Event: 4.555 Thread 0x0000000004906800 Exception <a 'sun/nio/fs/WindowsException'> (0x00000000ff62c210) thrown at [D:\src\AOSP-openjdk-cygwin\jdk8u\hotspot\src\share\vm\prims\jni.cpp, line 709]
Event: 4.917 Thread 0x0000000004906800 Exception <a 'sun/nio/fs/WindowsException'> (0x00000000ff766268) thrown at [D:\src\AOSP-openjdk-cygwin\jdk8u\hotspot\src\share\vm\prims\jni.cpp, line 709]
Event: 4.918 Thread 0x0000000004906800 Exception <a 'sun/nio/fs/WindowsException'> (0x00000000ff7667e8) thrown at [D:\src\AOSP-openjdk-cygwin\jdk8u\hotspot\src\share\vm\prims\jni.cpp, line 709]
Event: 5.097 Thread 0x0000000004906800 Exception <a 'sun/nio/fs/WindowsException'> (0x00000000ff95d350) thrown at [D:\src\AOSP-openjdk-cygwin\jdk8u\hotspot\src\share\vm\prims\jni.cpp, line 709]
Event: 5.097 Thread 0x0000000004906800 Exception <a 'sun/nio/fs/WindowsException'> (0x00000000ff95d8d0) thrown at [D:\src\AOSP-openjdk-cygwin\jdk8u\hotspot\src\share\vm\prims\jni.cpp, line 709]

Events (10 events):
Event: 4.789 loading class org/objectweb/asm/Handler done
Event: 4.894 Thread 0x0000000004906800 Uncommon trap: trap_request=0xffffff65 fr.pc=0x0000000004cc6a3c
Event: 4.894 Thread 0x0000000004906800 DEOPT PACKING pc=0x0000000004cc6a3c sp=0x00000000048fe9e0
Event: 4.894 Thread 0x0000000004906800 DEOPT UNPACKING pc=0x0000000004a4556a sp=0x00000000048fe8a0 mode 2
Event: 4.939 Thread 0x0000000004906800 Uncommon trap: trap_request=0xffffff65 fr.pc=0x0000000004cc394c
Event: 4.939 Thread 0x0000000004906800 DEOPT PACKING pc=0x0000000004cc394c sp=0x00000000048fedb0
Event: 4.939 Thread 0x0000000004906800 DEOPT UNPACKING pc=0x0000000004a4556a sp=0x00000000048fecd0 mode 2
Event: 5.072 Thread 0x0000000004906800 Uncommon trap: trap_request=0xffffff65 fr.pc=0x0000000004d102c0
Event: 5.072 Thread 0x0000000004906800 DEOPT PACKING pc=0x0000000004d102c0 sp=0x00000000048fe960
Event: 5.072 Thread 0x0000000004906800 DEOPT UNPACKING pc=0x0000000004a4556a sp=0x00000000048fe8f8 mode 2


Dynamic libraries:
0x00007ff67e2c0000 - 0x00007ff67e2f1000 	C:\Program Files\Android\Android Studio1\jre\bin\java.exe
0x00007ffa8bac0000 - 0x00007ffa8bca0000 	C:\WINDOWS\SYSTEM32\ntdll.dll
0x00007ffa8b2c0000 - 0x00007ffa8b36e000 	C:\WINDOWS\System32\KERNEL32.DLL
0x00007ffa88210000 - 0x00007ffa88476000 	C:\WINDOWS\System32\KERNELBASE.dll
0x00007ffa89420000 - 0x00007ffa894c1000 	C:\WINDOWS\System32\ADVAPI32.dll
0x00007ffa89bf0000 - 0x00007ffa89c8d000 	C:\WINDOWS\System32\msvcrt.dll
0x00007ffa89c90000 - 0x00007ffa89ceb000 	C:\WINDOWS\System32\sechost.dll
0x00007ffa8b740000 - 0x00007ffa8b85f000 	C:\WINDOWS\System32\RPCRT4.dll
0x00007ffa8b510000 - 0x00007ffa8b69e000 	C:\WINDOWS\System32\USER32.dll
0x00007ffa885a0000 - 0x00007ffa885c0000 	C:\WINDOWS\System32\win32u.dll
0x00007ffa8ba00000 - 0x00007ffa8ba28000 	C:\WINDOWS\System32\GDI32.dll
0x00007ffa88020000 - 0x00007ffa881b4000 	C:\WINDOWS\System32\gdi32full.dll
0x00007ffa88500000 - 0x00007ffa8859b000 	C:\WINDOWS\System32\msvcp_win.dll
0x00007ffa87ec0000 - 0x00007ffa87fb6000 	C:\WINDOWS\System32\ucrtbase.dll
0x00007ffa788b0000 - 0x00007ffa78b19000 	C:\WINDOWS\WinSxS\amd64_microsoft.windows.common-controls_6595b64144ccf1df_6.0.16299.19_none_cc92fab02215da61\COMCTL32.dll
0x00007ffa89110000 - 0x00007ffa89418000 	C:\WINDOWS\System32\combase.dll
0x00007ffa88480000 - 0x00007ffa884f2000 	C:\WINDOWS\System32\bcryptPrimitives.dll
0x00007ffa89e40000 - 0x00007ffa89e6d000 	C:\WINDOWS\System32\IMM32.DLL
0x000000006b270000 - 0x000000006b342000 	C:\Program Files\Android\Android Studio1\jre\jre\bin\msvcr100.dll
0x00000000661a0000 - 0x00000000669de000 	C:\Program Files\Android\Android Studio1\jre\jre\bin\server\jvm.dll
0x00007ffa89100000 - 0x00007ffa89108000 	C:\WINDOWS\System32\PSAPI.DLL
0x00007ffa83640000 - 0x00007ffa83649000 	C:\WINDOWS\SYSTEM32\WSOCK32.dll
0x00007ffa894d0000 - 0x00007ffa8953c000 	C:\WINDOWS\System32\WS2_32.dll
0x00007ffa86270000 - 0x00007ffa86293000 	C:\WINDOWS\SYSTEM32\WINMM.dll
0x00007ffa78b50000 - 0x00007ffa78b5a000 	C:\WINDOWS\SYSTEM32\VERSION.dll
0x00007ffa86210000 - 0x00007ffa8623a000 	C:\WINDOWS\SYSTEM32\WINMMBASE.dll
0x00007ffa881c0000 - 0x00007ffa8820a000 	C:\WINDOWS\System32\cfgmgr32.dll
0x00007ffa6b210000 - 0x00007ffa6b21f000 	C:\Program Files\Android\Android Studio1\jre\jre\bin\verify.dll
0x00007ffa4fec0000 - 0x00007ffa4fee9000 	C:\Program Files\Android\Android Studio1\jre\jre\bin\java.dll
0x00007ffa54bd0000 - 0x00007ffa54be6000 	C:\Program Files\Android\Android Studio1\jre\jre\bin\zip.dll
0x00007ffa89e70000 - 0x00007ffa8b2a7000 	C:\WINDOWS\System32\SHELL32.dll
0x00007ffa89ac0000 - 0x00007ffa89b66000 	C:\WINDOWS\System32\shcore.dll
0x00007ffa88840000 - 0x00007ffa88f87000 	C:\WINDOWS\System32\windows.storage.dll
0x00007ffa8b3e0000 - 0x00007ffa8b431000 	C:\WINDOWS\System32\shlwapi.dll
0x00007ffa87e30000 - 0x00007ffa87e41000 	C:\WINDOWS\System32\kernel.appcore.dll
0x00007ffa87e70000 - 0x00007ffa87ebc000 	C:\WINDOWS\System32\powrprof.dll
0x00007ffa87e50000 - 0x00007ffa87e6b000 	C:\WINDOWS\System32\profapi.dll
0x00007ffa87860000 - 0x00007ffa87877000 	C:\WINDOWS\SYSTEM32\CRYPTSP.dll
0x00007ffa87250000 - 0x00007ffa87283000 	C:\WINDOWS\system32\rsaenh.dll
0x00007ffa87970000 - 0x00007ffa87995000 	C:\WINDOWS\SYSTEM32\bcrypt.dll
0x00007ffa87d10000 - 0x00007ffa87d39000 	C:\WINDOWS\SYSTEM32\USERENV.dll
0x00007ffa87880000 - 0x00007ffa8788b000 	C:\WINDOWS\SYSTEM32\CRYPTBASE.dll
0x00007ffa53920000 - 0x00007ffa5393a000 	C:\Program Files\Android\Android Studio1\jre\jre\bin\net.dll
0x00007ffa876a0000 - 0x00007ffa87706000 	C:\WINDOWS\system32\mswsock.dll
0x00007ffa87430000 - 0x00007ffa87469000 	C:\WINDOWS\SYSTEM32\IPHLPAPI.DLL
0x00007ffa8b3d0000 - 0x00007ffa8b3d8000 	C:\WINDOWS\System32\NSI.dll
0x00007ffa7e010000 - 0x00007ffa7e026000 	C:\WINDOWS\SYSTEM32\dhcpcsvc6.DLL
0x00007ffa7dff0000 - 0x00007ffa7e00a000 	C:\WINDOWS\SYSTEM32\dhcpcsvc.DLL
0x00007ffa4fea0000 - 0x00007ffa4feb1000 	C:\Program Files\Android\Android Studio1\jre\jre\bin\nio.dll

VM Arguments:
jvm_args: -Djava.awt.headless=true -Xmx64M -Dfile.encoding=windows-1252 -Duser.country=BR -Duser.language=pt -Duser.variant 
java_command: com.google.devtools.build.android.desugar.Desugar --input C:\Users\JCarvalhoJr\eclipse-workspace_2018\Web_Services_Android\Web_Service_Android_Client\app\build\intermediates\transforms\stackFramesFixer\debug\25.jar --output C:\Users\JCarvalhoJr\eclipse-workspace_2018\Web_Services_Android\Web_Service_Android_Client\app\build\intermediates\transforms\desugar\debug\26.jar --input C:\Users\JCarvalhoJr\eclipse-workspace_2018\Web_Services_Android\Web_Service_Android_Client\app\build\intermediates\transforms\stackFramesFixer\debug\23.jar --output C:\Users\JCarvalhoJr\eclipse-workspace_2018\Web_Services_Android\Web_Service_Android_Client\app\build\intermediates\transforms\desugar\debug\24.jar --input C:\Users\JCarvalhoJr\eclipse-workspace_2018\Web_Services_Android\Web_Service_Android_Client\app\build\intermediates\transforms\stackFramesFixer\debug\5.jar --output C:\Users\JCarvalhoJr\eclipse-workspace_2018\Web_Services_Android\Web_Service_Android_Client\app\build\intermediates\transforms\desugar\debug\6.jar --input C:\Users\JCarvalhoJr\eclipse-workspace_2018\Web_Services_Android\Web_Service_Android_Client\app\build\intermediates\transforms\stackFramesFixer\debug\30.jar --output C:\Users\JCarvalhoJr\eclipse-workspace_2018\Web_Services_Android\Web_Service_Android_Client\app\build\intermediates\transforms\desugar\debug\31.jar --input C:\Users\JCarvalhoJr\eclipse-workspace_2018\Web_Services_Android\Web_Service_Android_Client\app\build\intermediates\transforms\stackFramesFixer\debug\24.jar --output C:\Users\JCarvalhoJr\eclipse-workspace_2018\Web_Services_Android\Web_Service_Android_Client\app\build\intermediates\transforms\desugar\debug\25.jar --input C:\Users\JCarvalhoJr\eclipse-workspace_2018\Web_Services_Android\Web_Service_Android_Client\app\build\intermediates\transforms\stackFramesFixer\debug\0.jar --output C:\Users\JCarvalhoJr\eclipse-workspace_2018\Web_Services_Android\Web_Service_Android_Client\app\build\intermediates\transforms\desugar\debug\1.jar --inpu
java_class_path (initial): C:\Users\JCarvalhoJr\AppData\Local\Temp\desugar_deploy.jar3951035612156620796
Launcher Type: SUN_STANDARD

Environment Variables:
CLASSPATH=.;C:\Program Files (x86)\Griaule\Fingerprint SDK 2009\bin\GrFingerJava.jar
USERNAME=JCarvalhoJr
OS=Windows_NT
PROCESSOR_IDENTIFIER=Intel64 Family 6 Model 42 Stepping 7, GenuineIntel



---------------  S Y S T E M  ---------------

OS: Windows 10.0 , 64 bit Build 16299 (10.0.16299.15)

CPU:total 4 (initial active 4) (2 cores per cpu, 2 threads per core) family 6 model 42 stepping 7, cmov, cx8, fxsr, mmx, sse, sse2, sse3, ssse3, sse4.1, sse4.2, popcnt, avx, aes, clmul, ht, tsc, tscinvbit

Memory: 4k page, physical 12496748k(3456584k free), swap 13545324k(4376k free)

vm_info: OpenJDK 64-Bit Server VM (25.152-b01) for windows-amd64 JRE (1.8.0_152-release-915-b01), built by "builder" with MS VC++ 10.0 (VS2010)

time: Thu Mar 22 13:47:06 2018
elapsed time: 6 seconds (0d 0h 0m 6s)

