#
# There is insufficient memory for the Java Runtime Environment to continue.
# Native memory allocation (malloc) failed to allocate 32744 bytes for ChunkPool::allocate
# Possible reasons:
#   The system is out of physical RAM or swap space
#   In 32 bit mode, the process size limit was hit
# Possible solutions:
#   Reduce memory load on the system
#   Increase physical memory or swap space
#   Check if swap backing store is full
#   Use 64 bit Java on a 64 bit OS
#   Decrease Java heap size (-Xmx/-Xms)
#   Decrease number of Java threads
#   Decrease Java thread stack sizes (-Xss)
#   Set larger code cache with -XX:ReservedCodeCacheSize=
# This output file may be truncated or incomplete.
#
#  Out of Memory Error (allocation.cpp:273), pid=20752, tid=0x00000000000054e4
#
# JRE version: OpenJDK Runtime Environment (8.0_152-b01) (build 1.8.0_152-release-915-b01)
# Java VM: OpenJDK 64-Bit Server VM (25.152-b01 mixed mode windows-amd64 compressed oops)
# Failed to write core dump. Minidumps are not enabled by default on client versions of Windows
#

---------------  T H R E A D  ---------------

Current thread (0x0000000005037000):  JavaThread "main" [_thread_in_vm, id=21732, stack(0x0000000004ec0000,0x0000000004fc0000)]

Stack: [0x0000000004ec0000,0x0000000004fc0000]
[error occurred during error reporting (printing stack bounds), id 0xc0000005]

Native frames: (J=compiled Java code, j=interpreted, Vv=VM code, C=native code)

Java frames: (J=compiled Java code, j=interpreted, Vv=VM code)
v  ~RuntimeStub::counter_overflow Runtime1 stub
J 827 C1 org.objectweb.asm.tree.InsnList.accept(Lorg/objectweb/asm/MethodVisitor;)V (23 bytes) @ 0x0000000005510970 [0x0000000005510780+0x1f0]
J 1041 C1 org.objectweb.asm.tree.MethodNode.accept(Lorg/objectweb/asm/MethodVisitor;)V (916 bytes) @ 0x00000000055cb344 [0x00000000055c7f60+0x33e4]
J 936 C1 com.google.devtools.build.android.desugar.LambdaDesugaring$InvokedynamicRewriter.visitEnd()V (9 bytes) @ 0x0000000005582bbc [0x0000000005582ac0+0xfc]
J 1009 C2 org.objectweb.asm.MethodVisitor.visitEnd()V (15 bytes) @ 0x00000000055a9708 [0x00000000055a96c0+0x48]
J 1009 C2 org.objectweb.asm.MethodVisitor.visitEnd()V (15 bytes) @ 0x00000000055a9708 [0x00000000055a96c0+0x48]
J 796 C1 org.objectweb.asm.ClassReader.b(Lorg/objectweb/asm/ClassVisitor;Lorg/objectweb/asm/Context;I)I (1124 bytes) @ 0x00000000054fc81c [0x00000000054f7ce0+0x4b3c]
J 896 C1 org.objectweb.asm.ClassReader.accept(Lorg/objectweb/asm/ClassVisitor;[Lorg/objectweb/asm/Attribute;I)V (1176 bytes) @ 0x000000000555632c [0x00000000055508c0+0x5a6c]
J 1029 C1 org.objectweb.asm.ClassReader.accept(Lorg/objectweb/asm/ClassVisitor;I)V (11 bytes) @ 0x00000000055be64c [0x00000000055be4c0+0x18c]
j  com.google.devtools.build.android.desugar.Desugar.desugarClassesInInput(Lcom/google/devtools/build/android/desugar/InputFileProvider;Lcom/google/devtools/build/android/desugar/OutputFileProvider;Ljava/lang/ClassLoader;Lcom/google/devtools/build/android/desugar/ClassReaderFactory;Lcom/google/devtools/build/android/desugar/ClassReaderFactory;Lcom/google/common/collect/ImmutableSet$Builder;)V+116
j  com.google.devtools.build.android.desugar.Desugar.desugarOneInput(Lcom/google/devtools/build/android/desugar/Desugar$InputOutputPair;Lcom/google/devtools/build/android/desugar/IndexedInputs;Ljava/lang/ClassLoader;Lcom/google/devtools/build/android/desugar/ClassReaderFactory;)V+182
j  com.google.devtools.build.android.desugar.Desugar.desugar()V+166
j  com.google.devtools.build.android.desugar.Desugar.main([Ljava/lang/String;)V+46
v  ~StubRoutines::call_stub

---------------  P R O C E S S  ---------------

Java Threads: ( => current thread )
  0x0000000016eda000 JavaThread "Service Thread" daemon [_thread_blocked, id=22164, stack(0x00000000173b0000,0x00000000174b0000)]
  0x00000000155b8000 JavaThread "C1 CompilerThread2" daemon [_thread_blocked, id=10956, stack(0x00000000172b0000,0x00000000173b0000)]
  0x0000000015566800 JavaThread "C2 CompilerThread1" daemon [_thread_in_native, id=21832, stack(0x0000000016db0000,0x0000000016eb0000)]
  0x0000000015564800 JavaThread "C2 CompilerThread0" daemon [_thread_in_native, id=17364, stack(0x0000000016cb0000,0x0000000016db0000)]
  0x0000000015562000 JavaThread "Attach Listener" daemon [_thread_blocked, id=10648, stack(0x0000000016bb0000,0x0000000016cb0000)]
  0x0000000015560800 JavaThread "Signal Dispatcher" daemon [_thread_blocked, id=18836, stack(0x0000000016ab0000,0x0000000016bb0000)]
  0x000000000512c000 JavaThread "Finalizer" daemon [_thread_blocked, id=12560, stack(0x00000000167b0000,0x00000000168b0000)]
  0x0000000005127000 JavaThread "Reference Handler" daemon [_thread_blocked, id=8580, stack(0x00000000166b0000,0x00000000167b0000)]
=>0x0000000005037000 JavaThread "main" [_thread_in_vm, id=21732, stack(0x0000000004ec0000,0x0000000004fc0000)]

Other Threads:
  0x0000000015526800 VMThread [stack: 0x00000000165b0000,0x00000000166b0000] [id=14388]
  0x0000000016edb000 WatcherThread [stack: 0x00000000174b0000,0x00000000175b0000] [id=11672]

VM state:not at safepoint (normal execution)

VM Mutex/Monitor currently owned by a thread: None

Heap:
 PSYoungGen      total 18944K, used 17881K [0x00000000feb00000, 0x0000000100000000, 0x0000000100000000)
  eden space 16384K, 93% used [0x00000000feb00000,0x00000000ff9fb680,0x00000000ffb00000)
  from space 2560K, 99% used [0x00000000ffd80000,0x00000000ffffb0b8,0x0000000100000000)
  to   space 2560K, 0% used [0x00000000ffb00000,0x00000000ffb00000,0x00000000ffd80000)
 ParOldGen       total 44032K, used 4833K [0x00000000fc000000, 0x00000000feb00000, 0x00000000feb00000)
  object space 44032K, 10% used [0x00000000fc000000,0x00000000fc4b8770,0x00000000feb00000)
 Metaspace       used 7745K, capacity 7932K, committed 8192K, reserved 1056768K
  class space    used 896K, capacity 988K, committed 1024K, reserved 1048576K

Card table byte_map: [0x00000000036e0000,0x0000000003710000] byte_map_base: 0x0000000002f00000

Marking Bits: (ParMarkBitMap*) 0x000000006e4b3950
 Begin Bits: [0x00000000149c0000, 0x0000000014ac0000)
 End Bits:   [0x0000000014ac0000, 0x0000000014bc0000)

Polling page: 0x00000000031b0000

CodeCache: size=245760Kb used=3890Kb max_used=3904Kb free=241869Kb
 bounds [0x0000000005200000, 0x00000000055e0000, 0x0000000014200000]
 total_blobs=1381 nmethods=1050 adapters=245
 compilation: enabled

Compilation events (10 events):
Event: 2.288 Thread 0x00000000155b8000 nmethod 1045 0x00000000055c2250 code [0x00000000055c23a0, 0x00000000055c24f0]
Event: 2.288 Thread 0x0000000015566800 nmethod 1044 0x00000000055c47d0 code [0x00000000055c4920, 0x00000000055c4a38]
Event: 2.289 Thread 0x00000000155b8000 1046       3       com.google.devtools.build.android.desugar.InterfaceDesugaring::normalizeInterfaceMethodName (41 bytes)
Event: 2.290 Thread 0x00000000155b8000 nmethod 1046 0x00000000055c6b90 code [0x00000000055c6d60, 0x00000000055c7528]
Event: 2.293 Thread 0x00000000155b8000 1047       3       com.google.common.collect.Hashing::smearedHash (16 bytes)
Event: 2.293 Thread 0x00000000155b8000 nmethod 1047 0x00000000055c1c90 code [0x00000000055c1e00, 0x00000000055c2128]
Event: 2.294 Thread 0x0000000015566800 1048       4       org.objectweb.asm.tree.MethodNode::visitMethodInsn (43 bytes)
Event: 2.297 Thread 0x0000000015566800 nmethod 1048 0x00000000055c5250 code [0x00000000055c53a0, 0x00000000055c5558]
Event: 2.297 Thread 0x0000000015566800 1049       4       org.objectweb.asm.tree.MethodInsnNode::accept (30 bytes)
Event: 2.304 Thread 0x00000000155b8000 1050       3       org.objectweb.asm.Type::getArgumentsAndReturnSizes (151 bytes)

GC Heap History (4 events):
Event: 1.604 GC heap before
{Heap before GC invocations=1 (full 0):
 PSYoungGen      total 18944K, used 16384K [0x00000000feb00000, 0x0000000100000000, 0x0000000100000000)
  eden space 16384K, 100% used [0x00000000feb00000,0x00000000ffb00000,0x00000000ffb00000)
  from space 2560K, 0% used [0x00000000ffd80000,0x00000000ffd80000,0x0000000100000000)
  to   space 2560K, 0% used [0x00000000ffb00000,0x00000000ffb00000,0x00000000ffd80000)
 ParOldGen       total 44032K, used 0K [0x00000000fc000000, 0x00000000feb00000, 0x00000000feb00000)
  object space 44032K, 0% used [0x00000000fc000000,0x00000000fc000000,0x00000000feb00000)
 Metaspace       used 6516K, capacity 6670K, committed 6784K, reserved 1056768K
  class space    used 768K, capacity 823K, committed 896K, reserved 1048576K
Event: 1.610 GC heap after
Heap after GC invocations=1 (full 0):
 PSYoungGen      total 18944K, used 2544K [0x00000000feb00000, 0x0000000100000000, 0x0000000100000000)
  eden space 16384K, 0% used [0x00000000feb00000,0x00000000feb00000,0x00000000ffb00000)
  from space 2560K, 99% used [0x00000000ffb00000,0x00000000ffd7c020,0x00000000ffd80000)
  to   space 2560K, 0% used [0x00000000ffd80000,0x00000000ffd80000,0x0000000100000000)
 ParOldGen       total 44032K, used 1459K [0x00000000fc000000, 0x00000000feb00000, 0x00000000feb00000)
  object space 44032K, 3% used [0x00000000fc000000,0x00000000fc16cfe0,0x00000000feb00000)
 Metaspace       used 6516K, capacity 6670K, committed 6784K, reserved 1056768K
  class space    used 768K, capacity 823K, committed 896K, reserved 1048576K
}
Event: 2.098 GC heap before
{Heap before GC invocations=2 (full 0):
 PSYoungGen      total 18944K, used 18928K [0x00000000feb00000, 0x0000000100000000, 0x0000000100000000)
  eden space 16384K, 100% used [0x00000000feb00000,0x00000000ffb00000,0x00000000ffb00000)
  from space 2560K, 99% used [0x00000000ffb00000,0x00000000ffd7c020,0x00000000ffd80000)
  to   space 2560K, 0% used [0x00000000ffd80000,0x00000000ffd80000,0x0000000100000000)
 ParOldGen       total 44032K, used 1459K [0x00000000fc000000, 0x00000000feb00000, 0x00000000feb00000)
  object space 44032K, 3% used [0x00000000fc000000,0x00000000fc16cfe0,0x00000000feb00000)
 Metaspace       used 7670K, capacity 7868K, committed 7936K, reserved 1056768K
  class space    used 896K, capacity 988K, committed 1024K, reserved 1048576K
Event: 2.107 GC heap after
Heap after GC invocations=2 (full 0):
 PSYoungGen      total 18944K, used 2540K [0x00000000feb00000, 0x0000000100000000, 0x0000000100000000)
  eden space 16384K, 0% used [0x00000000feb00000,0x00000000feb00000,0x00000000ffb00000)
  from space 2560K, 99% used [0x00000000ffd80000,0x00000000ffffb0b8,0x0000000100000000)
  to   space 2560K, 0% used [0x00000000ffb00000,0x00000000ffb00000,0x00000000ffd80000)
 ParOldGen       total 44032K, used 4833K [0x00000000fc000000, 0x00000000feb00000, 0x00000000feb00000)
  object space 44032K, 10% used [0x00000000fc000000,0x00000000fc4b8770,0x00000000feb00000)
 Metaspace       used 7670K, capacity 7868K, committed 7936K, reserved 1056768K
  class space    used 896K, capacity 988K, committed 1024K, reserved 1048576K
}

Deoptimization events (10 events):
Event: 1.884 Thread 0x0000000005037000 Uncommon trap: reason=class_check action=maybe_recompile pc=0x0000000005441fe8 method=com.google.common.collect.TransformedIterator.next()Ljava/lang/Object; @ 5
Event: 1.884 Thread 0x0000000005037000 Uncommon trap: reason=class_check action=maybe_recompile pc=0x0000000005423990 method=com.google.common.collect.Iterators$7.transform(Ljava/lang/Object;)Ljava/lang/Object; @ 5
Event: 1.884 Thread 0x0000000005037000 Uncommon trap: reason=class_check action=maybe_recompile pc=0x0000000005441fe8 method=com.google.common.collect.TransformedIterator.next()Ljava/lang/Object; @ 5
Event: 1.884 Thread 0x0000000005037000 Uncommon trap: reason=class_check action=maybe_recompile pc=0x0000000005423990 method=com.google.common.collect.Iterators$7.transform(Ljava/lang/Object;)Ljava/lang/Object; @ 5
Event: 1.936 Thread 0x0000000005037000 Uncommon trap: reason=unstable_if action=reinterpret pc=0x00000000053eb7b8 method=java.lang.String.indexOf([CII[CIII)I @ 134
Event: 1.974 Thread 0x0000000005037000 Uncommon trap: reason=unstable_if action=reinterpret pc=0x00000000054df1d0 method=org.objectweb.asm.ClassReader.readUTF8(I[C)Ljava/lang/String; @ 11
Event: 1.975 Thread 0x0000000005037000 Uncommon trap: reason=unstable_if action=reinterpret pc=0x00000000053c0b6c method=java.lang.String.<init>([CII)V @ 18
Event: 2.073 Thread 0x0000000005037000 Uncommon trap: reason=unstable_if action=reinterpret pc=0x000000000551e5c0 method=org.objectweb.asm.Item.a(Lorg/objectweb/asm/Item;)Z @ 345
Event: 2.117 Thread 0x0000000005037000 Uncommon trap: reason=unstable_if action=reinterpret pc=0x00000000055655e4 method=org.objectweb.asm.Type.getArgumentsAndReturnSizes(Ljava/lang/String;)I @ 130
Event: 2.303 Thread 0x0000000005037000 Uncommon trap: reason=unstable_if action=reinterpret pc=0x0000000005595f84 method=org.objectweb.asm.Type.getArgumentsAndReturnSizes(Ljava/lang/String;)I @ 100

Classes redefined (0 events):
No events

Internal exceptions (10 events):
Event: 2.032 Thread 0x0000000005037000 Exception <a 'sun/nio/fs/WindowsException'> (0x00000000ff8c96b0) thrown at [D:\src\AOSP-openjdk-cygwin\jdk8u\hotspot\src\share\vm\prims\jni.cpp, line 709]
Event: 2.032 Thread 0x0000000005037000 Exception <a 'sun/nio/fs/WindowsException'> (0x00000000ff8c9c30) thrown at [D:\src\AOSP-openjdk-cygwin\jdk8u\hotspot\src\share\vm\prims\jni.cpp, line 709]
Event: 2.041 Thread 0x0000000005037000 Exception <a 'sun/nio/fs/WindowsException'> (0x00000000ff8cd1d0) thrown at [D:\src\AOSP-openjdk-cygwin\jdk8u\hotspot\src\share\vm\prims\jni.cpp, line 709]
Event: 2.041 Thread 0x0000000005037000 Exception <a 'sun/nio/fs/WindowsException'> (0x00000000ff8cd750) thrown at [D:\src\AOSP-openjdk-cygwin\jdk8u\hotspot\src\share\vm\prims\jni.cpp, line 709]
Event: 2.147 Thread 0x0000000005037000 Exception <a 'sun/nio/fs/WindowsException'> (0x00000000fed87170) thrown at [D:\src\AOSP-openjdk-cygwin\jdk8u\hotspot\src\share\vm\prims\jni.cpp, line 709]
Event: 2.147 Thread 0x0000000005037000 Exception <a 'sun/nio/fs/WindowsException'> (0x00000000fed876f0) thrown at [D:\src\AOSP-openjdk-cygwin\jdk8u\hotspot\src\share\vm\prims\jni.cpp, line 709]
Event: 2.178 Thread 0x0000000005037000 Exception <a 'sun/nio/fs/WindowsException'> (0x00000000fef1f8b0) thrown at [D:\src\AOSP-openjdk-cygwin\jdk8u\hotspot\src\share\vm\prims\jni.cpp, line 709]
Event: 2.179 Thread 0x0000000005037000 Exception <a 'sun/nio/fs/WindowsException'> (0x00000000fef1fe30) thrown at [D:\src\AOSP-openjdk-cygwin\jdk8u\hotspot\src\share\vm\prims\jni.cpp, line 709]
Event: 2.221 Thread 0x0000000005037000 Exception <a 'sun/nio/fs/WindowsException'> (0x00000000ff1fa8b8) thrown at [D:\src\AOSP-openjdk-cygwin\jdk8u\hotspot\src\share\vm\prims\jni.cpp, line 709]
Event: 2.221 Thread 0x0000000005037000 Exception <a 'sun/nio/fs/WindowsException'> (0x00000000ff1fae38) thrown at [D:\src\AOSP-openjdk-cygwin\jdk8u\hotspot\src\share\vm\prims\jni.cpp, line 709]

Events (10 events):
Event: 2.098 Executing VM operation: ParallelGCFailedAllocation
Event: 2.107 Executing VM operation: ParallelGCFailedAllocation done
Event: 2.117 Thread 0x0000000005037000 Uncommon trap: trap_request=0xffffff65 fr.pc=0x00000000055655e4
Event: 2.117 Thread 0x0000000005037000 DEOPT PACKING pc=0x00000000055655e4 sp=0x0000000004fbea70
Event: 2.117 Thread 0x0000000005037000 DEOPT UNPACKING pc=0x000000000524556a sp=0x0000000004fbea00 mode 2
Event: 2.281 Thread 0x0000000005037000 DEOPT PACKING pc=0x00000000055439d6 sp=0x0000000004fbeec0
Event: 2.281 Thread 0x0000000005037000 DEOPT UNPACKING pc=0x00000000052475bf sp=0x0000000004fbeca0 mode 0
Event: 2.303 Thread 0x0000000005037000 Uncommon trap: trap_request=0xffffff65 fr.pc=0x0000000005595f84
Event: 2.303 Thread 0x0000000005037000 DEOPT PACKING pc=0x0000000005595f84 sp=0x0000000004fbeac0
Event: 2.303 Thread 0x0000000005037000 DEOPT UNPACKING pc=0x000000000524556a sp=0x0000000004fbea50 mode 2


Dynamic libraries:
0x00007ff65ea60000 - 0x00007ff65ea91000 	C:\Program Files\Android\Android Studio1\jre\bin\java.exe
0x00007ff9e3740000 - 0x00007ff9e3920000 	C:\WINDOWS\SYSTEM32\ntdll.dll
0x00007ff9e0e00000 - 0x00007ff9e0eae000 	C:\WINDOWS\System32\KERNEL32.DLL
0x00007ff9dfba0000 - 0x00007ff9dfe06000 	C:\WINDOWS\System32\KERNELBASE.dll
0x00007ff9e1540000 - 0x00007ff9e15e1000 	C:\WINDOWS\System32\ADVAPI32.dll
0x00007ff9e1ea0000 - 0x00007ff9e1f3d000 	C:\WINDOWS\System32\msvcrt.dll
0x00007ff9e0da0000 - 0x00007ff9e0dfb000 	C:\WINDOWS\System32\sechost.dll
0x00007ff9e35f0000 - 0x00007ff9e370f000 	C:\WINDOWS\System32\RPCRT4.dll
0x00007ff9e0c10000 - 0x00007ff9e0d9e000 	C:\WINDOWS\System32\USER32.dll
0x00007ff9e0190000 - 0x00007ff9e01b0000 	C:\WINDOWS\System32\win32u.dll
0x00007ff9e1de0000 - 0x00007ff9e1e08000 	C:\WINDOWS\System32\GDI32.dll
0x00007ff9e0a70000 - 0x00007ff9e0c04000 	C:\WINDOWS\System32\gdi32full.dll
0x00007ff9e09d0000 - 0x00007ff9e0a6b000 	C:\WINDOWS\System32\msvcp_win.dll
0x00007ff9e0090000 - 0x00007ff9e0186000 	C:\WINDOWS\System32\ucrtbase.dll
0x00007ff9d17c0000 - 0x00007ff9d1a29000 	C:\WINDOWS\WinSxS\amd64_microsoft.windows.common-controls_6595b64144ccf1df_6.0.16299.19_none_cc92fab02215da61\COMCTL32.dll
0x00007ff9e1000000 - 0x00007ff9e1308000 	C:\WINDOWS\System32\combase.dll
0x00007ff9e01b0000 - 0x00007ff9e0222000 	C:\WINDOWS\System32\bcryptPrimitives.dll
0x00007ff9e14b0000 - 0x00007ff9e14dd000 	C:\WINDOWS\System32\IMM32.DLL
0x000000006d2e0000 - 0x000000006d3b2000 	C:\Program Files\Android\Android Studio1\jre\jre\bin\msvcr100.dll
0x000000006dcf0000 - 0x000000006e52e000 	C:\Program Files\Android\Android Studio1\jre\jre\bin\server\jvm.dll
0x00007ff9e1e10000 - 0x00007ff9e1e18000 	C:\WINDOWS\System32\PSAPI.DLL
0x00007ff9dde90000 - 0x00007ff9dde99000 	C:\WINDOWS\SYSTEM32\WSOCK32.dll
0x00007ff9e13e0000 - 0x00007ff9e144c000 	C:\WINDOWS\System32\WS2_32.dll
0x00007ff9dda80000 - 0x00007ff9ddaa3000 	C:\WINDOWS\SYSTEM32\WINMM.dll
0x00007ff9ccec0000 - 0x00007ff9cceca000 	C:\WINDOWS\SYSTEM32\VERSION.dll
0x00007ff9dda20000 - 0x00007ff9dda4a000 	C:\WINDOWS\SYSTEM32\WINMMBASE.dll
0x00007ff9e0230000 - 0x00007ff9e027a000 	C:\WINDOWS\System32\cfgmgr32.dll
0x00007ff9ddca0000 - 0x00007ff9ddcaf000 	C:\Program Files\Android\Android Studio1\jre\jre\bin\verify.dll
0x00007ff9cfe10000 - 0x00007ff9cfe39000 	C:\Program Files\Android\Android Studio1\jre\jre\bin\java.dll
0x00007ff9d4b30000 - 0x00007ff9d4b46000 	C:\Program Files\Android\Android Studio1\jre\jre\bin\zip.dll
0x00007ff9e21b0000 - 0x00007ff9e35e7000 	C:\WINDOWS\System32\SHELL32.dll
0x00007ff9e1ab0000 - 0x00007ff9e1b56000 	C:\WINDOWS\System32\shcore.dll
0x00007ff9e0280000 - 0x00007ff9e09c7000 	C:\WINDOWS\System32\windows.storage.dll
0x00007ff9e14e0000 - 0x00007ff9e1531000 	C:\WINDOWS\System32\shlwapi.dll
0x00007ff9dfa90000 - 0x00007ff9dfaa1000 	C:\WINDOWS\System32\kernel.appcore.dll
0x00007ff9dfaf0000 - 0x00007ff9dfb3c000 	C:\WINDOWS\System32\powrprof.dll
0x00007ff9dfad0000 - 0x00007ff9dfaeb000 	C:\WINDOWS\System32\profapi.dll
0x00007ff9df480000 - 0x00007ff9df497000 	C:\WINDOWS\SYSTEM32\CRYPTSP.dll
0x00007ff9deed0000 - 0x00007ff9def03000 	C:\WINDOWS\system32\rsaenh.dll
0x00007ff9df5f0000 - 0x00007ff9df615000 	C:\WINDOWS\SYSTEM32\bcrypt.dll
0x00007ff9df990000 - 0x00007ff9df9b9000 	C:\WINDOWS\SYSTEM32\USERENV.dll
0x00007ff9df4a0000 - 0x00007ff9df4ab000 	C:\WINDOWS\SYSTEM32\CRYPTBASE.dll
0x00007ff9cfdf0000 - 0x00007ff9cfe0a000 	C:\Program Files\Android\Android Studio1\jre\jre\bin\net.dll
0x00007ff9df2c0000 - 0x00007ff9df326000 	C:\WINDOWS\system32\mswsock.dll
0x00007ff9df050000 - 0x00007ff9df089000 	C:\WINDOWS\SYSTEM32\IPHLPAPI.DLL
0x00007ff9e2100000 - 0x00007ff9e2108000 	C:\WINDOWS\System32\NSI.dll
0x00007ff9d5060000 - 0x00007ff9d5076000 	C:\WINDOWS\SYSTEM32\dhcpcsvc6.DLL
0x00007ff9d5040000 - 0x00007ff9d505a000 	C:\WINDOWS\SYSTEM32\dhcpcsvc.DLL
0x00007ff9cfdd0000 - 0x00007ff9cfde1000 	C:\Program Files\Android\Android Studio1\jre\jre\bin\nio.dll

VM Arguments:
jvm_args: -Djava.awt.headless=true -Xmx64M -Dfile.encoding=windows-1252 -Duser.country=BR -Duser.language=pt -Duser.variant 
java_command: com.google.devtools.build.android.desugar.Desugar --input C:\Users\JCarvalhoJr\eclipse-workspace_2018\Web_Services_Android\Web_Service_Android_Client\app\build\intermediates\transforms\stackFramesFixer\debug\27.jar --output C:\Users\JCarvalhoJr\eclipse-workspace_2018\Web_Services_Android\Web_Service_Android_Client\app\build\intermediates\transforms\desugar\debug\28.jar --input C:\Users\JCarvalhoJr\eclipse-workspace_2018\Web_Services_Android\Web_Service_Android_Client\app\build\intermediates\transforms\stackFramesFixer\debug\19.jar --output C:\Users\JCarvalhoJr\eclipse-workspace_2018\Web_Services_Android\Web_Service_Android_Client\app\build\intermediates\transforms\desugar\debug\20.jar --input C:\Users\JCarvalhoJr\eclipse-workspace_2018\Web_Services_Android\Web_Service_Android_Client\app\build\intermediates\transforms\stackFramesFixer\debug\22.jar --output C:\Users\JCarvalhoJr\eclipse-workspace_2018\Web_Services_Android\Web_Service_Android_Client\app\build\intermediates\transforms\desugar\debug\23.jar --input C:\Users\JCarvalhoJr\eclipse-workspace_2018\Web_Services_Android\Web_Service_Android_Client\app\build\intermediates\transforms\stackFramesFixer\debug\0.jar --output C:\Users\JCarvalhoJr\eclipse-workspace_2018\Web_Services_Android\Web_Service_Android_Client\app\build\intermediates\transforms\desugar\debug\1.jar --input C:\Users\JCarvalhoJr\eclipse-workspace_2018\Web_Services_Android\Web_Service_Android_Client\app\build\intermediates\transforms\stackFramesFixer\debug\11.jar --output C:\Users\JCarvalhoJr\eclipse-workspace_2018\Web_Services_Android\Web_Service_Android_Client\app\build\intermediates\transforms\desugar\debug\12.jar --input C:\Users\JCarvalhoJr\eclipse-workspace_2018\Web_Services_Android\Web_Service_Android_Client\app\build\intermediates\transforms\stackFramesFixer\debug\12.jar --output C:\Users\JCarvalhoJr\eclipse-workspace_2018\Web_Services_Android\Web_Service_Android_Client\app\build\intermediates\transforms\desugar\debug\13.jar --in
java_class_path (initial): C:\Users\JCarvalhoJr\AppData\Local\Temp\desugar_deploy.jar6136192738868991661
Launcher Type: SUN_STANDARD

Environment Variables:
CLASSPATH=.;C:\Program Files (x86)\Griaule\Fingerprint SDK 2009\bin\GrFingerJava.jar
USERNAME=JCarvalhoJr
OS=Windows_NT
PROCESSOR_IDENTIFIER=Intel64 Family 6 Model 42 Stepping 7, GenuineIntel



---------------  S Y S T E M  ---------------

OS: Windows 10.0 , 64 bit Build 16299 (10.0.16299.15)

CPU:total 4 (initial active 4) (2 cores per cpu, 2 threads per core) family 6 model 42 stepping 7, cmov, cx8, fxsr, mmx, sse, sse2, sse3, ssse3, sse4.1, sse4.2, popcnt, avx, aes, clmul, ht, tsc, tscinvbit

Memory: 4k page, physical 12496748k(3382304k free), swap 13545324k(5180k free)

vm_info: OpenJDK 64-Bit Server VM (25.152-b01) for windows-amd64 JRE (1.8.0_152-release-915-b01), built by "builder" with MS VC++ 10.0 (VS2010)

time: Sun Mar 11 15:06:16 2018
elapsed time: 2 seconds (0d 0h 0m 2s)

