#
# There is insufficient memory for the Java Runtime Environment to continue.
# Native memory allocation (malloc) failed to allocate 32744 bytes for ChunkPool::allocate
# Possible reasons:
#   The system is out of physical RAM or swap space
#   In 32 bit mode, the process size limit was hit
# Possible solutions:
#   Reduce memory load on the system
#   Increase physical memory or swap space
#   Check if swap backing store is full
#   Use 64 bit Java on a 64 bit OS
#   Decrease Java heap size (-Xmx/-Xms)
#   Decrease number of Java threads
#   Decrease Java thread stack sizes (-Xss)
#   Set larger code cache with -XX:ReservedCodeCacheSize=
# This output file may be truncated or incomplete.
#
#  Out of Memory Error (allocation.cpp:273), pid=9340, tid=0x00000000000058dc
#
# JRE version: OpenJDK Runtime Environment (8.0_152-b01) (build 1.8.0_152-release-915-b01)
# Java VM: OpenJDK 64-Bit Server VM (25.152-b01 mixed mode windows-amd64 compressed oops)
# Failed to write core dump. Minidumps are not enabled by default on client versions of Windows
#

---------------  T H R E A D  ---------------

Current thread (0x00000000154ae800):  JavaThread "C1 CompilerThread2" daemon [_thread_in_native, id=22748, stack(0x00000000171a0000,0x00000000172a0000)]

Stack: [0x00000000171a0000,0x00000000172a0000]
[error occurred during error reporting (printing stack bounds), id 0xc0000005]

Native frames: (J=compiled Java code, j=interpreted, Vv=VM code, C=native code)


Current CompileTask:
C1:   3314  796       3       org.objectweb.asm.ClassReader::a (3587 bytes)


---------------  P R O C E S S  ---------------

Java Threads: ( => current thread )
  0x0000000016da8800 JavaThread "Service Thread" daemon [_thread_blocked, id=11588, stack(0x00000000172a0000,0x00000000173a0000)]
=>0x00000000154ae800 JavaThread "C1 CompilerThread2" daemon [_thread_in_native, id=22748, stack(0x00000000171a0000,0x00000000172a0000)]
  0x0000000015455000 JavaThread "C2 CompilerThread1" daemon [_thread_in_native, id=3188, stack(0x0000000016ca0000,0x0000000016da0000)]
  0x0000000015453000 JavaThread "C2 CompilerThread0" daemon [_thread_blocked, id=21744, stack(0x0000000016ba0000,0x0000000016ca0000)]
  0x0000000015450800 JavaThread "Attach Listener" daemon [_thread_blocked, id=3172, stack(0x0000000016aa0000,0x0000000016ba0000)]
  0x000000001544f800 JavaThread "Signal Dispatcher" daemon [_thread_blocked, id=17776, stack(0x00000000169a0000,0x0000000016aa0000)]
  0x000000001543e800 JavaThread "Finalizer" daemon [_thread_blocked, id=19756, stack(0x00000000166a0000,0x00000000167a0000)]
  0x00000000050c7000 JavaThread "Reference Handler" daemon [_thread_blocked, id=15948, stack(0x00000000165a0000,0x00000000166a0000)]
  0x0000000004fd7000 JavaThread "main" [_thread_in_vm, id=19508, stack(0x0000000004ed0000,0x0000000004fd0000)]

Other Threads:
  0x0000000015416000 VMThread [stack: 0x00000000164a0000,0x00000000165a0000] [id=10436]
  0x0000000016daa000 WatcherThread [stack: 0x00000000173a0000,0x00000000174a0000] [id=1988]

VM state:not at safepoint (normal execution)

VM Mutex/Monitor currently owned by a thread: None

Heap:
 PSYoungGen      total 18944K, used 15147K [0x00000000feb00000, 0x0000000100000000, 0x0000000100000000)
  eden space 16384K, 76% used [0x00000000feb00000,0x00000000ff74edb0,0x00000000ffb00000)
  from space 2560K, 99% used [0x00000000ffb00000,0x00000000ffd7c020,0x00000000ffd80000)
  to   space 2560K, 0% used [0x00000000ffd80000,0x00000000ffd80000,0x0000000100000000)
 ParOldGen       total 44032K, used 1426K [0x00000000fc000000, 0x00000000feb00000, 0x00000000feb00000)
  object space 44032K, 3% used [0x00000000fc000000,0x00000000fc164840,0x00000000feb00000)
 Metaspace       used 7595K, capacity 7816K, committed 7936K, reserved 1056768K
  class space    used 893K, capacity 988K, committed 1024K, reserved 1048576K

Card table byte_map: [0x0000000004d50000,0x0000000004d80000] byte_map_base: 0x0000000004570000

Marking Bits: (ParMarkBitMap*) 0x000000006e4b3950
 Begin Bits: [0x0000000014890000, 0x0000000014990000)
 End Bits:   [0x0000000014990000, 0x0000000014a90000)

Polling page: 0x0000000004d20000

CodeCache: size=245760Kb used=2893Kb max_used=2905Kb free=242866Kb
 bounds [0x00000000050d0000, 0x00000000053b0000, 0x00000000140d0000]
 total_blobs=1127 nmethods=796 adapters=245
 compilation: enabled

Compilation events (10 events):
Event: 3.291 Thread 0x00000000154ae800  793       3       org.objectweb.asm.MethodWriter::a (38 bytes)
Event: 3.292 Thread 0x00000000154ae800 nmethod 793 0x00000000053a3850 code [0x00000000053a39c0, 0x00000000053a3c70]
Event: 3.293 Thread 0x00000000154ae800  794       3       org.objectweb.asm.ClassVisitor::visitMethod (24 bytes)
Event: 3.293 Thread 0x00000000154ae800 nmethod 794 0x00000000053a3dd0 code [0x00000000053a3f40, 0x00000000053a41a8]
Event: 3.293 Thread 0x00000000154ae800  795  s    3       java.io.BufferedOutputStream::write (35 bytes)
Event: 3.294 Thread 0x00000000154ae800 nmethod 795 0x00000000053a4290 code [0x00000000053a4420, 0x00000000053a48e8]
Event: 3.294 Thread 0x00000000154ae800  796       3       org.objectweb.asm.ClassReader::a (3587 bytes)
Event: 3.297 Thread 0x0000000015453000  801       4       org.objectweb.asm.ClassReader::readInt (52 bytes)
Event: 3.298 Thread 0x0000000015453000 nmethod 801 0x00000000053a77d0 code [0x00000000053a7900, 0x00000000053a79f8]
Event: 3.301 Thread 0x0000000015455000  803       4       org.objectweb.asm.ClassReader::readUTF8 (60 bytes)

GC Heap History (2 events):
Event: 2.039 GC heap before
{Heap before GC invocations=1 (full 0):
 PSYoungGen      total 18944K, used 16384K [0x00000000feb00000, 0x0000000100000000, 0x0000000100000000)
  eden space 16384K, 100% used [0x00000000feb00000,0x00000000ffb00000,0x00000000ffb00000)
  from space 2560K, 0% used [0x00000000ffd80000,0x00000000ffd80000,0x0000000100000000)
  to   space 2560K, 0% used [0x00000000ffb00000,0x00000000ffb00000,0x00000000ffd80000)
 ParOldGen       total 44032K, used 0K [0x00000000fc000000, 0x00000000feb00000, 0x00000000feb00000)
  object space 44032K, 0% used [0x00000000fc000000,0x00000000fc000000,0x00000000feb00000)
 Metaspace       used 6527K, capacity 6682K, committed 6784K, reserved 1056768K
  class space    used 769K, capacity 823K, committed 896K, reserved 1048576K
Event: 2.047 GC heap after
Heap after GC invocations=1 (full 0):
 PSYoungGen      total 18944K, used 2544K [0x00000000feb00000, 0x0000000100000000, 0x0000000100000000)
  eden space 16384K, 0% used [0x00000000feb00000,0x00000000feb00000,0x00000000ffb00000)
  from space 2560K, 99% used [0x00000000ffb00000,0x00000000ffd7c020,0x00000000ffd80000)
  to   space 2560K, 0% used [0x00000000ffd80000,0x00000000ffd80000,0x0000000100000000)
 ParOldGen       total 44032K, used 1426K [0x00000000fc000000, 0x00000000feb00000, 0x00000000feb00000)
  object space 44032K, 3% used [0x00000000fc000000,0x00000000fc164840,0x00000000feb00000)
 Metaspace       used 6527K, capacity 6682K, committed 6784K, reserved 1056768K
  class space    used 769K, capacity 823K, committed 896K, reserved 1048576K
}

Deoptimization events (10 events):
Event: 2.836 Thread 0x0000000004fd7000 Uncommon trap: reason=class_check action=maybe_recompile pc=0x00000000053115ec method=com.google.common.collect.TransformedIterator.hasNext()Z @ 4
Event: 2.836 Thread 0x0000000004fd7000 Uncommon trap: reason=class_check action=maybe_recompile pc=0x0000000005301798 method=com.google.common.collect.TransformedIterator.next()Ljava/lang/Object; @ 5
Event: 2.836 Thread 0x0000000004fd7000 Uncommon trap: reason=class_check action=maybe_recompile pc=0x00000000052f8790 method=com.google.common.collect.Iterators$7.transform(Ljava/lang/Object;)Ljava/lang/Object; @ 5
Event: 2.836 Thread 0x0000000004fd7000 Uncommon trap: reason=class_check action=maybe_recompile pc=0x00000000053115ec method=com.google.common.collect.TransformedIterator.hasNext()Z @ 4
Event: 2.836 Thread 0x0000000004fd7000 Uncommon trap: reason=class_check action=maybe_recompile pc=0x0000000005301798 method=com.google.common.collect.TransformedIterator.next()Ljava/lang/Object; @ 5
Event: 2.836 Thread 0x0000000004fd7000 Uncommon trap: reason=class_check action=maybe_recompile pc=0x00000000052f8790 method=com.google.common.collect.Iterators$7.transform(Ljava/lang/Object;)Ljava/lang/Object; @ 5
Event: 2.836 Thread 0x0000000004fd7000 Uncommon trap: reason=class_check action=maybe_recompile pc=0x0000000005301798 method=com.google.common.collect.TransformedIterator.next()Ljava/lang/Object; @ 5
Event: 2.836 Thread 0x0000000004fd7000 Uncommon trap: reason=class_check action=maybe_recompile pc=0x00000000052f8790 method=com.google.common.collect.Iterators$7.transform(Ljava/lang/Object;)Ljava/lang/Object; @ 5
Event: 3.251 Thread 0x0000000004fd7000 Uncommon trap: reason=unstable_if action=reinterpret pc=0x00000000052beae8 method=java.lang.String.indexOf([CII[CIII)I @ 134
Event: 3.295 Thread 0x0000000004fd7000 Uncommon trap: reason=unstable_if action=reinterpret pc=0x0000000005288f6c method=java.lang.String.<init>([CII)V @ 18

Classes redefined (0 events):
No events

Internal exceptions (10 events):
Event: 2.089 Thread 0x0000000004fd7000 Implicit null exception at 0x00000000052fe4b8 to 0x00000000052fe911
Event: 2.279 Thread 0x0000000004fd7000 Exception <a 'sun/nio/fs/WindowsException'> (0x00000000ff1ccba8) thrown at [D:\src\AOSP-openjdk-cygwin\jdk8u\hotspot\src\share\vm\prims\jni.cpp, line 709]
Event: 2.279 Thread 0x0000000004fd7000 Exception <a 'sun/nio/fs/WindowsException'> (0x00000000ff1cd188) thrown at [D:\src\AOSP-openjdk-cygwin\jdk8u\hotspot\src\share\vm\prims\jni.cpp, line 709]
Event: 2.280 Thread 0x0000000004fd7000 Exception <a 'sun/nio/fs/WindowsException'> (0x00000000ff1cd7a0) thrown at [D:\src\AOSP-openjdk-cygwin\jdk8u\hotspot\src\share\vm\prims\jni.cpp, line 709]
Event: 2.280 Thread 0x0000000004fd7000 Exception <a 'sun/nio/fs/WindowsException'> (0x00000000ff1cdf80) thrown at [D:\src\AOSP-openjdk-cygwin\jdk8u\hotspot\src\share\vm\prims\jni.cpp, line 709]
Event: 2.281 Thread 0x0000000004fd7000 Exception <a 'sun/nio/fs/WindowsException'> (0x00000000ff1ce570) thrown at [D:\src\AOSP-openjdk-cygwin\jdk8u\hotspot\src\share\vm\prims\jni.cpp, line 709]
Event: 2.281 Thread 0x0000000004fd7000 Exception <a 'sun/nio/fs/WindowsException'> (0x00000000ff1ced40) thrown at [D:\src\AOSP-openjdk-cygwin\jdk8u\hotspot\src\share\vm\prims\jni.cpp, line 709]
Event: 2.299 Thread 0x0000000004fd7000 Exception <a 'sun/nio/fs/WindowsException'> (0x00000000ff1d4250) thrown at [D:\src\AOSP-openjdk-cygwin\jdk8u\hotspot\src\share\vm\prims\jni.cpp, line 709]
Event: 2.688 Thread 0x0000000004fd7000 Exception <a 'sun/nio/fs/WindowsException'> (0x00000000ff4c3cf8) thrown at [D:\src\AOSP-openjdk-cygwin\jdk8u\hotspot\src\share\vm\prims\jni.cpp, line 709]
Event: 2.688 Thread 0x0000000004fd7000 Exception <a 'sun/nio/fs/WindowsException'> (0x00000000ff4c42f8) thrown at [D:\src\AOSP-openjdk-cygwin\jdk8u\hotspot\src\share\vm\prims\jni.cpp, line 709]

Events (10 events):
Event: 3.252 loading class sun/util/calendar/CalendarDate done
Event: 3.252 loading class sun/util/calendar/BaseCalendar$Date done
Event: 3.252 loading class sun/util/calendar/Gregorian$Date done
Event: 3.252 loading class sun/util/calendar/CalendarUtils
Event: 3.252 loading class sun/util/calendar/CalendarUtils done
Event: 3.252 loading class java/util/zip/ZipOutputStream$XEntry
Event: 3.252 loading class java/util/zip/ZipOutputStream$XEntry done
Event: 3.295 Thread 0x0000000004fd7000 Uncommon trap: trap_request=0xffffff65 fr.pc=0x0000000005288f6c
Event: 3.295 Thread 0x0000000004fd7000 DEOPT PACKING pc=0x0000000005288f6c sp=0x0000000004fcef60
Event: 3.295 Thread 0x0000000004fd7000 DEOPT UNPACKING pc=0x000000000511556a sp=0x0000000004fcef28 mode 2


Dynamic libraries:
0x00007ff65ea60000 - 0x00007ff65ea91000 	C:\Program Files\Android\Android Studio1\jre\bin\java.exe
0x00007ff9e3740000 - 0x00007ff9e3920000 	C:\WINDOWS\SYSTEM32\ntdll.dll
0x00007ff9e0e00000 - 0x00007ff9e0eae000 	C:\WINDOWS\System32\KERNEL32.DLL
0x00007ff9dfba0000 - 0x00007ff9dfe06000 	C:\WINDOWS\System32\KERNELBASE.dll
0x00007ff9e1540000 - 0x00007ff9e15e1000 	C:\WINDOWS\System32\ADVAPI32.dll
0x00007ff9e1ea0000 - 0x00007ff9e1f3d000 	C:\WINDOWS\System32\msvcrt.dll
0x00007ff9e0da0000 - 0x00007ff9e0dfb000 	C:\WINDOWS\System32\sechost.dll
0x00007ff9e35f0000 - 0x00007ff9e370f000 	C:\WINDOWS\System32\RPCRT4.dll
0x00007ff9e0c10000 - 0x00007ff9e0d9e000 	C:\WINDOWS\System32\USER32.dll
0x00007ff9e0190000 - 0x00007ff9e01b0000 	C:\WINDOWS\System32\win32u.dll
0x00007ff9e1de0000 - 0x00007ff9e1e08000 	C:\WINDOWS\System32\GDI32.dll
0x00007ff9e0a70000 - 0x00007ff9e0c04000 	C:\WINDOWS\System32\gdi32full.dll
0x00007ff9e09d0000 - 0x00007ff9e0a6b000 	C:\WINDOWS\System32\msvcp_win.dll
0x00007ff9e0090000 - 0x00007ff9e0186000 	C:\WINDOWS\System32\ucrtbase.dll
0x00007ff9d17c0000 - 0x00007ff9d1a29000 	C:\WINDOWS\WinSxS\amd64_microsoft.windows.common-controls_6595b64144ccf1df_6.0.16299.19_none_cc92fab02215da61\COMCTL32.dll
0x00007ff9e1000000 - 0x00007ff9e1308000 	C:\WINDOWS\System32\combase.dll
0x00007ff9e01b0000 - 0x00007ff9e0222000 	C:\WINDOWS\System32\bcryptPrimitives.dll
0x00007ff9e14b0000 - 0x00007ff9e14dd000 	C:\WINDOWS\System32\IMM32.DLL
0x000000006d2e0000 - 0x000000006d3b2000 	C:\Program Files\Android\Android Studio1\jre\jre\bin\msvcr100.dll
0x000000006dcf0000 - 0x000000006e52e000 	C:\Program Files\Android\Android Studio1\jre\jre\bin\server\jvm.dll
0x00007ff9e1e10000 - 0x00007ff9e1e18000 	C:\WINDOWS\System32\PSAPI.DLL
0x00007ff9dde90000 - 0x00007ff9dde99000 	C:\WINDOWS\SYSTEM32\WSOCK32.dll
0x00007ff9e13e0000 - 0x00007ff9e144c000 	C:\WINDOWS\System32\WS2_32.dll
0x00007ff9dda80000 - 0x00007ff9ddaa3000 	C:\WINDOWS\SYSTEM32\WINMM.dll
0x00007ff9ccec0000 - 0x00007ff9cceca000 	C:\WINDOWS\SYSTEM32\VERSION.dll
0x00007ff9dda20000 - 0x00007ff9dda4a000 	C:\WINDOWS\SYSTEM32\WINMMBASE.dll
0x00007ff9e0230000 - 0x00007ff9e027a000 	C:\WINDOWS\System32\cfgmgr32.dll
0x00007ff9ddff0000 - 0x00007ff9ddfff000 	C:\Program Files\Android\Android Studio1\jre\jre\bin\verify.dll
0x00007ff9ddca0000 - 0x00007ff9ddcc9000 	C:\Program Files\Android\Android Studio1\jre\jre\bin\java.dll
0x00007ff9ddc80000 - 0x00007ff9ddc96000 	C:\Program Files\Android\Android Studio1\jre\jre\bin\zip.dll
0x00007ff9e21b0000 - 0x00007ff9e35e7000 	C:\WINDOWS\System32\SHELL32.dll
0x00007ff9e1ab0000 - 0x00007ff9e1b56000 	C:\WINDOWS\System32\shcore.dll
0x00007ff9e0280000 - 0x00007ff9e09c7000 	C:\WINDOWS\System32\windows.storage.dll
0x00007ff9e14e0000 - 0x00007ff9e1531000 	C:\WINDOWS\System32\shlwapi.dll
0x00007ff9dfa90000 - 0x00007ff9dfaa1000 	C:\WINDOWS\System32\kernel.appcore.dll
0x00007ff9dfaf0000 - 0x00007ff9dfb3c000 	C:\WINDOWS\System32\powrprof.dll
0x00007ff9dfad0000 - 0x00007ff9dfaeb000 	C:\WINDOWS\System32\profapi.dll
0x00007ff9df480000 - 0x00007ff9df497000 	C:\WINDOWS\SYSTEM32\CRYPTSP.dll
0x00007ff9deed0000 - 0x00007ff9def03000 	C:\WINDOWS\system32\rsaenh.dll
0x00007ff9df5f0000 - 0x00007ff9df615000 	C:\WINDOWS\SYSTEM32\bcrypt.dll
0x00007ff9df990000 - 0x00007ff9df9b9000 	C:\WINDOWS\SYSTEM32\USERENV.dll
0x00007ff9df4a0000 - 0x00007ff9df4ab000 	C:\WINDOWS\SYSTEM32\CRYPTBASE.dll
0x00007ff9d8ac0000 - 0x00007ff9d8ada000 	C:\Program Files\Android\Android Studio1\jre\jre\bin\net.dll
0x00007ff9df2c0000 - 0x00007ff9df326000 	C:\WINDOWS\system32\mswsock.dll
0x00007ff9df050000 - 0x00007ff9df089000 	C:\WINDOWS\SYSTEM32\IPHLPAPI.DLL
0x00007ff9e2100000 - 0x00007ff9e2108000 	C:\WINDOWS\System32\NSI.dll
0x00007ff9d5060000 - 0x00007ff9d5076000 	C:\WINDOWS\SYSTEM32\dhcpcsvc6.DLL
0x00007ff9d5040000 - 0x00007ff9d505a000 	C:\WINDOWS\SYSTEM32\dhcpcsvc.DLL
0x00007ff9d4b30000 - 0x00007ff9d4b41000 	C:\Program Files\Android\Android Studio1\jre\jre\bin\nio.dll

VM Arguments:
jvm_args: -Djava.awt.headless=true -Xmx64M -Dfile.encoding=windows-1252 -Duser.country=BR -Duser.language=pt -Duser.variant 
java_command: com.google.devtools.build.android.desugar.Desugar --input C:\Users\JCarvalhoJr\eclipse-workspace_2018\Web_Services_Android\Web_Service_Android_Client\app\build\intermediates\transforms\stackFramesFixer\debug\32.jar --output C:\Users\JCarvalhoJr\eclipse-workspace_2018\Web_Services_Android\Web_Service_Android_Client\app\build\intermediates\transforms\desugar\debug\33.jar --input C:\Users\JCarvalhoJr\eclipse-workspace_2018\Web_Services_Android\Web_Service_Android_Client\app\build\intermediates\transforms\stackFramesFixer\debug\19.jar --output C:\Users\JCarvalhoJr\eclipse-workspace_2018\Web_Services_Android\Web_Service_Android_Client\app\build\intermediates\transforms\desugar\debug\20.jar --input C:\Users\JCarvalhoJr\eclipse-workspace_2018\Web_Services_Android\Web_Service_Android_Client\app\build\intermediates\transforms\stackFramesFixer\debug\7.jar --output C:\Users\JCarvalhoJr\eclipse-workspace_2018\Web_Services_Android\Web_Service_Android_Client\app\build\intermediates\transforms\desugar\debug\8.jar --input C:\Users\JCarvalhoJr\eclipse-workspace_2018\Web_Services_Android\Web_Service_Android_Client\app\build\intermediates\transforms\stackFramesFixer\debug\20.jar --output C:\Users\JCarvalhoJr\eclipse-workspace_2018\Web_Services_Android\Web_Service_Android_Client\app\build\intermediates\transforms\desugar\debug\21.jar --input C:\Users\JCarvalhoJr\eclipse-workspace_2018\Web_Services_Android\Web_Service_Android_Client\app\build\intermediates\transforms\stackFramesFixer\debug\30.jar --output C:\Users\JCarvalhoJr\eclipse-workspace_2018\Web_Services_Android\Web_Service_Android_Client\app\build\intermediates\transforms\desugar\debug\31.jar --input C:\Users\JCarvalhoJr\eclipse-workspace_2018\Web_Services_Android\Web_Service_Android_Client\app\build\intermediates\transforms\stackFramesFixer\debug\17.jar --output C:\Users\JCarvalhoJr\eclipse-workspace_2018\Web_Services_Android\Web_Service_Android_Client\app\build\intermediates\transforms\desugar\debug\18.jar --in
java_class_path (initial): C:\Users\JCarvalhoJr\AppData\Local\Temp\desugar_deploy.jar6380878435666297763
Launcher Type: SUN_STANDARD

Environment Variables:
CLASSPATH=.;C:\Program Files (x86)\Griaule\Fingerprint SDK 2009\bin\GrFingerJava.jar
USERNAME=JCarvalhoJr
OS=Windows_NT
PROCESSOR_IDENTIFIER=Intel64 Family 6 Model 42 Stepping 7, GenuineIntel



---------------  S Y S T E M  ---------------

OS: Windows 10.0 , 64 bit Build 16299 (10.0.16299.15)

CPU:total 4 (initial active 4) (2 cores per cpu, 2 threads per core) family 6 model 42 stepping 7, cmov, cx8, fxsr, mmx, sse, sse2, sse3, ssse3, sse4.1, sse4.2, popcnt, avx, aes, clmul, ht, tsc, tscinvbit

Memory: 4k page, physical 12496748k(3000704k free), swap 13545324k(1144k free)

vm_info: OpenJDK 64-Bit Server VM (25.152-b01) for windows-amd64 JRE (1.8.0_152-release-915-b01), built by "builder" with MS VC++ 10.0 (VS2010)

time: Sun Mar 11 16:35:40 2018
elapsed time: 3 seconds (0d 0h 0m 3s)

