#
# There is insufficient memory for the Java Runtime Environment to continue.
# Native memory allocation (malloc) failed to allocate 32744 bytes for ChunkPool::allocate
# Possible reasons:
#   The system is out of physical RAM or swap space
#   In 32 bit mode, the process size limit was hit
# Possible solutions:
#   Reduce memory load on the system
#   Increase physical memory or swap space
#   Check if swap backing store is full
#   Use 64 bit Java on a 64 bit OS
#   Decrease Java heap size (-Xmx/-Xms)
#   Decrease number of Java threads
#   Decrease Java thread stack sizes (-Xss)
#   Set larger code cache with -XX:ReservedCodeCacheSize=
# This output file may be truncated or incomplete.
#
#  Out of Memory Error (allocation.cpp:273), pid=19012, tid=0x0000000000004a38
#
# JRE version: OpenJDK Runtime Environment (8.0_152-b01) (build 1.8.0_152-release-915-b01)
# Java VM: OpenJDK 64-Bit Server VM (25.152-b01 mixed mode windows-amd64 compressed oops)
# Failed to write core dump. Minidumps are not enabled by default on client versions of Windows
#

---------------  T H R E A D  ---------------

Current thread (0x0000000014cb5000):  JavaThread "C2 CompilerThread1" daemon [_thread_in_native, id=19000, stack(0x0000000016500000,0x0000000016600000)]

Stack: [0x0000000016500000,0x0000000016600000]
[error occurred during error reporting (printing stack bounds), id 0xc0000005]

Native frames: (J=compiled Java code, j=interpreted, Vv=VM code, C=native code)


Current CompileTask:
C2:   3174  888       4       org.objectweb.asm.ClassReader::a (3587 bytes)


---------------  P R O C E S S  ---------------

Java Threads: ( => current thread )
  0x000000001661c800 JavaThread "Service Thread" daemon [_thread_blocked, id=18580, stack(0x0000000016b00000,0x0000000016c00000)]
  0x0000000016608800 JavaThread "C1 CompilerThread2" daemon [_thread_blocked, id=18984, stack(0x0000000016a00000,0x0000000016b00000)]
=>0x0000000014cb5000 JavaThread "C2 CompilerThread1" daemon [_thread_in_native, id=19000, stack(0x0000000016500000,0x0000000016600000)]
  0x0000000014cb3000 JavaThread "C2 CompilerThread0" daemon [_thread_blocked, id=19160, stack(0x0000000016400000,0x0000000016500000)]
  0x0000000014cb0800 JavaThread "Attach Listener" daemon [_thread_blocked, id=18296, stack(0x0000000016300000,0x0000000016400000)]
  0x0000000014caf800 JavaThread "Signal Dispatcher" daemon [_thread_blocked, id=15300, stack(0x0000000016200000,0x0000000016300000)]
  0x000000000494c000 JavaThread "Finalizer" daemon [_thread_blocked, id=18872, stack(0x0000000015f00000,0x0000000016000000)]
  0x0000000004947000 JavaThread "Reference Handler" daemon [_thread_blocked, id=12156, stack(0x0000000015e00000,0x0000000015f00000)]
  0x0000000004856800 JavaThread "main" [_thread_in_native, id=2344, stack(0x00000000046a0000,0x00000000047a0000)]

Other Threads:
  0x0000000014c76000 VMThread [stack: 0x0000000015d00000,0x0000000015e00000] [id=15436]
  0x000000001661d800 WatcherThread [stack: 0x0000000016c00000,0x0000000016d00000] [id=18832]

VM state:not at safepoint (normal execution)

VM Mutex/Monitor currently owned by a thread: None

Heap:
 PSYoungGen      total 18944K, used 5886K [0x00000000feb00000, 0x0000000100000000, 0x0000000100000000)
  eden space 16384K, 20% used [0x00000000feb00000,0x00000000fee42fc0,0x00000000ffb00000)
  from space 2560K, 99% used [0x00000000ffd80000,0x00000000ffffc878,0x0000000100000000)
  to   space 2560K, 0% used [0x00000000ffb00000,0x00000000ffb00000,0x00000000ffd80000)
 ParOldGen       total 44032K, used 4887K [0x00000000fc000000, 0x00000000feb00000, 0x00000000feb00000)
  object space 44032K, 11% used [0x00000000fc000000,0x00000000fc4c5c98,0x00000000feb00000)
 Metaspace       used 7542K, capacity 7720K, committed 7936K, reserved 1056768K
  class space    used 867K, capacity 956K, committed 1024K, reserved 1048576K

Card table byte_map: [0x00000000047a0000,0x00000000047d0000] byte_map_base: 0x0000000003fc0000

Marking Bits: (ParMarkBitMap*) 0x0000000066963950
 Begin Bits: [0x0000000014110000, 0x0000000014210000)
 End Bits:   [0x0000000014210000, 0x0000000014310000)

Polling page: 0x0000000004640000

CodeCache: size=245760Kb used=3735Kb max_used=3737Kb free=242024Kb
 bounds [0x0000000004950000, 0x0000000004d00000, 0x0000000013950000]
 total_blobs=1312 nmethods=981 adapters=245
 compilation: enabled

Compilation events (10 events):
Event: 3.054 Thread 0x0000000016608800  979       3       org.objectweb.asm.FieldWriter::visitEnd (1 bytes)
Event: 3.055 Thread 0x0000000016608800 nmethod 979 0x0000000004cf36d0 code [0x0000000004cf3820, 0x0000000004cf3970]
Event: 3.116 Thread 0x0000000016608800  980       3       java.util.zip.ZipOutputStream::version (48 bytes)
Event: 3.116 Thread 0x0000000016608800 nmethod 980 0x0000000004cf3290 code [0x0000000004cf3400, 0x0000000004cf35e8]
Event: 3.116 Thread 0x0000000016608800  981       3       java.util.zip.ZipOutputStream::getExtraLen (96 bytes)
Event: 3.117 Thread 0x0000000016608800 nmethod 981 0x0000000004cf6590 code [0x0000000004cf6740, 0x0000000004cf6d90]
Event: 3.117 Thread 0x0000000016608800  982       3       java.util.zip.ZipOutputStream::writeBytes (22 bytes)
Event: 3.117 Thread 0x0000000016608800 nmethod 982 0x0000000004cf2e10 code [0x0000000004cf2f80, 0x0000000004cf31c8]
Event: 3.117 Thread 0x0000000016608800  983       3       java.util.Vector::elementData (7 bytes)
Event: 3.117 Thread 0x0000000016608800 nmethod 983 0x0000000004cf2a50 code [0x0000000004cf2ba0, 0x0000000004cf2d10]

GC Heap History (4 events):
Event: 1.724 GC heap before
{Heap before GC invocations=1 (full 0):
 PSYoungGen      total 18944K, used 16384K [0x00000000feb00000, 0x0000000100000000, 0x0000000100000000)
  eden space 16384K, 100% used [0x00000000feb00000,0x00000000ffb00000,0x00000000ffb00000)
  from space 2560K, 0% used [0x00000000ffd80000,0x00000000ffd80000,0x0000000100000000)
  to   space 2560K, 0% used [0x00000000ffb00000,0x00000000ffb00000,0x00000000ffd80000)
 ParOldGen       total 44032K, used 0K [0x00000000fc000000, 0x00000000feb00000, 0x00000000feb00000)
  object space 44032K, 0% used [0x00000000fc000000,0x00000000fc000000,0x00000000feb00000)
 Metaspace       used 6519K, capacity 6618K, committed 6784K, reserved 1056768K
  class space    used 768K, capacity 823K, committed 896K, reserved 1048576K
Event: 1.734 GC heap after
Heap after GC invocations=1 (full 0):
 PSYoungGen      total 18944K, used 2544K [0x00000000feb00000, 0x0000000100000000, 0x0000000100000000)
  eden space 16384K, 0% used [0x00000000feb00000,0x00000000feb00000,0x00000000ffb00000)
  from space 2560K, 99% used [0x00000000ffb00000,0x00000000ffd7c020,0x00000000ffd80000)
  to   space 2560K, 0% used [0x00000000ffd80000,0x00000000ffd80000,0x0000000100000000)
 ParOldGen       total 44032K, used 1491K [0x00000000fc000000, 0x00000000feb00000, 0x00000000feb00000)
  object space 44032K, 3% used [0x00000000fc000000,0x00000000fc174f90,0x00000000feb00000)
 Metaspace       used 6519K, capacity 6618K, committed 6784K, reserved 1056768K
  class space    used 768K, capacity 823K, committed 896K, reserved 1048576K
}
Event: 2.736 GC heap before
{Heap before GC invocations=2 (full 0):
 PSYoungGen      total 18944K, used 18928K [0x00000000feb00000, 0x0000000100000000, 0x0000000100000000)
  eden space 16384K, 100% used [0x00000000feb00000,0x00000000ffb00000,0x00000000ffb00000)
  from space 2560K, 99% used [0x00000000ffb00000,0x00000000ffd7c020,0x00000000ffd80000)
  to   space 2560K, 0% used [0x00000000ffd80000,0x00000000ffd80000,0x0000000100000000)
 ParOldGen       total 44032K, used 1491K [0x00000000fc000000, 0x00000000feb00000, 0x00000000feb00000)
  object space 44032K, 3% used [0x00000000fc000000,0x00000000fc174f90,0x00000000feb00000)
 Metaspace       used 7497K, capacity 7656K, committed 7936K, reserved 1056768K
  class space    used 867K, capacity 956K, committed 1024K, reserved 1048576K
Event: 2.799 GC heap after
Heap after GC invocations=2 (full 0):
 PSYoungGen      total 18944K, used 2546K [0x00000000feb00000, 0x0000000100000000, 0x0000000100000000)
  eden space 16384K, 0% used [0x00000000feb00000,0x00000000feb00000,0x00000000ffb00000)
  from space 2560K, 99% used [0x00000000ffd80000,0x00000000ffffc878,0x0000000100000000)
  to   space 2560K, 0% used [0x00000000ffb00000,0x00000000ffb00000,0x00000000ffd80000)
 ParOldGen       total 44032K, used 4887K [0x00000000fc000000, 0x00000000feb00000, 0x00000000feb00000)
  object space 44032K, 11% used [0x00000000fc000000,0x00000000fc4c5c98,0x00000000feb00000)
 Metaspace       used 7497K, capacity 7656K, committed 7936K, reserved 1056768K
  class space    used 867K, capacity 956K, committed 1024K, reserved 1048576K
}

Deoptimization events (10 events):
Event: 1.675 Thread 0x0000000004856800 Uncommon trap: reason=unstable_if action=reinterpret pc=0x0000000004b8a9f8 method=java.util.zip.ZipCoder.decoder()Ljava/nio/charset/CharsetDecoder; @ 4
Event: 1.794 Thread 0x0000000004856800 Uncommon trap: reason=unstable_if action=reinterpret pc=0x0000000004b99108 method=java.util.HashMap$HashIterator.nextNode()Ljava/util/HashMap$Node; @ 74
Event: 1.871 Thread 0x0000000004856800 Uncommon trap: reason=unstable_if action=reinterpret pc=0x0000000004b98cc8 method=java.util.HashMap$HashIterator.nextNode()Ljava/util/HashMap$Node; @ 74
Event: 2.103 Thread 0x0000000004856800 Uncommon trap: reason=unloaded action=reinterpret pc=0x0000000004b8507c method=java.util.zip.ZipEntry.setExtra0([BZ)V @ 37
Event: 2.281 Thread 0x0000000004856800 Uncommon trap: reason=unstable_if action=reinterpret pc=0x0000000004b3a578 method=java.lang.String.indexOf([CII[CIII)I @ 134
Event: 2.548 Thread 0x0000000004856800 Uncommon trap: reason=unstable_if action=reinterpret pc=0x0000000004c8b9f8 method=org.objectweb.asm.Type.getArgumentsAndReturnSizes(Ljava/lang/String;)I @ 130
Event: 2.560 Thread 0x0000000004856800 Uncommon trap: reason=unstable_if action=reinterpret pc=0x0000000004c74c80 method=org.objectweb.asm.Item.a(Lorg/objectweb/asm/Item;)Z @ 345
Event: 2.604 Thread 0x0000000004856800 Uncommon trap: reason=unstable_if action=reinterpret pc=0x0000000004ca8560 method=org.objectweb.asm.MethodWriter.visitVarInsn(II)V @ 148
Event: 2.729 Thread 0x0000000004856800 Uncommon trap: reason=unstable_if action=reinterpret pc=0x0000000004c126bc method=java.lang.String.<init>([CII)V @ 18
Event: 2.957 Thread 0x0000000004856800 Uncommon trap: reason=unstable_if action=reinterpret pc=0x0000000004ccc848 method=org.objectweb.asm.Item.a(Lorg/objectweb/asm/Item;)Z @ 251

Classes redefined (0 events):
No events

Internal exceptions (10 events):
Event: 1.866 Thread 0x0000000004856800 Exception <a 'sun/nio/fs/WindowsException'> (0x00000000ff19cc00) thrown at [D:\src\AOSP-openjdk-cygwin\jdk8u\hotspot\src\share\vm\prims\jni.cpp, line 709]
Event: 1.866 Thread 0x0000000004856800 Exception <a 'sun/nio/fs/WindowsException'> (0x00000000ff19d1f0) thrown at [D:\src\AOSP-openjdk-cygwin\jdk8u\hotspot\src\share\vm\prims\jni.cpp, line 709]
Event: 1.867 Thread 0x0000000004856800 Exception <a 'sun/nio/fs/WindowsException'> (0x00000000ff19d9c0) thrown at [D:\src\AOSP-openjdk-cygwin\jdk8u\hotspot\src\share\vm\prims\jni.cpp, line 709]
Event: 1.876 Thread 0x0000000004856800 Exception <a 'sun/nio/fs/WindowsException'> (0x00000000ff1a2ed0) thrown at [D:\src\AOSP-openjdk-cygwin\jdk8u\hotspot\src\share\vm\prims\jni.cpp, line 709]
Event: 2.132 Thread 0x0000000004856800 Exception <a 'sun/nio/fs/WindowsException'> (0x00000000ff4c2af8) thrown at [D:\src\AOSP-openjdk-cygwin\jdk8u\hotspot\src\share\vm\prims\jni.cpp, line 709]
Event: 2.133 Thread 0x0000000004856800 Exception <a 'sun/nio/fs/WindowsException'> (0x00000000ff4c30f8) thrown at [D:\src\AOSP-openjdk-cygwin\jdk8u\hotspot\src\share\vm\prims\jni.cpp, line 709]
Event: 2.157 Thread 0x0000000004856800 Exception <a 'sun/nio/fs/WindowsException'> (0x00000000ff4ceb40) thrown at [D:\src\AOSP-openjdk-cygwin\jdk8u\hotspot\src\share\vm\prims\jni.cpp, line 709]
Event: 2.158 Thread 0x0000000004856800 Exception <a 'sun/nio/fs/WindowsException'> (0x00000000ff4cf0c0) thrown at [D:\src\AOSP-openjdk-cygwin\jdk8u\hotspot\src\share\vm\prims\jni.cpp, line 709]
Event: 2.333 Thread 0x0000000004856800 Exception <a 'sun/nio/fs/WindowsException'> (0x00000000ff639f40) thrown at [D:\src\AOSP-openjdk-cygwin\jdk8u\hotspot\src\share\vm\prims\jni.cpp, line 709]
Event: 2.342 Thread 0x0000000004856800 Exception <a 'sun/nio/fs/WindowsException'> (0x00000000ff63a4c0) thrown at [D:\src\AOSP-openjdk-cygwin\jdk8u\hotspot\src\share\vm\prims\jni.cpp, line 709]

Events (10 events):
Event: 2.604 Thread 0x0000000004856800 DEOPT PACKING pc=0x0000000004ca8560 sp=0x000000000479ec10
Event: 2.604 Thread 0x0000000004856800 DEOPT UNPACKING pc=0x000000000499556a sp=0x000000000479eb58 mode 2
Event: 2.729 Thread 0x0000000004856800 Uncommon trap: trap_request=0xffffff65 fr.pc=0x0000000004c126bc
Event: 2.729 Thread 0x0000000004856800 DEOPT PACKING pc=0x0000000004c126bc sp=0x000000000479e920
Event: 2.729 Thread 0x0000000004856800 DEOPT UNPACKING pc=0x000000000499556a sp=0x000000000479e7c8 mode 2
Event: 2.736 Executing VM operation: ParallelGCFailedAllocation
Event: 2.799 Executing VM operation: ParallelGCFailedAllocation done
Event: 2.957 Thread 0x0000000004856800 Uncommon trap: trap_request=0xffffff65 fr.pc=0x0000000004ccc848
Event: 2.957 Thread 0x0000000004856800 DEOPT PACKING pc=0x0000000004ccc848 sp=0x000000000479e7f0
Event: 2.957 Thread 0x0000000004856800 DEOPT UNPACKING pc=0x000000000499556a sp=0x000000000479e788 mode 2


Dynamic libraries:
0x00007ff67e2c0000 - 0x00007ff67e2f1000 	C:\Program Files\Android\Android Studio1\jre\bin\java.exe
0x00007ffa8bac0000 - 0x00007ffa8bca0000 	C:\WINDOWS\SYSTEM32\ntdll.dll
0x00007ffa8b2c0000 - 0x00007ffa8b36e000 	C:\WINDOWS\System32\KERNEL32.DLL
0x00007ffa88210000 - 0x00007ffa88476000 	C:\WINDOWS\System32\KERNELBASE.dll
0x00007ffa89420000 - 0x00007ffa894c1000 	C:\WINDOWS\System32\ADVAPI32.dll
0x00007ffa89bf0000 - 0x00007ffa89c8d000 	C:\WINDOWS\System32\msvcrt.dll
0x00007ffa89c90000 - 0x00007ffa89ceb000 	C:\WINDOWS\System32\sechost.dll
0x00007ffa8b740000 - 0x00007ffa8b85f000 	C:\WINDOWS\System32\RPCRT4.dll
0x00007ffa8b510000 - 0x00007ffa8b69e000 	C:\WINDOWS\System32\USER32.dll
0x00007ffa885a0000 - 0x00007ffa885c0000 	C:\WINDOWS\System32\win32u.dll
0x00007ffa8ba00000 - 0x00007ffa8ba28000 	C:\WINDOWS\System32\GDI32.dll
0x00007ffa88020000 - 0x00007ffa881b4000 	C:\WINDOWS\System32\gdi32full.dll
0x00007ffa88500000 - 0x00007ffa8859b000 	C:\WINDOWS\System32\msvcp_win.dll
0x00007ffa87ec0000 - 0x00007ffa87fb6000 	C:\WINDOWS\System32\ucrtbase.dll
0x00007ffa788b0000 - 0x00007ffa78b19000 	C:\WINDOWS\WinSxS\amd64_microsoft.windows.common-controls_6595b64144ccf1df_6.0.16299.19_none_cc92fab02215da61\COMCTL32.dll
0x00007ffa89110000 - 0x00007ffa89418000 	C:\WINDOWS\System32\combase.dll
0x00007ffa88480000 - 0x00007ffa884f2000 	C:\WINDOWS\System32\bcryptPrimitives.dll
0x00007ffa89e40000 - 0x00007ffa89e6d000 	C:\WINDOWS\System32\IMM32.DLL
0x000000006b270000 - 0x000000006b342000 	C:\Program Files\Android\Android Studio1\jre\jre\bin\msvcr100.dll
0x00000000661a0000 - 0x00000000669de000 	C:\Program Files\Android\Android Studio1\jre\jre\bin\server\jvm.dll
0x00007ffa89100000 - 0x00007ffa89108000 	C:\WINDOWS\System32\PSAPI.DLL
0x00007ffa83640000 - 0x00007ffa83649000 	C:\WINDOWS\SYSTEM32\WSOCK32.dll
0x00007ffa894d0000 - 0x00007ffa8953c000 	C:\WINDOWS\System32\WS2_32.dll
0x00007ffa86270000 - 0x00007ffa86293000 	C:\WINDOWS\SYSTEM32\WINMM.dll
0x00007ffa78b50000 - 0x00007ffa78b5a000 	C:\WINDOWS\SYSTEM32\VERSION.dll
0x00007ffa86210000 - 0x00007ffa8623a000 	C:\WINDOWS\SYSTEM32\WINMMBASE.dll
0x00007ffa881c0000 - 0x00007ffa8820a000 	C:\WINDOWS\System32\cfgmgr32.dll
0x00007ffa6b210000 - 0x00007ffa6b21f000 	C:\Program Files\Android\Android Studio1\jre\jre\bin\verify.dll
0x00007ffa4fec0000 - 0x00007ffa4fee9000 	C:\Program Files\Android\Android Studio1\jre\jre\bin\java.dll
0x00007ffa54bd0000 - 0x00007ffa54be6000 	C:\Program Files\Android\Android Studio1\jre\jre\bin\zip.dll
0x00007ffa89e70000 - 0x00007ffa8b2a7000 	C:\WINDOWS\System32\SHELL32.dll
0x00007ffa89ac0000 - 0x00007ffa89b66000 	C:\WINDOWS\System32\shcore.dll
0x00007ffa88840000 - 0x00007ffa88f87000 	C:\WINDOWS\System32\windows.storage.dll
0x00007ffa8b3e0000 - 0x00007ffa8b431000 	C:\WINDOWS\System32\shlwapi.dll
0x00007ffa87e30000 - 0x00007ffa87e41000 	C:\WINDOWS\System32\kernel.appcore.dll
0x00007ffa87e70000 - 0x00007ffa87ebc000 	C:\WINDOWS\System32\powrprof.dll
0x00007ffa87e50000 - 0x00007ffa87e6b000 	C:\WINDOWS\System32\profapi.dll
0x00007ffa87860000 - 0x00007ffa87877000 	C:\WINDOWS\SYSTEM32\CRYPTSP.dll
0x00007ffa87250000 - 0x00007ffa87283000 	C:\WINDOWS\system32\rsaenh.dll
0x00007ffa87970000 - 0x00007ffa87995000 	C:\WINDOWS\SYSTEM32\bcrypt.dll
0x00007ffa87d10000 - 0x00007ffa87d39000 	C:\WINDOWS\SYSTEM32\USERENV.dll
0x00007ffa87880000 - 0x00007ffa8788b000 	C:\WINDOWS\SYSTEM32\CRYPTBASE.dll
0x00007ffa53920000 - 0x00007ffa5393a000 	C:\Program Files\Android\Android Studio1\jre\jre\bin\net.dll
0x00007ffa876a0000 - 0x00007ffa87706000 	C:\WINDOWS\system32\mswsock.dll
0x00007ffa87430000 - 0x00007ffa87469000 	C:\WINDOWS\SYSTEM32\IPHLPAPI.DLL
0x00007ffa8b3d0000 - 0x00007ffa8b3d8000 	C:\WINDOWS\System32\NSI.dll
0x00007ffa7e010000 - 0x00007ffa7e026000 	C:\WINDOWS\SYSTEM32\dhcpcsvc6.DLL
0x00007ffa7dff0000 - 0x00007ffa7e00a000 	C:\WINDOWS\SYSTEM32\dhcpcsvc.DLL
0x00007ffa4fea0000 - 0x00007ffa4feb1000 	C:\Program Files\Android\Android Studio1\jre\jre\bin\nio.dll

VM Arguments:
jvm_args: -Djava.awt.headless=true -Xmx64M -Dfile.encoding=windows-1252 -Duser.country=BR -Duser.language=pt -Duser.variant 
java_command: com.google.devtools.build.android.desugar.Desugar --input C:\Users\JCarvalhoJr\eclipse-workspace_2018\Web_Services_Android\Web_Service_Android_Client\app\build\intermediates\transforms\stackFramesFixer\debug\19.jar --output C:\Users\JCarvalhoJr\eclipse-workspace_2018\Web_Services_Android\Web_Service_Android_Client\app\build\intermediates\transforms\desugar\debug\20.jar --input C:\Users\JCarvalhoJr\eclipse-workspace_2018\Web_Services_Android\Web_Service_Android_Client\app\build\intermediates\transforms\stackFramesFixer\debug\25.jar --output C:\Users\JCarvalhoJr\eclipse-workspace_2018\Web_Services_Android\Web_Service_Android_Client\app\build\intermediates\transforms\desugar\debug\26.jar --input C:\Users\JCarvalhoJr\eclipse-workspace_2018\Web_Services_Android\Web_Service_Android_Client\app\build\intermediates\transforms\stackFramesFixer\debug\10.jar --output C:\Users\JCarvalhoJr\eclipse-workspace_2018\Web_Services_Android\Web_Service_Android_Client\app\build\intermediates\transforms\desugar\debug\11.jar --input C:\Users\JCarvalhoJr\eclipse-workspace_2018\Web_Services_Android\Web_Service_Android_Client\app\build\intermediates\transforms\stackFramesFixer\debug\20.jar --output C:\Users\JCarvalhoJr\eclipse-workspace_2018\Web_Services_Android\Web_Service_Android_Client\app\build\intermediates\transforms\desugar\debug\21.jar --input C:\Users\JCarvalhoJr\eclipse-workspace_2018\Web_Services_Android\Web_Service_Android_Client\app\build\intermediates\transforms\stackFramesFixer\debug\24.jar --output C:\Users\JCarvalhoJr\eclipse-workspace_2018\Web_Services_Android\Web_Service_Android_Client\app\build\intermediates\transforms\desugar\debug\25.jar --input C:\Users\JCarvalhoJr\eclipse-workspace_2018\Web_Services_Android\Web_Service_Android_Client\app\build\intermediates\transforms\stackFramesFixer\debug\0.jar --output C:\Users\JCarvalhoJr\eclipse-workspace_2018\Web_Services_Android\Web_Service_Android_Client\app\build\intermediates\transforms\desugar\debug\1.jar --in
java_class_path (initial): C:\Users\JCarvalhoJr\AppData\Local\Temp\desugar_deploy.jar3951035612156620796
Launcher Type: SUN_STANDARD

Environment Variables:
JAVA_HOME=C:\Program Files\Java\jdk1.8.0_162
CLASSPATH=.;C:\Program Files (x86)\Griaule\Fingerprint SDK 2009\bin\GrFingerJava.jar
USERNAME=JCarvalhoJr
OS=Windows_NT
PROCESSOR_IDENTIFIER=Intel64 Family 6 Model 42 Stepping 7, GenuineIntel



---------------  S Y S T E M  ---------------

OS: Windows 10.0 , 64 bit Build 16299 (10.0.16299.15)

CPU:total 4 (initial active 4) (2 cores per cpu, 2 threads per core) family 6 model 42 stepping 7, cmov, cx8, fxsr, mmx, sse, sse2, sse3, ssse3, sse4.1, sse4.2, popcnt, avx, aes, clmul, ht, tsc, tscinvbit

Memory: 4k page, physical 12496748k(5625472k free), swap 13545324k(3092k free)

vm_info: OpenJDK 64-Bit Server VM (25.152-b01) for windows-amd64 JRE (1.8.0_152-release-915-b01), built by "builder" with MS VC++ 10.0 (VS2010)

time: Thu Mar 22 15:40:12 2018
elapsed time: 3 seconds (0d 0h 0m 3s)

