#
# There is insufficient memory for the Java Runtime Environment to continue.
# Native memory allocation (malloc) failed to allocate 32744 bytes for ChunkPool::allocate
# Possible reasons:
#   The system is out of physical RAM or swap space
#   In 32 bit mode, the process size limit was hit
# Possible solutions:
#   Reduce memory load on the system
#   Increase physical memory or swap space
#   Check if swap backing store is full
#   Use 64 bit Java on a 64 bit OS
#   Decrease Java heap size (-Xmx/-Xms)
#   Decrease number of Java threads
#   Decrease Java thread stack sizes (-Xss)
#   Set larger code cache with -XX:ReservedCodeCacheSize=
# This output file may be truncated or incomplete.
#
#  Out of Memory Error (allocation.cpp:273), pid=25360, tid=0x0000000000003898
#
# JRE version: OpenJDK Runtime Environment (8.0_152-b01) (build 1.8.0_152-release-915-b01)
# Java VM: OpenJDK 64-Bit Server VM (25.152-b01 mixed mode windows-amd64 compressed oops)
# Failed to write core dump. Minidumps are not enabled by default on client versions of Windows
#

---------------  T H R E A D  ---------------

Current thread (0x0000000015033000):  JavaThread "C2 CompilerThread0" daemon [_thread_in_native, id=14488, stack(0x00000000167a0000,0x00000000168a0000)]

Stack: [0x00000000167a0000,0x00000000168a0000]
[error occurred during error reporting (printing stack bounds), id 0xc0000005]

Native frames: (J=compiled Java code, j=interpreted, Vv=VM code, C=native code)


Current CompileTask:
C2:   3790  898 %     4       org.objectweb.asm.ClassReader::a @ 1480 (3587 bytes)


---------------  P R O C E S S  ---------------

Java Threads: ( => current thread )
  0x00000000169ab000 JavaThread "Service Thread" daemon [_thread_blocked, id=24848, stack(0x0000000016ea0000,0x0000000016fa0000)]
  0x00000000169a3800 JavaThread "C1 CompilerThread2" daemon [_thread_blocked, id=16796, stack(0x0000000016da0000,0x0000000016ea0000)]
  0x000000001508b800 JavaThread "C2 CompilerThread1" daemon [_thread_blocked, id=18888, stack(0x00000000168a0000,0x00000000169a0000)]
=>0x0000000015033000 JavaThread "C2 CompilerThread0" daemon [_thread_in_native, id=14488, stack(0x00000000167a0000,0x00000000168a0000)]
  0x0000000015030800 JavaThread "Attach Listener" daemon [_thread_blocked, id=24672, stack(0x00000000166a0000,0x00000000167a0000)]
  0x000000001502f800 JavaThread "Signal Dispatcher" daemon [_thread_blocked, id=24740, stack(0x00000000165a0000,0x00000000166a0000)]
  0x0000000004ccc000 JavaThread "Finalizer" daemon [_thread_blocked, id=24708, stack(0x00000000162a0000,0x00000000163a0000)]
  0x0000000004cc7000 JavaThread "Reference Handler" daemon [_thread_blocked, id=21240, stack(0x00000000161a0000,0x00000000162a0000)]
  0x0000000004bd7000 JavaThread "main" [_thread_blocked, id=5576, stack(0x0000000004ab0000,0x0000000004bb0000)]

Other Threads:
  0x0000000014ff6800 VMThread [stack: 0x00000000160a0000,0x00000000161a0000] [id=25564]
  0x00000000169ac000 WatcherThread [stack: 0x0000000016fa0000,0x00000000170a0000] [id=25568]

VM state:at safepoint (normal execution)

VM Mutex/Monitor currently owned by a thread:  ([mutex/lock_event])
[0x0000000004bd40a0] Threads_lock - owner thread: 0x0000000014ff6800
[0x0000000004bd4820] Heap_lock - owner thread: 0x0000000004bd7000

Heap:
 PSYoungGen      total 18944K, used 18928K [0x00000000feb00000, 0x0000000100000000, 0x0000000100000000)
  eden space 16384K, 100% used [0x00000000feb00000,0x00000000ffb00000,0x00000000ffb00000)
  from space 2560K, 99% used [0x00000000ffb00000,0x00000000ffd7c020,0x00000000ffd80000)
  to   space 2560K, 99% used [0x00000000ffd80000,0x00000000fffff308,0x0000000100000000)
 ParOldGen       total 44032K, used 4354K [0x00000000fc000000, 0x00000000feb00000, 0x00000000feb00000)
  object space 44032K, 9% used [0x00000000fc000000,0x00000000fc440940,0x00000000feb00000)
 Metaspace       used 7733K, capacity 7928K, committed 8192K, reserved 1056768K
  class space    used 898K, capacity 988K, committed 1024K, reserved 1048576K

Card table byte_map: [0x0000000003140000,0x0000000003170000] byte_map_base: 0x0000000002960000

Marking Bits: (ParMarkBitMap*) 0x000000006e4b3950
 Begin Bits: [0x0000000014490000, 0x0000000014590000)
 End Bits:   [0x0000000014590000, 0x0000000014690000)

Polling page: 0x0000000003110000

CodeCache: size=245760Kb used=3520Kb max_used=3524Kb free=242239Kb
 bounds [0x0000000004cd0000, 0x0000000005050000, 0x0000000013cd0000]
 total_blobs=1252 nmethods=921 adapters=245
 compilation: enabled

Compilation events (10 events):
Event: 3.676 Thread 0x00000000169a3800 nmethod 917 0x000000000503e5d0 code [0x000000000503e760, 0x000000000503eaa8]
Event: 3.676 Thread 0x00000000169a3800  918       3       org.objectweb.asm.tree.LdcInsnNode::<init> (12 bytes)
Event: 3.676 Thread 0x00000000169a3800 nmethod 918 0x0000000005025510 code [0x0000000005025680, 0x00000000050258b0]
Event: 3.678 Thread 0x00000000169a3800  920       3       java.util.HashMap::<init> (11 bytes)
Event: 3.678 Thread 0x00000000169a3800 nmethod 920 0x000000000503ec50 code [0x000000000503edc0, 0x000000000503efd0]
Event: 3.680 Thread 0x000000001508b800 nmethod 919 0x00000000050421d0 code [0x0000000005042340, 0x0000000005042838]
Event: 3.714 Thread 0x00000000169a3800  921       3       org.objectweb.asm.MethodWriter::visitLdcInsn (184 bytes)
Event: 3.715 Thread 0x00000000169a3800 nmethod 921 0x0000000005041710 code [0x00000000050418e0, 0x0000000005041f48]
Event: 3.718 Thread 0x00000000169a3800  922       3       org.objectweb.asm.ClassReader::a (133 bytes)
Event: 3.719 Thread 0x00000000169a3800 nmethod 922 0x0000000005040290 code [0x0000000005040480, 0x0000000005041058]

GC Heap History (3 events):
Event: 2.394 GC heap before
{Heap before GC invocations=1 (full 0):
 PSYoungGen      total 18944K, used 16384K [0x00000000feb00000, 0x0000000100000000, 0x0000000100000000)
  eden space 16384K, 100% used [0x00000000feb00000,0x00000000ffb00000,0x00000000ffb00000)
  from space 2560K, 0% used [0x00000000ffd80000,0x00000000ffd80000,0x0000000100000000)
  to   space 2560K, 0% used [0x00000000ffb00000,0x00000000ffb00000,0x00000000ffd80000)
 ParOldGen       total 44032K, used 0K [0x00000000fc000000, 0x00000000feb00000, 0x00000000feb00000)
  object space 44032K, 0% used [0x00000000fc000000,0x00000000fc000000,0x00000000feb00000)
 Metaspace       used 6536K, capacity 6730K, committed 7040K, reserved 1056768K
  class space    used 768K, capacity 823K, committed 896K, reserved 1048576K
Event: 2.409 GC heap after
Heap after GC invocations=1 (full 0):
 PSYoungGen      total 18944K, used 2544K [0x00000000feb00000, 0x0000000100000000, 0x0000000100000000)
  eden space 16384K, 0% used [0x00000000feb00000,0x00000000feb00000,0x00000000ffb00000)
  from space 2560K, 99% used [0x00000000ffb00000,0x00000000ffd7c020,0x00000000ffd80000)
  to   space 2560K, 0% used [0x00000000ffd80000,0x00000000ffd80000,0x0000000100000000)
 ParOldGen       total 44032K, used 1418K [0x00000000fc000000, 0x00000000feb00000, 0x00000000feb00000)
  object space 44032K, 3% used [0x00000000fc000000,0x00000000fc162930,0x00000000feb00000)
 Metaspace       used 6536K, capacity 6730K, committed 7040K, reserved 1056768K
  class space    used 768K, capacity 823K, committed 896K, reserved 1048576K
}
Event: 3.720 GC heap before
{Heap before GC invocations=2 (full 0):
 PSYoungGen      total 18944K, used 18928K [0x00000000feb00000, 0x0000000100000000, 0x0000000100000000)
  eden space 16384K, 100% used [0x00000000feb00000,0x00000000ffb00000,0x00000000ffb00000)
  from space 2560K, 99% used [0x00000000ffb00000,0x00000000ffd7c020,0x00000000ffd80000)
  to   space 2560K, 0% used [0x00000000ffd80000,0x00000000ffd80000,0x0000000100000000)
 ParOldGen       total 44032K, used 1418K [0x00000000fc000000, 0x00000000feb00000, 0x00000000feb00000)
  object space 44032K, 3% used [0x00000000fc000000,0x00000000fc162930,0x00000000feb00000)
 Metaspace       used 7733K, capacity 7928K, committed 8192K, reserved 1056768K
  class space    used 898K, capacity 988K, committed 1024K, reserved 1048576K

Deoptimization events (10 events):
Event: 3.126 Thread 0x0000000004bd7000 Uncommon trap: reason=class_check action=maybe_recompile pc=0x0000000004f0eba8 method=com.google.common.collect.TransformedIterator.next()Ljava/lang/Object; @ 5
Event: 3.126 Thread 0x0000000004bd7000 Uncommon trap: reason=class_check action=maybe_recompile pc=0x0000000004f04210 method=com.google.common.collect.Iterators$7.transform(Ljava/lang/Object;)Ljava/lang/Object; @ 5
Event: 3.126 Thread 0x0000000004bd7000 Uncommon trap: reason=class_check action=maybe_recompile pc=0x0000000004f0f12c method=com.google.common.collect.TransformedIterator.hasNext()Z @ 4
Event: 3.126 Thread 0x0000000004bd7000 Uncommon trap: reason=class_check action=maybe_recompile pc=0x0000000004f0eba8 method=com.google.common.collect.TransformedIterator.next()Ljava/lang/Object; @ 5
Event: 3.126 Thread 0x0000000004bd7000 Uncommon trap: reason=class_check action=maybe_recompile pc=0x0000000004f04210 method=com.google.common.collect.Iterators$7.transform(Ljava/lang/Object;)Ljava/lang/Object; @ 5
Event: 3.126 Thread 0x0000000004bd7000 Uncommon trap: reason=class_check action=maybe_recompile pc=0x0000000004f0eba8 method=com.google.common.collect.TransformedIterator.next()Ljava/lang/Object; @ 5
Event: 3.126 Thread 0x0000000004bd7000 Uncommon trap: reason=class_check action=maybe_recompile pc=0x0000000004f04210 method=com.google.common.collect.Iterators$7.transform(Ljava/lang/Object;)Ljava/lang/Object; @ 5
Event: 3.225 Thread 0x0000000004bd7000 Uncommon trap: reason=unstable_if action=reinterpret pc=0x0000000004ec0d78 method=java.lang.String.indexOf([CII[CIII)I @ 134
Event: 3.274 Thread 0x0000000004bd7000 Uncommon trap: reason=unstable_if action=reinterpret pc=0x0000000004e8b46c method=java.lang.String.<init>([CII)V @ 18
Event: 3.275 Thread 0x0000000004bd7000 Uncommon trap: reason=unstable_if action=reinterpret pc=0x0000000004efdf5c method=java.util.zip.ZipFile$ZipEntryIterator.hasNext()Z @ 25

Classes redefined (0 events):
No events

Internal exceptions (10 events):
Event: 3.066 Thread 0x0000000004bd7000 Exception <a 'sun/nio/fs/WindowsException'> (0x00000000ff4cd3f8) thrown at [D:\src\AOSP-openjdk-cygwin\jdk8u\hotspot\src\share\vm\prims\jni.cpp, line 709]
Event: 3.067 Thread 0x0000000004bd7000 Exception <a 'sun/nio/fs/WindowsException'> (0x00000000ff4cd9f8) thrown at [D:\src\AOSP-openjdk-cygwin\jdk8u\hotspot\src\share\vm\prims\jni.cpp, line 709]
Event: 3.278 Thread 0x0000000004bd7000 Exception <a 'sun/nio/fs/WindowsException'> (0x00000000ff70d4d8) thrown at [D:\src\AOSP-openjdk-cygwin\jdk8u\hotspot\src\share\vm\prims\jni.cpp, line 709]
Event: 3.278 Thread 0x0000000004bd7000 Exception <a 'sun/nio/fs/WindowsException'> (0x00000000ff70da58) thrown at [D:\src\AOSP-openjdk-cygwin\jdk8u\hotspot\src\share\vm\prims\jni.cpp, line 709]
Event: 3.531 Thread 0x0000000004bd7000 Exception <a 'sun/nio/fs/WindowsException'> (0x00000000ff953e68) thrown at [D:\src\AOSP-openjdk-cygwin\jdk8u\hotspot\src\share\vm\prims\jni.cpp, line 709]
Event: 3.531 Thread 0x0000000004bd7000 Exception <a 'sun/nio/fs/WindowsException'> (0x00000000ff9543e8) thrown at [D:\src\AOSP-openjdk-cygwin\jdk8u\hotspot\src\share\vm\prims\jni.cpp, line 709]
Event: 3.643 Thread 0x0000000004bd7000 Exception <a 'sun/nio/fs/WindowsException'> (0x00000000ff9ce8c0) thrown at [D:\src\AOSP-openjdk-cygwin\jdk8u\hotspot\src\share\vm\prims\jni.cpp, line 709]
Event: 3.644 Thread 0x0000000004bd7000 Exception <a 'sun/nio/fs/WindowsException'> (0x00000000ff9cee40) thrown at [D:\src\AOSP-openjdk-cygwin\jdk8u\hotspot\src\share\vm\prims\jni.cpp, line 709]
Event: 3.665 Thread 0x0000000004bd7000 Exception <a 'sun/nio/fs/WindowsException'> (0x00000000ffa34878) thrown at [D:\src\AOSP-openjdk-cygwin\jdk8u\hotspot\src\share\vm\prims\jni.cpp, line 709]
Event: 3.665 Thread 0x0000000004bd7000 Exception <a 'sun/nio/fs/WindowsException'> (0x00000000ffa34df8) thrown at [D:\src\AOSP-openjdk-cygwin\jdk8u\hotspot\src\share\vm\prims\jni.cpp, line 709]

Events (10 events):
Event: 3.275 Thread 0x0000000004bd7000 DEOPT UNPACKING pc=0x0000000004d1556a sp=0x0000000004baf1f8 mode 2
Event: 3.275 loading class java/util/Vector$Itr
Event: 3.275 loading class java/util/Vector$Itr done
Event: 3.661 loading class com/google/devtools/build/android/desugar/FieldInfo
Event: 3.661 loading class com/google/devtools/build/android/desugar/FieldInfo done
Event: 3.662 loading class com/google/devtools/build/android/desugar/AutoValue_FieldInfo
Event: 3.662 loading class com/google/devtools/build/android/desugar/AutoValue_FieldInfo done
Event: 3.662 loading class com/google/devtools/build/android/desugar/Java7Compatibility$InlineOneMethod
Event: 3.662 loading class com/google/devtools/build/android/desugar/Java7Compatibility$InlineOneMethod done
Event: 3.720 Executing VM operation: ParallelGCFailedAllocation


Dynamic libraries:
0x00007ff65ea60000 - 0x00007ff65ea91000 	C:\Program Files\Android\Android Studio1\jre\bin\java.exe
0x00007ff9e3740000 - 0x00007ff9e3920000 	C:\WINDOWS\SYSTEM32\ntdll.dll
0x00007ff9e0e00000 - 0x00007ff9e0eae000 	C:\WINDOWS\System32\KERNEL32.DLL
0x00007ff9dfba0000 - 0x00007ff9dfe06000 	C:\WINDOWS\System32\KERNELBASE.dll
0x00007ff9e1540000 - 0x00007ff9e15e1000 	C:\WINDOWS\System32\ADVAPI32.dll
0x00007ff9e1ea0000 - 0x00007ff9e1f3d000 	C:\WINDOWS\System32\msvcrt.dll
0x00007ff9e0da0000 - 0x00007ff9e0dfb000 	C:\WINDOWS\System32\sechost.dll
0x00007ff9e35f0000 - 0x00007ff9e370f000 	C:\WINDOWS\System32\RPCRT4.dll
0x00007ff9e0c10000 - 0x00007ff9e0d9e000 	C:\WINDOWS\System32\USER32.dll
0x00007ff9e0190000 - 0x00007ff9e01b0000 	C:\WINDOWS\System32\win32u.dll
0x00007ff9e1de0000 - 0x00007ff9e1e08000 	C:\WINDOWS\System32\GDI32.dll
0x00007ff9e0a70000 - 0x00007ff9e0c04000 	C:\WINDOWS\System32\gdi32full.dll
0x00007ff9e09d0000 - 0x00007ff9e0a6b000 	C:\WINDOWS\System32\msvcp_win.dll
0x00007ff9e0090000 - 0x00007ff9e0186000 	C:\WINDOWS\System32\ucrtbase.dll
0x00007ff9d17c0000 - 0x00007ff9d1a29000 	C:\WINDOWS\WinSxS\amd64_microsoft.windows.common-controls_6595b64144ccf1df_6.0.16299.19_none_cc92fab02215da61\COMCTL32.dll
0x00007ff9e1000000 - 0x00007ff9e1308000 	C:\WINDOWS\System32\combase.dll
0x00007ff9e01b0000 - 0x00007ff9e0222000 	C:\WINDOWS\System32\bcryptPrimitives.dll
0x00007ff9e14b0000 - 0x00007ff9e14dd000 	C:\WINDOWS\System32\IMM32.DLL
0x000000006d2e0000 - 0x000000006d3b2000 	C:\Program Files\Android\Android Studio1\jre\jre\bin\msvcr100.dll
0x000000006dcf0000 - 0x000000006e52e000 	C:\Program Files\Android\Android Studio1\jre\jre\bin\server\jvm.dll
0x00007ff9e1e10000 - 0x00007ff9e1e18000 	C:\WINDOWS\System32\PSAPI.DLL
0x00007ff9dde90000 - 0x00007ff9dde99000 	C:\WINDOWS\SYSTEM32\WSOCK32.dll
0x00007ff9e13e0000 - 0x00007ff9e144c000 	C:\WINDOWS\System32\WS2_32.dll
0x00007ff9dda80000 - 0x00007ff9ddaa3000 	C:\WINDOWS\SYSTEM32\WINMM.dll
0x00007ff9ccec0000 - 0x00007ff9cceca000 	C:\WINDOWS\SYSTEM32\VERSION.dll
0x00007ff9dda20000 - 0x00007ff9dda4a000 	C:\WINDOWS\SYSTEM32\WINMMBASE.dll
0x00007ff9e0230000 - 0x00007ff9e027a000 	C:\WINDOWS\System32\cfgmgr32.dll
0x00007ff9ddff0000 - 0x00007ff9ddfff000 	C:\Program Files\Android\Android Studio1\jre\jre\bin\verify.dll
0x00007ff9ddcc0000 - 0x00007ff9ddce9000 	C:\Program Files\Android\Android Studio1\jre\jre\bin\java.dll
0x00007ff9dde60000 - 0x00007ff9dde76000 	C:\Program Files\Android\Android Studio1\jre\jre\bin\zip.dll
0x00007ff9e21b0000 - 0x00007ff9e35e7000 	C:\WINDOWS\System32\SHELL32.dll
0x00007ff9e1ab0000 - 0x00007ff9e1b56000 	C:\WINDOWS\System32\shcore.dll
0x00007ff9e0280000 - 0x00007ff9e09c7000 	C:\WINDOWS\System32\windows.storage.dll
0x00007ff9e14e0000 - 0x00007ff9e1531000 	C:\WINDOWS\System32\shlwapi.dll
0x00007ff9dfa90000 - 0x00007ff9dfaa1000 	C:\WINDOWS\System32\kernel.appcore.dll
0x00007ff9dfaf0000 - 0x00007ff9dfb3c000 	C:\WINDOWS\System32\powrprof.dll
0x00007ff9dfad0000 - 0x00007ff9dfaeb000 	C:\WINDOWS\System32\profapi.dll
0x00007ff9df480000 - 0x00007ff9df497000 	C:\WINDOWS\SYSTEM32\CRYPTSP.dll
0x00007ff9deed0000 - 0x00007ff9def03000 	C:\WINDOWS\system32\rsaenh.dll
0x00007ff9df5f0000 - 0x00007ff9df615000 	C:\WINDOWS\SYSTEM32\bcrypt.dll
0x00007ff9df990000 - 0x00007ff9df9b9000 	C:\WINDOWS\SYSTEM32\USERENV.dll
0x00007ff9df4a0000 - 0x00007ff9df4ab000 	C:\WINDOWS\SYSTEM32\CRYPTBASE.dll
0x00007ff9ddca0000 - 0x00007ff9ddcba000 	C:\Program Files\Android\Android Studio1\jre\jre\bin\net.dll
0x00007ff9df2c0000 - 0x00007ff9df326000 	C:\WINDOWS\system32\mswsock.dll
0x00007ff9df050000 - 0x00007ff9df089000 	C:\WINDOWS\SYSTEM32\IPHLPAPI.DLL
0x00007ff9e2100000 - 0x00007ff9e2108000 	C:\WINDOWS\System32\NSI.dll
0x00007ff9d5060000 - 0x00007ff9d5076000 	C:\WINDOWS\SYSTEM32\dhcpcsvc6.DLL
0x00007ff9d5040000 - 0x00007ff9d505a000 	C:\WINDOWS\SYSTEM32\dhcpcsvc.DLL
0x00007ff9ddc80000 - 0x00007ff9ddc91000 	C:\Program Files\Android\Android Studio1\jre\jre\bin\nio.dll

VM Arguments:
jvm_args: -Djava.awt.headless=true -Xmx64M -Dfile.encoding=windows-1252 -Duser.country=BR -Duser.language=pt -Duser.variant 
java_command: com.google.devtools.build.android.desugar.Desugar --input C:\Users\JCarvalhoJr\eclipse-workspace_2018\Web_Services_Android\Web_Service_Android_Client\app\build\intermediates\transforms\stackFramesFixer\debug\19.jar --output C:\Users\JCarvalhoJr\eclipse-workspace_2018\Web_Services_Android\Web_Service_Android_Client\app\build\intermediates\transforms\desugar\debug\20.jar --input C:\Users\JCarvalhoJr\eclipse-workspace_2018\Web_Services_Android\Web_Service_Android_Client\app\build\intermediates\transforms\stackFramesFixer\debug\26.jar --output C:\Users\JCarvalhoJr\eclipse-workspace_2018\Web_Services_Android\Web_Service_Android_Client\app\build\intermediates\transforms\desugar\debug\27.jar --input C:\Users\JCarvalhoJr\eclipse-workspace_2018\Web_Services_Android\Web_Service_Android_Client\app\build\intermediates\transforms\stackFramesFixer\debug\25.jar --output C:\Users\JCarvalhoJr\eclipse-workspace_2018\Web_Services_Android\Web_Service_Android_Client\app\build\intermediates\transforms\desugar\debug\26.jar --input C:\Users\JCarvalhoJr\eclipse-workspace_2018\Web_Services_Android\Web_Service_Android_Client\app\build\intermediates\transforms\stackFramesFixer\debug\31.jar --output C:\Users\JCarvalhoJr\eclipse-workspace_2018\Web_Services_Android\Web_Service_Android_Client\app\build\intermediates\transforms\desugar\debug\32.jar --input C:\Users\JCarvalhoJr\eclipse-workspace_2018\Web_Services_Android\Web_Service_Android_Client\app\build\intermediates\transforms\stackFramesFixer\debug\12.jar --output C:\Users\JCarvalhoJr\eclipse-workspace_2018\Web_Services_Android\Web_Service_Android_Client\app\build\intermediates\transforms\desugar\debug\13.jar --input C:\Users\JCarvalhoJr\eclipse-workspace_2018\Web_Services_Android\Web_Service_Android_Client\app\build\intermediates\transforms\stackFramesFixer\debug\4.jar --output C:\Users\JCarvalhoJr\eclipse-workspace_2018\Web_Services_Android\Web_Service_Android_Client\app\build\intermediates\transforms\desugar\debug\5.jar --in
java_class_path (initial): C:\Users\JCarvalhoJr\AppData\Local\Temp\desugar_deploy.jar459280170640432245
Launcher Type: SUN_STANDARD

Environment Variables:
CLASSPATH=.;C:\Program Files (x86)\Griaule\Fingerprint SDK 2009\bin\GrFingerJava.jar
USERNAME=JCarvalhoJr
OS=Windows_NT
PROCESSOR_IDENTIFIER=Intel64 Family 6 Model 42 Stepping 7, GenuineIntel



---------------  S Y S T E M  ---------------

OS: Windows 10.0 , 64 bit Build 16299 (10.0.16299.15)

CPU:total 4 (initial active 4) (2 cores per cpu, 2 threads per core) family 6 model 42 stepping 7, cmov, cx8, fxsr, mmx, sse, sse2, sse3, ssse3, sse4.1, sse4.2, popcnt, avx, aes, clmul, ht, tsc, tscinvbit

Memory: 4k page, physical 12496748k(3423144k free), swap 13545324k(4100k free)

vm_info: OpenJDK 64-Bit Server VM (25.152-b01) for windows-amd64 JRE (1.8.0_152-release-915-b01), built by "builder" with MS VC++ 10.0 (VS2010)

time: Sun Mar 11 19:34:30 2018
elapsed time: 3 seconds (0d 0h 0m 3s)

