#
# There is insufficient memory for the Java Runtime Environment to continue.
# Native memory allocation (malloc) failed to allocate 527056 bytes for Chunk::new
# Possible reasons:
#   The system is out of physical RAM or swap space
#   In 32 bit mode, the process size limit was hit
# Possible solutions:
#   Reduce memory load on the system
#   Increase physical memory or swap space
#   Check if swap backing store is full
#   Use 64 bit Java on a 64 bit OS
#   Decrease Java heap size (-Xmx/-Xms)
#   Decrease number of Java threads
#   Decrease Java thread stack sizes (-Xss)
#   Set larger code cache with -XX:ReservedCodeCacheSize=
# This output file may be truncated or incomplete.
#
#  Out of Memory Error (allocation.cpp:390), pid=18556, tid=0x0000000000004918
#
# JRE version: OpenJDK Runtime Environment (8.0_152-b01) (build 1.8.0_152-release-915-b01)
# Java VM: OpenJDK 64-Bit Server VM (25.152-b01 mixed mode windows-amd64 compressed oops)
# Failed to write core dump. Minidumps are not enabled by default on client versions of Windows
#

---------------  T H R E A D  ---------------

Current thread (0x0000000014963000):  JavaThread "C2 CompilerThread0" daemon [_thread_in_native, id=18712, stack(0x00000000160b0000,0x00000000161b0000)]

Stack: [0x00000000160b0000,0x00000000161b0000]
[error occurred during error reporting (printing stack bounds), id 0xc0000005]

Native frames: (J=compiled Java code, j=interpreted, Vv=VM code, C=native code)


Current CompileTask:
C2:   3776  856 %     4       org.objectweb.asm.ClassReader::a @ 74 (3587 bytes)


---------------  P R O C E S S  ---------------

Java Threads: ( => current thread )
  0x00000000162bb000 JavaThread "Service Thread" daemon [_thread_blocked, id=18544, stack(0x00000000167b0000,0x00000000168b0000)]
  0x00000000149b9000 JavaThread "C1 CompilerThread2" daemon [_thread_blocked, id=10160, stack(0x00000000166b0000,0x00000000167b0000)]
  0x00000000149b6800 JavaThread "C2 CompilerThread1" daemon [_thread_blocked, id=4596, stack(0x00000000161b0000,0x00000000162b0000)]
=>0x0000000014963000 JavaThread "C2 CompilerThread0" daemon [_thread_in_native, id=18712, stack(0x00000000160b0000,0x00000000161b0000)]
  0x0000000014960800 JavaThread "Attach Listener" daemon [_thread_blocked, id=2512, stack(0x0000000015fb0000,0x00000000160b0000)]
  0x000000001495f800 JavaThread "Signal Dispatcher" daemon [_thread_blocked, id=10828, stack(0x0000000015eb0000,0x0000000015fb0000)]
  0x00000000045fc000 JavaThread "Finalizer" daemon [_thread_blocked, id=16332, stack(0x0000000015bb0000,0x0000000015cb0000)]
  0x00000000045f7000 JavaThread "Reference Handler" daemon [_thread_blocked, id=8196, stack(0x0000000015ab0000,0x0000000015bb0000)]
  0x0000000004506800 JavaThread "main" [_thread_in_vm, id=14184, stack(0x0000000004400000,0x0000000004500000)]

Other Threads:
  0x0000000014926000 VMThread [stack: 0x00000000159b0000,0x0000000015ab0000] [id=3180]
  0x00000000162bc000 WatcherThread [stack: 0x00000000168b0000,0x00000000169b0000] [id=18800]

VM state:not at safepoint (normal execution)

VM Mutex/Monitor currently owned by a thread: None

Heap:
 PSYoungGen      total 18944K, used 4273K [0x00000000feb00000, 0x0000000100000000, 0x0000000100000000)
  eden space 16384K, 10% used [0x00000000feb00000,0x00000000fecad718,0x00000000ffb00000)
  from space 2560K, 99% used [0x00000000ffd80000,0x00000000ffffee10,0x0000000100000000)
  to   space 2560K, 0% used [0x00000000ffb00000,0x00000000ffb00000,0x00000000ffd80000)
 ParOldGen       total 44032K, used 5178K [0x00000000fc000000, 0x00000000feb00000, 0x00000000feb00000)
  object space 44032K, 11% used [0x00000000fc000000,0x00000000fc50e8a8,0x00000000feb00000)
 Metaspace       used 7526K, capacity 7704K, committed 7936K, reserved 1056768K
  class space    used 867K, capacity 956K, committed 1024K, reserved 1048576K

Card table byte_map: [0x0000000002980000,0x00000000029b0000] byte_map_base: 0x00000000021a0000

Marking Bits: (ParMarkBitMap*) 0x0000000066963950
 Begin Bits: [0x0000000013dc0000, 0x0000000013ec0000)
 End Bits:   [0x0000000013ec0000, 0x0000000013fc0000)

Polling page: 0x0000000002950000

CodeCache: size=245760Kb used=3611Kb max_used=3626Kb free=242148Kb
 bounds [0x0000000004600000, 0x0000000004990000, 0x0000000013600000]
 total_blobs=1237 nmethods=906 adapters=245
 compilation: enabled

Compilation events (10 events):
Event: 3.610 Thread 0x00000000149b9000  903       3       com.google.devtools.build.android.desugar.Java7Compatibility::visitInnerClass (19 bytes)
Event: 3.610 Thread 0x00000000149b9000 nmethod 903 0x000000000496d950 code [0x000000000496dae0, 0x000000000496deb8]
Event: 3.610 Thread 0x00000000149b9000  904       3       org.objectweb.asm.ClassWriter::visitInnerClass (118 bytes)
Event: 3.611 Thread 0x00000000149b9000 nmethod 904 0x000000000496cb10 code [0x000000000496cd00, 0x000000000496d468]
Event: 3.612 Thread 0x00000000149b6800  905       4       java.util.ArrayList::add (29 bytes)
Event: 3.617 Thread 0x00000000149b6800 nmethod 905 0x0000000004984290 code [0x00000000049843e0, 0x0000000004984708]
Event: 3.619 Thread 0x00000000149b6800  906       4       org.objectweb.asm.MethodVisitor::visitFieldInsn (20 bytes)
Event: 3.722 Thread 0x00000000149b6800 nmethod 906 0x00000000049872d0 code [0x00000000049875e0, 0x0000000004989718]
Event: 3.724 Thread 0x00000000149b6800  907       4       org.objectweb.asm.tree.LabelNode::accept (9 bytes)
Event: 3.771 Thread 0x00000000149b6800 nmethod 907 0x000000000498cdd0 code [0x000000000498cfa0, 0x000000000498ddf8]

GC Heap History (4 events):
Event: 2.074 GC heap before
{Heap before GC invocations=1 (full 0):
 PSYoungGen      total 18944K, used 16384K [0x00000000feb00000, 0x0000000100000000, 0x0000000100000000)
  eden space 16384K, 100% used [0x00000000feb00000,0x00000000ffb00000,0x00000000ffb00000)
  from space 2560K, 0% used [0x00000000ffd80000,0x00000000ffd80000,0x0000000100000000)
  to   space 2560K, 0% used [0x00000000ffb00000,0x00000000ffb00000,0x00000000ffd80000)
 ParOldGen       total 44032K, used 0K [0x00000000fc000000, 0x00000000feb00000, 0x00000000feb00000)
  object space 44032K, 0% used [0x00000000fc000000,0x00000000fc000000,0x00000000feb00000)
 Metaspace       used 6524K, capacity 6730K, committed 7040K, reserved 1056768K
  class space    used 769K, capacity 823K, committed 896K, reserved 1048576K
Event: 2.080 GC heap after
Heap after GC invocations=1 (full 0):
 PSYoungGen      total 18944K, used 2544K [0x00000000feb00000, 0x0000000100000000, 0x0000000100000000)
  eden space 16384K, 0% used [0x00000000feb00000,0x00000000feb00000,0x00000000ffb00000)
  from space 2560K, 99% used [0x00000000ffb00000,0x00000000ffd7c020,0x00000000ffd80000)
  to   space 2560K, 0% used [0x00000000ffd80000,0x00000000ffd80000,0x0000000100000000)
 ParOldGen       total 44032K, used 1513K [0x00000000fc000000, 0x00000000feb00000, 0x00000000feb00000)
  object space 44032K, 3% used [0x00000000fc000000,0x00000000fc17a580,0x00000000feb00000)
 Metaspace       used 6524K, capacity 6730K, committed 7040K, reserved 1056768K
  class space    used 769K, capacity 823K, committed 896K, reserved 1048576K
}
Event: 3.356 GC heap before
{Heap before GC invocations=2 (full 0):
 PSYoungGen      total 18944K, used 18928K [0x00000000feb00000, 0x0000000100000000, 0x0000000100000000)
  eden space 16384K, 100% used [0x00000000feb00000,0x00000000ffb00000,0x00000000ffb00000)
  from space 2560K, 99% used [0x00000000ffb00000,0x00000000ffd7c020,0x00000000ffd80000)
  to   space 2560K, 0% used [0x00000000ffd80000,0x00000000ffd80000,0x0000000100000000)
 ParOldGen       total 44032K, used 1513K [0x00000000fc000000, 0x00000000feb00000, 0x00000000feb00000)
  object space 44032K, 3% used [0x00000000fc000000,0x00000000fc17a580,0x00000000feb00000)
 Metaspace       used 7495K, capacity 7640K, committed 7936K, reserved 1056768K
  class space    used 867K, capacity 956K, committed 1024K, reserved 1048576K
Event: 3.522 GC heap after
Heap after GC invocations=2 (full 0):
 PSYoungGen      total 18944K, used 2555K [0x00000000feb00000, 0x0000000100000000, 0x0000000100000000)
  eden space 16384K, 0% used [0x00000000feb00000,0x00000000feb00000,0x00000000ffb00000)
  from space 2560K, 99% used [0x00000000ffd80000,0x00000000ffffee10,0x0000000100000000)
  to   space 2560K, 0% used [0x00000000ffb00000,0x00000000ffb00000,0x00000000ffd80000)
 ParOldGen       total 44032K, used 5178K [0x00000000fc000000, 0x00000000feb00000, 0x00000000feb00000)
  object space 44032K, 11% used [0x00000000fc000000,0x00000000fc50e8a8,0x00000000feb00000)
 Metaspace       used 7495K, capacity 7640K, committed 7936K, reserved 1056768K
  class space    used 867K, capacity 956K, committed 1024K, reserved 1048576K
}

Deoptimization events (10 events):
Event: 1.927 Thread 0x0000000004506800 Uncommon trap: reason=unstable_if action=reinterpret pc=0x000000000482462c method=java.util.zip.ZipFile$ZipEntryIterator.hasNext()Z @ 25
Event: 1.928 Thread 0x0000000004506800 Uncommon trap: reason=unstable_if action=reinterpret pc=0x000000000482cca8 method=java.util.zip.ZipCoder.decoder()Ljava/nio/charset/CharsetDecoder; @ 4
Event: 1.928 Thread 0x0000000004506800 Uncommon trap: reason=unstable_if action=reinterpret pc=0x0000000004803098 method=java.util.zip.ZipEntry.setExtra0([BZ)V @ 1
Event: 1.931 Thread 0x0000000004506800 Uncommon trap: reason=unstable_if action=reinterpret pc=0x000000000482f678 method=java.util.zip.ZipCoder.decoder()Ljava/nio/charset/CharsetDecoder; @ 4
Event: 1.961 Thread 0x0000000004506800 Uncommon trap: reason=unstable_if action=reinterpret pc=0x000000000483420c method=java.util.zip.ZipCoder.decoder()Ljava/nio/charset/CharsetDecoder; @ 4
Event: 2.211 Thread 0x0000000004506800 Uncommon trap: reason=unstable_if action=reinterpret pc=0x0000000004831e14 method=java.util.HashMap$HashIterator.hasNext()Z @ 4
Event: 2.236 Thread 0x0000000004506800 Uncommon trap: reason=unstable_if action=reinterpret pc=0x0000000004826d70 method=java.util.zip.ZipFile.getZipEntry(Ljava/lang/String;J)Ljava/util/zip/ZipEntry; @ 19
Event: 2.652 Thread 0x0000000004506800 Uncommon trap: reason=unloaded action=reinterpret pc=0x0000000004831abc method=java.util.zip.ZipEntry.setExtra0([BZ)V @ 37
Event: 3.051 Thread 0x0000000004506800 Uncommon trap: reason=unstable_if action=reinterpret pc=0x00000000047dbb78 method=java.lang.String.indexOf([CII[CIII)I @ 134
Event: 3.079 Thread 0x0000000004506800 Uncommon trap: reason=unstable_if action=reinterpret pc=0x00000000047b482c method=java.lang.String.<init>([CII)V @ 18

Classes redefined (0 events):
No events

Internal exceptions (10 events):
Event: 2.297 Thread 0x0000000004506800 Exception <a 'sun/nio/fs/WindowsException'> (0x00000000ff19a310) thrown at [D:\src\AOSP-openjdk-cygwin\jdk8u\hotspot\src\share\vm\prims\jni.cpp, line 709]
Event: 2.297 Thread 0x0000000004506800 Exception <a 'sun/nio/fs/WindowsException'> (0x00000000ff19a928) thrown at [D:\src\AOSP-openjdk-cygwin\jdk8u\hotspot\src\share\vm\prims\jni.cpp, line 709]
Event: 2.298 Thread 0x0000000004506800 Exception <a 'sun/nio/fs/WindowsException'> (0x00000000ff19b108) thrown at [D:\src\AOSP-openjdk-cygwin\jdk8u\hotspot\src\share\vm\prims\jni.cpp, line 709]
Event: 2.298 Thread 0x0000000004506800 Exception <a 'sun/nio/fs/WindowsException'> (0x00000000ff19b6f8) thrown at [D:\src\AOSP-openjdk-cygwin\jdk8u\hotspot\src\share\vm\prims\jni.cpp, line 709]
Event: 2.298 Thread 0x0000000004506800 Exception <a 'sun/nio/fs/WindowsException'> (0x00000000ff19bec8) thrown at [D:\src\AOSP-openjdk-cygwin\jdk8u\hotspot\src\share\vm\prims\jni.cpp, line 709]
Event: 2.312 Thread 0x0000000004506800 Exception <a 'sun/nio/fs/WindowsException'> (0x00000000ff1a13d8) thrown at [D:\src\AOSP-openjdk-cygwin\jdk8u\hotspot\src\share\vm\prims\jni.cpp, line 709]
Event: 2.898 Thread 0x0000000004506800 Exception <a 'sun/nio/fs/WindowsException'> (0x00000000ff4c1048) thrown at [D:\src\AOSP-openjdk-cygwin\jdk8u\hotspot\src\share\vm\prims\jni.cpp, line 709]
Event: 2.901 Thread 0x0000000004506800 Exception <a 'sun/nio/fs/WindowsException'> (0x00000000ff4c1648) thrown at [D:\src\AOSP-openjdk-cygwin\jdk8u\hotspot\src\share\vm\prims\jni.cpp, line 709]
Event: 3.070 Thread 0x0000000004506800 Exception <a 'sun/nio/fs/WindowsException'> (0x00000000ff633ea8) thrown at [D:\src\AOSP-openjdk-cygwin\jdk8u\hotspot\src\share\vm\prims\jni.cpp, line 709]
Event: 3.070 Thread 0x0000000004506800 Exception <a 'sun/nio/fs/WindowsException'> (0x00000000ff634428) thrown at [D:\src\AOSP-openjdk-cygwin\jdk8u\hotspot\src\share\vm\prims\jni.cpp, line 709]

Events (10 events):
Event: 3.067 loading class java/util/Vector$Itr done
Event: 3.079 Thread 0x0000000004506800 Uncommon trap: trap_request=0xffffff65 fr.pc=0x00000000047b482c
Event: 3.079 Thread 0x0000000004506800 DEOPT PACKING pc=0x00000000047b482c sp=0x00000000044feac0
Event: 3.079 Thread 0x0000000004506800 DEOPT UNPACKING pc=0x000000000464556a sp=0x00000000044fea88 mode 2
Event: 3.346 loading class org/objectweb/asm/tree/TryCatchBlockNode
Event: 3.346 loading class org/objectweb/asm/tree/TryCatchBlockNode done
Event: 3.347 loading class org/objectweb/asm/Handler
Event: 3.347 loading class org/objectweb/asm/Handler done
Event: 3.356 Executing VM operation: ParallelGCFailedAllocation
Event: 3.522 Executing VM operation: ParallelGCFailedAllocation done


Dynamic libraries:
0x00007ff67e2c0000 - 0x00007ff67e2f1000 	C:\WINDOWS\System32\win32u.dll
0x00007ffa8bac0000 - 0x00007ffa8bca0000 	C:\WINDOWS\SYSTEM32\ntdll.dll
0x00007ffa8b2c0000 - 0x00007ffa8b36e000 	C:\WINDOWS\System32\KERNEL32.DLL
0x00007ffa88210000 - 0x00007ffa88476000 	C:\WINDOWS\System32\KERNELBASE.dll
0x00007ffa89420000 - 0x00007ffa894c1000 	C:\WINDOWS\WinSxS\amd64_microsoft.windows.common-controls_6595b64144ccf1df_6.0.16299.19_none_cc92fab02215da61\COMCTL32.dll
0x00007ffa89bf0000 - 0x00007ffa89c8d000 	C:\WINDOWS\System32\msvcrt.dll
0x00007ffa89c90000 - 0x00007ffa89ceb000 	C:\WINDOWS\System32\sechost.dll
0x00007ffa8b740000 - 0x00007ffa8b85f000 	C:\WINDOWS\System32\RPCRT4.dll
0x00007ffa8b510000 - 0x00007ffa8b69e000 	C:\WINDOWS\System32\USER32.dll
0x00007ffa885a0000 - 0x00007ffa885c0000 	C:\WINDOWS\System32\win32u.dll
0x00007ffa8ba00000 - 0x00007ffa8ba28000 	C:\WINDOWS\SYSTEM32\WSOCK32.dll
0x00007ffa88020000 - 0x00007ffa881b4000 	C:\WINDOWS\System32\WS2_32.dll
0x00007ffa88500000 - 0x00007ffa8859b000 	C:\WINDOWS\SYSTEM32\VERSION.dll
0x00007ffa87ec0000 - 0x00007ffa87fb6000 	C:\WINDOWS\SYSTEM32\WINMM.dll
0x00007ffa788b0000 - 0x00007ffa78b19000 	C:\WINDOWS\WinSxS\amd64_microsoft.windows.common-controls_6595b64144ccf1df_6.0.16299.19_none_cc92fab02215da61\COMCTL32.dll
0x00007ffa89110000 - 0x00007ffa89418000 	C:\WINDOWS\System32\combase.dll
0x00007ffa88480000 - 0x00007ffa884f2000 	C:\WINDOWS\System32\bcryptPrimitives.dll
0x00007ffa89e40000 - 0x00007ffa89e6d000 	C:\WINDOWS\System32\IMM32.DLL
0x000000006b270000 - 0x000000006b342000 	C:\Program Files\Android\Android Studio1\jre\jre\bin\msvcr100.dll
0x00000000661a0000 - 0x00000000669de000 	C:\Program Files\Android\Android Studio1\jre\jre\bin\server\jvm.dll
0x00007ffa89100000 - 0x00007ffa89108000 	C:\WINDOWS\System32\PSAPI.DLL
0x00007ffa83640000 - 0x00007ffa83649000 	C:\WINDOWS\System32\KERNELBASE.dll
0x00007ffa894d0000 - 0x00007ffa8953c000 	C:\WINDOWS\System32\RPCRT4.dll
0x00007ffa78b50000 - 0x00007ffa78b5a000 	C:\WINDOWS\System32\GDI32.dll
0x00007ffa86270000 - 0x00007ffa86293000 	C:\WINDOWS\System32\msvcp_win.dll
0x00007ffa86210000 - 0x00007ffa8623a000 	C:\WINDOWS\System32\combase.dll
0x00007ffa881c0000 - 0x00007ffa8820a000 	C:\WINDOWS\System32\IMM32.DLL
0x00007ffa6b210000 - 0x00007ffa6b21f000 	C:\Program Files\Android\Android Studio1\jre\jre\bin\server\jvm.dll
0x00007ffa4fec0000 - 0x00007ffa4fee9000 	C:\Program Files\Android\Android Studio1\jre\jre\bin\java.dll
0x00007ffa54bd0000 - 0x00007ffa54be6000 	C:\WINDOWS\System32\WS2_32.dll
0x00007ffa89e70000 - 0x00007ffa8b2a7000 	C:\WINDOWS\SYSTEM32\WINMM.dll
0x00007ffa89ac0000 - 0x00007ffa89b66000 	C:\WINDOWS\System32\cfgmgr32.dll
0x00007ffa88840000 - 0x00007ffa88f87000 	C:\Program Files\Android\Android Studio1\jre\jre\bin\verify.dll
0x00007ffa8b3e0000 - 0x00007ffa8b431000 	C:\Program Files\Android\Android Studio1\jre\jre\bin\zip.dll
0x00007ffa87e30000 - 0x00007ffa87e41000 	C:\WINDOWS\System32\kernel.appcore.dll
0x00007ffa87e70000 - 0x00007ffa87ebc000 	C:\WINDOWS\System32\powrprof.dll
0x00007ffa87e50000 - 0x00007ffa87e6b000 	C:\WINDOWS\System32\profapi.dll
0x00007ffa87860000 - 0x00007ffa87877000 	C:\WINDOWS\SYSTEM32\CRYPTSP.dll
0x00007ffa87250000 - 0x00007ffa87283000 	C:\WINDOWS\system32\rsaenh.dll
0x00007ffa87970000 - 0x00007ffa87995000 	C:\WINDOWS\SYSTEM32\bcrypt.dll
0x00007ffa87d10000 - 0x00007ffa87d39000 	C:\WINDOWS\SYSTEM32\USERENV.dll
0x00007ffa87880000 - 0x00007ffa8788b000 	C:\WINDOWS\SYSTEM32\CRYPTBASE.dll
0x00007ffa53920000 - 0x00007ffa5393a000 	C:\Program Files\Android\Android Studio1\jre\jre\bin\net.dll
0x00007ffa876a0000 - 0x00007ffa87706000 	C:\WINDOWS\system32\mswsock.dll
0x00007ffa87430000 - 0x00007ffa87469000 	C:\WINDOWS\SYSTEM32\IPHLPAPI.DLL
0x00007ffa8b3d0000 - 0x00007ffa8b3d8000 	C:\WINDOWS\System32\NSI.dll
0x00007ffa7e010000 - 0x00007ffa7e026000 	C:\WINDOWS\SYSTEM32\dhcpcsvc6.DLL
0x00007ffa7dff0000 - 0x00007ffa7e00a000 	C:\WINDOWS\SYSTEM32\dhcpcsvc.DLL
0x00007ffa4fea0000 - 0x00007ffa4feb1000 	C:\Program Files\Android\Android Studio1\jre\jre\bin\nio.dll

VM Arguments:
jvm_args: -Djava.awt.headless=true -Xmx64M -Dfile.encoding=windows-1252 -Duser.country=BR -Duser.language=pt -Duser.variant 
java_command: com.google.devtools.build.android.desugar.Desugar --input C:\Users\JCarvalhoJr\eclipse-workspace_2018\Web_Services_Android\Web_Service_Android_Client\app\build\intermediates\transforms\stackFramesFixer\debug\25.jar --output C:\Users\JCarvalhoJr\eclipse-workspace_2018\Web_Services_Android\Web_Service_Android_Client\app\build\intermediates\transforms\desugar\debug\26.jar --input C:\Users\JCarvalhoJr\eclipse-workspace_2018\Web_Services_Android\Web_Service_Android_Client\app\build\intermediates\transforms\stackFramesFixer\debug\9.jar --output C:\Users\JCarvalhoJr\eclipse-workspace_2018\Web_Services_Android\Web_Service_Android_Client\app\build\intermediates\transforms\desugar\debug\10.jar --input C:\Users\JCarvalhoJr\eclipse-workspace_2018\Web_Services_Android\Web_Service_Android_Client\app\build\intermediates\transforms\stackFramesFixer\debug\10.jar --output C:\Users\JCarvalhoJr\eclipse-workspace_2018\Web_Services_Android\Web_Service_Android_Client\app\build\intermediates\transforms\desugar\debug\11.jar --input C:\Users\JCarvalhoJr\eclipse-workspace_2018\Web_Services_Android\Web_Service_Android_Client\app\build\intermediates\transforms\stackFramesFixer\debug\23.jar --output C:\Users\JCarvalhoJr\eclipse-workspace_2018\Web_Services_Android\Web_Service_Android_Client\app\build\intermediates\transforms\desugar\debug\24.jar --input C:\Users\JCarvalhoJr\eclipse-workspace_2018\Web_Services_Android\Web_Service_Android_Client\app\build\intermediates\transforms\stackFramesFixer\debug\17.jar --output C:\Users\JCarvalhoJr\eclipse-workspace_2018\Web_Services_Android\Web_Service_Android_Client\app\build\intermediates\transforms\desugar\debug\18.jar --input C:\Users\JCarvalhoJr\eclipse-workspace_2018\Web_Services_Android\Web_Service_Android_Client\app\build\intermediates\transforms\stackFramesFixer\debug\13.jar --output C:\Users\JCarvalhoJr\eclipse-workspace_2018\Web_Services_Android\Web_Service_Android_Client\app\build\intermediates\transforms\desugar\debug\14.jar --i
java_class_path (initial): C:\Users\JCarvalhoJr\AppData\Local\Temp\desugar_deploy.jar3951035612156620796
Launcher Type: SUN_STANDARD

Environment Variables:
JAVA_HOME=C:\Program Files\Java\jdk1.8.0_162
CLASSPATH=.;C:\Program Files (x86)\Griaule\Fingerprint SDK 2009\bin\GrFingerJava.jar
USERNAME=JCarvalhoJr
OS=Windows_NT
PROCESSOR_IDENTIFIER=Intel64 Family 6 Model 42 Stepping 7, GenuineIntel



---------------  S Y S T E M  ---------------

OS: Windows 10.0 , 64 bit Build 16299 (10.0.16299.15)

CPU:total 4 (initial active 4) (2 cores per cpu, 2 threads per core) family 6 model 42 stepping 7, cmov, cx8, fxsr, mmx, sse, sse2, sse3, ssse3, sse4.1, sse4.2, popcnt, avx, aes, clmul, ht, tsc, tscinvbit

Memory: 4k page, physical 12496748k(5514236k free), swap 13545324k(5336k free)

vm_info: OpenJDK 64-Bit Server VM (25.152-b01) for windows-amd64 JRE (1.8.0_152-release-915-b01), built by "builder" with MS VC++ 10.0 (VS2010)

time: Thu Mar 22 15:45:36 2018
elapsed time: 3 seconds (0d 0h 0m 3s)

