#
# There is insufficient memory for the Java Runtime Environment to continue.
# Native memory allocation (malloc) failed to allocate 312496 bytes for Chunk::new
# Possible reasons:
#   The system is out of physical RAM or swap space
#   In 32 bit mode, the process size limit was hit
# Possible solutions:
#   Reduce memory load on the system
#   Increase physical memory or swap space
#   Check if swap backing store is full
#   Use 64 bit Java on a 64 bit OS
#   Decrease Java heap size (-Xmx/-Xms)
#   Decrease number of Java threads
#   Decrease Java thread stack sizes (-Xss)
#   Set larger code cache with -XX:ReservedCodeCacheSize=
# This output file may be truncated or incomplete.
#
#  Out of Memory Error (allocation.cpp:390), pid=18680, tid=0x0000000000004b58
#
# JRE version: OpenJDK Runtime Environment (8.0_152-b01) (build 1.8.0_152-release-915-b01)
# Java VM: OpenJDK 64-Bit Server VM (25.152-b01 mixed mode windows-amd64 compressed oops)
# Failed to write core dump. Minidumps are not enabled by default on client versions of Windows
#

---------------  T H R E A D  ---------------

Current thread (0x0000000015345000):  JavaThread "C2 CompilerThread1" daemon [_thread_in_native, id=19288, stack(0x0000000016bb0000,0x0000000016cb0000)]

Stack: [0x0000000016bb0000,0x0000000016cb0000]
[error occurred during error reporting (printing stack bounds), id 0xc0000005]

Native frames: (J=compiled Java code, j=interpreted, Vv=VM code, C=native code)


Current CompileTask:
C2:   2976  922       4       org.objectweb.asm.MethodVisitor::visitMethodInsn (68 bytes)


---------------  P R O C E S S  ---------------

Java Threads: ( => current thread )
  0x0000000016cbb000 JavaThread "Service Thread" daemon [_thread_blocked, id=14848, stack(0x00000000171b0000,0x00000000172b0000)]
  0x0000000016cb0800 JavaThread "C1 CompilerThread2" daemon [_thread_in_native, id=17804, stack(0x00000000170b0000,0x00000000171b0000)]
=>0x0000000015345000 JavaThread "C2 CompilerThread1" daemon [_thread_in_native, id=19288, stack(0x0000000016bb0000,0x0000000016cb0000)]
  0x0000000015343000 JavaThread "C2 CompilerThread0" daemon [_thread_in_native, id=8208, stack(0x0000000016ab0000,0x0000000016bb0000)]
  0x0000000015340800 JavaThread "Attach Listener" daemon [_thread_blocked, id=19304, stack(0x00000000169b0000,0x0000000016ab0000)]
  0x000000001533f800 JavaThread "Signal Dispatcher" daemon [_thread_blocked, id=18956, stack(0x00000000168b0000,0x00000000169b0000)]
  0x0000000004f4c000 JavaThread "Finalizer" daemon [_thread_blocked, id=9144, stack(0x00000000165a0000,0x00000000166a0000)]
  0x0000000004f47000 JavaThread "Reference Handler" daemon [_thread_blocked, id=19112, stack(0x00000000164a0000,0x00000000165a0000)]
  0x0000000004e56800 JavaThread "main" [_thread_in_Java, id=19276, stack(0x0000000004d50000,0x0000000004e50000)]

Other Threads:
  0x0000000015306000 VMThread [stack: 0x00000000163a0000,0x00000000164a0000] [id=18472]
  0x0000000016cbc000 WatcherThread [stack: 0x00000000172b0000,0x00000000173b0000] [id=1224]

VM state:not at safepoint (normal execution)

VM Mutex/Monitor currently owned by a thread: None

Heap:
 PSYoungGen      total 18944K, used 14008K [0x00000000feb00000, 0x0000000100000000, 0x0000000100000000)
  eden space 16384K, 70% used [0x00000000feb00000,0x00000000ff633850,0x00000000ffb00000)
  from space 2560K, 99% used [0x00000000ffd80000,0x00000000ffffa7f0,0x0000000100000000)
  to   space 2560K, 0% used [0x00000000ffb00000,0x00000000ffb00000,0x00000000ffd80000)
 ParOldGen       total 44032K, used 4657K [0x00000000fc000000, 0x00000000feb00000, 0x00000000feb00000)
  object space 44032K, 10% used [0x00000000fc000000,0x00000000fc48c5a0,0x00000000feb00000)
 Metaspace       used 7517K, capacity 7720K, committed 7936K, reserved 1056768K
  class space    used 867K, capacity 956K, committed 1024K, reserved 1048576K

Card table byte_map: [0x0000000014320000,0x0000000014350000] byte_map_base: 0x0000000013b40000

Marking Bits: (ParMarkBitMap*) 0x0000000066963950
 Begin Bits: [0x0000000014770000, 0x0000000014870000)
 End Bits:   [0x0000000014870000, 0x0000000014970000)

Polling page: 0x0000000003270000

CodeCache: size=245760Kb used=3676Kb max_used=3676Kb free=242083Kb
 bounds [0x0000000004f60000, 0x0000000005300000, 0x0000000013f60000]
 total_blobs=1272 nmethods=941 adapters=245
 compilation: enabled

Compilation events (10 events):
Event: 2.920 Thread 0x0000000016cb0800  942       1       sun.util.calendar.CalendarDate::getZone (5 bytes)
Event: 2.920 Thread 0x0000000016cb0800 nmethod 942 0x00000000052f3590 code [0x00000000052f36e0, 0x00000000052f37f0]
Event: 2.921 Thread 0x0000000016cb0800  943       1       sun.util.calendar.CalendarDate::isNormalized (5 bytes)
Event: 2.921 Thread 0x0000000016cb0800 nmethod 943 0x00000000052f32d0 code [0x00000000052f3420, 0x00000000052f3530]
Event: 2.921 Thread 0x0000000016cb0800  944       3       sun.util.calendar.BaseCalendar::isLeapYear (5 bytes)
Event: 2.921 Thread 0x0000000016cb0800 nmethod 944 0x00000000052f2d50 code [0x00000000052f2ec0, 0x00000000052f31b0]
Event: 2.921 Thread 0x0000000016cb0800  945       3       sun.util.calendar.CalendarDate::setLeapYear (6 bytes)
Event: 2.921 Thread 0x0000000016cb0800 nmethod 945 0x00000000052f2990 code [0x00000000052f2ae0, 0x00000000052f2c30]
Event: 2.921 Thread 0x0000000016cb0800  946       3       java.util.zip.CRC32::getValue (10 bytes)
Event: 2.921 Thread 0x0000000016cb0800 nmethod 946 0x00000000052f8cd0 code [0x00000000052f8e20, 0x00000000052f8f90]

GC Heap History (4 events):
Event: 1.712 GC heap before
{Heap before GC invocations=1 (full 0):
 PSYoungGen      total 18944K, used 16384K [0x00000000feb00000, 0x0000000100000000, 0x0000000100000000)
  eden space 16384K, 100% used [0x00000000feb00000,0x00000000ffb00000,0x00000000ffb00000)
  from space 2560K, 0% used [0x00000000ffd80000,0x00000000ffd80000,0x0000000100000000)
  to   space 2560K, 0% used [0x00000000ffb00000,0x00000000ffb00000,0x00000000ffd80000)
 ParOldGen       total 44032K, used 0K [0x00000000fc000000, 0x00000000feb00000, 0x00000000feb00000)
  object space 44032K, 0% used [0x00000000fc000000,0x00000000fc000000,0x00000000feb00000)
 Metaspace       used 6509K, capacity 6618K, committed 6784K, reserved 1056768K
  class space    used 768K, capacity 823K, committed 896K, reserved 1048576K
Event: 1.718 GC heap after
Heap after GC invocations=1 (full 0):
 PSYoungGen      total 18944K, used 2545K [0x00000000feb00000, 0x0000000100000000, 0x0000000100000000)
  eden space 16384K, 0% used [0x00000000feb00000,0x00000000feb00000,0x00000000ffb00000)
  from space 2560K, 99% used [0x00000000ffb00000,0x00000000ffd7c5e0,0x00000000ffd80000)
  to   space 2560K, 0% used [0x00000000ffd80000,0x00000000ffd80000,0x0000000100000000)
 ParOldGen       total 44032K, used 1514K [0x00000000fc000000, 0x00000000feb00000, 0x00000000feb00000)
  object space 44032K, 3% used [0x00000000fc000000,0x00000000fc17a840,0x00000000feb00000)
 Metaspace       used 6509K, capacity 6618K, committed 6784K, reserved 1056768K
  class space    used 768K, capacity 823K, committed 896K, reserved 1048576K
}
Event: 2.642 GC heap before
{Heap before GC invocations=2 (full 0):
 PSYoungGen      total 18944K, used 18909K [0x00000000feb00000, 0x0000000100000000, 0x0000000100000000)
  eden space 16384K, 99% used [0x00000000feb00000,0x00000000ffafb070,0x00000000ffb00000)
  from space 2560K, 99% used [0x00000000ffb00000,0x00000000ffd7c5e0,0x00000000ffd80000)
  to   space 2560K, 0% used [0x00000000ffd80000,0x00000000ffd80000,0x0000000100000000)
 ParOldGen       total 44032K, used 1514K [0x00000000fc000000, 0x00000000feb00000, 0x00000000feb00000)
  object space 44032K, 3% used [0x00000000fc000000,0x00000000fc17a840,0x00000000feb00000)
 Metaspace       used 7482K, capacity 7656K, committed 7936K, reserved 1056768K
  class space    used 867K, capacity 956K, committed 1024K, reserved 1048576K
Event: 2.656 GC heap after
Heap after GC invocations=2 (full 0):
 PSYoungGen      total 18944K, used 2537K [0x00000000feb00000, 0x0000000100000000, 0x0000000100000000)
  eden space 16384K, 0% used [0x00000000feb00000,0x00000000feb00000,0x00000000ffb00000)
  from space 2560K, 99% used [0x00000000ffd80000,0x00000000ffffa7f0,0x0000000100000000)
  to   space 2560K, 0% used [0x00000000ffb00000,0x00000000ffb00000,0x00000000ffd80000)
 ParOldGen       total 44032K, used 4657K [0x00000000fc000000, 0x00000000feb00000, 0x00000000feb00000)
  object space 44032K, 10% used [0x00000000fc000000,0x00000000fc48c5a0,0x00000000feb00000)
 Metaspace       used 7482K, capacity 7656K, committed 7936K, reserved 1056768K
  class space    used 867K, capacity 956K, committed 1024K, reserved 1048576K
}

Deoptimization events (10 events):
Event: 1.656 Thread 0x0000000004e56800 Uncommon trap: reason=unstable_if action=reinterpret pc=0x00000000051842c8 method=java.util.zip.ZipFile$ZipEntryIterator.hasNext()Z @ 25
Event: 1.656 Thread 0x0000000004e56800 Uncommon trap: reason=unstable_if action=reinterpret pc=0x000000000518dcb8 method=java.util.zip.ZipCoder.decoder()Ljava/nio/charset/CharsetDecoder; @ 4
Event: 1.659 Thread 0x0000000004e56800 Uncommon trap: reason=unstable_if action=reinterpret pc=0x000000000518559c method=java.util.zip.ZipCoder.decoder()Ljava/nio/charset/CharsetDecoder; @ 4
Event: 1.786 Thread 0x0000000004e56800 Uncommon trap: reason=unstable_if action=reinterpret pc=0x0000000005197488 method=java.util.HashMap$HashIterator.nextNode()Ljava/util/HashMap$Node; @ 74
Event: 1.892 Thread 0x0000000004e56800 Uncommon trap: reason=unstable_if action=reinterpret pc=0x000000000519d708 method=java.util.HashMap$HashIterator.nextNode()Ljava/util/HashMap$Node; @ 74
Event: 2.073 Thread 0x0000000004e56800 Uncommon trap: reason=unloaded action=reinterpret pc=0x0000000005190fbc method=java.util.zip.ZipEntry.setExtra0([BZ)V @ 37
Event: 2.223 Thread 0x0000000004e56800 Uncommon trap: reason=unstable_if action=reinterpret pc=0x0000000005142178 method=java.lang.String.indexOf([CII[CIII)I @ 134
Event: 2.227 Thread 0x0000000004e56800 Uncommon trap: reason=unstable_if action=reinterpret pc=0x000000000510b76c method=java.lang.String.<init>([CII)V @ 18
Event: 2.371 Thread 0x0000000004e56800 Uncommon trap: reason=unstable_if action=reinterpret pc=0x00000000052177b4 method=org.objectweb.asm.ClassReader.readUTF8(I[C)Ljava/lang/String; @ 7
Event: 2.415 Thread 0x0000000004e56800 Uncommon trap: reason=unstable_if action=reinterpret pc=0x000000000526c74c method=org.objectweb.asm.Item.a(Lorg/objectweb/asm/Item;)Z @ 345

Classes redefined (0 events):
No events

Internal exceptions (10 events):
Event: 1.888 Thread 0x0000000004e56800 Exception <a 'sun/nio/fs/WindowsException'> (0x00000000ff19dc88) thrown at [D:\src\AOSP-openjdk-cygwin\jdk8u\hotspot\src\share\vm\prims\jni.cpp, line 709]
Event: 1.888 Thread 0x0000000004e56800 Exception <a 'sun/nio/fs/WindowsException'> (0x00000000ff19e278) thrown at [D:\src\AOSP-openjdk-cygwin\jdk8u\hotspot\src\share\vm\prims\jni.cpp, line 709]
Event: 1.888 Thread 0x0000000004e56800 Exception <a 'sun/nio/fs/WindowsException'> (0x00000000ff19ea48) thrown at [D:\src\AOSP-openjdk-cygwin\jdk8u\hotspot\src\share\vm\prims\jni.cpp, line 709]
Event: 1.895 Thread 0x0000000004e56800 Exception <a 'sun/nio/fs/WindowsException'> (0x00000000ff1a3f58) thrown at [D:\src\AOSP-openjdk-cygwin\jdk8u\hotspot\src\share\vm\prims\jni.cpp, line 709]
Event: 2.109 Thread 0x0000000004e56800 Exception <a 'sun/nio/fs/WindowsException'> (0x00000000ff4c3e78) thrown at [D:\src\AOSP-openjdk-cygwin\jdk8u\hotspot\src\share\vm\prims\jni.cpp, line 709]
Event: 2.110 Thread 0x0000000004e56800 Exception <a 'sun/nio/fs/WindowsException'> (0x00000000ff4c4478) thrown at [D:\src\AOSP-openjdk-cygwin\jdk8u\hotspot\src\share\vm\prims\jni.cpp, line 709]
Event: 2.307 Thread 0x0000000004e56800 Exception <a 'sun/nio/fs/WindowsException'> (0x00000000ff743098) thrown at [D:\src\AOSP-openjdk-cygwin\jdk8u\hotspot\src\share\vm\prims\jni.cpp, line 709]
Event: 2.308 Thread 0x0000000004e56800 Exception <a 'sun/nio/fs/WindowsException'> (0x00000000ff743618) thrown at [D:\src\AOSP-openjdk-cygwin\jdk8u\hotspot\src\share\vm\prims\jni.cpp, line 709]
Event: 2.363 Thread 0x0000000004e56800 Exception <a 'sun/nio/fs/WindowsException'> (0x00000000ff746bb8) thrown at [D:\src\AOSP-openjdk-cygwin\jdk8u\hotspot\src\share\vm\prims\jni.cpp, line 709]
Event: 2.363 Thread 0x0000000004e56800 Exception <a 'sun/nio/fs/WindowsException'> (0x00000000ff747138) thrown at [D:\src\AOSP-openjdk-cygwin\jdk8u\hotspot\src\share\vm\prims\jni.cpp, line 709]

Events (10 events):
Event: 2.304 loading class java/util/Vector$Itr
Event: 2.304 loading class java/util/Vector$Itr done
Event: 2.371 Thread 0x0000000004e56800 Uncommon trap: trap_request=0xffffff65 fr.pc=0x00000000052177b4
Event: 2.371 Thread 0x0000000004e56800 DEOPT PACKING pc=0x00000000052177b4 sp=0x0000000004e4f000
Event: 2.371 Thread 0x0000000004e56800 DEOPT UNPACKING pc=0x0000000004fa556a sp=0x0000000004e4efd0 mode 2
Event: 2.415 Thread 0x0000000004e56800 Uncommon trap: trap_request=0xffffff65 fr.pc=0x000000000526c74c
Event: 2.415 Thread 0x0000000004e56800 DEOPT PACKING pc=0x000000000526c74c sp=0x0000000004e4ea30
Event: 2.415 Thread 0x0000000004e56800 DEOPT UNPACKING pc=0x0000000004fa556a sp=0x0000000004e4e9c8 mode 2
Event: 2.642 Executing VM operation: ParallelGCFailedAllocation
Event: 2.657 Executing VM operation: ParallelGCFailedAllocation done


Dynamic libraries:
0x00007ff67e2c0000 - 0x00007ff67e2f1000 	C:\Program Files\Android\Android Studio1\jre\bin\java.exe
0x00007ffa8bac0000 - 0x00007ffa8bca0000 	C:\WINDOWS\SYSTEM32\ntdll.dll
0x00007ffa8b2c0000 - 0x00007ffa8b36e000 	C:\WINDOWS\System32\KERNEL32.DLL
0x00007ffa88210000 - 0x00007ffa88476000 	C:\WINDOWS\System32\KERNELBASE.dll
0x00007ffa89420000 - 0x00007ffa894c1000 	C:\WINDOWS\System32\ADVAPI32.dll
0x00007ffa89bf0000 - 0x00007ffa89c8d000 	C:\WINDOWS\System32\msvcrt.dll
0x00007ffa89c90000 - 0x00007ffa89ceb000 	C:\WINDOWS\System32\sechost.dll
0x00007ffa8b740000 - 0x00007ffa8b85f000 	C:\WINDOWS\System32\RPCRT4.dll
0x00007ffa8b510000 - 0x00007ffa8b69e000 	C:\WINDOWS\System32\USER32.dll
0x00007ffa885a0000 - 0x00007ffa885c0000 	C:\WINDOWS\System32\win32u.dll
0x00007ffa8ba00000 - 0x00007ffa8ba28000 	C:\WINDOWS\System32\GDI32.dll
0x00007ffa88020000 - 0x00007ffa881b4000 	C:\WINDOWS\System32\gdi32full.dll
0x00007ffa88500000 - 0x00007ffa8859b000 	C:\WINDOWS\System32\msvcp_win.dll
0x00007ffa87ec0000 - 0x00007ffa87fb6000 	C:\WINDOWS\System32\ucrtbase.dll
0x00007ffa788b0000 - 0x00007ffa78b19000 	C:\WINDOWS\WinSxS\amd64_microsoft.windows.common-controls_6595b64144ccf1df_6.0.16299.19_none_cc92fab02215da61\COMCTL32.dll
0x00007ffa89110000 - 0x00007ffa89418000 	C:\WINDOWS\System32\combase.dll
0x00007ffa88480000 - 0x00007ffa884f2000 	C:\WINDOWS\System32\bcryptPrimitives.dll
0x00007ffa89e40000 - 0x00007ffa89e6d000 	C:\WINDOWS\System32\IMM32.DLL
0x000000006b270000 - 0x000000006b342000 	C:\Program Files\Android\Android Studio1\jre\jre\bin\msvcr100.dll
0x00000000661a0000 - 0x00000000669de000 	C:\Program Files\Android\Android Studio1\jre\jre\bin\server\jvm.dll
0x00007ffa89100000 - 0x00007ffa89108000 	C:\WINDOWS\System32\PSAPI.DLL
0x00007ffa83640000 - 0x00007ffa83649000 	C:\WINDOWS\SYSTEM32\WSOCK32.dll
0x00007ffa894d0000 - 0x00007ffa8953c000 	C:\WINDOWS\System32\WS2_32.dll
0x00007ffa86270000 - 0x00007ffa86293000 	C:\WINDOWS\SYSTEM32\WINMM.dll
0x00007ffa78b50000 - 0x00007ffa78b5a000 	C:\WINDOWS\SYSTEM32\VERSION.dll
0x00007ffa86210000 - 0x00007ffa8623a000 	C:\WINDOWS\SYSTEM32\WINMMBASE.dll
0x00007ffa881c0000 - 0x00007ffa8820a000 	C:\WINDOWS\System32\cfgmgr32.dll
0x00007ffa6b210000 - 0x00007ffa6b21f000 	C:\Program Files\Android\Android Studio1\jre\jre\bin\verify.dll
0x00007ffa4fec0000 - 0x00007ffa4fee9000 	C:\Program Files\Android\Android Studio1\jre\jre\bin\java.dll
0x00007ffa54bd0000 - 0x00007ffa54be6000 	C:\Program Files\Android\Android Studio1\jre\jre\bin\zip.dll
0x00007ffa89e70000 - 0x00007ffa8b2a7000 	C:\WINDOWS\System32\SHELL32.dll
0x00007ffa89ac0000 - 0x00007ffa89b66000 	C:\WINDOWS\System32\shcore.dll
0x00007ffa88840000 - 0x00007ffa88f87000 	C:\WINDOWS\System32\windows.storage.dll
0x00007ffa8b3e0000 - 0x00007ffa8b431000 	C:\WINDOWS\System32\shlwapi.dll
0x00007ffa87e30000 - 0x00007ffa87e41000 	C:\WINDOWS\System32\kernel.appcore.dll
0x00007ffa87e70000 - 0x00007ffa87ebc000 	C:\WINDOWS\System32\powrprof.dll
0x00007ffa87e50000 - 0x00007ffa87e6b000 	C:\WINDOWS\System32\profapi.dll
0x00007ffa87860000 - 0x00007ffa87877000 	C:\WINDOWS\SYSTEM32\CRYPTSP.dll
0x00007ffa87250000 - 0x00007ffa87283000 	C:\WINDOWS\system32\rsaenh.dll
0x00007ffa87970000 - 0x00007ffa87995000 	C:\WINDOWS\SYSTEM32\bcrypt.dll
0x00007ffa87d10000 - 0x00007ffa87d39000 	C:\WINDOWS\SYSTEM32\USERENV.dll
0x00007ffa87880000 - 0x00007ffa8788b000 	C:\WINDOWS\SYSTEM32\CRYPTBASE.dll
0x00007ffa53920000 - 0x00007ffa5393a000 	C:\Program Files\Android\Android Studio1\jre\jre\bin\net.dll
0x00007ffa876a0000 - 0x00007ffa87706000 	C:\WINDOWS\system32\mswsock.dll
0x00007ffa87430000 - 0x00007ffa87469000 	C:\WINDOWS\SYSTEM32\IPHLPAPI.DLL
0x00007ffa8b3d0000 - 0x00007ffa8b3d8000 	C:\WINDOWS\System32\NSI.dll
0x00007ffa7e010000 - 0x00007ffa7e026000 	C:\WINDOWS\SYSTEM32\dhcpcsvc6.DLL
0x00007ffa7dff0000 - 0x00007ffa7e00a000 	C:\WINDOWS\SYSTEM32\dhcpcsvc.DLL
0x00007ffa4fea0000 - 0x00007ffa4feb1000 	C:\Program Files\Android\Android Studio1\jre\jre\bin\nio.dll

VM Arguments:
jvm_args: -Djava.awt.headless=true -Xmx64M -Dfile.encoding=windows-1252 -Duser.country=BR -Duser.language=pt -Duser.variant 
java_command: com.google.devtools.build.android.desugar.Desugar --input C:\Users\JCarvalhoJr\eclipse-workspace_2018\Web_Services_Android\Web_Service_Android_Client\app\build\intermediates\transforms\stackFramesFixer\debug\8.jar --output C:\Users\JCarvalhoJr\eclipse-workspace_2018\Web_Services_Android\Web_Service_Android_Client\app\build\intermediates\transforms\desugar\debug\9.jar --input C:\Users\JCarvalhoJr\eclipse-workspace_2018\Web_Services_Android\Web_Service_Android_Client\app\build\intermediates\transforms\stackFramesFixer\debug\19.jar --output C:\Users\JCarvalhoJr\eclipse-workspace_2018\Web_Services_Android\Web_Service_Android_Client\app\build\intermediates\transforms\desugar\debug\20.jar --input C:\Users\JCarvalhoJr\eclipse-workspace_2018\Web_Services_Android\Web_Service_Android_Client\app\build\intermediates\transforms\stackFramesFixer\debug\9.jar --output C:\Users\JCarvalhoJr\eclipse-workspace_2018\Web_Services_Android\Web_Service_Android_Client\app\build\intermediates\transforms\desugar\debug\10.jar --input C:\Users\JCarvalhoJr\eclipse-workspace_2018\Web_Services_Android\Web_Service_Android_Client\app\build\intermediates\transforms\stackFramesFixer\debug\29.jar --output C:\Users\JCarvalhoJr\eclipse-workspace_2018\Web_Services_Android\Web_Service_Android_Client\app\build\intermediates\transforms\desugar\debug\30.jar --input C:\Users\JCarvalhoJr\eclipse-workspace_2018\Web_Services_Android\Web_Service_Android_Client\app\build\intermediates\transforms\stackFramesFixer\debug\30.jar --output C:\Users\JCarvalhoJr\eclipse-workspace_2018\Web_Services_Android\Web_Service_Android_Client\app\build\intermediates\transforms\desugar\debug\31.jar --input C:\Users\JCarvalhoJr\eclipse-workspace_2018\Web_Services_Android\Web_Service_Android_Client\app\build\intermediates\transforms\stackFramesFixer\debug\28.jar --output C:\Users\JCarvalhoJr\eclipse-workspace_2018\Web_Services_Android\Web_Service_Android_Client\app\build\intermediates\transforms\desugar\debug\29.jar --inp
java_class_path (initial): C:\Users\JCarvalhoJr\AppData\Local\Temp\desugar_deploy.jar3951035612156620796
Launcher Type: SUN_STANDARD

Environment Variables:
JAVA_HOME=C:\Program Files\Java\jdk1.8.0_162
CLASSPATH=.;C:\Program Files (x86)\Griaule\Fingerprint SDK 2009\bin\GrFingerJava.jar
USERNAME=JCarvalhoJr
OS=Windows_NT
PROCESSOR_IDENTIFIER=Intel64 Family 6 Model 42 Stepping 7, GenuineIntel



---------------  S Y S T E M  ---------------

OS: Windows 10.0 , 64 bit Build 16299 (10.0.16299.15)

CPU:total 4 (initial active 4) (2 cores per cpu, 2 threads per core) family 6 model 42 stepping 7, cmov, cx8, fxsr, mmx, sse, sse2, sse3, ssse3, sse4.1, sse4.2, popcnt, avx, aes, clmul, ht, tsc, tscinvbit

Memory: 4k page, physical 12496748k(5428416k free), swap 13545324k(732k free)

vm_info: OpenJDK 64-Bit Server VM (25.152-b01) for windows-amd64 JRE (1.8.0_152-release-915-b01), built by "builder" with MS VC++ 10.0 (VS2010)

time: Thu Mar 22 15:48:08 2018
elapsed time: 2 seconds (0d 0h 0m 2s)

