#
# There is insufficient memory for the Java Runtime Environment to continue.
# Native memory allocation (malloc) failed to allocate 32744 bytes for ChunkPool::allocate
# Possible reasons:
#   The system is out of physical RAM or swap space
#   In 32 bit mode, the process size limit was hit
# Possible solutions:
#   Reduce memory load on the system
#   Increase physical memory or swap space
#   Check if swap backing store is full
#   Use 64 bit Java on a 64 bit OS
#   Decrease Java heap size (-Xmx/-Xms)
#   Decrease number of Java threads
#   Decrease Java thread stack sizes (-Xss)
#   Set larger code cache with -XX:ReservedCodeCacheSize=
# This output file may be truncated or incomplete.
#
#  Out of Memory Error (allocation.cpp:273), pid=17656, tid=0x0000000000004584
#
# JRE version: OpenJDK Runtime Environment (8.0_152-b01) (build 1.8.0_152-release-915-b01)
# Java VM: OpenJDK 64-Bit Server VM (25.152-b01 mixed mode windows-amd64 compressed oops)
# Failed to write core dump. Minidumps are not enabled by default on client versions of Windows
#

---------------  T H R E A D  ---------------

Current thread (0x0000000015246800):  JavaThread "C2 CompilerThread1" daemon [_thread_in_native, id=17796, stack(0x0000000016a50000,0x0000000016b50000)]

Stack: [0x0000000016a50000,0x0000000016b50000]
[error occurred during error reporting (printing stack bounds), id 0xc0000005]

Native frames: (J=compiled Java code, j=interpreted, Vv=VM code, C=native code)


Current CompileTask:
C2:   3782  909 %     4       org.objectweb.asm.ClassReader::a @ 1360 (3587 bytes)


---------------  P R O C E S S  ---------------

Java Threads: ( => current thread )
  0x0000000016b5b000 JavaThread "Service Thread" daemon [_thread_blocked, id=18380, stack(0x0000000017050000,0x0000000017150000)]
  0x0000000015249800 JavaThread "C1 CompilerThread2" daemon [_thread_blocked, id=19028, stack(0x0000000016f50000,0x0000000017050000)]
=>0x0000000015246800 JavaThread "C2 CompilerThread1" daemon [_thread_in_native, id=17796, stack(0x0000000016a50000,0x0000000016b50000)]
  0x00000000151f3000 JavaThread "C2 CompilerThread0" daemon [_thread_blocked, id=5960, stack(0x0000000016950000,0x0000000016a50000)]
  0x00000000151f0800 JavaThread "Attach Listener" daemon [_thread_blocked, id=19092, stack(0x0000000016850000,0x0000000016950000)]
  0x00000000151ef800 JavaThread "Signal Dispatcher" daemon [_thread_blocked, id=4480, stack(0x0000000016750000,0x0000000016850000)]
  0x0000000004e8c000 JavaThread "Finalizer" daemon [_thread_blocked, id=14764, stack(0x0000000016450000,0x0000000016550000)]
  0x0000000004e87000 JavaThread "Reference Handler" daemon [_thread_blocked, id=19304, stack(0x0000000016350000,0x0000000016450000)]
  0x0000000004d96800 JavaThread "main" [_thread_in_Java, id=18880, stack(0x0000000004c90000,0x0000000004d90000)]

Other Threads:
  0x00000000151b6000 VMThread [stack: 0x0000000016250000,0x0000000016350000] [id=15948]
  0x0000000016b5c000 WatcherThread [stack: 0x0000000017150000,0x0000000017250000] [id=18464]

VM state:not at safepoint (normal execution)

VM Mutex/Monitor currently owned by a thread: None

Heap:
 PSYoungGen      total 18944K, used 18767K [0x00000000feb00000, 0x0000000100000000, 0x0000000100000000)
  eden space 16384K, 99% used [0x00000000feb00000,0x00000000ffadbce8,0x00000000ffb00000)
  from space 2560K, 98% used [0x00000000ffb00000,0x00000000ffd78030,0x00000000ffd80000)
  to   space 2560K, 0% used [0x00000000ffd80000,0x00000000ffd80000,0x0000000100000000)
 ParOldGen       total 44032K, used 1513K [0x00000000fc000000, 0x00000000feb00000, 0x00000000feb00000)
  object space 44032K, 3% used [0x00000000fc000000,0x00000000fc17a6c8,0x00000000feb00000)
 Metaspace       used 7551K, capacity 7768K, committed 7936K, reserved 1056768K
  class space    used 866K, capacity 956K, committed 1024K, reserved 1048576K

Card table byte_map: [0x0000000004bd0000,0x0000000004c00000] byte_map_base: 0x00000000043f0000

Marking Bits: (ParMarkBitMap*) 0x0000000066963950
 Begin Bits: [0x0000000014650000, 0x0000000014750000)
 End Bits:   [0x0000000014750000, 0x0000000014850000)

Polling page: 0x0000000004ba0000

CodeCache: size=245760Kb used=3622Kb max_used=3622Kb free=242137Kb
 bounds [0x0000000004e90000, 0x0000000005220000, 0x0000000013e90000]
 total_blobs=1258 nmethods=927 adapters=245
 compilation: enabled

Compilation events (10 events):
Event: 3.412 Thread 0x0000000015249800  924       3       org.objectweb.asm.MethodWriter::a (1609 bytes)
Event: 3.420 Thread 0x0000000015249800 nmethod 924 0x0000000005213f90 code [0x00000000052147e0, 0x0000000005217ef8]
Event: 3.420 Thread 0x0000000015249800  928       3       java.util.zip.ZipOutputStream::writeShort (41 bytes)
Event: 3.420 Thread 0x0000000015249800 nmethod 928 0x0000000005206750 code [0x00000000052068c0, 0x0000000005206bd8]
Event: 3.420 Thread 0x0000000015249800  927       3       org.objectweb.asm.ClassVisitor::<init> (35 bytes)
Event: 3.421 Thread 0x0000000015249800 nmethod 927 0x00000000052061d0 code [0x0000000005206340, 0x0000000005206648]
Event: 3.421 Thread 0x0000000015249800  923       3       org.objectweb.asm.ClassVisitor::visitSource (17 bytes)
Event: 3.421 Thread 0x0000000015249800 nmethod 923 0x0000000005205d10 code [0x0000000005205e80, 0x00000000052060e8]
Event: 3.421 Thread 0x0000000015249800  925       3       com.google.devtools.build.android.desugar.DefaultMethodClassFixer::recordIfInstanceMethod (41 bytes)
Event: 3.422 Thread 0x0000000015249800 nmethod 925 0x000000000521a150 code [0x000000000521a380, 0x000000000521b098]

GC Heap History (2 events):
Event: 2.125 GC heap before
{Heap before GC invocations=1 (full 0):
 PSYoungGen      total 18944K, used 16384K [0x00000000feb00000, 0x0000000100000000, 0x0000000100000000)
  eden space 16384K, 100% used [0x00000000feb00000,0x00000000ffb00000,0x00000000ffb00000)
  from space 2560K, 0% used [0x00000000ffd80000,0x00000000ffd80000,0x0000000100000000)
  to   space 2560K, 0% used [0x00000000ffb00000,0x00000000ffb00000,0x00000000ffd80000)
 ParOldGen       total 44032K, used 0K [0x00000000fc000000, 0x00000000feb00000, 0x00000000feb00000)
  object space 44032K, 0% used [0x00000000fc000000,0x00000000fc000000,0x00000000feb00000)
 Metaspace       used 6534K, capacity 6730K, committed 7040K, reserved 1056768K
  class space    used 768K, capacity 823K, committed 896K, reserved 1048576K
Event: 2.136 GC heap after
Heap after GC invocations=1 (full 0):
 PSYoungGen      total 18944K, used 2528K [0x00000000feb00000, 0x0000000100000000, 0x0000000100000000)
  eden space 16384K, 0% used [0x00000000feb00000,0x00000000feb00000,0x00000000ffb00000)
  from space 2560K, 98% used [0x00000000ffb00000,0x00000000ffd78030,0x00000000ffd80000)
  to   space 2560K, 0% used [0x00000000ffd80000,0x00000000ffd80000,0x0000000100000000)
 ParOldGen       total 44032K, used 1513K [0x00000000fc000000, 0x00000000feb00000, 0x00000000feb00000)
  object space 44032K, 3% used [0x00000000fc000000,0x00000000fc17a6c8,0x00000000feb00000)
 Metaspace       used 6534K, capacity 6730K, committed 7040K, reserved 1056768K
  class space    used 768K, capacity 823K, committed 896K, reserved 1048576K
}

Deoptimization events (10 events):
Event: 2.042 Thread 0x0000000004d96800 Uncommon trap: reason=unstable_if action=reinterpret pc=0x00000000050cbc38 method=java.util.zip.ZipCoder.decoder()Ljava/nio/charset/CharsetDecoder; @ 4
Event: 2.047 Thread 0x0000000004d96800 Uncommon trap: reason=unstable_if action=reinterpret pc=0x00000000050d0e0c method=java.util.zip.ZipCoder.decoder()Ljava/nio/charset/CharsetDecoder; @ 4
Event: 2.173 Thread 0x0000000004d96800 Uncommon trap: reason=unstable_if action=reinterpret pc=0x00000000050d32cc method=java.util.zip.ZipCoder.decoder()Ljava/nio/charset/CharsetDecoder; @ 4
Event: 2.174 Thread 0x0000000004d96800 Uncommon trap: reason=unstable_if action=reinterpret pc=0x00000000050c3edc method=java.util.zip.ZipCoder.decoder()Ljava/nio/charset/CharsetDecoder; @ 4
Event: 2.174 Thread 0x0000000004d96800 Uncommon trap: reason=unstable_if action=reinterpret pc=0x00000000050c2fac method=java.util.zip.ZipCoder.decoder()Ljava/nio/charset/CharsetDecoder; @ 4
Event: 2.603 Thread 0x0000000004d96800 Uncommon trap: reason=unloaded action=reinterpret pc=0x00000000050c1cbc method=java.util.zip.ZipEntry.setExtra0([BZ)V @ 37
Event: 2.973 Thread 0x0000000004d96800 Uncommon trap: reason=unstable_if action=reinterpret pc=0x0000000005088638 method=java.lang.String.indexOf([CII[CIII)I @ 134
Event: 2.976 Thread 0x0000000004d96800 Uncommon trap: reason=unstable_if action=reinterpret pc=0x00000000050460ec method=java.lang.String.<init>([CII)V @ 18
Event: 3.224 Thread 0x0000000004d96800 Uncommon trap: reason=unstable_if action=reinterpret pc=0x0000000005165230 method=org.objectweb.asm.ClassReader.readUTF8(I[C)Ljava/lang/String; @ 7
Event: 3.368 Thread 0x0000000004d96800 Uncommon trap: reason=unstable_if action=reinterpret pc=0x00000000051bdb8c method=org.objectweb.asm.Item.a(Lorg/objectweb/asm/Item;)Z @ 345

Classes redefined (0 events):
No events

Internal exceptions (10 events):
Event: 2.257 Thread 0x0000000004d96800 Exception <a 'sun/nio/fs/WindowsException'> (0x00000000ff19ad00) thrown at [D:\src\AOSP-openjdk-cygwin\jdk8u\hotspot\src\share\vm\prims\jni.cpp, line 709]
Event: 2.257 Thread 0x0000000004d96800 Exception <a 'sun/nio/fs/WindowsException'> (0x00000000ff19b318) thrown at [D:\src\AOSP-openjdk-cygwin\jdk8u\hotspot\src\share\vm\prims\jni.cpp, line 709]
Event: 2.258 Thread 0x0000000004d96800 Exception <a 'sun/nio/fs/WindowsException'> (0x00000000ff19baf8) thrown at [D:\src\AOSP-openjdk-cygwin\jdk8u\hotspot\src\share\vm\prims\jni.cpp, line 709]
Event: 2.258 Thread 0x0000000004d96800 Exception <a 'sun/nio/fs/WindowsException'> (0x00000000ff19c0e8) thrown at [D:\src\AOSP-openjdk-cygwin\jdk8u\hotspot\src\share\vm\prims\jni.cpp, line 709]
Event: 2.258 Thread 0x0000000004d96800 Exception <a 'sun/nio/fs/WindowsException'> (0x00000000ff19c8b8) thrown at [D:\src\AOSP-openjdk-cygwin\jdk8u\hotspot\src\share\vm\prims\jni.cpp, line 709]
Event: 2.278 Thread 0x0000000004d96800 Exception <a 'sun/nio/fs/WindowsException'> (0x00000000ff1a1dc8) thrown at [D:\src\AOSP-openjdk-cygwin\jdk8u\hotspot\src\share\vm\prims\jni.cpp, line 709]
Event: 2.629 Thread 0x0000000004d96800 Exception <a 'sun/nio/fs/WindowsException'> (0x00000000ff4c1a20) thrown at [D:\src\AOSP-openjdk-cygwin\jdk8u\hotspot\src\share\vm\prims\jni.cpp, line 709]
Event: 2.629 Thread 0x0000000004d96800 Exception <a 'sun/nio/fs/WindowsException'> (0x00000000ff4c2020) thrown at [D:\src\AOSP-openjdk-cygwin\jdk8u\hotspot\src\share\vm\prims\jni.cpp, line 709]
Event: 3.078 Thread 0x0000000004d96800 Exception <a 'sun/nio/fs/WindowsException'> (0x00000000ff73f5d0) thrown at [D:\src\AOSP-openjdk-cygwin\jdk8u\hotspot\src\share\vm\prims\jni.cpp, line 709]
Event: 3.079 Thread 0x0000000004d96800 Exception <a 'sun/nio/fs/WindowsException'> (0x00000000ff73fb50) thrown at [D:\src\AOSP-openjdk-cygwin\jdk8u\hotspot\src\share\vm\prims\jni.cpp, line 709]

Events (10 events):
Event: 2.992 loading class org/objectweb/asm/Handler
Event: 2.992 loading class org/objectweb/asm/Handler done
Event: 3.073 loading class java/util/Vector$Itr
Event: 3.073 loading class java/util/Vector$Itr done
Event: 3.224 Thread 0x0000000004d96800 Uncommon trap: trap_request=0xffffff65 fr.pc=0x0000000005165230
Event: 3.224 Thread 0x0000000004d96800 DEOPT PACKING pc=0x0000000005165230 sp=0x0000000004d8f2c0
Event: 3.224 Thread 0x0000000004d96800 DEOPT UNPACKING pc=0x0000000004ed556a sp=0x0000000004d8f290 mode 2
Event: 3.368 Thread 0x0000000004d96800 Uncommon trap: trap_request=0xffffff65 fr.pc=0x00000000051bdb8c
Event: 3.368 Thread 0x0000000004d96800 DEOPT PACKING pc=0x00000000051bdb8c sp=0x0000000004d8ec40
Event: 3.368 Thread 0x0000000004d96800 DEOPT UNPACKING pc=0x0000000004ed556a sp=0x0000000004d8ebd8 mode 2


Dynamic libraries:
0x00007ff67e2c0000 - 0x00007ff67e2f1000 	C:\Program Files\Android\Android Studio1\jre\bin\java.exe
0x00007ffa8bac0000 - 0x00007ffa8bca0000 	C:\WINDOWS\SYSTEM32\ntdll.dll
0x00007ffa8b2c0000 - 0x00007ffa8b36e000 	C:\WINDOWS\System32\KERNEL32.DLL
0x00007ffa88210000 - 0x00007ffa88476000 	C:\WINDOWS\System32\KERNELBASE.dll
0x00007ffa89420000 - 0x00007ffa894c1000 	C:\WINDOWS\System32\ADVAPI32.dll
0x00007ffa89bf0000 - 0x00007ffa89c8d000 	C:\WINDOWS\System32\msvcrt.dll
0x00007ffa89c90000 - 0x00007ffa89ceb000 	C:\WINDOWS\System32\sechost.dll
0x00007ffa8b740000 - 0x00007ffa8b85f000 	C:\WINDOWS\System32\RPCRT4.dll
0x00007ffa8b510000 - 0x00007ffa8b69e000 	C:\WINDOWS\System32\USER32.dll
0x00007ffa885a0000 - 0x00007ffa885c0000 	C:\WINDOWS\System32\win32u.dll
0x00007ffa8ba00000 - 0x00007ffa8ba28000 	C:\WINDOWS\System32\GDI32.dll
0x00007ffa88020000 - 0x00007ffa881b4000 	C:\WINDOWS\System32\gdi32full.dll
0x00007ffa88500000 - 0x00007ffa8859b000 	C:\WINDOWS\System32\msvcp_win.dll
0x00007ffa87ec0000 - 0x00007ffa87fb6000 	C:\WINDOWS\System32\ucrtbase.dll
0x00007ffa788b0000 - 0x00007ffa78b19000 	C:\WINDOWS\WinSxS\amd64_microsoft.windows.common-controls_6595b64144ccf1df_6.0.16299.19_none_cc92fab02215da61\COMCTL32.dll
0x00007ffa89110000 - 0x00007ffa89418000 	C:\WINDOWS\System32\combase.dll
0x00007ffa88480000 - 0x00007ffa884f2000 	C:\WINDOWS\System32\bcryptPrimitives.dll
0x00007ffa89e40000 - 0x00007ffa89e6d000 	C:\WINDOWS\System32\IMM32.DLL
0x000000006b270000 - 0x000000006b342000 	C:\Program Files\Android\Android Studio1\jre\jre\bin\msvcr100.dll
0x00000000661a0000 - 0x00000000669de000 	C:\Program Files\Android\Android Studio1\jre\jre\bin\server\jvm.dll
0x00007ffa89100000 - 0x00007ffa89108000 	C:\WINDOWS\System32\PSAPI.DLL
0x00007ffa83640000 - 0x00007ffa83649000 	C:\WINDOWS\SYSTEM32\WSOCK32.dll
0x00007ffa894d0000 - 0x00007ffa8953c000 	C:\WINDOWS\System32\WS2_32.dll
0x00007ffa86270000 - 0x00007ffa86293000 	C:\WINDOWS\SYSTEM32\WINMM.dll
0x00007ffa86210000 - 0x00007ffa8623a000 	C:\WINDOWS\SYSTEM32\WINMMBASE.dll
0x00007ffa881c0000 - 0x00007ffa8820a000 	C:\WINDOWS\System32\cfgmgr32.dll
0x00007ffa78b50000 - 0x00007ffa78b5a000 	C:\WINDOWS\SYSTEM32\VERSION.dll
0x00007ffa6b210000 - 0x00007ffa6b21f000 	C:\Program Files\Android\Android Studio1\jre\jre\bin\verify.dll
0x00007ffa4fec0000 - 0x00007ffa4fee9000 	C:\Program Files\Android\Android Studio1\jre\jre\bin\java.dll
0x00007ffa54bd0000 - 0x00007ffa54be6000 	C:\Program Files\Android\Android Studio1\jre\jre\bin\zip.dll
0x00007ffa89e70000 - 0x00007ffa8b2a7000 	C:\WINDOWS\System32\SHELL32.dll
0x00007ffa89ac0000 - 0x00007ffa89b66000 	C:\WINDOWS\System32\shcore.dll
0x00007ffa88840000 - 0x00007ffa88f87000 	C:\WINDOWS\System32\windows.storage.dll
0x00007ffa8b3e0000 - 0x00007ffa8b431000 	C:\WINDOWS\System32\shlwapi.dll
0x00007ffa87e30000 - 0x00007ffa87e41000 	C:\WINDOWS\System32\kernel.appcore.dll
0x00007ffa87e70000 - 0x00007ffa87ebc000 	C:\WINDOWS\System32\powrprof.dll
0x00007ffa87e50000 - 0x00007ffa87e6b000 	C:\WINDOWS\System32\profapi.dll
0x00007ffa87860000 - 0x00007ffa87877000 	C:\WINDOWS\SYSTEM32\CRYPTSP.dll
0x00007ffa87250000 - 0x00007ffa87283000 	C:\WINDOWS\system32\rsaenh.dll
0x00007ffa87970000 - 0x00007ffa87995000 	C:\WINDOWS\SYSTEM32\bcrypt.dll
0x00007ffa87d10000 - 0x00007ffa87d39000 	C:\WINDOWS\SYSTEM32\USERENV.dll
0x00007ffa87880000 - 0x00007ffa8788b000 	C:\WINDOWS\SYSTEM32\CRYPTBASE.dll
0x00007ffa53920000 - 0x00007ffa5393a000 	C:\Program Files\Android\Android Studio1\jre\jre\bin\net.dll
0x00007ffa876a0000 - 0x00007ffa87706000 	C:\WINDOWS\system32\mswsock.dll
0x00007ffa87430000 - 0x00007ffa87469000 	C:\WINDOWS\SYSTEM32\IPHLPAPI.DLL
0x00007ffa8b3d0000 - 0x00007ffa8b3d8000 	C:\WINDOWS\System32\NSI.dll
0x00007ffa7e010000 - 0x00007ffa7e026000 	C:\WINDOWS\SYSTEM32\dhcpcsvc6.DLL
0x00007ffa7dff0000 - 0x00007ffa7e00a000 	C:\WINDOWS\SYSTEM32\dhcpcsvc.DLL
0x00007ffa4fea0000 - 0x00007ffa4feb1000 	C:\Program Files\Android\Android Studio1\jre\jre\bin\nio.dll

VM Arguments:
jvm_args: -Djava.awt.headless=true -Xmx64M -Dfile.encoding=windows-1252 -Duser.country=BR -Duser.language=pt -Duser.variant 
java_command: com.google.devtools.build.android.desugar.Desugar --input C:\Users\JCarvalhoJr\eclipse-workspace_2018\Web_Services_Android\Web_Service_Android_Client\app\build\intermediates\transforms\stackFramesFixer\debug\8.jar --output C:\Users\JCarvalhoJr\eclipse-workspace_2018\Web_Services_Android\Web_Service_Android_Client\app\build\intermediates\transforms\desugar\debug\9.jar --input C:\Users\JCarvalhoJr\eclipse-workspace_2018\Web_Services_Android\Web_Service_Android_Client\app\build\intermediates\transforms\stackFramesFixer\debug\14.jar --output C:\Users\JCarvalhoJr\eclipse-workspace_2018\Web_Services_Android\Web_Service_Android_Client\app\build\intermediates\transforms\desugar\debug\15.jar --input C:\Users\JCarvalhoJr\eclipse-workspace_2018\Web_Services_Android\Web_Service_Android_Client\app\build\intermediates\transforms\stackFramesFixer\debug\19.jar --output C:\Users\JCarvalhoJr\eclipse-workspace_2018\Web_Services_Android\Web_Service_Android_Client\app\build\intermediates\transforms\desugar\debug\20.jar --input C:\Users\JCarvalhoJr\eclipse-workspace_2018\Web_Services_Android\Web_Service_Android_Client\app\build\intermediates\transforms\stackFramesFixer\debug\7.jar --output C:\Users\JCarvalhoJr\eclipse-workspace_2018\Web_Services_Android\Web_Service_Android_Client\app\build\intermediates\transforms\desugar\debug\8.jar --input C:\Users\JCarvalhoJr\eclipse-workspace_2018\Web_Services_Android\Web_Service_Android_Client\app\build\intermediates\transforms\stackFramesFixer\debug\11.jar --output C:\Users\JCarvalhoJr\eclipse-workspace_2018\Web_Services_Android\Web_Service_Android_Client\app\build\intermediates\transforms\desugar\debug\12.jar --input C:\Users\JCarvalhoJr\eclipse-workspace_2018\Web_Services_Android\Web_Service_Android_Client\app\build\intermediates\transforms\stackFramesFixer\debug\6.jar --output C:\Users\JCarvalhoJr\eclipse-workspace_2018\Web_Services_Android\Web_Service_Android_Client\app\build\intermediates\transforms\desugar\debug\7.jar --input 
java_class_path (initial): C:\Users\JCarvalhoJr\AppData\Local\Temp\desugar_deploy.jar3951035612156620796
Launcher Type: SUN_STANDARD

Environment Variables:
JAVA_HOME=C:\Program Files\Java\jdk1.8.0_162
CLASSPATH=.;C:\Program Files (x86)\Griaule\Fingerprint SDK 2009\bin\GrFingerJava.jar
USERNAME=JCarvalhoJr
OS=Windows_NT
PROCESSOR_IDENTIFIER=Intel64 Family 6 Model 42 Stepping 7, GenuineIntel



---------------  S Y S T E M  ---------------

OS: Windows 10.0 , 64 bit Build 16299 (10.0.16299.15)

CPU:total 4 (initial active 4) (2 cores per cpu, 2 threads per core) family 6 model 42 stepping 7, cmov, cx8, fxsr, mmx, sse, sse2, sse3, ssse3, sse4.1, sse4.2, popcnt, avx, aes, clmul, ht, tsc, tscinvbit

Memory: 4k page, physical 12496748k(5514212k free), swap 13545324k(4148k free)

vm_info: OpenJDK 64-Bit Server VM (25.152-b01) for windows-amd64 JRE (1.8.0_152-release-915-b01), built by "builder" with MS VC++ 10.0 (VS2010)

time: Thu Mar 22 15:45:36 2018
elapsed time: 3 seconds (0d 0h 0m 3s)

