#
# There is insufficient memory for the Java Runtime Environment to continue.
# Native memory allocation (malloc) failed to allocate 51232 bytes for Chunk::new
# Possible reasons:
#   The system is out of physical RAM or swap space
#   In 32 bit mode, the process size limit was hit
# Possible solutions:
#   Reduce memory load on the system
#   Increase physical memory or swap space
#   Check if swap backing store is full
#   Use 64 bit Java on a 64 bit OS
#   Decrease Java heap size (-Xmx/-Xms)
#   Decrease number of Java threads
#   Decrease Java thread stack sizes (-Xss)
#   Set larger code cache with -XX:ReservedCodeCacheSize=
# This output file may be truncated or incomplete.
#
#  Out of Memory Error (allocation.cpp:390), pid=12892, tid=0x0000000000006144
#
# JRE version: OpenJDK Runtime Environment (8.0_152-b01) (build 1.8.0_152-release-915-b01)
# Java VM: OpenJDK 64-Bit Server VM (25.152-b01 mixed mode windows-amd64 compressed oops)
# Failed to write core dump. Minidumps are not enabled by default on client versions of Windows
#

---------------  T H R E A D  ---------------

Current thread (0x0000000016e80800):  JavaThread "C1 CompilerThread2" daemon [_thread_in_native, id=24900, stack(0x0000000017280000,0x0000000017380000)]

Stack: [0x0000000017280000,0x0000000017380000]
[error occurred during error reporting (printing stack bounds), id 0xc0000005]

Native frames: (J=compiled Java code, j=interpreted, Vv=VM code, C=native code)


Current CompileTask:
C1:   2885  787       3       org.objectweb.asm.ClassReader::a (3587 bytes)


---------------  P R O C E S S  ---------------

Java Threads: ( => current thread )
  0x0000000016e8b000 JavaThread "Service Thread" daemon [_thread_blocked, id=22320, stack(0x0000000017380000,0x0000000017480000)]
=>0x0000000016e80800 JavaThread "C1 CompilerThread2" daemon [_thread_in_native, id=24900, stack(0x0000000017280000,0x0000000017380000)]
  0x000000001556b000 JavaThread "C2 CompilerThread1" daemon [_thread_in_native, id=25900, stack(0x0000000016d80000,0x0000000016e80000)]
  0x0000000015513000 JavaThread "C2 CompilerThread0" daemon [_thread_in_native, id=24092, stack(0x0000000016c80000,0x0000000016d80000)]
  0x0000000015510800 JavaThread "Attach Listener" daemon [_thread_blocked, id=20000, stack(0x0000000016b80000,0x0000000016c80000)]
  0x0000000015510000 JavaThread "Signal Dispatcher" daemon [_thread_blocked, id=17320, stack(0x0000000016a80000,0x0000000016b80000)]
  0x00000000051ac000 JavaThread "Finalizer" daemon [_thread_blocked, id=14328, stack(0x0000000016780000,0x0000000016880000)]
  0x00000000051a7000 JavaThread "Reference Handler" daemon [_thread_blocked, id=27044, stack(0x0000000016680000,0x0000000016780000)]
  0x00000000050b7000 JavaThread "main" [_thread_in_Java, id=27064, stack(0x0000000004f40000,0x0000000005040000)]

Other Threads:
  0x00000000154d6000 VMThread [stack: 0x0000000016580000,0x0000000016680000] [id=23096]
  0x0000000016e8c000 WatcherThread [stack: 0x0000000017480000,0x0000000017580000] [id=25044]

VM state:not at safepoint (normal execution)

VM Mutex/Monitor currently owned by a thread: None

Heap:
 PSYoungGen      total 18944K, used 15802K [0x00000000feb00000, 0x0000000100000000, 0x0000000100000000)
  eden space 16384K, 80% used [0x00000000feb00000,0x00000000ff7f2a50,0x00000000ffb00000)
  from space 2560K, 99% used [0x00000000ffb00000,0x00000000ffd7c020,0x00000000ffd80000)
  to   space 2560K, 0% used [0x00000000ffd80000,0x00000000ffd80000,0x0000000100000000)
 ParOldGen       total 44032K, used 1453K [0x00000000fc000000, 0x00000000feb00000, 0x00000000feb00000)
  object space 44032K, 3% used [0x00000000fc000000,0x00000000fc16b690,0x00000000feb00000)
 Metaspace       used 7592K, capacity 7752K, committed 7936K, reserved 1056768K
  class space    used 896K, capacity 988K, committed 1024K, reserved 1048576K

Card table byte_map: [0x0000000003540000,0x0000000003570000] byte_map_base: 0x0000000002d60000

Marking Bits: (ParMarkBitMap*) 0x000000006e4b3950
 Begin Bits: [0x0000000014970000, 0x0000000014a70000)
 End Bits:   [0x0000000014a70000, 0x0000000014b70000)

Polling page: 0x0000000003510000

CodeCache: size=245760Kb used=2883Kb max_used=2895Kb free=242876Kb
 bounds [0x00000000051b0000, 0x0000000005490000, 0x00000000141b0000]
 total_blobs=1118 nmethods=787 adapters=245
 compilation: enabled

Compilation events (10 events):
Event: 2.867 Thread 0x0000000016e80800 nmethod 784 0x00000000054803d0 code [0x0000000005480540, 0x0000000005480790]
Event: 2.867 Thread 0x0000000016e80800  785       3       org.objectweb.asm.MethodWriter::visitLineNumber (50 bytes)
Event: 2.868 Thread 0x0000000016e80800 nmethod 785 0x0000000005480850 code [0x00000000054809e0, 0x0000000005480e18]
Event: 2.868 Thread 0x0000000016e80800  786       3       org.objectweb.asm.ByteVector::putByteArray (49 bytes)
Event: 2.868 Thread 0x000000001556b000  788       4       org.objectweb.asm.ClassReader::a (194 bytes)
Event: 2.868 Thread 0x0000000016e80800 nmethod 786 0x0000000005481010 code [0x0000000005481180, 0x00000000054814b8]
Event: 2.868 Thread 0x0000000016e80800  787       3       org.objectweb.asm.ClassReader::a (3587 bytes)
Event: 2.872 Thread 0x0000000015513000  794       4       org.objectweb.asm.ClassReader::readUTF8 (60 bytes)
Event: 2.881 Thread 0x000000001556b000 nmethod 788 0x0000000005484750 code [0x00000000054848c0, 0x0000000005484e18]
Event: 2.881 Thread 0x000000001556b000  796       4       org.objectweb.asm.ByteVector::putUTF8 (142 bytes)

GC Heap History (2 events):
Event: 2.012 GC heap before
{Heap before GC invocations=1 (full 0):
 PSYoungGen      total 18944K, used 16384K [0x00000000feb00000, 0x0000000100000000, 0x0000000100000000)
  eden space 16384K, 100% used [0x00000000feb00000,0x00000000ffb00000,0x00000000ffb00000)
  from space 2560K, 0% used [0x00000000ffd80000,0x00000000ffd80000,0x0000000100000000)
  to   space 2560K, 0% used [0x00000000ffb00000,0x00000000ffb00000,0x00000000ffd80000)
 ParOldGen       total 44032K, used 0K [0x00000000fc000000, 0x00000000feb00000, 0x00000000feb00000)
  object space 44032K, 0% used [0x00000000fc000000,0x00000000fc000000,0x00000000feb00000)
 Metaspace       used 6522K, capacity 6618K, committed 6784K, reserved 1056768K
  class space    used 768K, capacity 823K, committed 896K, reserved 1048576K
Event: 2.029 GC heap after
Heap after GC invocations=1 (full 0):
 PSYoungGen      total 18944K, used 2544K [0x00000000feb00000, 0x0000000100000000, 0x0000000100000000)
  eden space 16384K, 0% used [0x00000000feb00000,0x00000000feb00000,0x00000000ffb00000)
  from space 2560K, 99% used [0x00000000ffb00000,0x00000000ffd7c020,0x00000000ffd80000)
  to   space 2560K, 0% used [0x00000000ffd80000,0x00000000ffd80000,0x0000000100000000)
 ParOldGen       total 44032K, used 1453K [0x00000000fc000000, 0x00000000feb00000, 0x00000000feb00000)
  object space 44032K, 3% used [0x00000000fc000000,0x00000000fc16b690,0x00000000feb00000)
 Metaspace       used 6522K, capacity 6618K, committed 6784K, reserved 1056768K
  class space    used 768K, capacity 823K, committed 896K, reserved 1048576K
}

Deoptimization events (10 events):
Event: 2.739 Thread 0x00000000050b7000 Uncommon trap: reason=class_check action=maybe_recompile pc=0x00000000053f512c method=com.google.common.collect.TransformedIterator.hasNext()Z @ 4
Event: 2.739 Thread 0x00000000050b7000 Uncommon trap: reason=class_check action=maybe_recompile pc=0x00000000053de398 method=com.google.common.collect.TransformedIterator.next()Ljava/lang/Object; @ 5
Event: 2.739 Thread 0x00000000050b7000 Uncommon trap: reason=class_check action=maybe_recompile pc=0x00000000053dc710 method=com.google.common.collect.Iterators$7.transform(Ljava/lang/Object;)Ljava/lang/Object; @ 5
Event: 2.739 Thread 0x00000000050b7000 Uncommon trap: reason=class_check action=maybe_recompile pc=0x00000000053f512c method=com.google.common.collect.TransformedIterator.hasNext()Z @ 4
Event: 2.739 Thread 0x00000000050b7000 Uncommon trap: reason=class_check action=maybe_recompile pc=0x00000000053de398 method=com.google.common.collect.TransformedIterator.next()Ljava/lang/Object; @ 5
Event: 2.739 Thread 0x00000000050b7000 Uncommon trap: reason=class_check action=maybe_recompile pc=0x00000000053dc710 method=com.google.common.collect.Iterators$7.transform(Ljava/lang/Object;)Ljava/lang/Object; @ 5
Event: 2.739 Thread 0x00000000050b7000 Uncommon trap: reason=class_check action=maybe_recompile pc=0x00000000053de398 method=com.google.common.collect.TransformedIterator.next()Ljava/lang/Object; @ 5
Event: 2.739 Thread 0x00000000050b7000 Uncommon trap: reason=class_check action=maybe_recompile pc=0x00000000053dc710 method=com.google.common.collect.Iterators$7.transform(Ljava/lang/Object;)Ljava/lang/Object; @ 5
Event: 2.813 Thread 0x00000000050b7000 Uncommon trap: reason=unstable_if action=reinterpret pc=0x00000000053a4fb8 method=java.lang.String.indexOf([CII[CIII)I @ 134
Event: 2.826 Thread 0x00000000050b7000 Uncommon trap: reason=unstable_if action=reinterpret pc=0x000000000536f12c method=java.lang.String.<init>([CII)V @ 18

Classes redefined (0 events):
No events

Internal exceptions (10 events):
Event: 2.271 Thread 0x00000000050b7000 Exception <a 'sun/nio/fs/WindowsException'> (0x00000000ff1cf6b8) thrown at [D:\src\AOSP-openjdk-cygwin\jdk8u\hotspot\src\share\vm\prims\jni.cpp, line 709]
Event: 2.271 Thread 0x00000000050b7000 Exception <a 'sun/nio/fs/WindowsException'> (0x00000000ff1cfca8) thrown at [D:\src\AOSP-openjdk-cygwin\jdk8u\hotspot\src\share\vm\prims\jni.cpp, line 709]
Event: 2.271 Thread 0x00000000050b7000 Exception <a 'sun/nio/fs/WindowsException'> (0x00000000ff1d0478) thrown at [D:\src\AOSP-openjdk-cygwin\jdk8u\hotspot\src\share\vm\prims\jni.cpp, line 709]
Event: 2.285 Thread 0x00000000050b7000 Exception <a 'sun/nio/fs/WindowsException'> (0x00000000ff1d5988) thrown at [D:\src\AOSP-openjdk-cygwin\jdk8u\hotspot\src\share\vm\prims\jni.cpp, line 709]
Event: 2.594 Thread 0x00000000050b7000 Exception <a 'sun/nio/fs/WindowsException'> (0x00000000ff4c8a48) thrown at [D:\src\AOSP-openjdk-cygwin\jdk8u\hotspot\src\share\vm\prims\jni.cpp, line 709]
Event: 2.629 Thread 0x00000000050b7000 Exception <a 'sun/nio/fs/WindowsException'> (0x00000000ff4c9048) thrown at [D:\src\AOSP-openjdk-cygwin\jdk8u\hotspot\src\share\vm\prims\jni.cpp, line 709]
Event: 2.831 Thread 0x00000000050b7000 Exception <a 'sun/nio/fs/WindowsException'> (0x00000000ff6e2110) thrown at [D:\src\AOSP-openjdk-cygwin\jdk8u\hotspot\src\share\vm\prims\jni.cpp, line 709]
Event: 2.831 Thread 0x00000000050b7000 Exception <a 'sun/nio/fs/WindowsException'> (0x00000000ff6e2690) thrown at [D:\src\AOSP-openjdk-cygwin\jdk8u\hotspot\src\share\vm\prims\jni.cpp, line 709]
Event: 2.842 Thread 0x00000000050b7000 Exception <a 'sun/nio/fs/WindowsException'> (0x00000000ff6e5c30) thrown at [D:\src\AOSP-openjdk-cygwin\jdk8u\hotspot\src\share\vm\prims\jni.cpp, line 709]
Event: 2.842 Thread 0x00000000050b7000 Exception <a 'sun/nio/fs/WindowsException'> (0x00000000ff6e61b0) thrown at [D:\src\AOSP-openjdk-cygwin\jdk8u\hotspot\src\share\vm\prims\jni.cpp, line 709]

Events (10 events):
Event: 2.817 loading class org/objectweb/asm/tree/TryCatchBlockNode done
Event: 2.818 loading class org/objectweb/asm/Handler
Event: 2.818 loading class org/objectweb/asm/Handler done
Event: 2.826 Thread 0x00000000050b7000 Uncommon trap: trap_request=0xffffff65 fr.pc=0x000000000536f12c
Event: 2.826 Thread 0x00000000050b7000 DEOPT PACKING pc=0x000000000536f12c sp=0x000000000503ed70
Event: 2.826 Thread 0x00000000050b7000 DEOPT UNPACKING pc=0x00000000051f556a sp=0x000000000503ed38 mode 2
Event: 2.827 loading class java/util/Vector$Itr
Event: 2.827 loading class java/util/Vector$Itr done
Event: 2.859 loading class org/objectweb/asm/Opcodes
Event: 2.859 loading class org/objectweb/asm/Opcodes done


Dynamic libraries:
0x00007ff65ea60000 - 0x00007ff65ea91000 	C:\Program Files\Android\Android Studio1\jre\bin\java.exe
0x00007ff9e3740000 - 0x00007ff9e3920000 	C:\WINDOWS\SYSTEM32\ntdll.dll
0x00007ff9e0e00000 - 0x00007ff9e0eae000 	C:\WINDOWS\System32\KERNEL32.DLL
0x00007ff9dfba0000 - 0x00007ff9dfe06000 	C:\WINDOWS\System32\KERNELBASE.dll
0x00007ff9e1540000 - 0x00007ff9e15e1000 	C:\WINDOWS\System32\ADVAPI32.dll
0x00007ff9e1ea0000 - 0x00007ff9e1f3d000 	C:\WINDOWS\System32\msvcrt.dll
0x00007ff9e0da0000 - 0x00007ff9e0dfb000 	C:\WINDOWS\System32\sechost.dll
0x00007ff9e35f0000 - 0x00007ff9e370f000 	C:\WINDOWS\System32\RPCRT4.dll
0x00007ff9e0c10000 - 0x00007ff9e0d9e000 	C:\WINDOWS\System32\USER32.dll
0x00007ff9e0190000 - 0x00007ff9e01b0000 	C:\WINDOWS\System32\win32u.dll
0x00007ff9e1de0000 - 0x00007ff9e1e08000 	C:\WINDOWS\System32\GDI32.dll
0x00007ff9e0a70000 - 0x00007ff9e0c04000 	C:\WINDOWS\System32\gdi32full.dll
0x00007ff9e09d0000 - 0x00007ff9e0a6b000 	C:\WINDOWS\System32\msvcp_win.dll
0x00007ff9e0090000 - 0x00007ff9e0186000 	C:\WINDOWS\System32\ucrtbase.dll
0x00007ff9d17c0000 - 0x00007ff9d1a29000 	C:\WINDOWS\WinSxS\amd64_microsoft.windows.common-controls_6595b64144ccf1df_6.0.16299.19_none_cc92fab02215da61\COMCTL32.dll
0x00007ff9e1000000 - 0x00007ff9e1308000 	C:\WINDOWS\System32\combase.dll
0x00007ff9e01b0000 - 0x00007ff9e0222000 	C:\WINDOWS\System32\bcryptPrimitives.dll
0x00007ff9e14b0000 - 0x00007ff9e14dd000 	C:\WINDOWS\System32\IMM32.DLL
0x000000006d2e0000 - 0x000000006d3b2000 	C:\Program Files\Android\Android Studio1\jre\jre\bin\msvcr100.dll
0x000000006dcf0000 - 0x000000006e52e000 	C:\Program Files\Android\Android Studio1\jre\jre\bin\server\jvm.dll
0x00007ff9e1e10000 - 0x00007ff9e1e18000 	C:\WINDOWS\System32\PSAPI.DLL
0x00007ff9dde90000 - 0x00007ff9dde99000 	C:\WINDOWS\SYSTEM32\WSOCK32.dll
0x00007ff9e13e0000 - 0x00007ff9e144c000 	C:\WINDOWS\System32\WS2_32.dll
0x00007ff9dda80000 - 0x00007ff9ddaa3000 	C:\WINDOWS\SYSTEM32\WINMM.dll
0x00007ff9ccec0000 - 0x00007ff9cceca000 	C:\WINDOWS\SYSTEM32\VERSION.dll
0x00007ff9dda20000 - 0x00007ff9dda4a000 	C:\WINDOWS\SYSTEM32\WINMMBASE.dll
0x00007ff9e0230000 - 0x00007ff9e027a000 	C:\WINDOWS\System32\cfgmgr32.dll
0x00007ff9ddff0000 - 0x00007ff9ddfff000 	C:\Program Files\Android\Android Studio1\jre\jre\bin\verify.dll
0x00007ff9ddcc0000 - 0x00007ff9ddce9000 	C:\Program Files\Android\Android Studio1\jre\jre\bin\java.dll
0x00007ff9dde60000 - 0x00007ff9dde76000 	C:\Program Files\Android\Android Studio1\jre\jre\bin\zip.dll
0x00007ff9e21b0000 - 0x00007ff9e35e7000 	C:\WINDOWS\System32\SHELL32.dll
0x00007ff9e1ab0000 - 0x00007ff9e1b56000 	C:\WINDOWS\System32\shcore.dll
0x00007ff9e0280000 - 0x00007ff9e09c7000 	C:\WINDOWS\System32\windows.storage.dll
0x00007ff9e14e0000 - 0x00007ff9e1531000 	C:\WINDOWS\System32\shlwapi.dll
0x00007ff9dfa90000 - 0x00007ff9dfaa1000 	C:\WINDOWS\System32\kernel.appcore.dll
0x00007ff9dfaf0000 - 0x00007ff9dfb3c000 	C:\WINDOWS\System32\powrprof.dll
0x00007ff9dfad0000 - 0x00007ff9dfaeb000 	C:\WINDOWS\System32\profapi.dll
0x00007ff9df480000 - 0x00007ff9df497000 	C:\WINDOWS\SYSTEM32\CRYPTSP.dll
0x00007ff9deed0000 - 0x00007ff9def03000 	C:\WINDOWS\system32\rsaenh.dll
0x00007ff9df5f0000 - 0x00007ff9df615000 	C:\WINDOWS\SYSTEM32\bcrypt.dll
0x00007ff9df990000 - 0x00007ff9df9b9000 	C:\WINDOWS\SYSTEM32\USERENV.dll
0x00007ff9df4a0000 - 0x00007ff9df4ab000 	C:\WINDOWS\SYSTEM32\CRYPTBASE.dll
0x00007ff9ddca0000 - 0x00007ff9ddcba000 	C:\Program Files\Android\Android Studio1\jre\jre\bin\net.dll
0x00007ff9df2c0000 - 0x00007ff9df326000 	C:\WINDOWS\system32\mswsock.dll
0x00007ff9df050000 - 0x00007ff9df089000 	C:\WINDOWS\SYSTEM32\IPHLPAPI.DLL
0x00007ff9e2100000 - 0x00007ff9e2108000 	C:\WINDOWS\System32\NSI.dll
0x00007ff9d5060000 - 0x00007ff9d5076000 	C:\WINDOWS\SYSTEM32\dhcpcsvc6.DLL
0x00007ff9d5040000 - 0x00007ff9d505a000 	C:\WINDOWS\SYSTEM32\dhcpcsvc.DLL
0x00007ff9ddc80000 - 0x00007ff9ddc91000 	C:\Program Files\Android\Android Studio1\jre\jre\bin\nio.dll

VM Arguments:
jvm_args: -Djava.awt.headless=true -Xmx64M -Dfile.encoding=windows-1252 -Duser.country=BR -Duser.language=pt -Duser.variant 
java_command: com.google.devtools.build.android.desugar.Desugar --input C:\Users\JCarvalhoJr\eclipse-workspace_2018\Web_Services_Android\Web_Service_Android_Client\app\build\intermediates\transforms\stackFramesFixer\debug\20.jar --output C:\Users\JCarvalhoJr\eclipse-workspace_2018\Web_Services_Android\Web_Service_Android_Client\app\build\intermediates\transforms\desugar\debug\21.jar --input C:\Users\JCarvalhoJr\eclipse-workspace_2018\Web_Services_Android\Web_Service_Android_Client\app\build\intermediates\transforms\stackFramesFixer\debug\6.jar --output C:\Users\JCarvalhoJr\eclipse-workspace_2018\Web_Services_Android\Web_Service_Android_Client\app\build\intermediates\transforms\desugar\debug\7.jar --input C:\Users\JCarvalhoJr\eclipse-workspace_2018\Web_Services_Android\Web_Service_Android_Client\app\build\intermediates\transforms\stackFramesFixer\debug\12.jar --output C:\Users\JCarvalhoJr\eclipse-workspace_2018\Web_Services_Android\Web_Service_Android_Client\app\build\intermediates\transforms\desugar\debug\13.jar --input C:\Users\JCarvalhoJr\eclipse-workspace_2018\Web_Services_Android\Web_Service_Android_Client\app\build\intermediates\transforms\stackFramesFixer\debug\13.jar --output C:\Users\JCarvalhoJr\eclipse-workspace_2018\Web_Services_Android\Web_Service_Android_Client\app\build\intermediates\transforms\desugar\debug\14.jar --input C:\Users\JCarvalhoJr\eclipse-workspace_2018\Web_Services_Android\Web_Service_Android_Client\app\build\intermediates\transforms\stackFramesFixer\debug\1.jar --output C:\Users\JCarvalhoJr\eclipse-workspace_2018\Web_Services_Android\Web_Service_Android_Client\app\build\intermediates\transforms\desugar\debug\2.jar --input C:\Users\JCarvalhoJr\eclipse-workspace_2018\Web_Services_Android\Web_Service_Android_Client\app\build\intermediates\transforms\stackFramesFixer\debug\4.jar --output C:\Users\JCarvalhoJr\eclipse-workspace_2018\Web_Services_Android\Web_Service_Android_Client\app\build\intermediates\transforms\desugar\debug\5.jar --input 
java_class_path (initial): C:\Users\JCarvalhoJr\AppData\Local\Temp\desugar_deploy.jar5884579408290670314
Launcher Type: SUN_STANDARD

Environment Variables:
CLASSPATH=.;C:\Program Files (x86)\Griaule\Fingerprint SDK 2009\bin\GrFingerJava.jar
USERNAME=JCarvalhoJr
OS=Windows_NT
PROCESSOR_IDENTIFIER=Intel64 Family 6 Model 42 Stepping 7, GenuineIntel



---------------  S Y S T E M  ---------------

OS: Windows 10.0 , 64 bit Build 16299 (10.0.16299.15)

CPU:total 4 (initial active 4) (2 cores per cpu, 2 threads per core) family 6 model 42 stepping 7, cmov, cx8, fxsr, mmx, sse, sse2, sse3, ssse3, sse4.1, sse4.2, popcnt, avx, aes, clmul, ht, tsc, tscinvbit

Memory: 4k page, physical 12496748k(3031116k free), swap 13545324k(4564k free)

vm_info: OpenJDK 64-Bit Server VM (25.152-b01) for windows-amd64 JRE (1.8.0_152-release-915-b01), built by "builder" with MS VC++ 10.0 (VS2010)

time: Sun Mar 11 20:31:03 2018
elapsed time: 2 seconds (0d 0h 0m 2s)

