#
# There is insufficient memory for the Java Runtime Environment to continue.
# Native memory allocation (malloc) failed to allocate 307376 bytes for Chunk::new
# Possible reasons:
#   The system is out of physical RAM or swap space
#   In 32 bit mode, the process size limit was hit
# Possible solutions:
#   Reduce memory load on the system
#   Increase physical memory or swap space
#   Check if swap backing store is full
#   Use 64 bit Java on a 64 bit OS
#   Decrease Java heap size (-Xmx/-Xms)
#   Decrease number of Java threads
#   Decrease Java thread stack sizes (-Xss)
#   Set larger code cache with -XX:ReservedCodeCacheSize=
# This output file may be truncated or incomplete.
#
#  Out of Memory Error (allocation.cpp:390), pid=14156, tid=0x000000000000113c
#
# JRE version: OpenJDK Runtime Environment (8.0_152-b01) (build 1.8.0_152-release-915-b01)
# Java VM: OpenJDK 64-Bit Server VM (25.152-b01 mixed mode windows-amd64 compressed oops)
# Failed to write core dump. Minidumps are not enabled by default on client versions of Windows
#

---------------  T H R E A D  ---------------

Current thread (0x00000000151fd000):  JavaThread "C2 CompilerThread1" daemon [_thread_in_native, id=4412, stack(0x0000000016df0000,0x0000000016ef0000)]

Stack: [0x0000000016df0000,0x0000000016ef0000]
[error occurred during error reporting (printing stack bounds), id 0xc0000005]

Native frames: (J=compiled Java code, j=interpreted, Vv=VM code, C=native code)


Current CompileTask:
C2:   4526  880       4       org.objectweb.asm.ClassReader::a (3587 bytes)


---------------  P R O C E S S  ---------------

Java Threads: ( => current thread )
  0x0000000016a01000 JavaThread "Service Thread" daemon [_thread_blocked, id=15588, stack(0x0000000016ff0000,0x00000000170f0000)]
  0x00000000151fe800 JavaThread "C1 CompilerThread2" daemon [_thread_blocked, id=22352, stack(0x0000000016ef0000,0x0000000016ff0000)]
=>0x00000000151fd000 JavaThread "C2 CompilerThread1" daemon [_thread_in_native, id=4412, stack(0x0000000016df0000,0x0000000016ef0000)]
  0x00000000151a4000 JavaThread "C2 CompilerThread0" daemon [_thread_blocked, id=22168, stack(0x00000000168f0000,0x00000000169f0000)]
  0x00000000151a1800 JavaThread "Attach Listener" daemon [_thread_blocked, id=19976, stack(0x00000000167f0000,0x00000000168f0000)]
  0x00000000151a0800 JavaThread "Signal Dispatcher" daemon [_thread_blocked, id=14368, stack(0x00000000166f0000,0x00000000167f0000)]
  0x0000000004e3c000 JavaThread "Finalizer" daemon [_thread_blocked, id=16152, stack(0x00000000163f0000,0x00000000164f0000)]
  0x0000000004e37000 JavaThread "Reference Handler" daemon [_thread_blocked, id=5444, stack(0x00000000162f0000,0x00000000163f0000)]
  0x0000000004d47000 JavaThread "main" [_thread_in_native, id=21216, stack(0x0000000004c40000,0x0000000004d40000)]

Other Threads:
  0x0000000015166000 VMThread [stack: 0x00000000161f0000,0x00000000162f0000] [id=22792]
  0x0000000016a02000 WatcherThread [stack: 0x00000000170f0000,0x00000000171f0000] [id=388]

VM state:not at safepoint (normal execution)

VM Mutex/Monitor currently owned by a thread: None

Heap:
 PSYoungGen      total 18944K, used 8077K [0x00000000feb00000, 0x0000000100000000, 0x0000000100000000)
  eden space 16384K, 33% used [0x00000000feb00000,0x00000000ff06a478,0x00000000ffb00000)
  from space 2560K, 98% used [0x00000000ffd80000,0x00000000ffff9018,0x0000000100000000)
  to   space 2560K, 0% used [0x00000000ffb00000,0x00000000ffb00000,0x00000000ffd80000)
 ParOldGen       total 44032K, used 4992K [0x00000000fc000000, 0x00000000feb00000, 0x00000000feb00000)
  object space 44032K, 11% used [0x00000000fc000000,0x00000000fc4e0360,0x00000000feb00000)
 Metaspace       used 7745K, capacity 7944K, committed 8192K, reserved 1056768K
  class space    used 896K, capacity 988K, committed 1024K, reserved 1048576K

Card table byte_map: [0x00000000030d0000,0x0000000003100000] byte_map_base: 0x00000000028f0000

Marking Bits: (ParMarkBitMap*) 0x000000006e4b3950
 Begin Bits: [0x0000000014600000, 0x0000000014700000)
 End Bits:   [0x0000000014700000, 0x0000000014800000)

Polling page: 0x00000000030a0000

CodeCache: size=245760Kb used=3710Kb max_used=3721Kb free=242050Kb
 bounds [0x0000000004e40000, 0x00000000051f0000, 0x0000000013e40000]
 total_blobs=1317 nmethods=986 adapters=245
 compilation: enabled

Compilation events (10 events):
Event: 4.380 Thread 0x00000000151fe800 nmethod 982 0x00000000051def90 code [0x00000000051df160, 0x00000000051df9b8]
Event: 4.381 Thread 0x00000000151fe800  984       3       org.objectweb.asm.ClassReader::<init> (257 bytes)
Event: 4.382 Thread 0x00000000151fe800 nmethod 984 0x00000000051ddd50 code [0x00000000051ddf20, 0x00000000051de8c8]
Event: 4.382 Thread 0x00000000151fe800  986       3       org.objectweb.asm.tree.AnnotationNode::visitEnd (1 bytes)
Event: 4.383 Thread 0x00000000151fe800 nmethod 986 0x00000000051e3850 code [0x00000000051e39a0, 0x00000000051e3af0]
Event: 4.383 Thread 0x00000000151a4000 nmethod 983 0x00000000051e3b90 code [0x00000000051e3ce0, 0x00000000051e3eb8]
Event: 4.383 Thread 0x00000000151a4000  985       4       org.objectweb.asm.tree.LabelNode::accept (9 bytes)
Event: 4.383 Thread 0x00000000151fe800  987       3       org.objectweb.asm.tree.AnnotationNode::<init> (26 bytes)
Event: 4.384 Thread 0x00000000151fe800 nmethod 987 0x00000000051e30d0 code [0x00000000051e3260, 0x00000000051e3698]
Event: 4.386 Thread 0x00000000151a4000 nmethod 985 0x00000000051e1750 code [0x00000000051e18a0, 0x00000000051e1a38]

GC Heap History (4 events):
Event: 2.911 GC heap before
{Heap before GC invocations=1 (full 0):
 PSYoungGen      total 18944K, used 16384K [0x00000000feb00000, 0x0000000100000000, 0x0000000100000000)
  eden space 16384K, 100% used [0x00000000feb00000,0x00000000ffb00000,0x00000000ffb00000)
  from space 2560K, 0% used [0x00000000ffd80000,0x00000000ffd80000,0x0000000100000000)
  to   space 2560K, 0% used [0x00000000ffb00000,0x00000000ffb00000,0x00000000ffd80000)
 ParOldGen       total 44032K, used 0K [0x00000000fc000000, 0x00000000feb00000, 0x00000000feb00000)
  object space 44032K, 0% used [0x00000000fc000000,0x00000000fc000000,0x00000000feb00000)
 Metaspace       used 6517K, capacity 6682K, committed 6784K, reserved 1056768K
  class space    used 768K, capacity 823K, committed 896K, reserved 1048576K
Event: 2.916 GC heap after
Heap after GC invocations=1 (full 0):
 PSYoungGen      total 18944K, used 2544K [0x00000000feb00000, 0x0000000100000000, 0x0000000100000000)
  eden space 16384K, 0% used [0x00000000feb00000,0x00000000feb00000,0x00000000ffb00000)
  from space 2560K, 99% used [0x00000000ffb00000,0x00000000ffd7c020,0x00000000ffd80000)
  to   space 2560K, 0% used [0x00000000ffd80000,0x00000000ffd80000,0x0000000100000000)
 ParOldGen       total 44032K, used 1449K [0x00000000fc000000, 0x00000000feb00000, 0x00000000feb00000)
  object space 44032K, 3% used [0x00000000fc000000,0x00000000fc16a490,0x00000000feb00000)
 Metaspace       used 6517K, capacity 6682K, committed 6784K, reserved 1056768K
  class space    used 768K, capacity 823K, committed 896K, reserved 1048576K
}
Event: 4.115 GC heap before
{Heap before GC invocations=2 (full 0):
 PSYoungGen      total 18944K, used 18928K [0x00000000feb00000, 0x0000000100000000, 0x0000000100000000)
  eden space 16384K, 100% used [0x00000000feb00000,0x00000000ffb00000,0x00000000ffb00000)
  from space 2560K, 99% used [0x00000000ffb00000,0x00000000ffd7c020,0x00000000ffd80000)
  to   space 2560K, 0% used [0x00000000ffd80000,0x00000000ffd80000,0x0000000100000000)
 ParOldGen       total 44032K, used 1449K [0x00000000fc000000, 0x00000000feb00000, 0x00000000feb00000)
  object space 44032K, 3% used [0x00000000fc000000,0x00000000fc16a490,0x00000000feb00000)
 Metaspace       used 7702K, capacity 7880K, committed 7936K, reserved 1056768K
  class space    used 896K, capacity 988K, committed 1024K, reserved 1048576K
Event: 4.165 GC heap after
Heap after GC invocations=2 (full 0):
 PSYoungGen      total 18944K, used 2532K [0x00000000feb00000, 0x0000000100000000, 0x0000000100000000)
  eden space 16384K, 0% used [0x00000000feb00000,0x00000000feb00000,0x00000000ffb00000)
  from space 2560K, 98% used [0x00000000ffd80000,0x00000000ffff9018,0x0000000100000000)
  to   space 2560K, 0% used [0x00000000ffb00000,0x00000000ffb00000,0x00000000ffd80000)
 ParOldGen       total 44032K, used 4992K [0x00000000fc000000, 0x00000000feb00000, 0x00000000feb00000)
  object space 44032K, 11% used [0x00000000fc000000,0x00000000fc4e0360,0x00000000feb00000)
 Metaspace       used 7702K, capacity 7880K, committed 7936K, reserved 1056768K
  class space    used 896K, capacity 988K, committed 1024K, reserved 1048576K
}

Deoptimization events (10 events):
Event: 3.574 Thread 0x0000000004d47000 Uncommon trap: reason=class_check action=maybe_recompile pc=0x000000000507f324 method=com.google.common.collect.TransformedIterator.next()Ljava/lang/Object; @ 5
Event: 3.574 Thread 0x0000000004d47000 Uncommon trap: reason=class_check action=maybe_recompile pc=0x0000000005061a90 method=com.google.common.collect.Iterators$7.transform(Ljava/lang/Object;)Ljava/lang/Object; @ 5
Event: 3.574 Thread 0x0000000004d47000 Uncommon trap: reason=class_check action=maybe_recompile pc=0x000000000506fd6c method=com.google.common.collect.TransformedIterator.hasNext()Z @ 4
Event: 3.574 Thread 0x0000000004d47000 Uncommon trap: reason=class_check action=maybe_recompile pc=0x000000000507f324 method=com.google.common.collect.TransformedIterator.next()Ljava/lang/Object; @ 5
Event: 3.574 Thread 0x0000000004d47000 Uncommon trap: reason=class_check action=maybe_recompile pc=0x0000000005061a90 method=com.google.common.collect.Iterators$7.transform(Ljava/lang/Object;)Ljava/lang/Object; @ 5
Event: 3.574 Thread 0x0000000004d47000 Uncommon trap: reason=class_check action=maybe_recompile pc=0x000000000507f324 method=com.google.common.collect.TransformedIterator.next()Ljava/lang/Object; @ 5
Event: 3.574 Thread 0x0000000004d47000 Uncommon trap: reason=class_check action=maybe_recompile pc=0x0000000005061a90 method=com.google.common.collect.Iterators$7.transform(Ljava/lang/Object;)Ljava/lang/Object; @ 5
Event: 3.777 Thread 0x0000000004d47000 Uncommon trap: reason=unstable_if action=reinterpret pc=0x000000000500fff8 method=java.lang.String.indexOf([CII[CIII)I @ 134
Event: 4.108 Thread 0x0000000004d47000 Uncommon trap: reason=unstable_if action=reinterpret pc=0x00000000051a0e9c method=org.objectweb.asm.Type.getArgumentsAndReturnSizes(Ljava/lang/String;)I @ 136
Event: 4.385 Thread 0x0000000004d47000 Uncommon trap: reason=unstable_if action=reinterpret pc=0x0000000005109398 method=java.lang.String.<init>([CII)V @ 18

Classes redefined (0 events):
No events

Internal exceptions (10 events):
Event: 3.152 Thread 0x0000000004d47000 Exception <a 'sun/nio/fs/WindowsException'> (0x00000000ff1cd578) thrown at [D:\src\AOSP-openjdk-cygwin\jdk8u\hotspot\src\share\vm\prims\jni.cpp, line 709]
Event: 3.153 Thread 0x0000000004d47000 Exception <a 'sun/nio/fs/WindowsException'> (0x00000000ff1cdb90) thrown at [D:\src\AOSP-openjdk-cygwin\jdk8u\hotspot\src\share\vm\prims\jni.cpp, line 709]
Event: 3.153 Thread 0x0000000004d47000 Exception <a 'sun/nio/fs/WindowsException'> (0x00000000ff1ce370) thrown at [D:\src\AOSP-openjdk-cygwin\jdk8u\hotspot\src\share\vm\prims\jni.cpp, line 709]
Event: 3.153 Thread 0x0000000004d47000 Exception <a 'sun/nio/fs/WindowsException'> (0x00000000ff1ce960) thrown at [D:\src\AOSP-openjdk-cygwin\jdk8u\hotspot\src\share\vm\prims\jni.cpp, line 709]
Event: 3.153 Thread 0x0000000004d47000 Exception <a 'sun/nio/fs/WindowsException'> (0x00000000ff1cf130) thrown at [D:\src\AOSP-openjdk-cygwin\jdk8u\hotspot\src\share\vm\prims\jni.cpp, line 709]
Event: 3.165 Thread 0x0000000004d47000 Exception <a 'sun/nio/fs/WindowsException'> (0x00000000ff1d4640) thrown at [D:\src\AOSP-openjdk-cygwin\jdk8u\hotspot\src\share\vm\prims\jni.cpp, line 709]
Event: 3.496 Thread 0x0000000004d47000 Exception <a 'sun/nio/fs/WindowsException'> (0x00000000ff4c40c0) thrown at [D:\src\AOSP-openjdk-cygwin\jdk8u\hotspot\src\share\vm\prims\jni.cpp, line 709]
Event: 3.497 Thread 0x0000000004d47000 Exception <a 'sun/nio/fs/WindowsException'> (0x00000000ff4c46c0) thrown at [D:\src\AOSP-openjdk-cygwin\jdk8u\hotspot\src\share\vm\prims\jni.cpp, line 709]
Event: 4.366 Thread 0x0000000004d47000 Exception <a 'sun/nio/fs/WindowsException'> (0x00000000fefeebc8) thrown at [D:\src\AOSP-openjdk-cygwin\jdk8u\hotspot\src\share\vm\prims\jni.cpp, line 709]
Event: 4.367 Thread 0x0000000004d47000 Exception <a 'sun/nio/fs/WindowsException'> (0x00000000fefef148) thrown at [D:\src\AOSP-openjdk-cygwin\jdk8u\hotspot\src\share\vm\prims\jni.cpp, line 709]

Events (10 events):
Event: 4.108 Thread 0x0000000004d47000 DEOPT UNPACKING pc=0x0000000004e8556a sp=0x0000000004d3e9d8 mode 2
Event: 4.115 Executing VM operation: ParallelGCFailedAllocation
Event: 4.165 Executing VM operation: ParallelGCFailedAllocation done
Event: 4.310 Executing VM operation: EnableBiasedLocking
Event: 4.330 Executing VM operation: EnableBiasedLocking done
Event: 4.359 loading class java/util/Vector$Itr
Event: 4.360 loading class java/util/Vector$Itr done
Event: 4.385 Thread 0x0000000004d47000 Uncommon trap: trap_request=0xffffff65 fr.pc=0x0000000005109398
Event: 4.386 Thread 0x0000000004d47000 DEOPT PACKING pc=0x0000000005109398 sp=0x0000000004d3f040
Event: 4.386 Thread 0x0000000004d47000 DEOPT UNPACKING pc=0x0000000004e8556a sp=0x0000000004d3eee8 mode 2


Dynamic libraries:
0x00007ff65ea60000 - 0x00007ff65ea91000 	C:\Program Files\Android\Android Studio1\jre\bin\java.exe
0x00007ff9e3740000 - 0x00007ff9e3920000 	C:\WINDOWS\SYSTEM32\ntdll.dll
0x00007ff9e0e00000 - 0x00007ff9e0eae000 	C:\WINDOWS\System32\KERNEL32.DLL
0x00007ff9dfba0000 - 0x00007ff9dfe06000 	C:\WINDOWS\System32\KERNELBASE.dll
0x00007ff9e1540000 - 0x00007ff9e15e1000 	C:\WINDOWS\System32\ADVAPI32.dll
0x00007ff9e1ea0000 - 0x00007ff9e1f3d000 	C:\WINDOWS\System32\msvcrt.dll
0x00007ff9e0da0000 - 0x00007ff9e0dfb000 	C:\WINDOWS\System32\sechost.dll
0x00007ff9e35f0000 - 0x00007ff9e370f000 	C:\WINDOWS\System32\RPCRT4.dll
0x00007ff9e0c10000 - 0x00007ff9e0d9e000 	C:\WINDOWS\System32\USER32.dll
0x00007ff9e0190000 - 0x00007ff9e01b0000 	C:\WINDOWS\System32\win32u.dll
0x00007ff9e1de0000 - 0x00007ff9e1e08000 	C:\WINDOWS\System32\GDI32.dll
0x00007ff9e0a70000 - 0x00007ff9e0c04000 	C:\WINDOWS\System32\gdi32full.dll
0x00007ff9e09d0000 - 0x00007ff9e0a6b000 	C:\WINDOWS\System32\msvcp_win.dll
0x00007ff9e0090000 - 0x00007ff9e0186000 	C:\WINDOWS\System32\ucrtbase.dll
0x00007ff9d17c0000 - 0x00007ff9d1a29000 	C:\WINDOWS\WinSxS\amd64_microsoft.windows.common-controls_6595b64144ccf1df_6.0.16299.19_none_cc92fab02215da61\COMCTL32.dll
0x00007ff9e1000000 - 0x00007ff9e1308000 	C:\WINDOWS\System32\combase.dll
0x00007ff9e01b0000 - 0x00007ff9e0222000 	C:\WINDOWS\System32\bcryptPrimitives.dll
0x00007ff9e14b0000 - 0x00007ff9e14dd000 	C:\WINDOWS\System32\IMM32.DLL
0x000000006d2e0000 - 0x000000006d3b2000 	C:\Program Files\Android\Android Studio1\jre\jre\bin\msvcr100.dll
0x000000006dcf0000 - 0x000000006e52e000 	C:\Program Files\Android\Android Studio1\jre\jre\bin\server\jvm.dll
0x00007ff9e1e10000 - 0x00007ff9e1e18000 	C:\WINDOWS\System32\PSAPI.DLL
0x00007ff9dde90000 - 0x00007ff9dde99000 	C:\WINDOWS\SYSTEM32\WSOCK32.dll
0x00007ff9e13e0000 - 0x00007ff9e144c000 	C:\WINDOWS\System32\WS2_32.dll
0x00007ff9dda80000 - 0x00007ff9ddaa3000 	C:\WINDOWS\SYSTEM32\WINMM.dll
0x00007ff9ccec0000 - 0x00007ff9cceca000 	C:\WINDOWS\SYSTEM32\VERSION.dll
0x00007ff9dda20000 - 0x00007ff9dda4a000 	C:\WINDOWS\SYSTEM32\WINMMBASE.dll
0x00007ff9e0230000 - 0x00007ff9e027a000 	C:\WINDOWS\System32\cfgmgr32.dll
0x00007ff9ddff0000 - 0x00007ff9ddfff000 	C:\Program Files\Android\Android Studio1\jre\jre\bin\verify.dll
0x00007ff9ddca0000 - 0x00007ff9ddcc9000 	C:\Program Files\Android\Android Studio1\jre\jre\bin\java.dll
0x00007ff9ddc80000 - 0x00007ff9ddc96000 	C:\Program Files\Android\Android Studio1\jre\jre\bin\zip.dll
0x00007ff9e21b0000 - 0x00007ff9e35e7000 	C:\WINDOWS\System32\SHELL32.dll
0x00007ff9e1ab0000 - 0x00007ff9e1b56000 	C:\WINDOWS\System32\shcore.dll
0x00007ff9e0280000 - 0x00007ff9e09c7000 	C:\WINDOWS\System32\windows.storage.dll
0x00007ff9e14e0000 - 0x00007ff9e1531000 	C:\WINDOWS\System32\shlwapi.dll
0x00007ff9dfa90000 - 0x00007ff9dfaa1000 	C:\WINDOWS\System32\kernel.appcore.dll
0x00007ff9dfaf0000 - 0x00007ff9dfb3c000 	C:\WINDOWS\System32\powrprof.dll
0x00007ff9dfad0000 - 0x00007ff9dfaeb000 	C:\WINDOWS\System32\profapi.dll
0x00007ff9df480000 - 0x00007ff9df497000 	C:\WINDOWS\SYSTEM32\CRYPTSP.dll
0x00007ff9deed0000 - 0x00007ff9def03000 	C:\WINDOWS\system32\rsaenh.dll
0x00007ff9df5f0000 - 0x00007ff9df615000 	C:\WINDOWS\SYSTEM32\bcrypt.dll
0x00007ff9df990000 - 0x00007ff9df9b9000 	C:\WINDOWS\SYSTEM32\USERENV.dll
0x00007ff9df4a0000 - 0x00007ff9df4ab000 	C:\WINDOWS\SYSTEM32\CRYPTBASE.dll
0x00007ff9d8ac0000 - 0x00007ff9d8ada000 	C:\Program Files\Android\Android Studio1\jre\jre\bin\net.dll
0x00007ff9df2c0000 - 0x00007ff9df326000 	C:\WINDOWS\system32\mswsock.dll
0x00007ff9df050000 - 0x00007ff9df089000 	C:\WINDOWS\SYSTEM32\IPHLPAPI.DLL
0x00007ff9e2100000 - 0x00007ff9e2108000 	C:\WINDOWS\System32\NSI.dll
0x00007ff9d5060000 - 0x00007ff9d5076000 	C:\WINDOWS\SYSTEM32\dhcpcsvc6.DLL
0x00007ff9d5040000 - 0x00007ff9d505a000 	C:\WINDOWS\SYSTEM32\dhcpcsvc.DLL
0x00007ff9d4b30000 - 0x00007ff9d4b41000 	C:\Program Files\Android\Android Studio1\jre\jre\bin\nio.dll

VM Arguments:
jvm_args: -Djava.awt.headless=true -Xmx64M -Dfile.encoding=windows-1252 -Duser.country=BR -Duser.language=pt -Duser.variant 
java_command: com.google.devtools.build.android.desugar.Desugar --input C:\Users\JCarvalhoJr\eclipse-workspace_2018\Web_Services_Android\Web_Service_Android_Client\app\build\intermediates\transforms\stackFramesFixer\debug\7.jar --output C:\Users\JCarvalhoJr\eclipse-workspace_2018\Web_Services_Android\Web_Service_Android_Client\app\build\intermediates\transforms\desugar\debug\8.jar --input C:\Users\JCarvalhoJr\eclipse-workspace_2018\Web_Services_Android\Web_Service_Android_Client\app\build\intermediates\transforms\stackFramesFixer\debug\19.jar --output C:\Users\JCarvalhoJr\eclipse-workspace_2018\Web_Services_Android\Web_Service_Android_Client\app\build\intermediates\transforms\desugar\debug\20.jar --input C:\Users\JCarvalhoJr\eclipse-workspace_2018\Web_Services_Android\Web_Service_Android_Client\app\build\intermediates\transforms\stackFramesFixer\debug\20.jar --output C:\Users\JCarvalhoJr\eclipse-workspace_2018\Web_Services_Android\Web_Service_Android_Client\app\build\intermediates\transforms\desugar\debug\21.jar --input C:\Users\JCarvalhoJr\eclipse-workspace_2018\Web_Services_Android\Web_Service_Android_Client\app\build\intermediates\transforms\stackFramesFixer\debug\30.jar --output C:\Users\JCarvalhoJr\eclipse-workspace_2018\Web_Services_Android\Web_Service_Android_Client\app\build\intermediates\transforms\desugar\debug\31.jar --input C:\Users\JCarvalhoJr\eclipse-workspace_2018\Web_Services_Android\Web_Service_Android_Client\app\build\intermediates\transforms\stackFramesFixer\debug\29.jar --output C:\Users\JCarvalhoJr\eclipse-workspace_2018\Web_Services_Android\Web_Service_Android_Client\app\build\intermediates\transforms\desugar\debug\30.jar --input C:\Users\JCarvalhoJr\eclipse-workspace_2018\Web_Services_Android\Web_Service_Android_Client\app\build\intermediates\transforms\stackFramesFixer\debug\6.jar --output C:\Users\JCarvalhoJr\eclipse-workspace_2018\Web_Services_Android\Web_Service_Android_Client\app\build\intermediates\transforms\desugar\debug\7.jar --inpu
java_class_path (initial): C:\Users\JCarvalhoJr\AppData\Local\Temp\desugar_deploy.jar6380878435666297763
Launcher Type: SUN_STANDARD

Environment Variables:
CLASSPATH=.;C:\Program Files (x86)\Griaule\Fingerprint SDK 2009\bin\GrFingerJava.jar
USERNAME=JCarvalhoJr
OS=Windows_NT
PROCESSOR_IDENTIFIER=Intel64 Family 6 Model 42 Stepping 7, GenuineIntel



---------------  S Y S T E M  ---------------

OS: Windows 10.0 , 64 bit Build 16299 (10.0.16299.15)

CPU:total 4 (initial active 4) (2 cores per cpu, 2 threads per core) family 6 model 42 stepping 7, cmov, cx8, fxsr, mmx, sse, sse2, sse3, ssse3, sse4.1, sse4.2, popcnt, avx, aes, clmul, ht, tsc, tscinvbit

Memory: 4k page, physical 12496748k(2920820k free), swap 13545324k(4492k free)

vm_info: OpenJDK 64-Bit Server VM (25.152-b01) for windows-amd64 JRE (1.8.0_152-release-915-b01), built by "builder" with MS VC++ 10.0 (VS2010)

time: Sun Mar 11 16:35:08 2018
elapsed time: 4 seconds (0d 0h 0m 4s)

