#
# There is insufficient memory for the Java Runtime Environment to continue.
# Native memory allocation (malloc) failed to allocate 32744 bytes for ChunkPool::allocate
# Possible reasons:
#   The system is out of physical RAM or swap space
#   In 32 bit mode, the process size limit was hit
# Possible solutions:
#   Reduce memory load on the system
#   Increase physical memory or swap space
#   Check if swap backing store is full
#   Use 64 bit Java on a 64 bit OS
#   Decrease Java heap size (-Xmx/-Xms)
#   Decrease number of Java threads
#   Decrease Java thread stack sizes (-Xss)
#   Set larger code cache with -XX:ReservedCodeCacheSize=
# This output file may be truncated or incomplete.
#
#  Out of Memory Error (allocation.cpp:273), pid=25272, tid=0x0000000000001de0
#
# JRE version: OpenJDK Runtime Environment (8.0_152-b01) (build 1.8.0_152-release-915-b01)
# Java VM: OpenJDK 64-Bit Server VM (25.152-b01 mixed mode windows-amd64 compressed oops)
# Failed to write core dump. Minidumps are not enabled by default on client versions of Windows
#

---------------  T H R E A D  ---------------

Current thread (0x0000000014f6a800):  JavaThread "C1 CompilerThread2" daemon [_thread_in_vm, id=7648, stack(0x0000000016c70000,0x0000000016d70000)]

Stack: [0x0000000016c70000,0x0000000016d70000]
[error occurred during error reporting (printing stack bounds), id 0xc0000005]

Native frames: (J=compiled Java code, j=interpreted, Vv=VM code, C=native code)


Current CompileTask:
C1:   4204  976       3       org.objectweb.asm.tree.MethodNode::getLabelNodes (51 bytes)


---------------  P R O C E S S  ---------------

Java Threads: ( => current thread )
  0x000000001688d800 JavaThread "Service Thread" daemon [_thread_blocked, id=23208, stack(0x0000000016d70000,0x0000000016e70000)]
=>0x0000000014f6a800 JavaThread "C1 CompilerThread2" daemon [_thread_in_vm, id=7648, stack(0x0000000016c70000,0x0000000016d70000)]
  0x0000000014f15000 JavaThread "C2 CompilerThread1" daemon [_thread_in_native, id=25588, stack(0x0000000016770000,0x0000000016870000)]
  0x0000000014f12800 JavaThread "C2 CompilerThread0" daemon [_thread_in_native, id=25568, stack(0x0000000016670000,0x0000000016770000)]
  0x0000000014f10800 JavaThread "Attach Listener" daemon [_thread_blocked, id=25564, stack(0x0000000016570000,0x0000000016670000)]
  0x0000000014f0f000 JavaThread "Signal Dispatcher" daemon [_thread_blocked, id=25560, stack(0x0000000016470000,0x0000000016570000)]
  0x0000000004bac000 JavaThread "Finalizer" daemon [_thread_blocked, id=25516, stack(0x0000000016170000,0x0000000016270000)]
  0x0000000004ba6800 JavaThread "Reference Handler" daemon [_thread_blocked, id=25512, stack(0x0000000016070000,0x0000000016170000)]
  0x0000000004ab6800 JavaThread "main" [_thread_in_Java, id=25412, stack(0x00000000048e0000,0x00000000049e0000)]

Other Threads:
  0x0000000014ed6000 VMThread [stack: 0x0000000015f70000,0x0000000016070000] [id=25500]
  0x000000001688e000 WatcherThread [stack: 0x0000000016e70000,0x0000000016f70000] [id=23640]

VM state:not at safepoint (normal execution)

VM Mutex/Monitor currently owned by a thread: None

Heap:
 PSYoungGen      total 18944K, used 9793K [0x00000000feb00000, 0x0000000100000000, 0x0000000100000000)
  eden space 16384K, 44% used [0x00000000feb00000,0x00000000ff215760,0x00000000ffb00000)
  from space 2560K, 99% used [0x00000000ffd80000,0x00000000ffffb030,0x0000000100000000)
  to   space 2560K, 0% used [0x00000000ffb00000,0x00000000ffb00000,0x00000000ffd80000)
 ParOldGen       total 44032K, used 4631K [0x00000000fc000000, 0x00000000feb00000, 0x00000000feb00000)
  object space 44032K, 10% used [0x00000000fc000000,0x00000000fc485e80,0x00000000feb00000)
 Metaspace       used 7536K, capacity 7704K, committed 7936K, reserved 1056768K
  class space    used 867K, capacity 956K, committed 1024K, reserved 1048576K

Card table byte_map: [0x0000000002fe0000,0x0000000003010000] byte_map_base: 0x0000000002800000

Marking Bits: (ParMarkBitMap*) 0x00000000609f3950
 Begin Bits: [0x0000000014370000, 0x0000000014470000)
 End Bits:   [0x0000000014470000, 0x0000000014570000)

Polling page: 0x0000000002fb0000

CodeCache: size=245760Kb used=3713Kb max_used=3713Kb free=242046Kb
 bounds [0x0000000004bb0000, 0x0000000004f60000, 0x0000000013bb0000]
 total_blobs=1303 nmethods=972 adapters=245
 compilation: enabled

Compilation events (10 events):
Event: 4.198 Thread 0x0000000014f6a800 nmethod 971 0x0000000004f49d10 code [0x0000000004f49e80, 0x0000000004f4a0c8]
Event: 4.199 Thread 0x0000000014f6a800  972       3       java.util.zip.ZipUtils::fileTimeToUnixTime (8 bytes)
Event: 4.199 Thread 0x0000000014f6a800 nmethod 972 0x0000000004f527d0 code [0x0000000004f52940, 0x0000000004f52b48]
Event: 4.199 Thread 0x0000000014f6a800  973       3       java.util.concurrent.TimeUnit$4::convert (6 bytes)
Event: 4.199 Thread 0x0000000014f6a800 nmethod 973 0x0000000004f52c10 code [0x0000000004f52d80, 0x0000000004f52fa8]
Event: 4.199 Thread 0x0000000014f6a800  974       3       java.util.concurrent.TimeUnit$3::toSeconds (6 bytes)
Event: 4.199 Thread 0x0000000014f6a800 nmethod 974 0x0000000004f53090 code [0x0000000004f531e0, 0x0000000004f53350]
Event: 4.201 Thread 0x0000000014f6a800  975       3       org.objectweb.asm.ClassWriter::c (39 bytes)
Event: 4.201 Thread 0x0000000014f6a800 nmethod 975 0x0000000004f533d0 code [0x0000000004f53560, 0x0000000004f53848]
Event: 4.203 Thread 0x0000000014f6a800  976       3       org.objectweb.asm.tree.MethodNode::getLabelNodes (51 bytes)

GC Heap History (4 events):
Event: 1.902 GC heap before
{Heap before GC invocations=1 (full 0):
 PSYoungGen      total 18944K, used 16384K [0x00000000feb00000, 0x0000000100000000, 0x0000000100000000)
  eden space 16384K, 100% used [0x00000000feb00000,0x00000000ffb00000,0x00000000ffb00000)
  from space 2560K, 0% used [0x00000000ffd80000,0x00000000ffd80000,0x0000000100000000)
  to   space 2560K, 0% used [0x00000000ffb00000,0x00000000ffb00000,0x00000000ffd80000)
 ParOldGen       total 44032K, used 0K [0x00000000fc000000, 0x00000000feb00000, 0x00000000feb00000)
  object space 44032K, 0% used [0x00000000fc000000,0x00000000fc000000,0x00000000feb00000)
 Metaspace       used 6524K, capacity 6730K, committed 7040K, reserved 1056768K
  class space    used 769K, capacity 823K, committed 896K, reserved 1048576K
Event: 1.907 GC heap after
Heap after GC invocations=1 (full 0):
 PSYoungGen      total 18944K, used 2544K [0x00000000feb00000, 0x0000000100000000, 0x0000000100000000)
  eden space 16384K, 0% used [0x00000000feb00000,0x00000000feb00000,0x00000000ffb00000)
  from space 2560K, 99% used [0x00000000ffb00000,0x00000000ffd7c020,0x00000000ffd80000)
  to   space 2560K, 0% used [0x00000000ffd80000,0x00000000ffd80000,0x0000000100000000)
 ParOldGen       total 44032K, used 1380K [0x00000000fc000000, 0x00000000feb00000, 0x00000000feb00000)
  object space 44032K, 3% used [0x00000000fc000000,0x00000000fc159188,0x00000000feb00000)
 Metaspace       used 6524K, capacity 6730K, committed 7040K, reserved 1056768K
  class space    used 769K, capacity 823K, committed 896K, reserved 1048576K
}
Event: 3.054 GC heap before
{Heap before GC invocations=2 (full 0):
 PSYoungGen      total 18944K, used 18928K [0x00000000feb00000, 0x0000000100000000, 0x0000000100000000)
  eden space 16384K, 100% used [0x00000000feb00000,0x00000000ffb00000,0x00000000ffb00000)
  from space 2560K, 99% used [0x00000000ffb00000,0x00000000ffd7c020,0x00000000ffd80000)
  to   space 2560K, 0% used [0x00000000ffd80000,0x00000000ffd80000,0x0000000100000000)
 ParOldGen       total 44032K, used 1380K [0x00000000fc000000, 0x00000000feb00000, 0x00000000feb00000)
  object space 44032K, 3% used [0x00000000fc000000,0x00000000fc159188,0x00000000feb00000)
 Metaspace       used 7491K, capacity 7640K, committed 7936K, reserved 1056768K
  class space    used 866K, capacity 956K, committed 1024K, reserved 1048576K
Event: 3.119 GC heap after
Heap after GC invocations=2 (full 0):
 PSYoungGen      total 18944K, used 2540K [0x00000000feb00000, 0x0000000100000000, 0x0000000100000000)
  eden space 16384K, 0% used [0x00000000feb00000,0x00000000feb00000,0x00000000ffb00000)
  from space 2560K, 99% used [0x00000000ffd80000,0x00000000ffffb030,0x0000000100000000)
  to   space 2560K, 0% used [0x00000000ffb00000,0x00000000ffb00000,0x00000000ffd80000)
 ParOldGen       total 44032K, used 4631K [0x00000000fc000000, 0x00000000feb00000, 0x00000000feb00000)
  object space 44032K, 10% used [0x00000000fc000000,0x00000000fc485e80,0x00000000feb00000)
 Metaspace       used 7491K, capacity 7640K, committed 7936K, reserved 1056768K
  class space    used 866K, capacity 956K, committed 1024K, reserved 1048576K
}

Deoptimization events (10 events):
Event: 2.096 Thread 0x0000000004ab6800 Uncommon trap: reason=unstable_if action=reinterpret pc=0x0000000004de900c method=java.util.zip.ZipCoder.decoder()Ljava/nio/charset/CharsetDecoder; @ 4
Event: 2.100 Thread 0x0000000004ab6800 Uncommon trap: reason=unstable_if action=reinterpret pc=0x0000000004dd6cdc method=java.util.zip.ZipCoder.decoder()Ljava/nio/charset/CharsetDecoder; @ 4
Event: 2.117 Thread 0x0000000004ab6800 Uncommon trap: reason=unstable_if action=reinterpret pc=0x0000000004df6288 method=java.util.HashMap$HashIterator.nextNode()Ljava/util/HashMap$Node; @ 74
Event: 2.319 Thread 0x0000000004ab6800 Uncommon trap: reason=unstable_if action=reinterpret pc=0x0000000004df9508 method=java.util.HashMap$HashIterator.nextNode()Ljava/util/HashMap$Node; @ 74
Event: 2.589 Thread 0x0000000004ab6800 Uncommon trap: reason=unloaded action=reinterpret pc=0x0000000004de52fc method=java.util.zip.ZipEntry.setExtra0([BZ)V @ 37
Event: 2.695 Thread 0x0000000004ab6800 Uncommon trap: reason=unstable_if action=reinterpret pc=0x0000000004d4572c method=java.lang.String.<init>([CII)V @ 18
Event: 2.786 Thread 0x0000000004ab6800 Uncommon trap: reason=unstable_if action=reinterpret pc=0x0000000004d9af78 method=java.lang.String.indexOf([CII[CIII)I @ 134
Event: 2.946 Thread 0x0000000004ab6800 Uncommon trap: reason=unstable_if action=reinterpret pc=0x0000000004ebdc7c method=org.objectweb.asm.MethodWriter.visitVarInsn(II)V @ 142
Event: 4.192 Thread 0x0000000004ab6800 Uncommon trap: reason=unstable_if action=reinterpret pc=0x0000000004e66180 method=org.objectweb.asm.Item.a(Lorg/objectweb/asm/Item;)Z @ 345
Event: 4.202 Thread 0x0000000004ab6800 Uncommon trap: reason=unstable_if action=reinterpret pc=0x0000000004f42bb4 method=org.objectweb.asm.tree.MethodNode.getLabelNodes([Ljava/lang/Object;)[Ljava/lang/Object; @ 24

Classes redefined (0 events):
No events

Internal exceptions (10 events):
Event: 2.314 Thread 0x0000000004ab6800 Exception <a 'sun/nio/fs/WindowsException'> (0x00000000ff1e1768) thrown at [D:\src\AOSP-openjdk-cygwin\jdk8u\hotspot\src\share\vm\prims\jni.cpp, line 709]
Event: 2.314 Thread 0x0000000004ab6800 Exception <a 'sun/nio/fs/WindowsException'> (0x00000000ff1e1d80) thrown at [D:\src\AOSP-openjdk-cygwin\jdk8u\hotspot\src\share\vm\prims\jni.cpp, line 709]
Event: 2.315 Thread 0x0000000004ab6800 Exception <a 'sun/nio/fs/WindowsException'> (0x00000000ff1e2560) thrown at [D:\src\AOSP-openjdk-cygwin\jdk8u\hotspot\src\share\vm\prims\jni.cpp, line 709]
Event: 2.315 Thread 0x0000000004ab6800 Exception <a 'sun/nio/fs/WindowsException'> (0x00000000ff1e2b50) thrown at [D:\src\AOSP-openjdk-cygwin\jdk8u\hotspot\src\share\vm\prims\jni.cpp, line 709]
Event: 2.316 Thread 0x0000000004ab6800 Exception <a 'sun/nio/fs/WindowsException'> (0x00000000ff1e3320) thrown at [D:\src\AOSP-openjdk-cygwin\jdk8u\hotspot\src\share\vm\prims\jni.cpp, line 709]
Event: 2.324 Thread 0x0000000004ab6800 Exception <a 'sun/nio/fs/WindowsException'> (0x00000000ff1e8830) thrown at [D:\src\AOSP-openjdk-cygwin\jdk8u\hotspot\src\share\vm\prims\jni.cpp, line 709]
Event: 2.677 Thread 0x0000000004ab6800 Exception <a 'sun/nio/fs/WindowsException'> (0x00000000ff506818) thrown at [D:\src\AOSP-openjdk-cygwin\jdk8u\hotspot\src\share\vm\prims\jni.cpp, line 709]
Event: 2.678 Thread 0x0000000004ab6800 Exception <a 'sun/nio/fs/WindowsException'> (0x00000000ff506e18) thrown at [D:\src\AOSP-openjdk-cygwin\jdk8u\hotspot\src\share\vm\prims\jni.cpp, line 709]
Event: 4.187 Thread 0x0000000004ab6800 Exception <a 'sun/nio/fs/WindowsException'> (0x00000000ff131678) thrown at [D:\src\AOSP-openjdk-cygwin\jdk8u\hotspot\src\share\vm\prims\jni.cpp, line 709]
Event: 4.188 Thread 0x0000000004ab6800 Exception <a 'sun/nio/fs/WindowsException'> (0x00000000ff131bf8) thrown at [D:\src\AOSP-openjdk-cygwin\jdk8u\hotspot\src\share\vm\prims\jni.cpp, line 709]

Events (10 events):
Event: 3.053 Executing VM operation: ParallelGCFailedAllocation
Event: 3.119 Executing VM operation: ParallelGCFailedAllocation done
Event: 3.378 loading class java/util/Vector$Itr
Event: 3.378 loading class java/util/Vector$Itr done
Event: 4.192 Thread 0x0000000004ab6800 Uncommon trap: trap_request=0xffffff65 fr.pc=0x0000000004e66180
Event: 4.192 Thread 0x0000000004ab6800 DEOPT PACKING pc=0x0000000004e66180 sp=0x00000000049de600
Event: 4.192 Thread 0x0000000004ab6800 DEOPT UNPACKING pc=0x0000000004bf556a sp=0x00000000049de598 mode 2
Event: 4.202 Thread 0x0000000004ab6800 Uncommon trap: trap_request=0xffffff65 fr.pc=0x0000000004f42bb4
Event: 4.202 Thread 0x0000000004ab6800 DEOPT PACKING pc=0x0000000004f42bb4 sp=0x00000000049de570
Event: 4.202 Thread 0x0000000004ab6800 DEOPT UNPACKING pc=0x0000000004bf556a sp=0x00000000049de500 mode 2


Dynamic libraries:
0x00007ff657170000 - 0x00007ff6571a1000 	C:\Program Files\Android\Android Studio1\jre\bin\java.exe
0x00007ffca44f0000 - 0x00007ffca46d0000 	C:\WINDOWS\SYSTEM32\ntdll.dll
0x00007ffca1f80000 - 0x00007ffca202e000 	C:\WINDOWS\System32\KERNEL32.DLL
0x00007ffca16a0000 - 0x00007ffca1906000 	C:\WINDOWS\System32\KERNELBASE.dll
0x00007ffca19d0000 - 0x00007ffca1a71000 	C:\WINDOWS\System32\ADVAPI32.dll
0x00007ffca4420000 - 0x00007ffca44bd000 	C:\WINDOWS\System32\msvcrt.dll
0x00007ffca1e20000 - 0x00007ffca1e7b000 	C:\WINDOWS\System32\sechost.dll
0x00007ffca2760000 - 0x00007ffca287f000 	C:\WINDOWS\System32\RPCRT4.dll
0x00007ffca2160000 - 0x00007ffca22ee000 	C:\WINDOWS\System32\USER32.dll
0x00007ffca1480000 - 0x00007ffca14a0000 	C:\WINDOWS\System32\win32u.dll
0x00007ffca1b40000 - 0x00007ffca1b68000 	C:\WINDOWS\System32\GDI32.dll
0x00007ffca08f0000 - 0x00007ffca0a84000 	C:\WINDOWS\System32\gdi32full.dll
0x00007ffca14a0000 - 0x00007ffca153b000 	C:\WINDOWS\System32\msvcp_win.dll
0x00007ffca15a0000 - 0x00007ffca1696000 	C:\WINDOWS\System32\ucrtbase.dll
0x00007ffc90e70000 - 0x00007ffc910d9000 	C:\WINDOWS\WinSxS\amd64_microsoft.windows.common-controls_6595b64144ccf1df_6.0.16299.19_none_cc92fab02215da61\COMCTL32.dll
0x00007ffca3e80000 - 0x00007ffca4188000 	C:\WINDOWS\System32\combase.dll
0x00007ffca13b0000 - 0x00007ffca1422000 	C:\WINDOWS\System32\bcryptPrimitives.dll
0x00007ffca1a80000 - 0x00007ffca1aad000 	C:\WINDOWS\System32\IMM32.DLL
0x0000000060150000 - 0x0000000060222000 	C:\Program Files\Android\Android Studio1\jre\jre\bin\msvcr100.dll
0x0000000060230000 - 0x0000000060a6e000 	C:\Program Files\Android\Android Studio1\jre\jre\bin\server\jvm.dll
0x00007ffca19c0000 - 0x00007ffca19c8000 	C:\WINDOWS\System32\PSAPI.DLL
0x00007ffc910e0000 - 0x00007ffc910ea000 	C:\WINDOWS\SYSTEM32\VERSION.dll
0x00007ffc9e570000 - 0x00007ffc9e593000 	C:\WINDOWS\SYSTEM32\WINMM.dll
0x00007ffc9e3c0000 - 0x00007ffc9e3ea000 	C:\WINDOWS\SYSTEM32\WINMMBASE.dll
0x00007ffc9d5a0000 - 0x00007ffc9d5a9000 	C:\WINDOWS\SYSTEM32\WSOCK32.dll
0x00007ffca1430000 - 0x00007ffca147a000 	C:\WINDOWS\System32\cfgmgr32.dll
0x00007ffca3cc0000 - 0x00007ffca3d2c000 	C:\WINDOWS\System32\WS2_32.dll
0x00007ffc9d360000 - 0x00007ffc9d36f000 	C:\Program Files\Android\Android Studio1\jre\jre\bin\verify.dll
0x00007ffc9ab60000 - 0x00007ffc9ab89000 	C:\Program Files\Android\Android Studio1\jre\jre\bin\java.dll
0x00007ffc95780000 - 0x00007ffc95796000 	C:\Program Files\Android\Android Studio1\jre\jre\bin\zip.dll
0x00007ffca2880000 - 0x00007ffca3cb7000 	C:\WINDOWS\System32\SHELL32.dll
0x00007ffca41f0000 - 0x00007ffca4296000 	C:\WINDOWS\System32\shcore.dll
0x00007ffca0c60000 - 0x00007ffca13a7000 	C:\WINDOWS\System32\windows.storage.dll
0x00007ffca2030000 - 0x00007ffca2081000 	C:\WINDOWS\System32\shlwapi.dll
0x00007ffca0840000 - 0x00007ffca0851000 	C:\WINDOWS\System32\kernel.appcore.dll
0x00007ffca0860000 - 0x00007ffca08ac000 	C:\WINDOWS\System32\powrprof.dll
0x00007ffca08d0000 - 0x00007ffca08eb000 	C:\WINDOWS\System32\profapi.dll
0x00007ffca0570000 - 0x00007ffca0587000 	C:\WINDOWS\SYSTEM32\CRYPTSP.dll
0x00007ffc9f930000 - 0x00007ffc9f963000 	C:\WINDOWS\system32\rsaenh.dll
0x00007ffca0370000 - 0x00007ffca0395000 	C:\WINDOWS\SYSTEM32\bcrypt.dll
0x00007ffca0740000 - 0x00007ffca0769000 	C:\WINDOWS\SYSTEM32\USERENV.dll
0x00007ffc9ff40000 - 0x00007ffc9ff4b000 	C:\WINDOWS\SYSTEM32\CRYPTBASE.dll
0x00007ffc95760000 - 0x00007ffc9577a000 	C:\Program Files\Android\Android Studio1\jre\jre\bin\net.dll
0x00007ffc9fd80000 - 0x00007ffc9fde6000 	C:\WINDOWS\system32\mswsock.dll
0x00007ffc9fab0000 - 0x00007ffc9fae9000 	C:\WINDOWS\SYSTEM32\IPHLPAPI.DLL
0x00007ffca4410000 - 0x00007ffca4418000 	C:\WINDOWS\System32\NSI.dll
0x00007ffc95eb0000 - 0x00007ffc95ec6000 	C:\WINDOWS\SYSTEM32\dhcpcsvc6.DLL
0x00007ffc95e90000 - 0x00007ffc95eaa000 	C:\WINDOWS\SYSTEM32\dhcpcsvc.DLL
0x00007ffc95740000 - 0x00007ffc95751000 	C:\Program Files\Android\Android Studio1\jre\jre\bin\nio.dll

VM Arguments:
jvm_args: -Djava.awt.headless=true -Xmx64M -Dfile.encoding=windows-1252 -Duser.country=BR -Duser.language=pt -Duser.variant 
java_command: com.google.devtools.build.android.desugar.Desugar --input C:\Users\JCarvalhoJr\eclipse-workspace_2018\Web_Services_Android\Web_Service_Android_Client\app\build\intermediates\transforms\stackFramesFixer\debug\14.jar --output C:\Users\JCarvalhoJr\eclipse-workspace_2018\Web_Services_Android\Web_Service_Android_Client\app\build\intermediates\transforms\desugar\debug\15.jar --input C:\Users\JCarvalhoJr\eclipse-workspace_2018\Web_Services_Android\Web_Service_Android_Client\app\build\intermediates\transforms\stackFramesFixer\debug\19.jar --output C:\Users\JCarvalhoJr\eclipse-workspace_2018\Web_Services_Android\Web_Service_Android_Client\app\build\intermediates\transforms\desugar\debug\20.jar --input C:\Users\JCarvalhoJr\eclipse-workspace_2018\Web_Services_Android\Web_Service_Android_Client\app\build\intermediates\transforms\stackFramesFixer\debug\25.jar --output C:\Users\JCarvalhoJr\eclipse-workspace_2018\Web_Services_Android\Web_Service_Android_Client\app\build\intermediates\transforms\desugar\debug\26.jar --input C:\Users\JCarvalhoJr\eclipse-workspace_2018\Web_Services_Android\Web_Service_Android_Client\app\build\intermediates\transforms\stackFramesFixer\debug\10.jar --output C:\Users\JCarvalhoJr\eclipse-workspace_2018\Web_Services_Android\Web_Service_Android_Client\app\build\intermediates\transforms\desugar\debug\11.jar --input C:\Users\JCarvalhoJr\eclipse-workspace_2018\Web_Services_Android\Web_Service_Android_Client\app\build\intermediates\transforms\stackFramesFixer\debug\6.jar --output C:\Users\JCarvalhoJr\eclipse-workspace_2018\Web_Services_Android\Web_Service_Android_Client\app\build\intermediates\transforms\desugar\debug\7.jar --input C:\Users\JCarvalhoJr\eclipse-workspace_2018\Web_Services_Android\Web_Service_Android_Client\app\build\intermediates\transforms\stackFramesFixer\debug\28.jar --output C:\Users\JCarvalhoJr\eclipse-workspace_2018\Web_Services_Android\Web_Service_Android_Client\app\build\intermediates\transforms\desugar\debug\29.jar --in
java_class_path (initial): C:\Users\JCarvalhoJr\AppData\Local\Temp\desugar_deploy.jar1718099202361967594
Launcher Type: SUN_STANDARD

Environment Variables:
CLASSPATH=.;C:\Program Files (x86)\Griaule\Fingerprint SDK 2009\bin\GrFingerJava.jar
USERNAME=JCarvalhoJr
OS=Windows_NT
PROCESSOR_IDENTIFIER=Intel64 Family 6 Model 42 Stepping 7, GenuineIntel



---------------  S Y S T E M  ---------------

OS: Windows 10.0 , 64 bit Build 16299 (10.0.16299.15)

CPU:total 4 (initial active 4) (2 cores per cpu, 2 threads per core) family 6 model 42 stepping 7, cmov, cx8, fxsr, mmx, sse, sse2, sse3, ssse3, sse4.1, sse4.2, popcnt, avx, aes, clmul, ht, tsc, tscinvbit

Memory: 4k page, physical 12496748k(4188120k free), swap 13545324k(1208k free)

vm_info: OpenJDK 64-Bit Server VM (25.152-b01) for windows-amd64 JRE (1.8.0_152-release-915-b01), built by "builder" with MS VC++ 10.0 (VS2010)

time: Tue Mar 13 19:28:16 2018
elapsed time: 4 seconds (0d 0h 0m 4s)

