#
# A fatal error has been detected by the Java Runtime Environment:
#
#  Internal Error (0xc06d007e), pid=27580, tid=0x000000000000611c
#
# JRE version:  (8.0_152-b01) (build )
# Java VM: OpenJDK 64-Bit Server VM (25.152-b01 mixed mode windows-amd64 compressed oops)
# Problematic frame:
# C  [KERNELBASE.dll+0x13fb8]
#
# Failed to write core dump. Minidumps are not enabled by default on client versions of Windows
#
# If you would like to submit a bug report, please visit:
#   http://bugreport.java.com/bugreport/crash.jsp
# The crash happened outside the Java Virtual Machine in native code.
# See problematic frame for where to report the bug.
#

---------------  T H R E A D  ---------------

Current thread (0x0000000004787000):  JavaThread "main" [_thread_in_native, id=24860, stack(0x0000000004680000,0x0000000004780000)]

siginfo: ExceptionCode=0xc06d007e, ExceptionInformation=0x000000000477e700 

Registers:
RAX=0x0000000000000000, RBX=0x0000000000000000, RCX=0x0000000efffffddd, RDX=0x0000000000000004
RSP=0x000000000477e600, RBP=0x000000000477e758, RSI=0x00007ff9ddcdd8bc, RDI=0x0000000000000000
R8 =0x00007ff9e3768912, R9 =0x0000000000000003, R10=0x0000000000000000, R11=0x00000000029e0300
R12=0x0000000000000001, R13=0x00007ff9ddce5780, R14=0x00007ff9ddce5510, R15=0x00007ff9ddcdd948
RIP=0x00007ff9dfbb3fb8, EFLAGS=0x0000000000000202

Top of Stack: (sp=0x000000000477e600)
0x000000000477e600:   00007ff9ddcdd948 0000000000000000
0x000000000477e610:   00007ff9ddcdd8bc 0000000000000000
0x000000000477e620:   00000000c06d007e 0000000000000000
0x000000000477e630:   00007ff9dfbb3fb8 00007ff900000001
0x000000000477e640:   000000000477e700 00000000029f9850
0x000000000477e650:   0000000000000000 0000000000000000
0x000000000477e660:   0000000000000000 00007ff9dfbadbaf
0x000000000477e670:   0073005c00000000 00007ff9ddcdd8bc
0x000000000477e680:   0000f2438edc4d77 0000000000000000
0x000000000477e690:   0000000000000000 0000000000000000
0x000000000477e6a0:   00007ff9ddcdcb90 00007ff9dfbad209
0x000000000477e6b0:   0000000000000000 000000006d334e7e
0x000000000477e6c0:   0000e62ab28994c9 000000006d305695
0x000000000477e6d0:   0000000000000000 00007ff9ddcd8db7
0x000000000477e6e0:   0000000000000000 00007ff9ddcdd8bc
0x000000000477e6f0:   0000000000000001 000000006d3338a8 

Instructions: (pc=0x00007ff9dfbb3fb8)
0x00007ff9dfbb3f98:   49 8b d1 44 0f 47 c0 44 89 44 24 38 49 c1 e0 03
0x00007ff9dfbb3fa8:   e8 ba 16 07 00 48 8d 4c 24 20 ff 15 38 4b 16 00
0x00007ff9dfbb3fb8:   48 8b 8c 24 c0 00 00 00 48 33 cc e8 98 e6 06 00
0x00007ff9dfbb3fc8:   48 81 c4 d8 00 00 00 c3 83 64 24 38 00 eb d6 cc 


Register to memory mapping:

RAX=0x0000000000000000 is an unknown value
RBX=0x0000000000000000 is an unknown value
RCX=0x0000000efffffddd is an unknown value
RDX=0x0000000000000004 is an unknown value
RSP=0x000000000477e600 is pointing into the stack for thread: 0x0000000004787000
RBP=0x000000000477e758 is pointing into the stack for thread: 0x0000000004787000
RSI=0x00007ff9ddcdd8bc is an unknown value
RDI=0x0000000000000000 is an unknown value
R8 =0x00007ff9e3768912 is an unknown value
R9 =0x0000000000000003 is an unknown value
R10=0x0000000000000000 is an unknown value
R11=0x00000000029e0300 is an unknown value
R12=0x0000000000000001 is an unknown value
R13=0x00007ff9ddce5780 is an unknown value
R14=0x00007ff9ddce5510 is an unknown value
R15=0x00007ff9ddcdd948 is an unknown value


Stack: [0x0000000004680000,0x0000000004780000],  sp=0x000000000477e600,  free space=1017k
Native frames: (J=compiled Java code, j=interpreted, Vv=VM code, C=native code)
C  [KERNELBASE.dll+0x13fb8]

Java frames: (J=compiled Java code, j=interpreted, Vv=VM code)
j  java.lang.System.initProperties(Ljava/util/Properties;)Ljava/util/Properties;+0
j  java.lang.System.initializeSystemClass()V+13
v  ~StubRoutines::call_stub

---------------  P R O C E S S  ---------------

Java Threads: ( => current thread )
  0x000000000487c000 JavaThread "Finalizer" daemon [_thread_blocked, id=25364, stack(0x0000000015e40000,0x0000000015f40000)]
  0x0000000004877000 JavaThread "Reference Handler" daemon [_thread_blocked, id=11436, stack(0x0000000015d40000,0x0000000015e40000)]
=>0x0000000004787000 JavaThread "main" [_thread_in_native, id=24860, stack(0x0000000004680000,0x0000000004780000)]

Other Threads:
  0x0000000014ba6000 VMThread [stack: 0x0000000015c40000,0x0000000015d40000] [id=27544]

VM state:not at safepoint (normal execution)

VM Mutex/Monitor currently owned by a thread: None

Heap:
 PSYoungGen      total 18944K, used 327K [0x00000000feb00000, 0x0000000100000000, 0x0000000100000000)
  eden space 16384K, 2% used [0x00000000feb00000,0x00000000feb51ec8,0x00000000ffb00000)
  from space 2560K, 0% used [0x00000000ffd80000,0x00000000ffd80000,0x0000000100000000)
  to   space 2560K, 0% used [0x00000000ffb00000,0x00000000ffb00000,0x00000000ffd80000)
 ParOldGen       total 44032K, used 0K [0x00000000fc000000, 0x00000000feb00000, 0x00000000feb00000)
  object space 44032K, 0% used [0x00000000fc000000,0x00000000fc000000,0x00000000feb00000)
 Metaspace       used 1105K, capacity 4480K, committed 4480K, reserved 1056768K
  class space    used 113K, capacity 384K, committed 384K, reserved 1048576K

Card table byte_map: [0x0000000002d10000,0x0000000002d40000] byte_map_base: 0x0000000002530000

Marking Bits: (ParMarkBitMap*) 0x000000006e4b3950
 Begin Bits: [0x0000000014040000, 0x0000000014140000)
 End Bits:   [0x0000000014140000, 0x0000000014240000)

Polling page: 0x0000000002ce0000

CodeCache: size=245760Kb used=404Kb max_used=404Kb free=245355Kb
 bounds [0x0000000004880000, 0x0000000004af0000, 0x0000000013880000]
 total_blobs=102 nmethods=0 adapters=77
 compilation: enabled

Compilation events (0 events):
No events

GC Heap History (0 events):
No events

Deoptimization events (0 events):
No events

Classes redefined (0 events):
No events

Internal exceptions (2 events):
Event: 0.451 Thread 0x0000000004787000 Exception <a 'java/lang/NoSuchMethodError': Method sun.misc.Unsafe.defineClass(Ljava/lang/String;[BII)Ljava/lang/Class; name or signature does not match> (0x00000000feb07ca8) thrown at [D:\src\AOSP-openjdk-cygwin\jdk8u\hotspot\src\share\vm\prims\jni.cpp, 
Event: 0.452 Thread 0x0000000004787000 Exception <a 'java/lang/NoSuchMethodError': Method sun.misc.Unsafe.prefetchRead(Ljava/lang/Object;J)V name or signature does not match> (0x00000000feb07f90) thrown at [D:\src\AOSP-openjdk-cygwin\jdk8u\hotspot\src\share\vm\prims\jni.cpp, line 4011]

Events (10 events):
Event: 0.452 loading class java/util/HashMap$Node done
Event: 0.453 loading class sun/misc/VM
Event: 0.453 loading class sun/misc/VM done
Event: 0.453 loading class java/util/Hashtable$Entry
Event: 0.453 loading class java/util/Hashtable$Entry done
Event: 0.453 loading class java/lang/Math
Event: 0.454 loading class java/lang/Math done
Event: 0.454 loading class java/lang/ref/Finalizer$FinalizerThread
Event: 0.454 loading class java/lang/ref/Finalizer$FinalizerThread done
Event: 0.455 Thread 0x000000000487c000 Thread added: 0x000000000487c000


Dynamic libraries:
0x00007ff65ea60000 - 0x00007ff65ea91000 	C:\Program Files\Android\Android Studio1\jre\bin\java.exe
0x00007ff9e3740000 - 0x00007ff9e3920000 	C:\WINDOWS\SYSTEM32\ntdll.dll
0x00007ff9e0e00000 - 0x00007ff9e0eae000 	C:\WINDOWS\System32\KERNEL32.DLL
0x00007ff9dfba0000 - 0x00007ff9dfe06000 	C:\WINDOWS\System32\KERNELBASE.dll
0x00007ff9e1540000 - 0x00007ff9e15e1000 	C:\WINDOWS\System32\ADVAPI32.dll
0x00007ff9e1ea0000 - 0x00007ff9e1f3d000 	C:\WINDOWS\System32\msvcrt.dll
0x00007ff9e0da0000 - 0x00007ff9e0dfb000 	C:\WINDOWS\System32\sechost.dll
0x00007ff9e35f0000 - 0x00007ff9e370f000 	C:\WINDOWS\System32\RPCRT4.dll
0x00007ff9e0c10000 - 0x00007ff9e0d9e000 	C:\WINDOWS\System32\USER32.dll
0x00007ff9e0190000 - 0x00007ff9e01b0000 	C:\WINDOWS\System32\win32u.dll
0x00007ff9e1de0000 - 0x00007ff9e1e08000 	C:\WINDOWS\System32\GDI32.dll
0x00007ff9e0a70000 - 0x00007ff9e0c04000 	C:\WINDOWS\System32\gdi32full.dll
0x00007ff9e09d0000 - 0x00007ff9e0a6b000 	C:\WINDOWS\System32\msvcp_win.dll
0x00007ff9e0090000 - 0x00007ff9e0186000 	C:\WINDOWS\System32\ucrtbase.dll
0x00007ff9d17c0000 - 0x00007ff9d1a29000 	C:\WINDOWS\WinSxS\amd64_microsoft.windows.common-controls_6595b64144ccf1df_6.0.16299.19_none_cc92fab02215da61\COMCTL32.dll
0x00007ff9e1000000 - 0x00007ff9e1308000 	C:\WINDOWS\System32\combase.dll
0x00007ff9e01b0000 - 0x00007ff9e0222000 	C:\WINDOWS\System32\bcryptPrimitives.dll
0x00007ff9e14b0000 - 0x00007ff9e14dd000 	C:\WINDOWS\System32\IMM32.DLL
0x000000006d2e0000 - 0x000000006d3b2000 	C:\Program Files\Android\Android Studio1\jre\jre\bin\msvcr100.dll
0x000000006dcf0000 - 0x000000006e52e000 	C:\Program Files\Android\Android Studio1\jre\jre\bin\server\jvm.dll
0x00007ff9e1e10000 - 0x00007ff9e1e18000 	C:\WINDOWS\System32\PSAPI.DLL
0x00007ff9dde90000 - 0x00007ff9dde99000 	C:\WINDOWS\SYSTEM32\WSOCK32.dll
0x00007ff9e13e0000 - 0x00007ff9e144c000 	C:\WINDOWS\System32\WS2_32.dll
0x00007ff9dda80000 - 0x00007ff9ddaa3000 	C:\WINDOWS\SYSTEM32\WINMM.dll
0x00007ff9ccec0000 - 0x00007ff9cceca000 	C:\WINDOWS\SYSTEM32\VERSION.dll
0x00007ff9dda20000 - 0x00007ff9dda4a000 	C:\WINDOWS\SYSTEM32\WINMMBASE.dll
0x00007ff9e0230000 - 0x00007ff9e027a000 	C:\WINDOWS\System32\cfgmgr32.dll
0x00007ff9ddff0000 - 0x00007ff9ddfff000 	C:\Program Files\Android\Android Studio1\jre\jre\bin\verify.dll
0x00007ff9ddcc0000 - 0x00007ff9ddce9000 	C:\Program Files\Android\Android Studio1\jre\jre\bin\java.dll
0x00007ff9dde60000 - 0x00007ff9dde76000 	C:\Program Files\Android\Android Studio1\jre\jre\bin\zip.dll
0x00007ff9d14f0000 - 0x00007ff9d16b8000 	C:\WINDOWS\SYSTEM32\dbghelp.dll

VM Arguments:
jvm_args: -Djava.awt.headless=true -Xmx64M -Dfile.encoding=windows-1252 -Duser.country=BR -Duser.language=pt -Duser.variant 
java_command: com.google.devtools.build.android.desugar.Desugar --input C:\Users\JCarvalhoJr\eclipse-workspace_2018\Web_Services_Android\Web_Service_Android_Client\app\build\intermediates\transforms\stackFramesFixer\debug\14.jar --output C:\Users\JCarvalhoJr\eclipse-workspace_2018\Web_Services_Android\Web_Service_Android_Client\app\build\intermediates\transforms\desugar\debug\15.jar --input C:\Users\JCarvalhoJr\eclipse-workspace_2018\Web_Services_Android\Web_Service_Android_Client\app\build\intermediates\transforms\stackFramesFixer\debug\19.jar --output C:\Users\JCarvalhoJr\eclipse-workspace_2018\Web_Services_Android\Web_Service_Android_Client\app\build\intermediates\transforms\desugar\debug\20.jar --input C:\Users\JCarvalhoJr\eclipse-workspace_2018\Web_Services_Android\Web_Service_Android_Client\app\build\intermediates\transforms\stackFramesFixer\debug\20.jar --output C:\Users\JCarvalhoJr\eclipse-workspace_2018\Web_Services_Android\Web_Service_Android_Client\app\build\intermediates\transforms\desugar\debug\21.jar --input C:\Users\JCarvalhoJr\eclipse-workspace_2018\Web_Services_Android\Web_Service_Android_Client\app\build\intermediates\transforms\stackFramesFixer\debug\17.jar --output C:\Users\JCarvalhoJr\eclipse-workspace_2018\Web_Services_Android\Web_Service_Android_Client\app\build\intermediates\transforms\desugar\debug\18.jar --input C:\Users\JCarvalhoJr\eclipse-workspace_2018\Web_Services_Android\Web_Service_Android_Client\app\build\intermediates\transforms\stackFramesFixer\debug\24.jar --output C:\Users\JCarvalhoJr\eclipse-workspace_2018\Web_Services_Android\Web_Service_Android_Client\app\build\intermediates\transforms\desugar\debug\25.jar --input C:\Users\JCarvalhoJr\eclipse-workspace_2018\Web_Services_Android\Web_Service_Android_Client\app\build\intermediates\transforms\stackFramesFixer\debug\18.jar --output C:\Users\JCarvalhoJr\eclipse-workspace_2018\Web_Services_Android\Web_Service_Android_Client\app\build\intermediates\transforms\desugar\debug\19.jar --
java_class_path (initial): C:\Users\JCarvalhoJr\AppData\Local\Temp\desugar_deploy.jar5884579408290670314
Launcher Type: SUN_STANDARD

Environment Variables:
CLASSPATH=.;C:\Program Files (x86)\Griaule\Fingerprint SDK 2009\bin\GrFingerJava.jar
USERNAME=JCarvalhoJr
OS=Windows_NT
PROCESSOR_IDENTIFIER=Intel64 Family 6 Model 42 Stepping 7, GenuineIntel



---------------  S Y S T E M  ---------------

OS: Windows 10.0 , 64 bit Build 16299 (10.0.16299.15)

CPU:total 4 (initial active 4) (2 cores per cpu, 2 threads per core) family 6 model 42 stepping 7, cmov, cx8, fxsr, mmx, sse, sse2, sse3, ssse3, sse4.1, sse4.2, popcnt, avx, aes, clmul, ht, tsc, tscinvbit

Memory: 4k page, physical 12496748k(3134360k free), swap 13545324k(28688k free)

vm_info: OpenJDK 64-Bit Server VM (25.152-b01) for windows-amd64 JRE (1.8.0_152-release-915-b01), built by "builder" with MS VC++ 10.0 (VS2010)

time: Sun Mar 11 20:28:46 2018
elapsed time: 0 seconds (0d 0h 0m 0s)

