#
# There is insufficient memory for the Java Runtime Environment to continue.
# Native memory allocation (malloc) failed to allocate 32744 bytes for ChunkPool::allocate
# Possible reasons:
#   The system is out of physical RAM or swap space
#   In 32 bit mode, the process size limit was hit
# Possible solutions:
#   Reduce memory load on the system
#   Increase physical memory or swap space
#   Check if swap backing store is full
#   Use 64 bit Java on a 64 bit OS
#   Decrease Java heap size (-Xmx/-Xms)
#   Decrease number of Java threads
#   Decrease Java thread stack sizes (-Xss)
#   Set larger code cache with -XX:ReservedCodeCacheSize=
# This output file may be truncated or incomplete.
#
#  Out of Memory Error (allocation.cpp:273), pid=22708, tid=0x0000000000005aac
#
# JRE version: OpenJDK Runtime Environment (8.0_152-b01) (build 1.8.0_152-release-915-b01)
# Java VM: OpenJDK 64-Bit Server VM (25.152-b01 mixed mode windows-amd64 compressed oops)
# Failed to write core dump. Minidumps are not enabled by default on client versions of Windows
#

---------------  T H R E A D  ---------------

Current thread (0x0000000014893000):  JavaThread "C2 CompilerThread0" daemon [_thread_in_native, id=23212, stack(0x0000000015ff0000,0x00000000160f0000)]

Stack: [0x0000000015ff0000,0x00000000160f0000]
[error occurred during error reporting (printing stack bounds), id 0xc0000005]

Native frames: (J=compiled Java code, j=interpreted, Vv=VM code, C=native code)


Current CompileTask:
C2:   3738  881 %     4       org.objectweb.asm.ClassReader::a @ 74 (3587 bytes)


---------------  P R O C E S S  ---------------

Java Threads: ( => current thread )
  0x00000000160fb000 JavaThread "Service Thread" daemon [_thread_blocked, id=1420, stack(0x00000000166f0000,0x00000000167f0000)]
  0x00000000160f3800 JavaThread "C1 CompilerThread2" daemon [_thread_blocked, id=21324, stack(0x00000000165f0000,0x00000000166f0000)]
  0x00000000160f0800 JavaThread "C2 CompilerThread1" daemon [_thread_blocked, id=7540, stack(0x00000000164f0000,0x00000000165f0000)]
=>0x0000000014893000 JavaThread "C2 CompilerThread0" daemon [_thread_in_native, id=23212, stack(0x0000000015ff0000,0x00000000160f0000)]
  0x0000000014890800 JavaThread "Attach Listener" daemon [_thread_blocked, id=21964, stack(0x0000000015ef0000,0x0000000015ff0000)]
  0x000000001488f800 JavaThread "Signal Dispatcher" daemon [_thread_blocked, id=19088, stack(0x0000000015df0000,0x0000000015ef0000)]
  0x000000000452c800 JavaThread "Finalizer" daemon [_thread_blocked, id=22864, stack(0x0000000015af0000,0x0000000015bf0000)]
  0x0000000004527000 JavaThread "Reference Handler" daemon [_thread_blocked, id=18168, stack(0x00000000159f0000,0x0000000015af0000)]
  0x0000000004437000 JavaThread "main" [_thread_in_Java, id=23124, stack(0x0000000004230000,0x0000000004330000)]

Other Threads:
  0x0000000014856800 VMThread [stack: 0x00000000158f0000,0x00000000159f0000] [id=17448]
  0x00000000160fc000 WatcherThread [stack: 0x00000000167f0000,0x00000000168f0000] [id=22404]

VM state:not at safepoint (normal execution)

VM Mutex/Monitor currently owned by a thread: None

Heap:
 PSYoungGen      total 18944K, used 18349K [0x00000000feb00000, 0x0000000100000000, 0x0000000100000000)
  eden space 16384K, 96% used [0x00000000feb00000,0x00000000ffa73708,0x00000000ffb00000)
  from space 2560K, 98% used [0x00000000ffb00000,0x00000000ffd78030,0x00000000ffd80000)
  to   space 2560K, 0% used [0x00000000ffd80000,0x00000000ffd80000,0x0000000100000000)
 ParOldGen       total 44032K, used 1452K [0x00000000fc000000, 0x00000000feb00000, 0x00000000feb00000)
  object space 44032K, 3% used [0x00000000fc000000,0x00000000fc16b1f0,0x00000000feb00000)
 Metaspace       used 7693K, capacity 7864K, committed 7936K, reserved 1056768K
  class space    used 897K, capacity 988K, committed 1024K, reserved 1048576K

Card table byte_map: [0x00000000040a0000,0x00000000040d0000] byte_map_base: 0x00000000038c0000

Marking Bits: (ParMarkBitMap*) 0x000000006e4b3950
 Begin Bits: [0x0000000013cf0000, 0x0000000013df0000)
 End Bits:   [0x0000000013df0000, 0x0000000013ef0000)

Polling page: 0x00000000028c0000

CodeCache: size=245760Kb used=3424Kb max_used=3436Kb free=242335Kb
 bounds [0x0000000004530000, 0x0000000004890000, 0x0000000013530000]
 total_blobs=1221 nmethods=890 adapters=245
 compilation: enabled

Compilation events (10 events):
Event: 2.967 Thread 0x00000000160f3800  873       3       com.google.devtools.build.android.desugar.DefaultMethodClassFixer::recordIfInstanceMethod (41 bytes)
Event: 2.968 Thread 0x00000000160f3800 nmethod 873 0x0000000004883710 code [0x0000000004883940, 0x0000000004884658]
Event: 3.656 Thread 0x00000000160f3800  888       3       java.io.WinNTFileSystem::normalize (143 bytes)
Event: 3.658 Thread 0x00000000160f3800 nmethod 888 0x0000000004888810 code [0x0000000004888a00, 0x0000000004889228]
Event: 3.660 Thread 0x00000000160f0800  889       4       com.google.common.collect.TransformedIterator::hasNext (10 bytes)
Event: 3.663 Thread 0x00000000160f0800 nmethod 889 0x000000000488c510 code [0x000000000488c660, 0x000000000488c998]
Event: 3.665 Thread 0x00000000160f0800  890       4       com.google.common.collect.TransformedIterator::next (14 bytes)
Event: 3.665 Thread 0x00000000160f3800  891       3       org.objectweb.asm.ClassVisitor::<init> (35 bytes)
Event: 3.666 Thread 0x00000000160f3800 nmethod 891 0x000000000488bf90 code [0x000000000488c100, 0x000000000488c408]
Event: 3.667 Thread 0x00000000160f0800 nmethod 890 0x000000000488a510 code [0x000000000488a680, 0x000000000488a7e8]

GC Heap History (2 events):
Event: 1.871 GC heap before
{Heap before GC invocations=1 (full 0):
 PSYoungGen      total 18944K, used 16384K [0x00000000feb00000, 0x0000000100000000, 0x0000000100000000)
  eden space 16384K, 100% used [0x00000000feb00000,0x00000000ffb00000,0x00000000ffb00000)
  from space 2560K, 0% used [0x00000000ffd80000,0x00000000ffd80000,0x0000000100000000)
  to   space 2560K, 0% used [0x00000000ffb00000,0x00000000ffb00000,0x00000000ffd80000)
 ParOldGen       total 44032K, used 0K [0x00000000fc000000, 0x00000000feb00000, 0x00000000feb00000)
  object space 44032K, 0% used [0x00000000fc000000,0x00000000fc000000,0x00000000feb00000)
 Metaspace       used 6519K, capacity 6666K, committed 6784K, reserved 1056768K
  class space    used 768K, capacity 823K, committed 896K, reserved 1048576K
Event: 1.916 GC heap after
Heap after GC invocations=1 (full 0):
 PSYoungGen      total 18944K, used 2528K [0x00000000feb00000, 0x0000000100000000, 0x0000000100000000)
  eden space 16384K, 0% used [0x00000000feb00000,0x00000000feb00000,0x00000000ffb00000)
  from space 2560K, 98% used [0x00000000ffb00000,0x00000000ffd78030,0x00000000ffd80000)
  to   space 2560K, 0% used [0x00000000ffd80000,0x00000000ffd80000,0x0000000100000000)
 ParOldGen       total 44032K, used 1452K [0x00000000fc000000, 0x00000000feb00000, 0x00000000feb00000)
  object space 44032K, 3% used [0x00000000fc000000,0x00000000fc16b1f0,0x00000000feb00000)
 Metaspace       used 6519K, capacity 6666K, committed 6784K, reserved 1056768K
  class space    used 768K, capacity 823K, committed 896K, reserved 1048576K
}

Deoptimization events (10 events):
Event: 2.494 Thread 0x0000000004437000 Uncommon trap: reason=class_check action=maybe_recompile pc=0x000000000475f168 method=com.google.common.collect.TransformedIterator.next()Ljava/lang/Object; @ 5
Event: 2.494 Thread 0x0000000004437000 Uncommon trap: reason=class_check action=maybe_recompile pc=0x0000000004751350 method=com.google.common.collect.Iterators$7.transform(Ljava/lang/Object;)Ljava/lang/Object; @ 5
Event: 2.494 Thread 0x0000000004437000 Uncommon trap: reason=class_check action=maybe_recompile pc=0x000000000475e9ac method=com.google.common.collect.TransformedIterator.hasNext()Z @ 4
Event: 2.494 Thread 0x0000000004437000 Uncommon trap: reason=class_check action=maybe_recompile pc=0x000000000475f168 method=com.google.common.collect.TransformedIterator.next()Ljava/lang/Object; @ 5
Event: 2.494 Thread 0x0000000004437000 Uncommon trap: reason=class_check action=maybe_recompile pc=0x0000000004751350 method=com.google.common.collect.Iterators$7.transform(Ljava/lang/Object;)Ljava/lang/Object; @ 5
Event: 2.494 Thread 0x0000000004437000 Uncommon trap: reason=class_check action=maybe_recompile pc=0x000000000475f168 method=com.google.common.collect.TransformedIterator.next()Ljava/lang/Object; @ 5
Event: 2.494 Thread 0x0000000004437000 Uncommon trap: reason=class_check action=maybe_recompile pc=0x0000000004751350 method=com.google.common.collect.Iterators$7.transform(Ljava/lang/Object;)Ljava/lang/Object; @ 5
Event: 2.614 Thread 0x0000000004437000 Uncommon trap: reason=unstable_if action=reinterpret pc=0x000000000470d978 method=java.lang.String.indexOf([CII[CIII)I @ 134
Event: 2.658 Thread 0x0000000004437000 Uncommon trap: reason=unstable_if action=reinterpret pc=0x00000000046f2a6c method=java.lang.String.<init>([CII)V @ 18
Event: 2.946 Thread 0x0000000004437000 Uncommon trap: reason=unstable_if action=reinterpret pc=0x00000000048558c8 method=org.objectweb.asm.Item.a(Lorg/objectweb/asm/Item;)Z @ 345

Classes redefined (0 events):
No events

Internal exceptions (10 events):
Event: 2.125 Thread 0x0000000004437000 Exception <a 'sun/nio/fs/WindowsException'> (0x00000000ff1cefc8) thrown at [D:\src\AOSP-openjdk-cygwin\jdk8u\hotspot\src\share\vm\prims\jni.cpp, line 709]
Event: 2.125 Thread 0x0000000004437000 Exception <a 'sun/nio/fs/WindowsException'> (0x00000000ff1cf5e0) thrown at [D:\src\AOSP-openjdk-cygwin\jdk8u\hotspot\src\share\vm\prims\jni.cpp, line 709]
Event: 2.125 Thread 0x0000000004437000 Exception <a 'sun/nio/fs/WindowsException'> (0x00000000ff1cfdc0) thrown at [D:\src\AOSP-openjdk-cygwin\jdk8u\hotspot\src\share\vm\prims\jni.cpp, line 709]
Event: 2.125 Thread 0x0000000004437000 Exception <a 'sun/nio/fs/WindowsException'> (0x00000000ff1d03b0) thrown at [D:\src\AOSP-openjdk-cygwin\jdk8u\hotspot\src\share\vm\prims\jni.cpp, line 709]
Event: 2.126 Thread 0x0000000004437000 Exception <a 'sun/nio/fs/WindowsException'> (0x00000000ff1d0b80) thrown at [D:\src\AOSP-openjdk-cygwin\jdk8u\hotspot\src\share\vm\prims\jni.cpp, line 709]
Event: 2.167 Thread 0x0000000004437000 Exception <a 'sun/nio/fs/WindowsException'> (0x00000000ff1d6090) thrown at [D:\src\AOSP-openjdk-cygwin\jdk8u\hotspot\src\share\vm\prims\jni.cpp, line 709]
Event: 2.435 Thread 0x0000000004437000 Exception <a 'sun/nio/fs/WindowsException'> (0x00000000ff4c5bb0) thrown at [D:\src\AOSP-openjdk-cygwin\jdk8u\hotspot\src\share\vm\prims\jni.cpp, line 709]
Event: 2.437 Thread 0x0000000004437000 Exception <a 'sun/nio/fs/WindowsException'> (0x00000000ff4c61b0) thrown at [D:\src\AOSP-openjdk-cygwin\jdk8u\hotspot\src\share\vm\prims\jni.cpp, line 709]
Event: 2.966 Thread 0x0000000004437000 Exception <a 'sun/nio/fs/WindowsException'> (0x00000000ffa1bf80) thrown at [D:\src\AOSP-openjdk-cygwin\jdk8u\hotspot\src\share\vm\prims\jni.cpp, line 709]
Event: 2.966 Thread 0x0000000004437000 Exception <a 'sun/nio/fs/WindowsException'> (0x00000000ffa1c500) thrown at [D:\src\AOSP-openjdk-cygwin\jdk8u\hotspot\src\share\vm\prims\jni.cpp, line 709]

Events (10 events):
Event: 2.615 loading class java/util/zip/ZipOutputStream$XEntry
Event: 2.615 loading class java/util/zip/ZipOutputStream$XEntry done
Event: 2.658 Thread 0x0000000004437000 Uncommon trap: trap_request=0xffffff65 fr.pc=0x00000000046f2a6c
Event: 2.658 Thread 0x0000000004437000 DEOPT PACKING pc=0x00000000046f2a6c sp=0x000000000432ee20
Event: 2.658 Thread 0x0000000004437000 DEOPT UNPACKING pc=0x000000000457556a sp=0x000000000432ede8 mode 2
Event: 2.946 Thread 0x0000000004437000 Uncommon trap: trap_request=0xffffff65 fr.pc=0x00000000048558c8
Event: 2.946 Thread 0x0000000004437000 DEOPT PACKING pc=0x00000000048558c8 sp=0x000000000432e980
Event: 2.946 Thread 0x0000000004437000 DEOPT UNPACKING pc=0x000000000457556a sp=0x000000000432e918 mode 2
Event: 2.962 loading class java/util/Vector$Itr
Event: 2.963 loading class java/util/Vector$Itr done


Dynamic libraries:
0x00007ff65ea60000 - 0x00007ff65ea91000 	C:\Program Files\Android\Android Studio1\jre\bin\java.exe
0x00007ff9e3740000 - 0x00007ff9e3920000 	C:\WINDOWS\SYSTEM32\ntdll.dll
0x00007ff9e0e00000 - 0x00007ff9e0eae000 	C:\WINDOWS\System32\KERNEL32.DLL
0x00007ff9dfba0000 - 0x00007ff9dfe06000 	C:\WINDOWS\System32\KERNELBASE.dll
0x00007ff9e1540000 - 0x00007ff9e15e1000 	C:\WINDOWS\System32\ADVAPI32.dll
0x00007ff9e1ea0000 - 0x00007ff9e1f3d000 	C:\WINDOWS\System32\msvcrt.dll
0x00007ff9e0da0000 - 0x00007ff9e0dfb000 	C:\WINDOWS\System32\sechost.dll
0x00007ff9e35f0000 - 0x00007ff9e370f000 	C:\WINDOWS\System32\RPCRT4.dll
0x00007ff9e0c10000 - 0x00007ff9e0d9e000 	C:\WINDOWS\System32\USER32.dll
0x00007ff9e0190000 - 0x00007ff9e01b0000 	C:\WINDOWS\System32\win32u.dll
0x00007ff9e1de0000 - 0x00007ff9e1e08000 	C:\WINDOWS\System32\GDI32.dll
0x00007ff9e0a70000 - 0x00007ff9e0c04000 	C:\WINDOWS\System32\gdi32full.dll
0x00007ff9e09d0000 - 0x00007ff9e0a6b000 	C:\WINDOWS\System32\msvcp_win.dll
0x00007ff9e0090000 - 0x00007ff9e0186000 	C:\WINDOWS\System32\ucrtbase.dll
0x00007ff9d17c0000 - 0x00007ff9d1a29000 	C:\WINDOWS\WinSxS\amd64_microsoft.windows.common-controls_6595b64144ccf1df_6.0.16299.19_none_cc92fab02215da61\COMCTL32.dll
0x00007ff9e1000000 - 0x00007ff9e1308000 	C:\WINDOWS\System32\combase.dll
0x00007ff9e01b0000 - 0x00007ff9e0222000 	C:\WINDOWS\System32\bcryptPrimitives.dll
0x00007ff9e14b0000 - 0x00007ff9e14dd000 	C:\WINDOWS\System32\IMM32.DLL
0x000000006d2e0000 - 0x000000006d3b2000 	C:\Program Files\Android\Android Studio1\jre\jre\bin\msvcr100.dll
0x000000006dcf0000 - 0x000000006e52e000 	C:\Program Files\Android\Android Studio1\jre\jre\bin\server\jvm.dll
0x00007ff9e1e10000 - 0x00007ff9e1e18000 	C:\WINDOWS\System32\PSAPI.DLL
0x00007ff9dde90000 - 0x00007ff9dde99000 	C:\WINDOWS\SYSTEM32\WSOCK32.dll
0x00007ff9e13e0000 - 0x00007ff9e144c000 	C:\WINDOWS\System32\WS2_32.dll
0x00007ff9dda80000 - 0x00007ff9ddaa3000 	C:\WINDOWS\SYSTEM32\WINMM.dll
0x00007ff9ccec0000 - 0x00007ff9cceca000 	C:\WINDOWS\SYSTEM32\VERSION.dll
0x00007ff9dda20000 - 0x00007ff9dda4a000 	C:\WINDOWS\SYSTEM32\WINMMBASE.dll
0x00007ff9e0230000 - 0x00007ff9e027a000 	C:\WINDOWS\System32\cfgmgr32.dll
0x00007ff9ddff0000 - 0x00007ff9ddfff000 	C:\Program Files\Android\Android Studio1\jre\jre\bin\verify.dll
0x00007ff9ddca0000 - 0x00007ff9ddcc9000 	C:\Program Files\Android\Android Studio1\jre\jre\bin\java.dll
0x00007ff9ddc80000 - 0x00007ff9ddc96000 	C:\Program Files\Android\Android Studio1\jre\jre\bin\zip.dll
0x00007ff9e21b0000 - 0x00007ff9e35e7000 	C:\WINDOWS\System32\SHELL32.dll
0x00007ff9e1ab0000 - 0x00007ff9e1b56000 	C:\WINDOWS\System32\shcore.dll
0x00007ff9e0280000 - 0x00007ff9e09c7000 	C:\WINDOWS\System32\windows.storage.dll
0x00007ff9e14e0000 - 0x00007ff9e1531000 	C:\WINDOWS\System32\shlwapi.dll
0x00007ff9dfa90000 - 0x00007ff9dfaa1000 	C:\WINDOWS\System32\kernel.appcore.dll
0x00007ff9dfaf0000 - 0x00007ff9dfb3c000 	C:\WINDOWS\System32\powrprof.dll
0x00007ff9dfad0000 - 0x00007ff9dfaeb000 	C:\WINDOWS\System32\profapi.dll
0x00007ff9df480000 - 0x00007ff9df497000 	C:\WINDOWS\SYSTEM32\CRYPTSP.dll
0x00007ff9deed0000 - 0x00007ff9def03000 	C:\WINDOWS\system32\rsaenh.dll
0x00007ff9df5f0000 - 0x00007ff9df615000 	C:\WINDOWS\SYSTEM32\bcrypt.dll
0x00007ff9df990000 - 0x00007ff9df9b9000 	C:\WINDOWS\SYSTEM32\USERENV.dll
0x00007ff9df4a0000 - 0x00007ff9df4ab000 	C:\WINDOWS\SYSTEM32\CRYPTBASE.dll
0x00007ff9d8ac0000 - 0x00007ff9d8ada000 	C:\Program Files\Android\Android Studio1\jre\jre\bin\net.dll
0x00007ff9df2c0000 - 0x00007ff9df326000 	C:\WINDOWS\system32\mswsock.dll
0x00007ff9df050000 - 0x00007ff9df089000 	C:\WINDOWS\SYSTEM32\IPHLPAPI.DLL
0x00007ff9e2100000 - 0x00007ff9e2108000 	C:\WINDOWS\System32\NSI.dll
0x00007ff9d5060000 - 0x00007ff9d5076000 	C:\WINDOWS\SYSTEM32\dhcpcsvc6.DLL
0x00007ff9d5040000 - 0x00007ff9d505a000 	C:\WINDOWS\SYSTEM32\dhcpcsvc.DLL
0x00007ff9d4b30000 - 0x00007ff9d4b41000 	C:\Program Files\Android\Android Studio1\jre\jre\bin\nio.dll

VM Arguments:
jvm_args: -Djava.awt.headless=true -Xmx64M -Dfile.encoding=windows-1252 -Duser.country=BR -Duser.language=pt -Duser.variant 
java_command: com.google.devtools.build.android.desugar.Desugar --input C:\Users\JCarvalhoJr\eclipse-workspace_2018\Web_Services_Android\Web_Service_Android_Client\app\build\intermediates\transforms\stackFramesFixer\debug\32.jar --output C:\Users\JCarvalhoJr\eclipse-workspace_2018\Web_Services_Android\Web_Service_Android_Client\app\build\intermediates\transforms\desugar\debug\33.jar --input C:\Users\JCarvalhoJr\eclipse-workspace_2018\Web_Services_Android\Web_Service_Android_Client\app\build\intermediates\transforms\stackFramesFixer\debug\26.jar --output C:\Users\JCarvalhoJr\eclipse-workspace_2018\Web_Services_Android\Web_Service_Android_Client\app\build\intermediates\transforms\desugar\debug\27.jar --input C:\Users\JCarvalhoJr\eclipse-workspace_2018\Web_Services_Android\Web_Service_Android_Client\app\build\intermediates\transforms\stackFramesFixer\debug\20.jar --output C:\Users\JCarvalhoJr\eclipse-workspace_2018\Web_Services_Android\Web_Service_Android_Client\app\build\intermediates\transforms\desugar\debug\21.jar --input C:\Users\JCarvalhoJr\eclipse-workspace_2018\Web_Services_Android\Web_Service_Android_Client\app\build\intermediates\transforms\stackFramesFixer\debug\23.jar --output C:\Users\JCarvalhoJr\eclipse-workspace_2018\Web_Services_Android\Web_Service_Android_Client\app\build\intermediates\transforms\desugar\debug\24.jar --input C:\Users\JCarvalhoJr\eclipse-workspace_2018\Web_Services_Android\Web_Service_Android_Client\app\build\intermediates\transforms\stackFramesFixer\debug\24.jar --output C:\Users\JCarvalhoJr\eclipse-workspace_2018\Web_Services_Android\Web_Service_Android_Client\app\build\intermediates\transforms\desugar\debug\25.jar --input C:\Users\JCarvalhoJr\eclipse-workspace_2018\Web_Services_Android\Web_Service_Android_Client\app\build\intermediates\transforms\stackFramesFixer\debug\0.jar --output C:\Users\JCarvalhoJr\eclipse-workspace_2018\Web_Services_Android\Web_Service_Android_Client\app\build\intermediates\transforms\desugar\debug\1.jar --in
java_class_path (initial): C:\Users\JCarvalhoJr\AppData\Local\Temp\desugar_deploy.jar6380878435666297763
Launcher Type: SUN_STANDARD

Environment Variables:
CLASSPATH=.;C:\Program Files (x86)\Griaule\Fingerprint SDK 2009\bin\GrFingerJava.jar
USERNAME=JCarvalhoJr
OS=Windows_NT
PROCESSOR_IDENTIFIER=Intel64 Family 6 Model 42 Stepping 7, GenuineIntel



---------------  S Y S T E M  ---------------

OS: Windows 10.0 , 64 bit Build 16299 (10.0.16299.15)

CPU:total 4 (initial active 4) (2 cores per cpu, 2 threads per core) family 6 model 42 stepping 7, cmov, cx8, fxsr, mmx, sse, sse2, sse3, ssse3, sse4.1, sse4.2, popcnt, avx, aes, clmul, ht, tsc, tscinvbit

Memory: 4k page, physical 12496748k(2951584k free), swap 13545324k(1288k free)

vm_info: OpenJDK 64-Bit Server VM (25.152-b01) for windows-amd64 JRE (1.8.0_152-release-915-b01), built by "builder" with MS VC++ 10.0 (VS2010)

time: Sun Mar 11 16:34:22 2018
elapsed time: 3 seconds (0d 0h 0m 3s)

