#
# There is insufficient memory for the Java Runtime Environment to continue.
# Native memory allocation (malloc) failed to allocate 1048576 bytes for AllocateHeap
# Possible reasons:
#   The system is out of physical RAM or swap space
#   In 32 bit mode, the process size limit was hit
# Possible solutions:
#   Reduce memory load on the system
#   Increase physical memory or swap space
#   Check if swap backing store is full
#   Use 64 bit Java on a 64 bit OS
#   Decrease Java heap size (-Xmx/-Xms)
#   Decrease number of Java threads
#   Decrease Java thread stack sizes (-Xss)
#   Set larger code cache with -XX:ReservedCodeCacheSize=
# This output file may be truncated or incomplete.
#
#  Out of Memory Error (memory/allocation.inline.hpp:61), pid=18772, tid=0x000000000000443c
#
# JRE version:  (8.0_152-b01) (build )
# Java VM: OpenJDK 64-Bit Server VM (25.152-b01 mixed mode windows-amd64 compressed oops)
# Failed to write core dump. Minidumps are not enabled by default on client versions of Windows
#

---------------  T H R E A D  ---------------

Current thread (0x0000000004306800):  JavaThread "Unknown thread" [_thread_in_vm, id=17468, stack(0x00000000041e0000,0x00000000042e0000)]

Stack: [0x00000000041e0000,0x00000000042e0000]
[error occurred during error reporting (printing stack bounds), id 0xc0000005]

Native frames: (J=compiled Java code, j=interpreted, Vv=VM code, C=native code)


---------------  P R O C E S S  ---------------

Java Threads: ( => current thread )

Other Threads:

=>0x0000000004306800 (exited) JavaThread "Unknown thread" [_thread_in_vm, id=17468, stack(0x00000000041e0000,0x00000000042e0000)]

VM state:not at safepoint (normal execution)

VM Mutex/Monitor currently owned by a thread: None

Heap:
 PSYoungGen      total 18944K, used 327K [0x00000000feb00000, 0x0000000100000000, 0x0000000100000000)
  eden space 16384K, 2% used [0x00000000feb00000,0x00000000feb51ec8,0x00000000ffb00000)
  from space 2560K, 0% used [0x00000000ffd80000,0x00000000ffd80000,0x0000000100000000)
  to   space 2560K, 0% used [0x00000000ffb00000,0x00000000ffb00000,0x00000000ffd80000)
 ParOldGen       total 44032K, used 0K [0x00000000fc000000, 0x00000000feb00000, 0x00000000feb00000)
  object space 44032K, 0% used [0x00000000fc000000,0x00000000fc000000,0x00000000feb00000)
 Metaspace       used 772K, capacity 4480K, committed 4480K, reserved 1056768K
  class space    used 73K, capacity 384K, committed 384K, reserved 1048576K

Card table byte_map: [0x00000000027c0000,0x00000000027f0000] byte_map_base: 0x0000000001fe0000

Marking Bits: (ParMarkBitMap*) 0x0000000066963950
 Begin Bits: [0x0000000013bc0000, 0x0000000013cc0000)
 End Bits:   [0x0000000013cc0000, 0x0000000013dc0000)

Polling page: 0x0000000002790000

CodeCache: size=245760Kb used=328Kb max_used=328Kb free=245431Kb
 bounds [0x0000000004400000, 0x0000000004670000, 0x0000000013400000]
 total_blobs=57 nmethods=0 adapters=38
 compilation: enabled

Compilation events (0 events):
No events

GC Heap History (0 events):
No events

Deoptimization events (0 events):
No events

Classes redefined (0 events):
No events

Internal exceptions (0 events):
No events

Events (10 events):
Event: 0.055 loading class java/lang/Short
Event: 0.055 loading class java/lang/Short done
Event: 0.055 loading class java/lang/Integer
Event: 0.055 loading class java/lang/Integer done
Event: 0.055 loading class java/lang/Long
Event: 0.055 loading class java/lang/Long done
Event: 0.056 loading class java/lang/NullPointerException
Event: 0.056 loading class java/lang/NullPointerException done
Event: 0.056 loading class java/lang/ArithmeticException
Event: 0.056 loading class java/lang/ArithmeticException done


Dynamic libraries:
0x00007ff67e2c0000 - 0x00007ff67e2f1000 	C:\Program Files\Android\Android Studio1\jre\bin\java.exe
0x00007ffa8bac0000 - 0x00007ffa8bca0000 	C:\WINDOWS\SYSTEM32\ntdll.dll
0x00007ffa8b2c0000 - 0x00007ffa8b36e000 	C:\WINDOWS\System32\KERNEL32.DLL
0x00007ffa88210000 - 0x00007ffa88476000 	C:\WINDOWS\System32\KERNELBASE.dll
0x00007ffa89420000 - 0x00007ffa894c1000 	C:\WINDOWS\System32\ADVAPI32.dll
0x00007ffa89bf0000 - 0x00007ffa89c8d000 	C:\WINDOWS\System32\msvcrt.dll
0x00007ffa89c90000 - 0x00007ffa89ceb000 	C:\WINDOWS\System32\sechost.dll
0x00007ffa8b740000 - 0x00007ffa8b85f000 	C:\WINDOWS\System32\RPCRT4.dll
0x00007ffa8b510000 - 0x00007ffa8b69e000 	C:\WINDOWS\System32\USER32.dll
0x00007ffa885a0000 - 0x00007ffa885c0000 	C:\WINDOWS\System32\win32u.dll
0x00007ffa8ba00000 - 0x00007ffa8ba28000 	C:\WINDOWS\System32\GDI32.dll
0x00007ffa88020000 - 0x00007ffa881b4000 	C:\WINDOWS\System32\gdi32full.dll
0x00007ffa88500000 - 0x00007ffa8859b000 	C:\WINDOWS\System32\msvcp_win.dll
0x00007ffa87ec0000 - 0x00007ffa87fb6000 	C:\WINDOWS\System32\ucrtbase.dll
0x00007ffa788b0000 - 0x00007ffa78b19000 	C:\WINDOWS\WinSxS\amd64_microsoft.windows.common-controls_6595b64144ccf1df_6.0.16299.19_none_cc92fab02215da61\COMCTL32.dll
0x00007ffa89110000 - 0x00007ffa89418000 	C:\WINDOWS\System32\combase.dll
0x00007ffa88480000 - 0x00007ffa884f2000 	C:\WINDOWS\System32\bcryptPrimitives.dll
0x00007ffa89e40000 - 0x00007ffa89e6d000 	C:\WINDOWS\System32\IMM32.DLL
0x000000006b270000 - 0x000000006b342000 	C:\Program Files\Android\Android Studio1\jre\jre\bin\msvcr100.dll
0x00000000661a0000 - 0x00000000669de000 	C:\Program Files\Android\Android Studio1\jre\jre\bin\server\jvm.dll
0x00007ffa89100000 - 0x00007ffa89108000 	C:\WINDOWS\System32\PSAPI.DLL
0x00007ffa83640000 - 0x00007ffa83649000 	C:\WINDOWS\SYSTEM32\WSOCK32.dll
0x00007ffa894d0000 - 0x00007ffa8953c000 	C:\WINDOWS\System32\WS2_32.dll
0x00007ffa86270000 - 0x00007ffa86293000 	C:\WINDOWS\SYSTEM32\WINMM.dll
0x00007ffa78b50000 - 0x00007ffa78b5a000 	C:\WINDOWS\SYSTEM32\VERSION.dll
0x00007ffa86210000 - 0x00007ffa8623a000 	C:\WINDOWS\SYSTEM32\WINMMBASE.dll
0x00007ffa881c0000 - 0x00007ffa8820a000 	C:\WINDOWS\System32\cfgmgr32.dll
0x00007ffa6b210000 - 0x00007ffa6b21f000 	C:\Program Files\Android\Android Studio1\jre\jre\bin\verify.dll
0x00007ffa4fec0000 - 0x00007ffa4fee9000 	C:\Program Files\Android\Android Studio1\jre\jre\bin\java.dll
0x00007ffa54bd0000 - 0x00007ffa54be6000 	C:\Program Files\Android\Android Studio1\jre\jre\bin\zip.dll

VM Arguments:
jvm_args: -Djava.awt.headless=true -Xmx64M -Dfile.encoding=windows-1252 -Duser.country=BR -Duser.language=pt -Duser.variant 
java_command: com.google.devtools.build.android.desugar.Desugar --input C:\Users\JCarvalhoJr\eclipse-workspace_2018\Web_Services_Android\Web_Service_Android_Client\app\build\intermediates\transforms\stackFramesFixer\debug\26.jar --output C:\Users\JCarvalhoJr\eclipse-workspace_2018\Web_Services_Android\Web_Service_Android_Client\app\build\intermediates\transforms\desugar\debug\27.jar --input C:\Users\JCarvalhoJr\eclipse-workspace_2018\Web_Services_Android\Web_Service_Android_Client\app\build\intermediates\transforms\stackFramesFixer\debug\20.jar --output C:\Users\JCarvalhoJr\eclipse-workspace_2018\Web_Services_Android\Web_Service_Android_Client\app\build\intermediates\transforms\desugar\debug\21.jar --input C:\Users\JCarvalhoJr\eclipse-workspace_2018\Web_Services_Android\Web_Service_Android_Client\app\build\intermediates\transforms\stackFramesFixer\debug\30.jar --output C:\Users\JCarvalhoJr\eclipse-workspace_2018\Web_Services_Android\Web_Service_Android_Client\app\build\intermediates\transforms\desugar\debug\31.jar --input C:\Users\JCarvalhoJr\eclipse-workspace_2018\Web_Services_Android\Web_Service_Android_Client\app\build\intermediates\transforms\stackFramesFixer\debug\29.jar --output C:\Users\JCarvalhoJr\eclipse-workspace_2018\Web_Services_Android\Web_Service_Android_Client\app\build\intermediates\transforms\desugar\debug\30.jar --input C:\Users\JCarvalhoJr\eclipse-workspace_2018\Web_Services_Android\Web_Service_Android_Client\app\build\intermediates\transforms\stackFramesFixer\debug\24.jar --output C:\Users\JCarvalhoJr\eclipse-workspace_2018\Web_Services_Android\Web_Service_Android_Client\app\build\intermediates\transforms\desugar\debug\25.jar --input C:\Users\JCarvalhoJr\eclipse-workspace_2018\Web_Services_Android\Web_Service_Android_Client\app\build\intermediates\transforms\stackFramesFixer\debug\12.jar --output C:\Users\JCarvalhoJr\eclipse-workspace_2018\Web_Services_Android\Web_Service_Android_Client\app\build\intermediates\transforms\desugar\debug\13.jar --
java_class_path (initial): C:\Users\JCarvalhoJr\AppData\Local\Temp\desugar_deploy.jar3951035612156620796
Launcher Type: SUN_STANDARD

Environment Variables:
JAVA_HOME=C:\Program Files\Java\jdk1.8.0_162
CLASSPATH=.;C:\Program Files (x86)\Griaule\Fingerprint SDK 2009\bin\GrFingerJava.jar
USERNAME=JCarvalhoJr
OS=Windows_NT
PROCESSOR_IDENTIFIER=Intel64 Family 6 Model 42 Stepping 7, GenuineIntel



---------------  S Y S T E M  ---------------

OS: Windows 10.0 , 64 bit Build 16299 (10.0.16299.15)

CPU:total 4 (initial active 4) (2 cores per cpu, 2 threads per core) family 6 model 42 stepping 7, cmov, cx8, fxsr, mmx, sse, sse2, sse3, ssse3, sse4.1, sse4.2, popcnt, avx, aes, clmul, ht, tsc, tscinvbit

Memory: 4k page, physical 12496748k(5860180k free), swap 13545324k(5552k free)

vm_info: OpenJDK 64-Bit Server VM (25.152-b01) for windows-amd64 JRE (1.8.0_152-release-915-b01), built by "builder" with MS VC++ 10.0 (VS2010)

time: Thu Mar 22 15:45:33 2018
elapsed time: 0 seconds (0d 0h 0m 0s)

