#
# There is insufficient memory for the Java Runtime Environment to continue.
# Native memory allocation (malloc) failed to allocate 32744 bytes for ChunkPool::allocate
# Possible reasons:
#   The system is out of physical RAM or swap space
#   In 32 bit mode, the process size limit was hit
# Possible solutions:
#   Reduce memory load on the system
#   Increase physical memory or swap space
#   Check if swap backing store is full
#   Use 64 bit Java on a 64 bit OS
#   Decrease Java heap size (-Xmx/-Xms)
#   Decrease number of Java threads
#   Decrease Java thread stack sizes (-Xss)
#   Set larger code cache with -XX:ReservedCodeCacheSize=
# This output file may be truncated or incomplete.
#
#  Out of Memory Error (allocation.cpp:273), pid=25296, tid=0x00000000000060c8
#
# JRE version: OpenJDK Runtime Environment (8.0_152-b01) (build 1.8.0_152-release-915-b01)
# Java VM: OpenJDK 64-Bit Server VM (25.152-b01 mixed mode windows-amd64 compressed oops)
# Failed to write core dump. Minidumps are not enabled by default on client versions of Windows
#

---------------  T H R E A D  ---------------

Current thread (0x00000000167f3000):  JavaThread "C1 CompilerThread2" daemon [_thread_in_vm, id=24776, stack(0x0000000016bf0000,0x0000000016cf0000)]

Stack: [0x0000000016bf0000,0x0000000016cf0000]
[error occurred during error reporting (printing stack bounds), id 0xc0000005]

Native frames: (J=compiled Java code, j=interpreted, Vv=VM code, C=native code)


Current CompileTask:
C1:   3983  907       3       org.objectweb.asm.ClassReader::a (133 bytes)


---------------  P R O C E S S  ---------------

Java Threads: ( => current thread )
  0x00000000167fa800 JavaThread "Service Thread" daemon [_thread_blocked, id=24696, stack(0x0000000016cf0000,0x0000000016df0000)]
=>0x00000000167f3000 JavaThread "C1 CompilerThread2" daemon [_thread_in_vm, id=24776, stack(0x0000000016bf0000,0x0000000016cf0000)]
  0x0000000014ea5000 JavaThread "C2 CompilerThread1" daemon [_thread_blocked, id=10348, stack(0x00000000166f0000,0x00000000167f0000)]
  0x0000000014ea2800 JavaThread "C2 CompilerThread0" daemon [_thread_in_vm, id=24908, stack(0x00000000165f0000,0x00000000166f0000)]
  0x0000000014ea0800 JavaThread "Attach Listener" daemon [_thread_blocked, id=24884, stack(0x00000000164f0000,0x00000000165f0000)]
  0x0000000014e9f000 JavaThread "Signal Dispatcher" daemon [_thread_blocked, id=24872, stack(0x00000000163f0000,0x00000000164f0000)]
  0x0000000014e8e000 JavaThread "Finalizer" daemon [_thread_blocked, id=24732, stack(0x00000000160f0000,0x00000000161f0000)]
  0x0000000004b36800 JavaThread "Reference Handler" daemon [_thread_blocked, id=24728, stack(0x0000000015ff0000,0x00000000160f0000)]
  0x0000000004a46800 JavaThread "main" [_thread_in_vm, id=25548, stack(0x0000000004940000,0x0000000004a40000)]

Other Threads:
  0x0000000014e66000 VMThread [stack: 0x0000000015ef0000,0x0000000015ff0000] [id=24784]
  0x00000000167fc000 WatcherThread [stack: 0x0000000016df0000,0x0000000016ef0000] [id=24700]

VM state:not at safepoint (normal execution)

VM Mutex/Monitor currently owned by a thread: None

Heap:
 PSYoungGen      total 18944K, used 2852K [0x00000000feb00000, 0x0000000100000000, 0x0000000100000000)
  eden space 16384K, 1% used [0x00000000feb00000,0x00000000feb50d60,0x00000000ffb00000)
  from space 2560K, 98% used [0x00000000ffd80000,0x00000000ffff82a8,0x0000000100000000)
  to   space 2560K, 0% used [0x00000000ffb00000,0x00000000ffb00000,0x00000000ffd80000)
 ParOldGen       total 44032K, used 4941K [0x00000000fc000000, 0x00000000feb00000, 0x00000000feb00000)
  object space 44032K, 11% used [0x00000000fc000000,0x00000000fc4d3788,0x00000000feb00000)
 Metaspace       used 7501K, capacity 7720K, committed 7936K, reserved 1056768K
  class space    used 866K, capacity 956K, committed 1024K, reserved 1048576K

Card table byte_map: [0x0000000002e70000,0x0000000002ea0000] byte_map_base: 0x0000000002690000

Marking Bits: (ParMarkBitMap*) 0x00000000609f3950
 Begin Bits: [0x0000000014300000, 0x0000000014400000)
 End Bits:   [0x0000000014400000, 0x0000000014500000)

Polling page: 0x0000000002e40000

CodeCache: size=245760Kb used=3507Kb max_used=3507Kb free=242252Kb
 bounds [0x0000000004b40000, 0x0000000004eb0000, 0x0000000013b40000]
 total_blobs=1236 nmethods=905 adapters=245
 compilation: enabled

Compilation events (10 events):
Event: 3.977 Thread 0x00000000167f3000 nmethod 902 0x0000000004ead390 code [0x0000000004ead500, 0x0000000004ead9d0]
Event: 3.977 Thread 0x00000000167f3000  903       3       java.lang.System$2::invokeFinalize (5 bytes)
Event: 3.977 Thread 0x00000000167f3000 nmethod 903 0x0000000004eacf50 code [0x0000000004ead0c0, 0x0000000004ead2e8]
Event: 3.977 Thread 0x00000000167f3000  904       3       java.lang.ref.Reference::clear (6 bytes)
Event: 3.977 Thread 0x00000000167f3000 nmethod 904 0x0000000004eacc10 code [0x0000000004eacd60, 0x0000000004eaced0]
Event: 3.979 Thread 0x00000000167f3000  905       3       org.objectweb.asm.tree.MethodNode::visitLdcInsn (16 bytes)
Event: 3.979 Thread 0x00000000167f3000 nmethod 905 0x0000000004eac590 code [0x0000000004eac720, 0x0000000004eaca68]
Event: 3.979 Thread 0x00000000167f3000  906       3       org.objectweb.asm.tree.LdcInsnNode::accept (14 bytes)
Event: 3.980 Thread 0x00000000167f3000 nmethod 906 0x0000000004eaf210 code [0x0000000004eaf380, 0x0000000004eaf678]
Event: 3.982 Thread 0x00000000167f3000  907       3       org.objectweb.asm.ClassReader::a (133 bytes)

GC Heap History (4 events):
Event: 2.063 GC heap before
{Heap before GC invocations=1 (full 0):
 PSYoungGen      total 18944K, used 16384K [0x00000000feb00000, 0x0000000100000000, 0x0000000100000000)
  eden space 16384K, 100% used [0x00000000feb00000,0x00000000ffb00000,0x00000000ffb00000)
  from space 2560K, 0% used [0x00000000ffd80000,0x00000000ffd80000,0x0000000100000000)
  to   space 2560K, 0% used [0x00000000ffb00000,0x00000000ffb00000,0x00000000ffd80000)
 ParOldGen       total 44032K, used 0K [0x00000000fc000000, 0x00000000feb00000, 0x00000000feb00000)
  object space 44032K, 0% used [0x00000000fc000000,0x00000000fc000000,0x00000000feb00000)
 Metaspace       used 6517K, capacity 6682K, committed 6784K, reserved 1056768K
  class space    used 768K, capacity 823K, committed 896K, reserved 1048576K
Event: 2.068 GC heap after
Heap after GC invocations=1 (full 0):
 PSYoungGen      total 18944K, used 2528K [0x00000000feb00000, 0x0000000100000000, 0x0000000100000000)
  eden space 16384K, 0% used [0x00000000feb00000,0x00000000feb00000,0x00000000ffb00000)
  from space 2560K, 98% used [0x00000000ffb00000,0x00000000ffd78030,0x00000000ffd80000)
  to   space 2560K, 0% used [0x00000000ffd80000,0x00000000ffd80000,0x0000000100000000)
 ParOldGen       total 44032K, used 1389K [0x00000000fc000000, 0x00000000feb00000, 0x00000000feb00000)
  object space 44032K, 3% used [0x00000000fc000000,0x00000000fc15b4a8,0x00000000feb00000)
 Metaspace       used 6517K, capacity 6682K, committed 6784K, reserved 1056768K
  class space    used 768K, capacity 823K, committed 896K, reserved 1048576K
}
Event: 3.955 GC heap before
{Heap before GC invocations=2 (full 0):
 PSYoungGen      total 18944K, used 18912K [0x00000000feb00000, 0x0000000100000000, 0x0000000100000000)
  eden space 16384K, 100% used [0x00000000feb00000,0x00000000ffb00000,0x00000000ffb00000)
  from space 2560K, 98% used [0x00000000ffb00000,0x00000000ffd78030,0x00000000ffd80000)
  to   space 2560K, 0% used [0x00000000ffd80000,0x00000000ffd80000,0x0000000100000000)
 ParOldGen       total 44032K, used 1389K [0x00000000fc000000, 0x00000000feb00000, 0x00000000feb00000)
  object space 44032K, 3% used [0x00000000fc000000,0x00000000fc15b4a8,0x00000000feb00000)
 Metaspace       used 7498K, capacity 7720K, committed 7936K, reserved 1056768K
  class space    used 866K, capacity 956K, committed 1024K, reserved 1048576K
Event: 3.974 GC heap after
Heap after GC invocations=2 (full 0):
 PSYoungGen      total 18944K, used 2528K [0x00000000feb00000, 0x0000000100000000, 0x0000000100000000)
  eden space 16384K, 0% used [0x00000000feb00000,0x00000000feb00000,0x00000000ffb00000)
  from space 2560K, 98% used [0x00000000ffd80000,0x00000000ffff82a8,0x0000000100000000)
  to   space 2560K, 0% used [0x00000000ffb00000,0x00000000ffb00000,0x00000000ffd80000)
 ParOldGen       total 44032K, used 4941K [0x00000000fc000000, 0x00000000feb00000, 0x00000000feb00000)
  object space 44032K, 11% used [0x00000000fc000000,0x00000000fc4d3788,0x00000000feb00000)
 Metaspace       used 7498K, capacity 7720K, committed 7936K, reserved 1056768K
  class space    used 866K, capacity 956K, committed 1024K, reserved 1048576K
}

Deoptimization events (10 events):
Event: 1.988 Thread 0x0000000004a46800 Uncommon trap: reason=unstable_if action=reinterpret pc=0x0000000004d61148 method=java.util.zip.ZipFile$ZipEntryIterator.hasNext()Z @ 25
Event: 1.988 Thread 0x0000000004a46800 Uncommon trap: reason=unstable_if action=reinterpret pc=0x0000000004d6076c method=java.util.zip.ZipCoder.decoder()Ljava/nio/charset/CharsetDecoder; @ 4
Event: 2.021 Thread 0x0000000004a46800 Uncommon trap: reason=unstable_if action=reinterpret pc=0x0000000004d6739c method=java.util.zip.ZipFile$ZipEntryIterator.hasNext()Z @ 25
Event: 2.022 Thread 0x0000000004a46800 Uncommon trap: reason=unstable_if action=reinterpret pc=0x0000000004d76c28 method=java.util.zip.ZipCoder.decoder()Ljava/nio/charset/CharsetDecoder; @ 4
Event: 2.188 Thread 0x0000000004a46800 Uncommon trap: reason=unstable_if action=reinterpret pc=0x0000000004d744b8 method=java.util.zip.ZipCoder.decoder()Ljava/nio/charset/CharsetDecoder; @ 4
Event: 2.640 Thread 0x0000000004a46800 Uncommon trap: reason=unloaded action=reinterpret pc=0x0000000004d78a7c method=java.util.zip.ZipEntry.setExtra0([BZ)V @ 37
Event: 3.252 Thread 0x0000000004a46800 Uncommon trap: reason=unstable_if action=reinterpret pc=0x0000000004d25678 method=java.lang.String.indexOf([CII[CIII)I @ 134
Event: 3.835 Thread 0x0000000004a46800 Uncommon trap: reason=unstable_if action=reinterpret pc=0x0000000004e69438 method=org.objectweb.asm.Type.getArgumentsAndReturnSizes(Ljava/lang/String;)I @ 130
Event: 3.862 Thread 0x0000000004a46800 Uncommon trap: reason=unstable_if action=reinterpret pc=0x0000000004e62ec0 method=org.objectweb.asm.Item.a(Lorg/objectweb/asm/Item;)Z @ 345
Event: 3.942 Thread 0x0000000004a46800 Uncommon trap: reason=unstable_if action=reinterpret pc=0x0000000004e33394 method=java.lang.String.<init>([CII)V @ 18

Classes redefined (0 events):
No events

Internal exceptions (10 events):
Event: 2.188 Thread 0x0000000004a46800 Implicit null exception at 0x0000000004d73b8c to 0x0000000004d74479
Event: 2.363 Thread 0x0000000004a46800 Exception <a 'sun/nio/fs/WindowsException'> (0x00000000ff1e1280) thrown at [D:\src\AOSP-openjdk-cygwin\jdk8u\hotspot\src\share\vm\prims\jni.cpp, line 709]
Event: 2.363 Thread 0x0000000004a46800 Exception <a 'sun/nio/fs/WindowsException'> (0x00000000ff1e1860) thrown at [D:\src\AOSP-openjdk-cygwin\jdk8u\hotspot\src\share\vm\prims\jni.cpp, line 709]
Event: 2.363 Thread 0x0000000004a46800 Exception <a 'sun/nio/fs/WindowsException'> (0x00000000ff1e1e78) thrown at [D:\src\AOSP-openjdk-cygwin\jdk8u\hotspot\src\share\vm\prims\jni.cpp, line 709]
Event: 2.364 Thread 0x0000000004a46800 Exception <a 'sun/nio/fs/WindowsException'> (0x00000000ff1e2658) thrown at [D:\src\AOSP-openjdk-cygwin\jdk8u\hotspot\src\share\vm\prims\jni.cpp, line 709]
Event: 2.364 Thread 0x0000000004a46800 Exception <a 'sun/nio/fs/WindowsException'> (0x00000000ff1e2c48) thrown at [D:\src\AOSP-openjdk-cygwin\jdk8u\hotspot\src\share\vm\prims\jni.cpp, line 709]
Event: 2.364 Thread 0x0000000004a46800 Exception <a 'sun/nio/fs/WindowsException'> (0x00000000ff1e3418) thrown at [D:\src\AOSP-openjdk-cygwin\jdk8u\hotspot\src\share\vm\prims\jni.cpp, line 709]
Event: 2.380 Thread 0x0000000004a46800 Exception <a 'sun/nio/fs/WindowsException'> (0x00000000ff1e8928) thrown at [D:\src\AOSP-openjdk-cygwin\jdk8u\hotspot\src\share\vm\prims\jni.cpp, line 709]
Event: 2.727 Thread 0x0000000004a46800 Exception <a 'sun/nio/fs/WindowsException'> (0x00000000ff506900) thrown at [D:\src\AOSP-openjdk-cygwin\jdk8u\hotspot\src\share\vm\prims\jni.cpp, line 709]
Event: 2.727 Thread 0x0000000004a46800 Exception <a 'sun/nio/fs/WindowsException'> (0x00000000ff506f00) thrown at [D:\src\AOSP-openjdk-cygwin\jdk8u\hotspot\src\share\vm\prims\jni.cpp, line 709]

Events (10 events):
Event: 3.835 Thread 0x0000000004a46800 DEOPT PACKING pc=0x0000000004e69438 sp=0x0000000004a3ea40
Event: 3.835 Thread 0x0000000004a46800 DEOPT UNPACKING pc=0x0000000004b8556a sp=0x0000000004a3e9d0 mode 2
Event: 3.862 Thread 0x0000000004a46800 Uncommon trap: trap_request=0xffffff65 fr.pc=0x0000000004e62ec0
Event: 3.862 Thread 0x0000000004a46800 DEOPT PACKING pc=0x0000000004e62ec0 sp=0x0000000004a3e8c0
Event: 3.862 Thread 0x0000000004a46800 DEOPT UNPACKING pc=0x0000000004b8556a sp=0x0000000004a3e858 mode 2
Event: 3.942 Thread 0x0000000004a46800 Uncommon trap: trap_request=0xffffff65 fr.pc=0x0000000004e33394
Event: 3.942 Thread 0x0000000004a46800 DEOPT PACKING pc=0x0000000004e33394 sp=0x0000000004a3e770
Event: 3.942 Thread 0x0000000004a46800 DEOPT UNPACKING pc=0x0000000004b8556a sp=0x0000000004a3e638 mode 2
Event: 3.954 Executing VM operation: ParallelGCFailedAllocation
Event: 3.974 Executing VM operation: ParallelGCFailedAllocation done


Dynamic libraries:
0x00007ff657170000 - 0x00007ff6571a1000 	C:\Program Files\Android\Android Studio1\jre\bin\java.exe
0x00007ffca44f0000 - 0x00007ffca46d0000 	C:\WINDOWS\SYSTEM32\ntdll.dll
0x00007ffca1f80000 - 0x00007ffca202e000 	C:\WINDOWS\System32\KERNEL32.DLL
0x00007ffca16a0000 - 0x00007ffca1906000 	C:\WINDOWS\System32\KERNELBASE.dll
0x00007ffca19d0000 - 0x00007ffca1a71000 	C:\WINDOWS\System32\ADVAPI32.dll
0x00007ffca4420000 - 0x00007ffca44bd000 	C:\WINDOWS\System32\msvcrt.dll
0x00007ffca1e20000 - 0x00007ffca1e7b000 	C:\WINDOWS\System32\sechost.dll
0x00007ffca2760000 - 0x00007ffca287f000 	C:\WINDOWS\System32\RPCRT4.dll
0x00007ffca2160000 - 0x00007ffca22ee000 	C:\WINDOWS\System32\USER32.dll
0x00007ffca1480000 - 0x00007ffca14a0000 	C:\WINDOWS\System32\win32u.dll
0x00007ffca1b40000 - 0x00007ffca1b68000 	C:\WINDOWS\System32\GDI32.dll
0x00007ffca08f0000 - 0x00007ffca0a84000 	C:\WINDOWS\System32\gdi32full.dll
0x00007ffca14a0000 - 0x00007ffca153b000 	C:\WINDOWS\System32\msvcp_win.dll
0x00007ffca15a0000 - 0x00007ffca1696000 	C:\WINDOWS\System32\ucrtbase.dll
0x00007ffc90e70000 - 0x00007ffc910d9000 	C:\WINDOWS\WinSxS\amd64_microsoft.windows.common-controls_6595b64144ccf1df_6.0.16299.19_none_cc92fab02215da61\COMCTL32.dll
0x00007ffca3e80000 - 0x00007ffca4188000 	C:\WINDOWS\System32\combase.dll
0x00007ffca13b0000 - 0x00007ffca1422000 	C:\WINDOWS\System32\bcryptPrimitives.dll
0x00007ffca1a80000 - 0x00007ffca1aad000 	C:\WINDOWS\System32\IMM32.DLL
0x0000000060150000 - 0x0000000060222000 	C:\Program Files\Android\Android Studio1\jre\jre\bin\msvcr100.dll
0x0000000060230000 - 0x0000000060a6e000 	C:\Program Files\Android\Android Studio1\jre\jre\bin\server\jvm.dll
0x00007ffca19c0000 - 0x00007ffca19c8000 	C:\WINDOWS\System32\PSAPI.DLL
0x00007ffc9d5a0000 - 0x00007ffc9d5a9000 	C:\WINDOWS\SYSTEM32\WSOCK32.dll
0x00007ffca3cc0000 - 0x00007ffca3d2c000 	C:\WINDOWS\System32\WS2_32.dll
0x00007ffc9e570000 - 0x00007ffc9e593000 	C:\WINDOWS\SYSTEM32\WINMM.dll
0x00007ffc910e0000 - 0x00007ffc910ea000 	C:\WINDOWS\SYSTEM32\VERSION.dll
0x00007ffc9e3c0000 - 0x00007ffc9e3ea000 	C:\WINDOWS\SYSTEM32\WINMMBASE.dll
0x00007ffca1430000 - 0x00007ffca147a000 	C:\WINDOWS\System32\cfgmgr32.dll
0x00007ffc9d360000 - 0x00007ffc9d36f000 	C:\Program Files\Android\Android Studio1\jre\jre\bin\verify.dll
0x00007ffc9ab60000 - 0x00007ffc9ab89000 	C:\Program Files\Android\Android Studio1\jre\jre\bin\java.dll
0x00007ffc95780000 - 0x00007ffc95796000 	C:\Program Files\Android\Android Studio1\jre\jre\bin\zip.dll
0x00007ffca2880000 - 0x00007ffca3cb7000 	C:\WINDOWS\System32\SHELL32.dll
0x00007ffca41f0000 - 0x00007ffca4296000 	C:\WINDOWS\System32\shcore.dll
0x00007ffca0c60000 - 0x00007ffca13a7000 	C:\WINDOWS\System32\windows.storage.dll
0x00007ffca2030000 - 0x00007ffca2081000 	C:\WINDOWS\System32\shlwapi.dll
0x00007ffca0840000 - 0x00007ffca0851000 	C:\WINDOWS\System32\kernel.appcore.dll
0x00007ffca0860000 - 0x00007ffca08ac000 	C:\WINDOWS\System32\powrprof.dll
0x00007ffca08d0000 - 0x00007ffca08eb000 	C:\WINDOWS\System32\profapi.dll
0x00007ffca0570000 - 0x00007ffca0587000 	C:\WINDOWS\SYSTEM32\CRYPTSP.dll
0x00007ffc9f930000 - 0x00007ffc9f963000 	C:\WINDOWS\system32\rsaenh.dll
0x00007ffca0370000 - 0x00007ffca0395000 	C:\WINDOWS\SYSTEM32\bcrypt.dll
0x00007ffca0740000 - 0x00007ffca0769000 	C:\WINDOWS\SYSTEM32\USERENV.dll
0x00007ffc9ff40000 - 0x00007ffc9ff4b000 	C:\WINDOWS\SYSTEM32\CRYPTBASE.dll
0x00007ffc95760000 - 0x00007ffc9577a000 	C:\Program Files\Android\Android Studio1\jre\jre\bin\net.dll
0x00007ffc9fd80000 - 0x00007ffc9fde6000 	C:\WINDOWS\system32\mswsock.dll
0x00007ffc9fab0000 - 0x00007ffc9fae9000 	C:\WINDOWS\SYSTEM32\IPHLPAPI.DLL
0x00007ffca4410000 - 0x00007ffca4418000 	C:\WINDOWS\System32\NSI.dll
0x00007ffc95eb0000 - 0x00007ffc95ec6000 	C:\WINDOWS\SYSTEM32\dhcpcsvc6.DLL
0x00007ffc95e90000 - 0x00007ffc95eaa000 	C:\WINDOWS\SYSTEM32\dhcpcsvc.DLL
0x00007ffc95740000 - 0x00007ffc95751000 	C:\Program Files\Android\Android Studio1\jre\jre\bin\nio.dll

VM Arguments:
jvm_args: -Djava.awt.headless=true -Xmx64M -Dfile.encoding=windows-1252 -Duser.country=BR -Duser.language=pt -Duser.variant 
java_command: com.google.devtools.build.android.desugar.Desugar --input C:\Users\JCarvalhoJr\eclipse-workspace_2018\Web_Services_Android\Web_Service_Android_Client\app\build\intermediates\transforms\stackFramesFixer\debug\9.jar --output C:\Users\JCarvalhoJr\eclipse-workspace_2018\Web_Services_Android\Web_Service_Android_Client\app\build\intermediates\transforms\desugar\debug\10.jar --input C:\Users\JCarvalhoJr\eclipse-workspace_2018\Web_Services_Android\Web_Service_Android_Client\app\build\intermediates\transforms\stackFramesFixer\debug\23.jar --output C:\Users\JCarvalhoJr\eclipse-workspace_2018\Web_Services_Android\Web_Service_Android_Client\app\build\intermediates\transforms\desugar\debug\24.jar --input C:\Users\JCarvalhoJr\eclipse-workspace_2018\Web_Services_Android\Web_Service_Android_Client\app\build\intermediates\transforms\stackFramesFixer\debug\22.jar --output C:\Users\JCarvalhoJr\eclipse-workspace_2018\Web_Services_Android\Web_Service_Android_Client\app\build\intermediates\transforms\desugar\debug\23.jar --input C:\Users\JCarvalhoJr\eclipse-workspace_2018\Web_Services_Android\Web_Service_Android_Client\app\build\intermediates\transforms\stackFramesFixer\debug\5.jar --output C:\Users\JCarvalhoJr\eclipse-workspace_2018\Web_Services_Android\Web_Service_Android_Client\app\build\intermediates\transforms\desugar\debug\6.jar --input C:\Users\JCarvalhoJr\eclipse-workspace_2018\Web_Services_Android\Web_Service_Android_Client\app\build\intermediates\transforms\stackFramesFixer\debug\17.jar --output C:\Users\JCarvalhoJr\eclipse-workspace_2018\Web_Services_Android\Web_Service_Android_Client\app\build\intermediates\transforms\desugar\debug\18.jar --input C:\Users\JCarvalhoJr\eclipse-workspace_2018\Web_Services_Android\Web_Service_Android_Client\app\build\intermediates\transforms\stackFramesFixer\debug\29.jar --output C:\Users\JCarvalhoJr\eclipse-workspace_2018\Web_Services_Android\Web_Service_Android_Client\app\build\intermediates\transforms\desugar\debug\30.jar --inp
java_class_path (initial): C:\Users\JCarvalhoJr\AppData\Local\Temp\desugar_deploy.jar1718099202361967594
Launcher Type: SUN_STANDARD

Environment Variables:
CLASSPATH=.;C:\Program Files (x86)\Griaule\Fingerprint SDK 2009\bin\GrFingerJava.jar
USERNAME=JCarvalhoJr
OS=Windows_NT
PROCESSOR_IDENTIFIER=Intel64 Family 6 Model 42 Stepping 7, GenuineIntel



---------------  S Y S T E M  ---------------

OS: Windows 10.0 , 64 bit Build 16299 (10.0.16299.15)

CPU:total 4 (initial active 4) (2 cores per cpu, 2 threads per core) family 6 model 42 stepping 7, cmov, cx8, fxsr, mmx, sse, sse2, sse3, ssse3, sse4.1, sse4.2, popcnt, avx, aes, clmul, ht, tsc, tscinvbit

Memory: 4k page, physical 12496748k(4189268k free), swap 13545324k(3092k free)

vm_info: OpenJDK 64-Bit Server VM (25.152-b01) for windows-amd64 JRE (1.8.0_152-release-915-b01), built by "builder" with MS VC++ 10.0 (VS2010)

time: Tue Mar 13 19:28:16 2018
elapsed time: 3 seconds (0d 0h 0m 3s)

