#
# There is insufficient memory for the Java Runtime Environment to continue.
# Native memory allocation (malloc) failed to allocate 32744 bytes for ChunkPool::allocate
# Possible reasons:
#   The system is out of physical RAM or swap space
#   In 32 bit mode, the process size limit was hit
# Possible solutions:
#   Reduce memory load on the system
#   Increase physical memory or swap space
#   Check if swap backing store is full
#   Use 64 bit Java on a 64 bit OS
#   Decrease Java heap size (-Xmx/-Xms)
#   Decrease number of Java threads
#   Decrease Java thread stack sizes (-Xss)
#   Set larger code cache with -XX:ReservedCodeCacheSize=
# This output file may be truncated or incomplete.
#
#  Out of Memory Error (allocation.cpp:273), pid=10940, tid=0x00000000000009b0
#
# JRE version: OpenJDK Runtime Environment (8.0_152-b01) (build 1.8.0_152-release-915-b01)
# Java VM: OpenJDK 64-Bit Server VM (25.152-b01 mixed mode windows-amd64 compressed oops)
# Failed to write core dump. Minidumps are not enabled by default on client versions of Windows
#

---------------  T H R E A D  ---------------

Current thread (0x0000000016780800):  JavaThread "C1 CompilerThread2" daemon [_thread_in_native, id=2480, stack(0x0000000016b70000,0x0000000016c70000)]

Stack: [0x0000000016b70000,0x0000000016c70000]
[error occurred during error reporting (printing stack bounds), id 0xc0000005]

Native frames: (J=compiled Java code, j=interpreted, Vv=VM code, C=native code)


Current CompileTask:
C1:   2746  973       3       org.objectweb.asm.FieldWriter::a (262 bytes)


---------------  P R O C E S S  ---------------

Java Threads: ( => current thread )
  0x000000001678b000 JavaThread "Service Thread" daemon [_thread_blocked, id=5752, stack(0x0000000016c70000,0x0000000016d70000)]
=>0x0000000016780800 JavaThread "C1 CompilerThread2" daemon [_thread_in_native, id=2480, stack(0x0000000016b70000,0x0000000016c70000)]
  0x0000000014e05800 JavaThread "C2 CompilerThread1" daemon [_thread_in_native, id=3084, stack(0x0000000016670000,0x0000000016770000)]
  0x0000000014e03000 JavaThread "C2 CompilerThread0" daemon [_thread_in_native, id=3504, stack(0x0000000016570000,0x0000000016670000)]
  0x0000000014e01000 JavaThread "Attach Listener" daemon [_thread_blocked, id=1812, stack(0x0000000016470000,0x0000000016570000)]
  0x0000000014dff800 JavaThread "Signal Dispatcher" daemon [_thread_blocked, id=11880, stack(0x0000000016370000,0x0000000016470000)]
  0x0000000004a9c800 JavaThread "Finalizer" daemon [_thread_blocked, id=3628, stack(0x0000000016070000,0x0000000016170000)]
  0x0000000004a97000 JavaThread "Reference Handler" daemon [_thread_blocked, id=7492, stack(0x0000000015f70000,0x0000000016070000)]
  0x00000000049a7000 JavaThread "main" [_thread_in_Java, id=408, stack(0x00000000047c0000,0x00000000048c0000)]

Other Threads:
  0x0000000014dc6800 VMThread [stack: 0x0000000015e70000,0x0000000015f70000] [id=924]
  0x000000001678e000 WatcherThread [stack: 0x0000000016d70000,0x0000000016e70000] [id=10352]

VM state:not at safepoint (normal execution)

VM Mutex/Monitor currently owned by a thread: None

Heap:
 PSYoungGen      total 18944K, used 5220K [0x00000000feb00000, 0x0000000100000000, 0x0000000100000000)
  eden space 16384K, 16% used [0x00000000feb00000,0x00000000fed99ed0,0x00000000ffb00000)
  from space 2560K, 99% used [0x00000000ffd80000,0x00000000fffff2e0,0x0000000100000000)
  to   space 2560K, 0% used [0x00000000ffb00000,0x00000000ffb00000,0x00000000ffd80000)
 ParOldGen       total 44032K, used 4787K [0x00000000fc000000, 0x00000000feb00000, 0x00000000feb00000)
  object space 44032K, 10% used [0x00000000fc000000,0x00000000fc4acd30,0x00000000feb00000)
 Metaspace       used 7753K, capacity 7928K, committed 8192K, reserved 1056768K
  class space    used 896K, capacity 988K, committed 1024K, reserved 1048576K

Card table byte_map: [0x0000000002e20000,0x0000000002e50000] byte_map_base: 0x0000000002640000

Marking Bits: (ParMarkBitMap*) 0x00000000609f3950
 Begin Bits: [0x0000000014260000, 0x0000000014360000)
 End Bits:   [0x0000000014360000, 0x0000000014460000)

Polling page: 0x00000000005f0000

CodeCache: size=245760Kb used=3667Kb max_used=3678Kb free=242093Kb
 bounds [0x0000000004aa0000, 0x0000000004e40000, 0x0000000013aa0000]
 total_blobs=1302 nmethods=971 adapters=245
 compilation: enabled

Compilation events (10 events):
Event: 2.737 Thread 0x0000000016780800 nmethod 967 0x0000000004e28a10 code [0x0000000004e28ba0, 0x0000000004e28ee8]
Event: 2.737 Thread 0x0000000014e03000 nmethod 965 0x0000000004e32750 code [0x0000000004e328a0, 0x0000000004e329f8]
Event: 2.737 Thread 0x0000000016780800  968       3       org.objectweb.asm.tree.TypeInsnNode::accept (18 bytes)
Event: 2.737 Thread 0x0000000016780800 nmethod 968 0x0000000004e32210 code [0x0000000004e32380, 0x0000000004e32678]
Event: 2.738 Thread 0x0000000016780800  969       3       org.objectweb.asm.MethodWriter::visitTypeInsn (118 bytes)
Event: 2.738 Thread 0x0000000016780800 nmethod 969 0x0000000004e37d90 code [0x0000000004e37f40, 0x0000000004e383c8]
Event: 2.739 Thread 0x0000000014e03000  970       4       org.objectweb.asm.ClassWriter::b (152 bytes)
Event: 2.741 Thread 0x0000000016780800  972       1       java.util.Arrays$ArrayList::get (7 bytes)
Event: 2.741 Thread 0x0000000016780800 nmethod 972 0x0000000004e31e50 code [0x0000000004e31fa0, 0x0000000004e320d0]
Event: 2.742 Thread 0x0000000016780800  973       3       org.objectweb.asm.FieldWriter::a (262 bytes)

GC Heap History (4 events):
Event: 1.600 GC heap before
{Heap before GC invocations=1 (full 0):
 PSYoungGen      total 18944K, used 16384K [0x00000000feb00000, 0x0000000100000000, 0x0000000100000000)
  eden space 16384K, 100% used [0x00000000feb00000,0x00000000ffb00000,0x00000000ffb00000)
  from space 2560K, 0% used [0x00000000ffd80000,0x00000000ffd80000,0x0000000100000000)
  to   space 2560K, 0% used [0x00000000ffb00000,0x00000000ffb00000,0x00000000ffd80000)
 ParOldGen       total 44032K, used 0K [0x00000000fc000000, 0x00000000feb00000, 0x00000000feb00000)
  object space 44032K, 0% used [0x00000000fc000000,0x00000000fc000000,0x00000000feb00000)
 Metaspace       used 6535K, capacity 6730K, committed 7040K, reserved 1056768K
  class space    used 768K, capacity 823K, committed 896K, reserved 1048576K
Event: 1.605 GC heap after
Heap after GC invocations=1 (full 0):
 PSYoungGen      total 18944K, used 2528K [0x00000000feb00000, 0x0000000100000000, 0x0000000100000000)
  eden space 16384K, 0% used [0x00000000feb00000,0x00000000feb00000,0x00000000ffb00000)
  from space 2560K, 98% used [0x00000000ffb00000,0x00000000ffd78030,0x00000000ffd80000)
  to   space 2560K, 0% used [0x00000000ffd80000,0x00000000ffd80000,0x0000000100000000)
 ParOldGen       total 44032K, used 1409K [0x00000000fc000000, 0x00000000feb00000, 0x00000000feb00000)
  object space 44032K, 3% used [0x00000000fc000000,0x00000000fc160558,0x00000000feb00000)
 Metaspace       used 6535K, capacity 6730K, committed 7040K, reserved 1056768K
  class space    used 768K, capacity 823K, committed 896K, reserved 1048576K
}
Event: 2.637 GC heap before
{Heap before GC invocations=2 (full 0):
 PSYoungGen      total 18944K, used 18912K [0x00000000feb00000, 0x0000000100000000, 0x0000000100000000)
  eden space 16384K, 100% used [0x00000000feb00000,0x00000000ffb00000,0x00000000ffb00000)
  from space 2560K, 98% used [0x00000000ffb00000,0x00000000ffd78030,0x00000000ffd80000)
  to   space 2560K, 0% used [0x00000000ffd80000,0x00000000ffd80000,0x0000000100000000)
 ParOldGen       total 44032K, used 1409K [0x00000000fc000000, 0x00000000feb00000, 0x00000000feb00000)
  object space 44032K, 3% used [0x00000000fc000000,0x00000000fc160558,0x00000000feb00000)
 Metaspace       used 7731K, capacity 7928K, committed 8192K, reserved 1056768K
  class space    used 896K, capacity 988K, committed 1024K, reserved 1048576K
Event: 2.714 GC heap after
Heap after GC invocations=2 (full 0):
 PSYoungGen      total 18944K, used 2556K [0x00000000feb00000, 0x0000000100000000, 0x0000000100000000)
  eden space 16384K, 0% used [0x00000000feb00000,0x00000000feb00000,0x00000000ffb00000)
  from space 2560K, 99% used [0x00000000ffd80000,0x00000000fffff2e0,0x0000000100000000)
  to   space 2560K, 0% used [0x00000000ffb00000,0x00000000ffb00000,0x00000000ffd80000)
 ParOldGen       total 44032K, used 4787K [0x00000000fc000000, 0x00000000feb00000, 0x00000000feb00000)
  object space 44032K, 10% used [0x00000000fc000000,0x00000000fc4acd30,0x00000000feb00000)
 Metaspace       used 7731K, capacity 7928K, committed 8192K, reserved 1056768K
  class space    used 896K, capacity 988K, committed 1024K, reserved 1048576K
}

Deoptimization events (10 events):
Event: 2.162 Thread 0x00000000049a7000 Uncommon trap: reason=class_check action=maybe_recompile pc=0x0000000004ccca10 method=com.google.common.collect.Iterators$7.transform(Ljava/lang/Object;)Ljava/lang/Object; @ 5
Event: 2.162 Thread 0x00000000049a7000 Uncommon trap: reason=class_check action=maybe_recompile pc=0x0000000004cdf9ac method=com.google.common.collect.TransformedIterator.hasNext()Z @ 4
Event: 2.162 Thread 0x00000000049a7000 Uncommon trap: reason=class_check action=maybe_recompile pc=0x0000000004ce82e4 method=com.google.common.collect.TransformedIterator.next()Ljava/lang/Object; @ 5
Event: 2.162 Thread 0x00000000049a7000 Uncommon trap: reason=class_check action=maybe_recompile pc=0x0000000004ccca10 method=com.google.common.collect.Iterators$7.transform(Ljava/lang/Object;)Ljava/lang/Object; @ 5
Event: 2.162 Thread 0x00000000049a7000 Uncommon trap: reason=class_check action=maybe_recompile pc=0x0000000004ce82e4 method=com.google.common.collect.TransformedIterator.next()Ljava/lang/Object; @ 5
Event: 2.162 Thread 0x00000000049a7000 Uncommon trap: reason=class_check action=maybe_recompile pc=0x0000000004ccca10 method=com.google.common.collect.Iterators$7.transform(Ljava/lang/Object;)Ljava/lang/Object; @ 5
Event: 2.328 Thread 0x00000000049a7000 Uncommon trap: reason=unstable_if action=reinterpret pc=0x0000000004c955a8 method=java.lang.String.indexOf([CII[CIII)I @ 134
Event: 2.414 Thread 0x00000000049a7000 Uncommon trap: reason=unstable_if action=reinterpret pc=0x0000000004c5b1ac method=java.lang.String.<init>([CII)V @ 18
Event: 2.415 Thread 0x00000000049a7000 Uncommon trap: reason=unstable_if action=reinterpret pc=0x0000000004ccd01c method=java.util.zip.ZipFile$ZipEntryIterator.hasNext()Z @ 25
Event: 2.718 Thread 0x00000000049a7000 Uncommon trap: reason=unstable_if action=reinterpret pc=0x0000000004e1451c method=org.objectweb.asm.Type.getArgumentsAndReturnSizes(Ljava/lang/String;)I @ 136

Classes redefined (0 events):
No events

Internal exceptions (10 events):
Event: 1.775 Thread 0x00000000049a7000 Exception <a 'sun/nio/fs/WindowsException'> (0x00000000ff1d6530) thrown at [D:\src\AOSP-openjdk-cygwin\jdk8u\hotspot\src\share\vm\prims\jni.cpp, line 709]
Event: 1.775 Thread 0x00000000049a7000 Exception <a 'sun/nio/fs/WindowsException'> (0x00000000ff1d6b48) thrown at [D:\src\AOSP-openjdk-cygwin\jdk8u\hotspot\src\share\vm\prims\jni.cpp, line 709]
Event: 1.776 Thread 0x00000000049a7000 Exception <a 'sun/nio/fs/WindowsException'> (0x00000000ff1d7328) thrown at [D:\src\AOSP-openjdk-cygwin\jdk8u\hotspot\src\share\vm\prims\jni.cpp, line 709]
Event: 1.776 Thread 0x00000000049a7000 Exception <a 'sun/nio/fs/WindowsException'> (0x00000000ff1d7918) thrown at [D:\src\AOSP-openjdk-cygwin\jdk8u\hotspot\src\share\vm\prims\jni.cpp, line 709]
Event: 1.776 Thread 0x00000000049a7000 Exception <a 'sun/nio/fs/WindowsException'> (0x00000000ff1d80e8) thrown at [D:\src\AOSP-openjdk-cygwin\jdk8u\hotspot\src\share\vm\prims\jni.cpp, line 709]
Event: 1.793 Thread 0x00000000049a7000 Exception <a 'sun/nio/fs/WindowsException'> (0x00000000ff1dd5f8) thrown at [D:\src\AOSP-openjdk-cygwin\jdk8u\hotspot\src\share\vm\prims\jni.cpp, line 709]
Event: 2.019 Thread 0x00000000049a7000 Exception <a 'sun/nio/fs/WindowsException'> (0x00000000ff4d6200) thrown at [D:\src\AOSP-openjdk-cygwin\jdk8u\hotspot\src\share\vm\prims\jni.cpp, line 709]
Event: 2.019 Thread 0x00000000049a7000 Exception <a 'sun/nio/fs/WindowsException'> (0x00000000ff4d6800) thrown at [D:\src\AOSP-openjdk-cygwin\jdk8u\hotspot\src\share\vm\prims\jni.cpp, line 709]
Event: 2.419 Thread 0x00000000049a7000 Exception <a 'sun/nio/fs/WindowsException'> (0x00000000ff716828) thrown at [D:\src\AOSP-openjdk-cygwin\jdk8u\hotspot\src\share\vm\prims\jni.cpp, line 709]
Event: 2.419 Thread 0x00000000049a7000 Exception <a 'sun/nio/fs/WindowsException'> (0x00000000ff716da8) thrown at [D:\src\AOSP-openjdk-cygwin\jdk8u\hotspot\src\share\vm\prims\jni.cpp, line 709]

Events (10 events):
Event: 2.415 Thread 0x00000000049a7000 Uncommon trap: trap_request=0xffffff65 fr.pc=0x0000000004ccd01c
Event: 2.415 Thread 0x00000000049a7000 DEOPT PACKING pc=0x0000000004ccd01c sp=0x00000000048bef20
Event: 2.415 Thread 0x00000000049a7000 DEOPT UNPACKING pc=0x0000000004ae556a sp=0x00000000048beed8 mode 2
Event: 2.415 loading class java/util/Vector$Itr
Event: 2.415 loading class java/util/Vector$Itr done
Event: 2.637 Executing VM operation: ParallelGCFailedAllocation
Event: 2.714 Executing VM operation: ParallelGCFailedAllocation done
Event: 2.718 Thread 0x00000000049a7000 Uncommon trap: trap_request=0xffffff65 fr.pc=0x0000000004e1451c
Event: 2.718 Thread 0x00000000049a7000 DEOPT PACKING pc=0x0000000004e1451c sp=0x00000000048be480
Event: 2.718 Thread 0x00000000049a7000 DEOPT UNPACKING pc=0x0000000004ae556a sp=0x00000000048be410 mode 2


Dynamic libraries:
0x00007ff67de80000 - 0x00007ff67deb1000 	C:\Program Files\Android\Android Studio1\jre\bin\java.exe
0x00007ffca44f0000 - 0x00007ffca46d0000 	C:\WINDOWS\SYSTEM32\ntdll.dll
0x00007ffca1f80000 - 0x00007ffca202e000 	C:\WINDOWS\System32\KERNEL32.DLL
0x00007ffca16a0000 - 0x00007ffca1906000 	C:\WINDOWS\System32\KERNELBASE.dll
0x00007ffca19d0000 - 0x00007ffca1a71000 	C:\WINDOWS\System32\ADVAPI32.dll
0x00007ffca4420000 - 0x00007ffca44bd000 	C:\WINDOWS\System32\msvcrt.dll
0x00007ffca1e20000 - 0x00007ffca1e7b000 	C:\WINDOWS\System32\sechost.dll
0x00007ffca2760000 - 0x00007ffca287f000 	C:\WINDOWS\System32\RPCRT4.dll
0x00007ffca2160000 - 0x00007ffca22ee000 	C:\WINDOWS\System32\USER32.dll
0x00007ffca1480000 - 0x00007ffca14a0000 	C:\WINDOWS\System32\win32u.dll
0x00007ffca1b40000 - 0x00007ffca1b68000 	C:\WINDOWS\System32\GDI32.dll
0x00007ffca08f0000 - 0x00007ffca0a84000 	C:\WINDOWS\System32\gdi32full.dll
0x00007ffca14a0000 - 0x00007ffca153b000 	C:\WINDOWS\System32\msvcp_win.dll
0x00007ffca15a0000 - 0x00007ffca1696000 	C:\WINDOWS\System32\ucrtbase.dll
0x00007ffc90e70000 - 0x00007ffc910d9000 	C:\WINDOWS\WinSxS\amd64_microsoft.windows.common-controls_6595b64144ccf1df_6.0.16299.19_none_cc92fab02215da61\COMCTL32.dll
0x00007ffca3e80000 - 0x00007ffca4188000 	C:\WINDOWS\System32\combase.dll
0x00007ffca13b0000 - 0x00007ffca1422000 	C:\WINDOWS\System32\bcryptPrimitives.dll
0x00007ffca1a80000 - 0x00007ffca1aad000 	C:\WINDOWS\System32\IMM32.DLL
0x0000000060150000 - 0x0000000060222000 	C:\Program Files\Android\Android Studio1\jre\jre\bin\msvcr100.dll
0x0000000060230000 - 0x0000000060a6e000 	C:\Program Files\Android\Android Studio1\jre\jre\bin\server\jvm.dll
0x00007ffca19c0000 - 0x00007ffca19c8000 	C:\WINDOWS\System32\PSAPI.DLL
0x00007ffc910e0000 - 0x00007ffc910ea000 	C:\WINDOWS\SYSTEM32\VERSION.dll
0x00007ffc83160000 - 0x00007ffc83169000 	C:\WINDOWS\SYSTEM32\WSOCK32.dll
0x00007ffca3cc0000 - 0x00007ffca3d2c000 	C:\WINDOWS\System32\WS2_32.dll
0x00007ffc9e570000 - 0x00007ffc9e593000 	C:\WINDOWS\SYSTEM32\WINMM.dll
0x00007ffc9e3c0000 - 0x00007ffc9e3ea000 	C:\WINDOWS\SYSTEM32\WINMMBASE.dll
0x00007ffca1430000 - 0x00007ffca147a000 	C:\WINDOWS\System32\cfgmgr32.dll
0x00007ffc928d0000 - 0x00007ffc928df000 	C:\Program Files\Android\Android Studio1\jre\jre\bin\verify.dll
0x00007ffc7d490000 - 0x00007ffc7d4b9000 	C:\Program Files\Android\Android Studio1\jre\jre\bin\java.dll
0x00007ffc65900000 - 0x00007ffc65916000 	C:\Program Files\Android\Android Studio1\jre\jre\bin\zip.dll
0x00007ffca2880000 - 0x00007ffca3cb7000 	C:\WINDOWS\System32\SHELL32.dll
0x00007ffca41f0000 - 0x00007ffca4296000 	C:\WINDOWS\System32\shcore.dll
0x00007ffca0c60000 - 0x00007ffca13a7000 	C:\WINDOWS\System32\windows.storage.dll
0x00007ffca2030000 - 0x00007ffca2081000 	C:\WINDOWS\System32\shlwapi.dll
0x00007ffca0840000 - 0x00007ffca0851000 	C:\WINDOWS\System32\kernel.appcore.dll
0x00007ffca0860000 - 0x00007ffca08ac000 	C:\WINDOWS\System32\powrprof.dll
0x00007ffca08d0000 - 0x00007ffca08eb000 	C:\WINDOWS\System32\profapi.dll
0x00007ffca0570000 - 0x00007ffca0587000 	C:\WINDOWS\SYSTEM32\CRYPTSP.dll
0x00007ffc9f930000 - 0x00007ffc9f963000 	C:\WINDOWS\system32\rsaenh.dll
0x00007ffca0370000 - 0x00007ffca0395000 	C:\WINDOWS\SYSTEM32\bcrypt.dll
0x00007ffca0740000 - 0x00007ffca0769000 	C:\WINDOWS\SYSTEM32\USERENV.dll
0x00007ffc9ff40000 - 0x00007ffc9ff4b000 	C:\WINDOWS\SYSTEM32\CRYPTBASE.dll
0x00007ffc658e0000 - 0x00007ffc658fa000 	C:\Program Files\Android\Android Studio1\jre\jre\bin\net.dll
0x00007ffc9fd80000 - 0x00007ffc9fde6000 	C:\WINDOWS\system32\mswsock.dll
0x00007ffc9fab0000 - 0x00007ffc9fae9000 	C:\WINDOWS\SYSTEM32\IPHLPAPI.DLL
0x00007ffca4410000 - 0x00007ffca4418000 	C:\WINDOWS\System32\NSI.dll
0x00007ffc95eb0000 - 0x00007ffc95ec6000 	C:\WINDOWS\SYSTEM32\dhcpcsvc6.DLL
0x00007ffc95e90000 - 0x00007ffc95eaa000 	C:\WINDOWS\SYSTEM32\dhcpcsvc.DLL
0x00007ffc90350000 - 0x00007ffc90361000 	C:\Program Files\Android\Android Studio1\jre\jre\bin\nio.dll

VM Arguments:
jvm_args: -Djava.awt.headless=true -Xmx64M -Dfile.encoding=windows-1252 -Duser.country=BR -Duser.language=pt -Duser.variant 
java_command: com.google.devtools.build.android.desugar.Desugar --input C:\Users\JCarvalhoJr\eclipse-workspace_2018\Web_Services_Android\Web_Service_Android_Client\app\build\intermediates\transforms\stackFramesFixer\debug\19.jar --output C:\Users\JCarvalhoJr\eclipse-workspace_2018\Web_Services_Android\Web_Service_Android_Client\app\build\intermediates\transforms\desugar\debug\20.jar --input C:\Users\JCarvalhoJr\eclipse-workspace_2018\Web_Services_Android\Web_Service_Android_Client\app\build\intermediates\transforms\stackFramesFixer\debug\7.jar --output C:\Users\JCarvalhoJr\eclipse-workspace_2018\Web_Services_Android\Web_Service_Android_Client\app\build\intermediates\transforms\desugar\debug\8.jar --input C:\Users\JCarvalhoJr\eclipse-workspace_2018\Web_Services_Android\Web_Service_Android_Client\app\build\intermediates\transforms\stackFramesFixer\debug\26.jar --output C:\Users\JCarvalhoJr\eclipse-workspace_2018\Web_Services_Android\Web_Service_Android_Client\app\build\intermediates\transforms\desugar\debug\27.jar --input C:\Users\JCarvalhoJr\eclipse-workspace_2018\Web_Services_Android\Web_Service_Android_Client\app\build\intermediates\transforms\stackFramesFixer\debug\5.jar --output C:\Users\JCarvalhoJr\eclipse-workspace_2018\Web_Services_Android\Web_Service_Android_Client\app\build\intermediates\transforms\desugar\debug\6.jar --input C:\Users\JCarvalhoJr\eclipse-workspace_2018\Web_Services_Android\Web_Service_Android_Client\app\build\intermediates\transforms\stackFramesFixer\debug\29.jar --output C:\Users\JCarvalhoJr\eclipse-workspace_2018\Web_Services_Android\Web_Service_Android_Client\app\build\intermediates\transforms\desugar\debug\30.jar --input C:\Users\JCarvalhoJr\eclipse-workspace_2018\Web_Services_Android\Web_Service_Android_Client\app\build\intermediates\transforms\stackFramesFixer\debug\6.jar --output C:\Users\JCarvalhoJr\eclipse-workspace_2018\Web_Services_Android\Web_Service_Android_Client\app\build\intermediates\transforms\desugar\debug\7.jar --input 
java_class_path (initial): C:\Users\JCarvalhoJr\AppData\Local\Temp\desugar_deploy.jar1072657413588835485
Launcher Type: SUN_STANDARD

Environment Variables:
CLASSPATH=.;C:\Program Files (x86)\Griaule\Fingerprint SDK 2009\bin\GrFingerJava.jar
USERNAME=JCarvalhoJr
OS=Windows_NT
PROCESSOR_IDENTIFIER=Intel64 Family 6 Model 42 Stepping 7, GenuineIntel



---------------  S Y S T E M  ---------------

OS: Windows 10.0 , 64 bit Build 16299 (10.0.16299.15)

CPU:total 4 (initial active 4) (2 cores per cpu, 2 threads per core) family 6 model 42 stepping 7, cmov, cx8, fxsr, mmx, sse, sse2, sse3, ssse3, sse4.1, sse4.2, popcnt, avx, aes, clmul, ht, tsc, tscinvbit

Memory: 4k page, physical 12496748k(2606924k free), swap 13545324k(4116k free)

vm_info: OpenJDK 64-Bit Server VM (25.152-b01) for windows-amd64 JRE (1.8.0_152-release-915-b01), built by "builder" with MS VC++ 10.0 (VS2010)

time: Tue Mar 13 01:10:38 2018
elapsed time: 2 seconds (0d 0h 0m 2s)

