#
# There is insufficient memory for the Java Runtime Environment to continue.
# Native memory allocation (malloc) failed to allocate 347376 bytes for Chunk::new
# Possible reasons:
#   The system is out of physical RAM or swap space
#   In 32 bit mode, the process size limit was hit
# Possible solutions:
#   Reduce memory load on the system
#   Increase physical memory or swap space
#   Check if swap backing store is full
#   Use 64 bit Java on a 64 bit OS
#   Decrease Java heap size (-Xmx/-Xms)
#   Decrease number of Java threads
#   Decrease Java thread stack sizes (-Xss)
#   Set larger code cache with -XX:ReservedCodeCacheSize=
# This output file may be truncated or incomplete.
#
#  Out of Memory Error (allocation.cpp:390), pid=7360, tid=0x0000000000003e50
#
# JRE version: OpenJDK Runtime Environment (8.0_152-b01) (build 1.8.0_152-release-915-b01)
# Java VM: OpenJDK 64-Bit Server VM (25.152-b01 mixed mode windows-amd64 compressed oops)
# Failed to write core dump. Minidumps are not enabled by default on client versions of Windows
#

---------------  T H R E A D  ---------------

Current thread (0x00000000155f3000):  JavaThread "C2 CompilerThread0" daemon [_thread_in_native, id=15952, stack(0x0000000016d60000,0x0000000016e60000)]

Stack: [0x0000000016d60000,0x0000000016e60000]
[error occurred during error reporting (printing stack bounds), id 0xc0000005]

Native frames: (J=compiled Java code, j=interpreted, Vv=VM code, C=native code)


Current CompileTask:
C2:   3734  875       4       org.objectweb.asm.MethodVisitor::visitFieldInsn (20 bytes)


---------------  P R O C E S S  ---------------

Java Threads: ( => current thread )
  0x0000000016f73000 JavaThread "Service Thread" daemon [_thread_blocked, id=11788, stack(0x0000000017460000,0x0000000017560000)]
  0x0000000016f70800 JavaThread "C1 CompilerThread2" daemon [_thread_blocked, id=16640, stack(0x0000000017360000,0x0000000017460000)]
  0x00000000155f5000 JavaThread "C2 CompilerThread1" daemon [_thread_in_native, id=10500, stack(0x0000000016e60000,0x0000000016f60000)]
=>0x00000000155f3000 JavaThread "C2 CompilerThread0" daemon [_thread_in_native, id=15952, stack(0x0000000016d60000,0x0000000016e60000)]
  0x00000000155f0800 JavaThread "Attach Listener" daemon [_thread_blocked, id=16376, stack(0x0000000016c60000,0x0000000016d60000)]
  0x00000000155ef800 JavaThread "Signal Dispatcher" daemon [_thread_blocked, id=11972, stack(0x0000000016b60000,0x0000000016c60000)]
  0x000000000526c000 JavaThread "Finalizer" daemon [_thread_blocked, id=3160, stack(0x0000000016860000,0x0000000016960000)]
  0x0000000005267000 JavaThread "Reference Handler" daemon [_thread_blocked, id=15740, stack(0x0000000016760000,0x0000000016860000)]
  0x0000000005176800 JavaThread "main" [_thread_blocked, id=16408, stack(0x0000000005070000,0x0000000005170000)]

Other Threads:
  0x00000000155b6000 VMThread [stack: 0x0000000016660000,0x0000000016760000] [id=17204]
  0x0000000016f74800 WatcherThread [stack: 0x0000000017560000,0x0000000017660000] [id=888]

VM state:at safepoint (normal execution)

VM Mutex/Monitor currently owned by a thread:  ([mutex/lock_event])
[0x00000000051733d0] Threads_lock - owner thread: 0x00000000155b6000
[0x0000000005173f50] Heap_lock - owner thread: 0x0000000005176800

Heap:
 PSYoungGen      total 18944K, used 18928K [0x00000000feb00000, 0x0000000100000000, 0x0000000100000000)
  eden space 16384K, 100% used [0x00000000feb00000,0x00000000ffb00000,0x00000000ffb00000)
  from space 2560K, 99% used [0x00000000ffb00000,0x00000000ffd7c020,0x00000000ffd80000)
  to   space 2560K, 99% used [0x00000000ffd80000,0x00000000ffff9e20,0x0000000100000000)
 ParOldGen       total 44032K, used 2814K [0x00000000fc000000, 0x00000000feb00000, 0x00000000feb00000)
  object space 44032K, 6% used [0x00000000fc000000,0x00000000fc2c1808,0x00000000feb00000)
 Metaspace       used 7490K, capacity 7656K, committed 7936K, reserved 1056768K
  class space    used 867K, capacity 956K, committed 1024K, reserved 1048576K

Card table byte_map: [0x0000000004df0000,0x0000000004e20000] byte_map_base: 0x0000000004610000

Marking Bits: (ParMarkBitMap*) 0x0000000066963950
 Begin Bits: [0x0000000014a30000, 0x0000000014b30000)
 End Bits:   [0x0000000014b30000, 0x0000000014c30000)

Polling page: 0x0000000004d90000

CodeCache: size=245760Kb used=3424Kb max_used=3424Kb free=242335Kb
 bounds [0x0000000005270000, 0x00000000055d0000, 0x0000000014270000]
 total_blobs=1214 nmethods=883 adapters=245
 compilation: enabled

Compilation events (10 events):
Event: 3.720 Thread 0x0000000016f70800 nmethod 882 0x00000000055c33d0 code [0x00000000055c3560, 0x00000000055c38a8]
Event: 3.720 Thread 0x0000000016f70800  883       3       org.objectweb.asm.tree.LdcInsnNode::<init> (12 bytes)
Event: 3.721 Thread 0x0000000016f70800 nmethod 883 0x00000000055c2ed0 code [0x00000000055c3040, 0x00000000055c3270]
Event: 3.721 Thread 0x0000000016f70800  884       3       org.objectweb.asm.tree.LdcInsnNode::accept (14 bytes)
Event: 3.721 Thread 0x0000000016f70800 nmethod 884 0x00000000055c6b10 code [0x00000000055c6c80, 0x00000000055c6f78]
Event: 3.722 Thread 0x0000000016f70800  885       3       java.util.SubList::<init> (145 bytes)
Event: 3.724 Thread 0x0000000016f70800 nmethod 885 0x00000000055c7050 code [0x00000000055c73a0, 0x00000000055c8f18]
Event: 3.725 Thread 0x0000000016f70800  887       3       org.objectweb.asm.ClassVisitor::<init> (35 bytes)
Event: 3.725 Thread 0x0000000016f70800 nmethod 887 0x00000000055c9c10 code [0x00000000055c9d80, 0x00000000055ca088]
Event: 3.725 Thread 0x0000000016f70800  892       3       org.objectweb.asm.MethodWriter::a (845 bytes)

GC Heap History (3 events):
Event: 2.640 GC heap before
{Heap before GC invocations=1 (full 0):
 PSYoungGen      total 18944K, used 16384K [0x00000000feb00000, 0x0000000100000000, 0x0000000100000000)
  eden space 16384K, 100% used [0x00000000feb00000,0x00000000ffb00000,0x00000000ffb00000)
  from space 2560K, 0% used [0x00000000ffd80000,0x00000000ffd80000,0x0000000100000000)
  to   space 2560K, 0% used [0x00000000ffb00000,0x00000000ffb00000,0x00000000ffd80000)
 ParOldGen       total 44032K, used 0K [0x00000000fc000000, 0x00000000feb00000, 0x00000000feb00000)
  object space 44032K, 0% used [0x00000000fc000000,0x00000000fc000000,0x00000000feb00000)
 Metaspace       used 6509K, capacity 6618K, committed 6784K, reserved 1056768K
  class space    used 768K, capacity 823K, committed 896K, reserved 1048576K
Event: 2.645 GC heap after
Heap after GC invocations=1 (full 0):
 PSYoungGen      total 18944K, used 2544K [0x00000000feb00000, 0x0000000100000000, 0x0000000100000000)
  eden space 16384K, 0% used [0x00000000feb00000,0x00000000feb00000,0x00000000ffb00000)
  from space 2560K, 99% used [0x00000000ffb00000,0x00000000ffd7c020,0x00000000ffd80000)
  to   space 2560K, 0% used [0x00000000ffd80000,0x00000000ffd80000,0x0000000100000000)
 ParOldGen       total 44032K, used 1485K [0x00000000fc000000, 0x00000000feb00000, 0x00000000feb00000)
  object space 44032K, 3% used [0x00000000fc000000,0x00000000fc1737f8,0x00000000feb00000)
 Metaspace       used 6509K, capacity 6618K, committed 6784K, reserved 1056768K
  class space    used 768K, capacity 823K, committed 896K, reserved 1048576K
}
Event: 3.726 GC heap before
{Heap before GC invocations=2 (full 0):
 PSYoungGen      total 18944K, used 18928K [0x00000000feb00000, 0x0000000100000000, 0x0000000100000000)
  eden space 16384K, 100% used [0x00000000feb00000,0x00000000ffb00000,0x00000000ffb00000)
  from space 2560K, 99% used [0x00000000ffb00000,0x00000000ffd7c020,0x00000000ffd80000)
  to   space 2560K, 0% used [0x00000000ffd80000,0x00000000ffd80000,0x0000000100000000)
 ParOldGen       total 44032K, used 1485K [0x00000000fc000000, 0x00000000feb00000, 0x00000000feb00000)
  object space 44032K, 3% used [0x00000000fc000000,0x00000000fc1737f8,0x00000000feb00000)
 Metaspace       used 7490K, capacity 7656K, committed 7936K, reserved 1056768K
  class space    used 867K, capacity 956K, committed 1024K, reserved 1048576K

Deoptimization events (10 events):
Event: 2.539 Thread 0x0000000005176800 Uncommon trap: reason=unstable_if action=reinterpret pc=0x000000000549dadc method=java.util.zip.ZipCoder.decoder()Ljava/nio/charset/CharsetDecoder; @ 4
Event: 2.547 Thread 0x0000000005176800 Uncommon trap: reason=unstable_if action=reinterpret pc=0x00000000054a0aac method=java.util.zip.ZipCoder.decoder()Ljava/nio/charset/CharsetDecoder; @ 4
Event: 2.750 Thread 0x0000000005176800 Uncommon trap: reason=unstable_if action=reinterpret pc=0x00000000054b30d4 method=java.util.HashMap$HashIterator.hasNext()Z @ 4
Event: 2.796 Thread 0x0000000005176800 Uncommon trap: reason=unstable_if action=reinterpret pc=0x00000000054a23e0 method=java.util.zip.ZipFile.getZipEntry(Ljava/lang/String;J)Ljava/util/zip/ZipEntry; @ 19
Event: 3.176 Thread 0x0000000005176800 Uncommon trap: reason=unloaded action=reinterpret pc=0x000000000549e83c method=java.util.zip.ZipEntry.setExtra0([BZ)V @ 37
Event: 3.421 Thread 0x0000000005176800 Uncommon trap: reason=unstable_if action=reinterpret pc=0x00000000054508f8 method=java.lang.String.indexOf([CII[CIII)I @ 134
Event: 3.491 Thread 0x0000000005176800 Uncommon trap: reason=unstable_if action=reinterpret pc=0x0000000005423eac method=java.lang.String.<init>([CII)V @ 18
Event: 3.579 Thread 0x0000000005176800 Uncommon trap: reason=unstable_if action=reinterpret pc=0x00000000055266b0 method=org.objectweb.asm.ClassReader.readUTF8(I[C)Ljava/lang/String; @ 7
Event: 3.651 Thread 0x0000000005176800 Uncommon trap: reason=unstable_if action=reinterpret pc=0x0000000005581b4c method=org.objectweb.asm.Item.a(Lorg/objectweb/asm/Item;)Z @ 345
Event: 3.668 Thread 0x0000000005176800 Uncommon trap: reason=unstable_if action=reinterpret pc=0x000000000559182c method=org.objectweb.asm.MethodWriter.visitVarInsn(II)V @ 142

Classes redefined (0 events):
No events

Internal exceptions (10 events):
Event: 2.895 Thread 0x0000000005176800 Exception <a 'sun/nio/fs/WindowsException'> (0x00000000ff199420) thrown at [D:\src\AOSP-openjdk-cygwin\jdk8u\hotspot\src\share\vm\prims\jni.cpp, line 709]
Event: 2.915 Thread 0x0000000005176800 Exception <a 'sun/nio/fs/WindowsException'> (0x00000000ff19e930) thrown at [D:\src\AOSP-openjdk-cygwin\jdk8u\hotspot\src\share\vm\prims\jni.cpp, line 709]
Event: 3.212 Thread 0x0000000005176800 Exception <a 'sun/nio/fs/WindowsException'> (0x00000000ff4bea20) thrown at [D:\src\AOSP-openjdk-cygwin\jdk8u\hotspot\src\share\vm\prims\jni.cpp, line 709]
Event: 3.212 Thread 0x0000000005176800 Exception <a 'sun/nio/fs/WindowsException'> (0x00000000ff4bf020) thrown at [D:\src\AOSP-openjdk-cygwin\jdk8u\hotspot\src\share\vm\prims\jni.cpp, line 709]
Event: 3.574 Thread 0x0000000005176800 Exception <a 'sun/nio/fs/WindowsException'> (0x00000000ff73c208) thrown at [D:\src\AOSP-openjdk-cygwin\jdk8u\hotspot\src\share\vm\prims\jni.cpp, line 709]
Event: 3.575 Thread 0x0000000005176800 Exception <a 'sun/nio/fs/WindowsException'> (0x00000000ff73c788) thrown at [D:\src\AOSP-openjdk-cygwin\jdk8u\hotspot\src\share\vm\prims\jni.cpp, line 709]
Event: 3.589 Thread 0x0000000005176800 Exception <a 'sun/nio/fs/WindowsException'> (0x00000000ff7ab698) thrown at [D:\src\AOSP-openjdk-cygwin\jdk8u\hotspot\src\share\vm\prims\jni.cpp, line 709]
Event: 3.590 Thread 0x0000000005176800 Exception <a 'sun/nio/fs/WindowsException'> (0x00000000ff7abc18) thrown at [D:\src\AOSP-openjdk-cygwin\jdk8u\hotspot\src\share\vm\prims\jni.cpp, line 709]
Event: 3.662 Thread 0x0000000005176800 Exception <a 'sun/nio/fs/WindowsException'> (0x00000000ff9a30a8) thrown at [D:\src\AOSP-openjdk-cygwin\jdk8u\hotspot\src\share\vm\prims\jni.cpp, line 709]
Event: 3.662 Thread 0x0000000005176800 Exception <a 'sun/nio/fs/WindowsException'> (0x00000000ff9a3628) thrown at [D:\src\AOSP-openjdk-cygwin\jdk8u\hotspot\src\share\vm\prims\jni.cpp, line 709]

Events (10 events):
Event: 3.579 Thread 0x0000000005176800 Uncommon trap: trap_request=0xffffff65 fr.pc=0x00000000055266b0
Event: 3.579 Thread 0x0000000005176800 DEOPT PACKING pc=0x00000000055266b0 sp=0x000000000516f280
Event: 3.579 Thread 0x0000000005176800 DEOPT UNPACKING pc=0x00000000052b556a sp=0x000000000516f260 mode 2
Event: 3.651 Thread 0x0000000005176800 Uncommon trap: trap_request=0xffffff65 fr.pc=0x0000000005581b4c
Event: 3.651 Thread 0x0000000005176800 DEOPT PACKING pc=0x0000000005581b4c sp=0x000000000516ec10
Event: 3.651 Thread 0x0000000005176800 DEOPT UNPACKING pc=0x00000000052b556a sp=0x000000000516eba8 mode 2
Event: 3.668 Thread 0x0000000005176800 Uncommon trap: trap_request=0xffffff65 fr.pc=0x000000000559182c
Event: 3.668 Thread 0x0000000005176800 DEOPT PACKING pc=0x000000000559182c sp=0x000000000516eee0
Event: 3.668 Thread 0x0000000005176800 DEOPT UNPACKING pc=0x00000000052b556a sp=0x000000000516ee28 mode 2
Event: 3.726 Executing VM operation: ParallelGCFailedAllocation


Dynamic libraries:
0x00007ff67e2c0000 - 0x00007ff67e2f1000 	C:\Program Files\Android\Android Studio1\jre\bin\java.exe
0x00007ffa8bac0000 - 0x00007ffa8bca0000 	C:\WINDOWS\SYSTEM32\ntdll.dll
0x00007ffa8b2c0000 - 0x00007ffa8b36e000 	C:\WINDOWS\System32\KERNEL32.DLL
0x00007ffa88210000 - 0x00007ffa88476000 	C:\WINDOWS\System32\KERNELBASE.dll
0x00007ffa89420000 - 0x00007ffa894c1000 	C:\WINDOWS\System32\ADVAPI32.dll
0x00007ffa89bf0000 - 0x00007ffa89c8d000 	C:\WINDOWS\System32\msvcrt.dll
0x00007ffa89c90000 - 0x00007ffa89ceb000 	C:\WINDOWS\System32\sechost.dll
0x00007ffa8b740000 - 0x00007ffa8b85f000 	C:\WINDOWS\System32\RPCRT4.dll
0x00007ffa8b510000 - 0x00007ffa8b69e000 	C:\WINDOWS\System32\USER32.dll
0x00007ffa885a0000 - 0x00007ffa885c0000 	C:\WINDOWS\System32\win32u.dll
0x00007ffa8ba00000 - 0x00007ffa8ba28000 	C:\WINDOWS\System32\GDI32.dll
0x00007ffa88020000 - 0x00007ffa881b4000 	C:\WINDOWS\System32\gdi32full.dll
0x00007ffa88500000 - 0x00007ffa8859b000 	C:\WINDOWS\System32\msvcp_win.dll
0x00007ffa87ec0000 - 0x00007ffa87fb6000 	C:\WINDOWS\System32\ucrtbase.dll
0x00007ffa788b0000 - 0x00007ffa78b19000 	C:\WINDOWS\WinSxS\amd64_microsoft.windows.common-controls_6595b64144ccf1df_6.0.16299.19_none_cc92fab02215da61\COMCTL32.dll
0x00007ffa89110000 - 0x00007ffa89418000 	C:\WINDOWS\System32\combase.dll
0x00007ffa88480000 - 0x00007ffa884f2000 	C:\WINDOWS\System32\bcryptPrimitives.dll
0x00007ffa89e40000 - 0x00007ffa89e6d000 	C:\WINDOWS\System32\IMM32.DLL
0x000000006b270000 - 0x000000006b342000 	C:\Program Files\Android\Android Studio1\jre\jre\bin\msvcr100.dll
0x00000000661a0000 - 0x00000000669de000 	C:\Program Files\Android\Android Studio1\jre\jre\bin\server\jvm.dll
0x00007ffa89100000 - 0x00007ffa89108000 	C:\WINDOWS\System32\PSAPI.DLL
0x00007ffa83640000 - 0x00007ffa83649000 	C:\WINDOWS\SYSTEM32\WSOCK32.dll
0x00007ffa894d0000 - 0x00007ffa8953c000 	C:\WINDOWS\System32\WS2_32.dll
0x00007ffa86270000 - 0x00007ffa86293000 	C:\WINDOWS\SYSTEM32\WINMM.dll
0x00007ffa78b50000 - 0x00007ffa78b5a000 	C:\WINDOWS\SYSTEM32\VERSION.dll
0x00007ffa86210000 - 0x00007ffa8623a000 	C:\WINDOWS\SYSTEM32\WINMMBASE.dll
0x00007ffa881c0000 - 0x00007ffa8820a000 	C:\WINDOWS\System32\cfgmgr32.dll
0x00007ffa6b210000 - 0x00007ffa6b21f000 	C:\Program Files\Android\Android Studio1\jre\jre\bin\verify.dll
0x00007ffa4fec0000 - 0x00007ffa4fee9000 	C:\Program Files\Android\Android Studio1\jre\jre\bin\java.dll
0x00007ffa54bd0000 - 0x00007ffa54be6000 	C:\Program Files\Android\Android Studio1\jre\jre\bin\zip.dll
0x00007ffa89e70000 - 0x00007ffa8b2a7000 	C:\WINDOWS\System32\SHELL32.dll
0x00007ffa89ac0000 - 0x00007ffa89b66000 	C:\WINDOWS\System32\shcore.dll
0x00007ffa88840000 - 0x00007ffa88f87000 	C:\WINDOWS\System32\windows.storage.dll
0x00007ffa8b3e0000 - 0x00007ffa8b431000 	C:\WINDOWS\System32\shlwapi.dll
0x00007ffa87e30000 - 0x00007ffa87e41000 	C:\WINDOWS\System32\kernel.appcore.dll
0x00007ffa87e70000 - 0x00007ffa87ebc000 	C:\WINDOWS\System32\powrprof.dll
0x00007ffa87e50000 - 0x00007ffa87e6b000 	C:\WINDOWS\System32\profapi.dll
0x00007ffa87860000 - 0x00007ffa87877000 	C:\WINDOWS\SYSTEM32\CRYPTSP.dll
0x00007ffa87250000 - 0x00007ffa87283000 	C:\WINDOWS\system32\rsaenh.dll
0x00007ffa87970000 - 0x00007ffa87995000 	C:\WINDOWS\SYSTEM32\bcrypt.dll
0x00007ffa87d10000 - 0x00007ffa87d39000 	C:\WINDOWS\SYSTEM32\USERENV.dll
0x00007ffa87880000 - 0x00007ffa8788b000 	C:\WINDOWS\SYSTEM32\CRYPTBASE.dll
0x00007ffa53920000 - 0x00007ffa5393a000 	C:\Program Files\Android\Android Studio1\jre\jre\bin\net.dll
0x00007ffa876a0000 - 0x00007ffa87706000 	C:\WINDOWS\system32\mswsock.dll
0x00007ffa87430000 - 0x00007ffa87469000 	C:\WINDOWS\SYSTEM32\IPHLPAPI.DLL
0x00007ffa8b3d0000 - 0x00007ffa8b3d8000 	C:\WINDOWS\System32\NSI.dll
0x00007ffa7e010000 - 0x00007ffa7e026000 	C:\WINDOWS\SYSTEM32\dhcpcsvc6.DLL
0x00007ffa7dff0000 - 0x00007ffa7e00a000 	C:\WINDOWS\SYSTEM32\dhcpcsvc.DLL
0x00007ffa4fea0000 - 0x00007ffa4feb1000 	C:\Program Files\Android\Android Studio1\jre\jre\bin\nio.dll

VM Arguments:
jvm_args: -Djava.awt.headless=true -Xmx64M -Dfile.encoding=windows-1252 -Duser.country=BR -Duser.language=pt -Duser.variant 
java_command: com.google.devtools.build.android.desugar.Desugar --input C:\Users\JCarvalhoJr\eclipse-workspace_2018\Web_Services_Android\Web_Service_Android_Client\app\build\intermediates\transforms\stackFramesFixer\debug\8.jar --output C:\Users\JCarvalhoJr\eclipse-workspace_2018\Web_Services_Android\Web_Service_Android_Client\app\build\intermediates\transforms\desugar\debug\9.jar --input C:\Users\JCarvalhoJr\eclipse-workspace_2018\Web_Services_Android\Web_Service_Android_Client\app\build\intermediates\transforms\stackFramesFixer\debug\25.jar --output C:\Users\JCarvalhoJr\eclipse-workspace_2018\Web_Services_Android\Web_Service_Android_Client\app\build\intermediates\transforms\desugar\debug\26.jar --input C:\Users\JCarvalhoJr\eclipse-workspace_2018\Web_Services_Android\Web_Service_Android_Client\app\build\intermediates\transforms\stackFramesFixer\debug\5.jar --output C:\Users\JCarvalhoJr\eclipse-workspace_2018\Web_Services_Android\Web_Service_Android_Client\app\build\intermediates\transforms\desugar\debug\6.jar --input C:\Users\JCarvalhoJr\eclipse-workspace_2018\Web_Services_Android\Web_Service_Android_Client\app\build\intermediates\transforms\stackFramesFixer\debug\30.jar --output C:\Users\JCarvalhoJr\eclipse-workspace_2018\Web_Services_Android\Web_Service_Android_Client\app\build\intermediates\transforms\desugar\debug\31.jar --input C:\Users\JCarvalhoJr\eclipse-workspace_2018\Web_Services_Android\Web_Service_Android_Client\app\build\intermediates\transforms\stackFramesFixer\debug\0.jar --output C:\Users\JCarvalhoJr\eclipse-workspace_2018\Web_Services_Android\Web_Service_Android_Client\app\build\intermediates\transforms\desugar\debug\1.jar --input C:\Users\JCarvalhoJr\eclipse-workspace_2018\Web_Services_Android\Web_Service_Android_Client\app\build\intermediates\transforms\stackFramesFixer\debug\28.jar --output C:\Users\JCarvalhoJr\eclipse-workspace_2018\Web_Services_Android\Web_Service_Android_Client\app\build\intermediates\transforms\desugar\debug\29.jar --input 
java_class_path (initial): C:\Users\JCarvalhoJr\AppData\Local\Temp\desugar_deploy.jar3951035612156620796
Launcher Type: SUN_STANDARD

Environment Variables:
JAVA_HOME=C:\Program Files\Java\jdk1.8.0_162
CLASSPATH=.;C:\Program Files (x86)\Griaule\Fingerprint SDK 2009\bin\GrFingerJava.jar
USERNAME=JCarvalhoJr
OS=Windows_NT
PROCESSOR_IDENTIFIER=Intel64 Family 6 Model 42 Stepping 7, GenuineIntel



---------------  S Y S T E M  ---------------

OS: Windows 10.0 , 64 bit Build 16299 (10.0.16299.15)

CPU:total 4 (initial active 4) (2 cores per cpu, 2 threads per core) family 6 model 42 stepping 7, cmov, cx8, fxsr, mmx, sse, sse2, sse3, ssse3, sse4.1, sse4.2, popcnt, avx, aes, clmul, ht, tsc, tscinvbit

Memory: 4k page, physical 12496748k(2832596k free), swap 13545324k(1908k free)

vm_info: OpenJDK 64-Bit Server VM (25.152-b01) for windows-amd64 JRE (1.8.0_152-release-915-b01), built by "builder" with MS VC++ 10.0 (VS2010)

time: Thu Mar 22 15:00:27 2018
elapsed time: 3 seconds (0d 0h 0m 3s)

