#
# There is insufficient memory for the Java Runtime Environment to continue.
# Native memory allocation (malloc) failed to allocate 988976 bytes for Chunk::new
# Possible reasons:
#   The system is out of physical RAM or swap space
#   In 32 bit mode, the process size limit was hit
# Possible solutions:
#   Reduce memory load on the system
#   Increase physical memory or swap space
#   Check if swap backing store is full
#   Use 64 bit Java on a 64 bit OS
#   Decrease Java heap size (-Xmx/-Xms)
#   Decrease number of Java threads
#   Decrease Java thread stack sizes (-Xss)
#   Set larger code cache with -XX:ReservedCodeCacheSize=
# This output file may be truncated or incomplete.
#
#  Out of Memory Error (allocation.cpp:390), pid=18880, tid=0x0000000000004a6c
#
# JRE version: OpenJDK Runtime Environment (8.0_152-b01) (build 1.8.0_152-release-915-b01)
# Java VM: OpenJDK 64-Bit Server VM (25.152-b01 mixed mode windows-amd64 compressed oops)
# Failed to write core dump. Minidumps are not enabled by default on client versions of Windows
#

---------------  T H R E A D  ---------------

Current thread (0x0000000014735000):  JavaThread "C2 CompilerThread1" daemon [_thread_in_native, id=19052, stack(0x0000000015f90000,0x0000000016090000)]

Stack: [0x0000000015f90000,0x0000000016090000]
[error occurred during error reporting (printing stack bounds), id 0xc0000005]

Native frames: (J=compiled Java code, j=interpreted, Vv=VM code, C=native code)


Current CompileTask:
C2:   4626  894       4       org.objectweb.asm.ClassReader::a (3587 bytes)


---------------  P R O C E S S  ---------------

Java Threads: ( => current thread )
  0x00000000160b3000 JavaThread "Service Thread" daemon [_thread_blocked, id=10280, stack(0x0000000016590000,0x0000000016690000)]
  0x0000000016090800 JavaThread "C1 CompilerThread2" daemon [_thread_in_native, id=19144, stack(0x0000000016490000,0x0000000016590000)]
=>0x0000000014735000 JavaThread "C2 CompilerThread1" daemon [_thread_in_native, id=19052, stack(0x0000000015f90000,0x0000000016090000)]
  0x0000000014733000 JavaThread "C2 CompilerThread0" daemon [_thread_blocked, id=7672, stack(0x0000000015e90000,0x0000000015f90000)]
  0x0000000014730800 JavaThread "Attach Listener" daemon [_thread_blocked, id=1224, stack(0x0000000015d90000,0x0000000015e90000)]
  0x000000001472f800 JavaThread "Signal Dispatcher" daemon [_thread_blocked, id=15780, stack(0x0000000015c90000,0x0000000015d90000)]
  0x00000000043cc000 JavaThread "Finalizer" daemon [_thread_blocked, id=18376, stack(0x0000000015990000,0x0000000015a90000)]
  0x00000000043c7000 JavaThread "Reference Handler" daemon [_thread_blocked, id=19064, stack(0x0000000015890000,0x0000000015990000)]
  0x00000000042d6800 JavaThread "main" [_thread_in_Java, id=3944, stack(0x0000000004190000,0x0000000004290000)]

Other Threads:
  0x00000000146f6000 VMThread [stack: 0x0000000015790000,0x0000000015890000] [id=19392]
  0x00000000160b4000 WatcherThread [stack: 0x0000000016690000,0x0000000016790000] [id=18924]

VM state:not at safepoint (normal execution)

VM Mutex/Monitor currently owned by a thread: None

Heap:
 PSYoungGen      total 18944K, used 2860K [0x00000000feb00000, 0x0000000100000000, 0x0000000100000000)
  eden space 16384K, 1% used [0x00000000feb00000,0x00000000feb50950,0x00000000ffb00000)
  from space 2560K, 99% used [0x00000000ffb00000,0x00000000ffd7a7f0,0x00000000ffd80000)
  to   space 2560K, 0% used [0x00000000ffd80000,0x00000000ffd80000,0x0000000100000000)
 ParOldGen       total 32768K, used 4664K [0x00000000fc000000, 0x00000000fe000000, 0x00000000feb00000)
  object space 32768K, 14% used [0x00000000fc000000,0x00000000fc48e0a0,0x00000000fe000000)
 Metaspace       used 7529K, capacity 7704K, committed 7936K, reserved 1060864K
  class space    used 867K, capacity 956K, committed 1024K, reserved 1048576K

Card table byte_map: [0x0000000004130000,0x0000000004160000] byte_map_base: 0x0000000003950000

Marking Bits: (ParMarkBitMap*) 0x0000000066963950
 Begin Bits: [0x0000000013b90000, 0x0000000013c90000)
 End Bits:   [0x0000000013c90000, 0x0000000013d90000)

Polling page: 0x0000000002540000

CodeCache: size=245760Kb used=3552Kb max_used=3558Kb free=242207Kb
 bounds [0x00000000043d0000, 0x0000000004750000, 0x00000000133d0000]
 total_blobs=1254 nmethods=923 adapters=245
 compilation: enabled

Compilation events (10 events):
Event: 4.409 Thread 0x0000000014733000 nmethod 912 0x0000000004747890 code [0x0000000004747a00, 0x0000000004748218]
Event: 4.409 Thread 0x0000000014733000  913       4       org.objectweb.asm.Item::a (354 bytes)
Event: 4.409 Thread 0x0000000016090800  922       3       org.objectweb.asm.FieldWriter::a (262 bytes)
Event: 4.411 Thread 0x0000000016090800 nmethod 922 0x0000000004745590 code [0x0000000004745820, 0x0000000004746728]
Event: 4.411 Thread 0x0000000016090800  923       3       org.objectweb.asm.FieldWriter::a (475 bytes)
Event: 4.413 Thread 0x0000000016090800 nmethod 923 0x00000000047488d0 code [0x0000000004748c80, 0x000000000474a0b8]
Event: 4.416 Thread 0x0000000016090800  924       3       org.objectweb.asm.AnnotationWriter::<init> (34 bytes)
Event: 4.416 Thread 0x0000000016090800 nmethod 924 0x0000000004745090 code [0x0000000004745200, 0x0000000004745488]
Event: 4.420 Thread 0x0000000014733000 nmethod 913 0x000000000474bc50 code [0x000000000474bf00, 0x000000000474c918]
Event: 4.421 Thread 0x0000000016090800  926       3       org.objectweb.asm.ClassReader::accept (1176 bytes)

GC Heap History (8 events):
Event: 0.270 GC heap before
{Heap before GC invocations=1 (full 0):
 PSYoungGen      total 18944K, used 983K [0x00000000feb00000, 0x0000000100000000, 0x0000000100000000)
  eden space 16384K, 6% used [0x00000000feb00000,0x00000000febf5c68,0x00000000ffb00000)
  from space 2560K, 0% used [0x00000000ffd80000,0x00000000ffd80000,0x0000000100000000)
  to   space 2560K, 0% used [0x00000000ffb00000,0x00000000ffb00000,0x00000000ffd80000)
 ParOldGen       total 44032K, used 0K [0x00000000fc000000, 0x00000000feb00000, 0x00000000feb00000)
  object space 44032K, 0% used [0x00000000fc000000,0x00000000fc000000,0x00000000feb00000)
 Metaspace       used 2882K, capacity 4548K, committed 4736K, reserved 1058816K
  class space    used 301K, capacity 384K, committed 384K, reserved 1048576K
Event: 0.271 GC heap after
Heap after GC invocations=1 (full 0):
 PSYoungGen      total 18944K, used 475K [0x00000000feb00000, 0x0000000100000000, 0x0000000100000000)
  eden space 16384K, 0% used [0x00000000feb00000,0x00000000feb00000,0x00000000ffb00000)
  from space 2560K, 18% used [0x00000000ffb00000,0x00000000ffb76cf0,0x00000000ffd80000)
  to   space 2560K, 0% used [0x00000000ffd80000,0x00000000ffd80000,0x0000000100000000)
 ParOldGen       total 44032K, used 8K [0x00000000fc000000, 0x00000000feb00000, 0x00000000feb00000)
  object space 44032K, 0% used [0x00000000fc000000,0x00000000fc002000,0x00000000feb00000)
 Metaspace       used 2882K, capacity 4548K, committed 4736K, reserved 1058816K
  class space    used 301K, capacity 384K, committed 384K, reserved 1048576K
}
Event: 0.271 GC heap before
{Heap before GC invocations=2 (full 1):
 PSYoungGen      total 18944K, used 475K [0x00000000feb00000, 0x0000000100000000, 0x0000000100000000)
  eden space 16384K, 0% used [0x00000000feb00000,0x00000000feb00000,0x00000000ffb00000)
  from space 2560K, 18% used [0x00000000ffb00000,0x00000000ffb76cf0,0x00000000ffd80000)
  to   space 2560K, 0% used [0x00000000ffd80000,0x00000000ffd80000,0x0000000100000000)
 ParOldGen       total 44032K, used 8K [0x00000000fc000000, 0x00000000feb00000, 0x00000000feb00000)
  object space 44032K, 0% used [0x00000000fc000000,0x00000000fc002000,0x00000000feb00000)
 Metaspace       used 2882K, capacity 4548K, committed 4736K, reserved 1058816K
  class space    used 301K, capacity 384K, committed 384K, reserved 1048576K
Event: 0.289 GC heap after
Heap after GC invocations=2 (full 1):
 PSYoungGen      total 18944K, used 0K [0x00000000feb00000, 0x0000000100000000, 0x0000000100000000)
  eden space 16384K, 0% used [0x00000000feb00000,0x00000000feb00000,0x00000000ffb00000)
  from space 2560K, 0% used [0x00000000ffb00000,0x00000000ffb00000,0x00000000ffd80000)
  to   space 2560K, 0% used [0x00000000ffd80000,0x00000000ffd80000,0x0000000100000000)
 ParOldGen       total 32768K, used 383K [0x00000000fc000000, 0x00000000fe000000, 0x00000000feb00000)
  object space 32768K, 1% used [0x00000000fc000000,0x00000000fc05ffa0,0x00000000fe000000)
 Metaspace       used 2882K, capacity 4548K, committed 4736K, reserved 1058816K
  class space    used 301K, capacity 384K, committed 384K, reserved 1048576K
}
Event: 1.927 GC heap before
{Heap before GC invocations=3 (full 1):
 PSYoungGen      total 18944K, used 16384K [0x00000000feb00000, 0x0000000100000000, 0x0000000100000000)
  eden space 16384K, 100% used [0x00000000feb00000,0x00000000ffb00000,0x00000000ffb00000)
  from space 2560K, 0% used [0x00000000ffb00000,0x00000000ffb00000,0x00000000ffd80000)
  to   space 2560K, 0% used [0x00000000ffd80000,0x00000000ffd80000,0x0000000100000000)
 ParOldGen       total 32768K, used 383K [0x00000000fc000000, 0x00000000fe000000, 0x00000000feb00000)
  object space 32768K, 1% used [0x00000000fc000000,0x00000000fc05ffa0,0x00000000fe000000)
 Metaspace       used 6525K, capacity 6730K, committed 7040K, reserved 1058816K
  class space    used 769K, capacity 823K, committed 896K, reserved 1048576K
Event: 1.957 GC heap after
Heap after GC invocations=3 (full 1):
 PSYoungGen      total 18944K, used 2528K [0x00000000feb00000, 0x0000000100000000, 0x0000000100000000)
  eden space 16384K, 0% used [0x00000000feb00000,0x00000000feb00000,0x00000000ffb00000)
  from space 2560K, 98% used [0x00000000ffd80000,0x00000000ffff8010,0x0000000100000000)
  to   space 2560K, 0% used [0x00000000ffb00000,0x00000000ffb00000,0x00000000ffd80000)
 ParOldGen       total 32768K, used 1791K [0x00000000fc000000, 0x00000000fe000000, 0x00000000feb00000)
  object space 32768K, 5% used [0x00000000fc000000,0x00000000fc1bfdd0,0x00000000fe000000)
 Metaspace       used 6525K, capacity 6730K, committed 7040K, reserved 1058816K
  class space    used 769K, capacity 823K, committed 896K, reserved 1048576K
}
Event: 4.423 GC heap before
{Heap before GC invocations=4 (full 1):
 PSYoungGen      total 18944K, used 18912K [0x00000000feb00000, 0x0000000100000000, 0x0000000100000000)
  eden space 16384K, 100% used [0x00000000feb00000,0x00000000ffb00000,0x00000000ffb00000)
  from space 2560K, 98% used [0x00000000ffd80000,0x00000000ffff8010,0x0000000100000000)
  to   space 2560K, 0% used [0x00000000ffb00000,0x00000000ffb00000,0x00000000ffd80000)
 ParOldGen       total 32768K, used 1791K [0x00000000fc000000, 0x00000000fe000000, 0x00000000feb00000)
  object space 32768K, 5% used [0x00000000fc000000,0x00000000fc1bfdd0,0x00000000fe000000)
 Metaspace       used 7527K, capacity 7704K, committed 7936K, reserved 1060864K
  class space    used 867K, capacity 956K, committed 1024K, reserved 1048576K
Event: 4.622 GC heap after
Heap after GC invocations=4 (full 1):
 PSYoungGen      total 18944K, used 2537K [0x00000000feb00000, 0x0000000100000000, 0x0000000100000000)
  eden space 16384K, 0% used [0x00000000feb00000,0x00000000feb00000,0x00000000ffb00000)
  from space 2560K, 99% used [0x00000000ffb00000,0x00000000ffd7a7f0,0x00000000ffd80000)
  to   space 2560K, 0% used [0x00000000ffd80000,0x00000000ffd80000,0x0000000100000000)
 ParOldGen       total 32768K, used 4664K [0x00000000fc000000, 0x00000000fe000000, 0x00000000feb00000)
  object space 32768K, 14% used [0x00000000fc000000,0x00000000fc48e0a0,0x00000000fe000000)
 Metaspace       used 7527K, capacity 7704K, committed 7936K, reserved 1060864K
  class space    used 867K, capacity 956K, committed 1024K, reserved 1048576K
}

Deoptimization events (10 events):
Event: 1.828 Thread 0x00000000042d6800 Uncommon trap: reason=unstable_if action=reinterpret pc=0x00000000045fe1dc method=java.util.zip.ZipFile$ZipEntryIterator.hasNext()Z @ 25
Event: 1.828 Thread 0x00000000042d6800 Uncommon trap: reason=unstable_if action=reinterpret pc=0x000000000460b4e8 method=java.util.zip.ZipCoder.decoder()Ljava/nio/charset/CharsetDecoder; @ 4
Event: 2.003 Thread 0x00000000042d6800 Uncommon trap: reason=unstable_if action=reinterpret pc=0x0000000004606838 method=java.util.zip.ZipCoder.decoder()Ljava/nio/charset/CharsetDecoder; @ 4
Event: 2.040 Thread 0x00000000042d6800 Uncommon trap: reason=unstable_if action=reinterpret pc=0x0000000004616a48 method=java.util.HashMap$HashIterator.nextNode()Ljava/util/HashMap$Node; @ 74
Event: 2.265 Thread 0x00000000042d6800 Uncommon trap: reason=unstable_if action=reinterpret pc=0x0000000004603048 method=java.util.HashMap$HashIterator.nextNode()Ljava/util/HashMap$Node; @ 74
Event: 2.663 Thread 0x00000000042d6800 Uncommon trap: reason=unloaded action=reinterpret pc=0x00000000046102bc method=java.util.zip.ZipEntry.setExtra0([BZ)V @ 37
Event: 3.644 Thread 0x00000000042d6800 Uncommon trap: reason=unstable_if action=reinterpret pc=0x00000000045ae938 method=java.lang.String.indexOf([CII[CIII)I @ 134
Event: 4.088 Thread 0x00000000042d6800 Uncommon trap: reason=unstable_if action=reinterpret pc=0x00000000046f8680 method=org.objectweb.asm.Item.a(Lorg/objectweb/asm/Item;)Z @ 345
Event: 4.116 Thread 0x00000000042d6800 Uncommon trap: reason=unstable_if action=reinterpret pc=0x00000000046c5a94 method=java.lang.String.<init>([CII)V @ 18
Event: 4.121 Thread 0x00000000042d6800 Uncommon trap: reason=unstable_if action=reinterpret pc=0x0000000004716db4 method=org.objectweb.asm.Type.getArgumentsAndReturnSizes(Ljava/lang/String;)I @ 136

Classes redefined (0 events):
No events

Internal exceptions (10 events):
Event: 2.203 Thread 0x00000000042d6800 Exception <a 'sun/nio/fs/WindowsException'> (0x00000000ff105040) thrown at [D:\src\AOSP-openjdk-cygwin\jdk8u\hotspot\src\share\vm\prims\jni.cpp, line 709]
Event: 2.207 Thread 0x00000000042d6800 Exception <a 'sun/nio/fs/WindowsException'> (0x00000000ff105658) thrown at [D:\src\AOSP-openjdk-cygwin\jdk8u\hotspot\src\share\vm\prims\jni.cpp, line 709]
Event: 2.207 Thread 0x00000000042d6800 Exception <a 'sun/nio/fs/WindowsException'> (0x00000000ff105e38) thrown at [D:\src\AOSP-openjdk-cygwin\jdk8u\hotspot\src\share\vm\prims\jni.cpp, line 709]
Event: 2.208 Thread 0x00000000042d6800 Exception <a 'sun/nio/fs/WindowsException'> (0x00000000ff106428) thrown at [D:\src\AOSP-openjdk-cygwin\jdk8u\hotspot\src\share\vm\prims\jni.cpp, line 709]
Event: 2.208 Thread 0x00000000042d6800 Exception <a 'sun/nio/fs/WindowsException'> (0x00000000ff106bf8) thrown at [D:\src\AOSP-openjdk-cygwin\jdk8u\hotspot\src\share\vm\prims\jni.cpp, line 709]
Event: 2.269 Thread 0x00000000042d6800 Exception <a 'sun/nio/fs/WindowsException'> (0x00000000ff10c108) thrown at [D:\src\AOSP-openjdk-cygwin\jdk8u\hotspot\src\share\vm\prims\jni.cpp, line 709]
Event: 2.723 Thread 0x00000000042d6800 Exception <a 'sun/nio/fs/WindowsException'> (0x00000000ff42bc90) thrown at [D:\src\AOSP-openjdk-cygwin\jdk8u\hotspot\src\share\vm\prims\jni.cpp, line 709]
Event: 2.724 Thread 0x00000000042d6800 Exception <a 'sun/nio/fs/WindowsException'> (0x00000000ff42c290) thrown at [D:\src\AOSP-openjdk-cygwin\jdk8u\hotspot\src\share\vm\prims\jni.cpp, line 709]
Event: 2.788 Thread 0x00000000042d6800 Exception <a 'sun/nio/fs/WindowsException'> (0x00000000ff437cd8) thrown at [D:\src\AOSP-openjdk-cygwin\jdk8u\hotspot\src\share\vm\prims\jni.cpp, line 709]
Event: 2.789 Thread 0x00000000042d6800 Exception <a 'sun/nio/fs/WindowsException'> (0x00000000ff438258) thrown at [D:\src\AOSP-openjdk-cygwin\jdk8u\hotspot\src\share\vm\prims\jni.cpp, line 709]

Events (10 events):
Event: 4.116 Thread 0x00000000042d6800 Uncommon trap: trap_request=0xffffff65 fr.pc=0x00000000046c5a94
Event: 4.116 Thread 0x00000000042d6800 DEOPT PACKING pc=0x00000000046c5a94 sp=0x000000000428ebb0
Event: 4.116 Thread 0x00000000042d6800 DEOPT UNPACKING pc=0x000000000441556a sp=0x000000000428ea78 mode 2
Event: 4.121 Thread 0x00000000042d6800 Uncommon trap: trap_request=0xffffff65 fr.pc=0x0000000004716db4
Event: 4.121 Thread 0x00000000042d6800 DEOPT PACKING pc=0x0000000004716db4 sp=0x000000000428ecc0
Event: 4.121 Thread 0x00000000042d6800 DEOPT UNPACKING pc=0x000000000441556a sp=0x000000000428ec50 mode 2
Event: 4.232 Executing VM operation: EnableBiasedLocking
Event: 4.384 Executing VM operation: EnableBiasedLocking done
Event: 4.423 Executing VM operation: ParallelGCFailedAllocation
Event: 4.622 Executing VM operation: ParallelGCFailedAllocation done


Dynamic libraries:
0x00007ff67e2c0000 - 0x00007ff67e2f1000 	C:\Program Files\Android\Android Studio1\jre\bin\java.exe
0x00007ffa8bac0000 - 0x00007ffa8bca0000 	C:\WINDOWS\SYSTEM32\ntdll.dll
0x00007ffa8b2c0000 - 0x00007ffa8b36e000 	C:\WINDOWS\System32\KERNEL32.DLL
0x00007ffa88210000 - 0x00007ffa88476000 	C:\WINDOWS\System32\KERNELBASE.dll
0x00007ffa89420000 - 0x00007ffa894c1000 	C:\WINDOWS\System32\ADVAPI32.dll
0x00007ffa89bf0000 - 0x00007ffa89c8d000 	C:\WINDOWS\System32\msvcrt.dll
0x00007ffa89c90000 - 0x00007ffa89ceb000 	C:\WINDOWS\System32\sechost.dll
0x00007ffa8b740000 - 0x00007ffa8b85f000 	C:\WINDOWS\System32\RPCRT4.dll
0x00007ffa8b510000 - 0x00007ffa8b69e000 	C:\WINDOWS\System32\USER32.dll
0x00007ffa885a0000 - 0x00007ffa885c0000 	C:\WINDOWS\System32\win32u.dll
0x00007ffa8ba00000 - 0x00007ffa8ba28000 	C:\WINDOWS\System32\GDI32.dll
0x00007ffa88020000 - 0x00007ffa881b4000 	C:\WINDOWS\System32\gdi32full.dll
0x00007ffa88500000 - 0x00007ffa8859b000 	C:\WINDOWS\System32\msvcp_win.dll
0x00007ffa87ec0000 - 0x00007ffa87fb6000 	C:\WINDOWS\System32\ucrtbase.dll
0x00007ffa788b0000 - 0x00007ffa78b19000 	C:\WINDOWS\WinSxS\amd64_microsoft.windows.common-controls_6595b64144ccf1df_6.0.16299.19_none_cc92fab02215da61\COMCTL32.dll
0x00007ffa89110000 - 0x00007ffa89418000 	C:\WINDOWS\System32\combase.dll
0x00007ffa88480000 - 0x00007ffa884f2000 	C:\WINDOWS\System32\bcryptPrimitives.dll
0x00007ffa89e40000 - 0x00007ffa89e6d000 	C:\WINDOWS\System32\IMM32.DLL
0x000000006b270000 - 0x000000006b342000 	C:\Program Files\Android\Android Studio1\jre\jre\bin\msvcr100.dll
0x00000000661a0000 - 0x00000000669de000 	C:\Program Files\Android\Android Studio1\jre\jre\bin\server\jvm.dll
0x00007ffa89100000 - 0x00007ffa89108000 	C:\WINDOWS\System32\PSAPI.DLL
0x00007ffa83640000 - 0x00007ffa83649000 	C:\WINDOWS\SYSTEM32\WSOCK32.dll
0x00007ffa894d0000 - 0x00007ffa8953c000 	C:\WINDOWS\System32\WS2_32.dll
0x00007ffa86270000 - 0x00007ffa86293000 	C:\WINDOWS\SYSTEM32\WINMM.dll
0x00007ffa78b50000 - 0x00007ffa78b5a000 	C:\WINDOWS\SYSTEM32\VERSION.dll
0x00007ffa86210000 - 0x00007ffa8623a000 	C:\WINDOWS\SYSTEM32\WINMMBASE.dll
0x00007ffa881c0000 - 0x00007ffa8820a000 	C:\WINDOWS\System32\cfgmgr32.dll
0x00007ffa6b210000 - 0x00007ffa6b21f000 	C:\Program Files\Android\Android Studio1\jre\jre\bin\verify.dll
0x00007ffa4fec0000 - 0x00007ffa4fee9000 	C:\Program Files\Android\Android Studio1\jre\jre\bin\java.dll
0x00007ffa54bd0000 - 0x00007ffa54be6000 	C:\Program Files\Android\Android Studio1\jre\jre\bin\zip.dll
0x00007ffa89e70000 - 0x00007ffa8b2a7000 	C:\WINDOWS\System32\SHELL32.dll
0x00007ffa89ac0000 - 0x00007ffa89b66000 	C:\WINDOWS\System32\shcore.dll
0x00007ffa88840000 - 0x00007ffa88f87000 	C:\WINDOWS\System32\windows.storage.dll
0x00007ffa8b3e0000 - 0x00007ffa8b431000 	C:\WINDOWS\System32\shlwapi.dll
0x00007ffa87e30000 - 0x00007ffa87e41000 	C:\WINDOWS\System32\kernel.appcore.dll
0x00007ffa87e70000 - 0x00007ffa87ebc000 	C:\WINDOWS\System32\powrprof.dll
0x00007ffa87e50000 - 0x00007ffa87e6b000 	C:\WINDOWS\System32\profapi.dll
0x00007ffa87860000 - 0x00007ffa87877000 	C:\WINDOWS\SYSTEM32\CRYPTSP.dll
0x00007ffa87250000 - 0x00007ffa87283000 	C:\WINDOWS\system32\rsaenh.dll
0x00007ffa87970000 - 0x00007ffa87995000 	C:\WINDOWS\SYSTEM32\bcrypt.dll
0x00007ffa87d10000 - 0x00007ffa87d39000 	C:\WINDOWS\SYSTEM32\USERENV.dll
0x00007ffa87880000 - 0x00007ffa8788b000 	C:\WINDOWS\SYSTEM32\CRYPTBASE.dll
0x00007ffa53920000 - 0x00007ffa5393a000 	C:\Program Files\Android\Android Studio1\jre\jre\bin\net.dll
0x00007ffa876a0000 - 0x00007ffa87706000 	C:\WINDOWS\system32\mswsock.dll
0x00007ffa87430000 - 0x00007ffa87469000 	C:\WINDOWS\SYSTEM32\IPHLPAPI.DLL
0x00007ffa8b3d0000 - 0x00007ffa8b3d8000 	C:\WINDOWS\System32\NSI.dll
0x00007ffa7e010000 - 0x00007ffa7e026000 	C:\WINDOWS\SYSTEM32\dhcpcsvc6.DLL
0x00007ffa7dff0000 - 0x00007ffa7e00a000 	C:\WINDOWS\SYSTEM32\dhcpcsvc.DLL
0x00007ffa4fea0000 - 0x00007ffa4feb1000 	C:\Program Files\Android\Android Studio1\jre\jre\bin\nio.dll

VM Arguments:
jvm_args: -Djava.awt.headless=true -Xmx64M -Dfile.encoding=windows-1252 -Duser.country=BR -Duser.language=pt -Duser.variant 
java_command: com.google.devtools.build.android.desugar.Desugar --input C:\Users\JCarvalhoJr\eclipse-workspace_2018\Web_Services_Android\Web_Service_Android_Client\app\build\intermediates\transforms\stackFramesFixer\debug\19.jar --output C:\Users\JCarvalhoJr\eclipse-workspace_2018\Web_Services_Android\Web_Service_Android_Client\app\build\intermediates\transforms\desugar\debug\20.jar --input C:\Users\JCarvalhoJr\eclipse-workspace_2018\Web_Services_Android\Web_Service_Android_Client\app\build\intermediates\transforms\stackFramesFixer\debug\10.jar --output C:\Users\JCarvalhoJr\eclipse-workspace_2018\Web_Services_Android\Web_Service_Android_Client\app\build\intermediates\transforms\desugar\debug\11.jar --input C:\Users\JCarvalhoJr\eclipse-workspace_2018\Web_Services_Android\Web_Service_Android_Client\app\build\intermediates\transforms\stackFramesFixer\debug\21.jar --output C:\Users\JCarvalhoJr\eclipse-workspace_2018\Web_Services_Android\Web_Service_Android_Client\app\build\intermediates\transforms\desugar\debug\22.jar --input C:\Users\JCarvalhoJr\eclipse-workspace_2018\Web_Services_Android\Web_Service_Android_Client\app\build\intermediates\transforms\stackFramesFixer\debug\5.jar --output C:\Users\JCarvalhoJr\eclipse-workspace_2018\Web_Services_Android\Web_Service_Android_Client\app\build\intermediates\transforms\desugar\debug\6.jar --input C:\Users\JCarvalhoJr\eclipse-workspace_2018\Web_Services_Android\Web_Service_Android_Client\app\build\intermediates\transforms\stackFramesFixer\debug\0.jar --output C:\Users\JCarvalhoJr\eclipse-workspace_2018\Web_Services_Android\Web_Service_Android_Client\app\build\intermediates\transforms\desugar\debug\1.jar --input C:\Users\JCarvalhoJr\eclipse-workspace_2018\Web_Services_Android\Web_Service_Android_Client\app\build\intermediates\transforms\stackFramesFixer\debug\6.jar --output C:\Users\JCarvalhoJr\eclipse-workspace_2018\Web_Services_Android\Web_Service_Android_Client\app\build\intermediates\transforms\desugar\debug\7.jar --input 
java_class_path (initial): C:\Users\JCarvalhoJr\AppData\Local\Temp\desugar_deploy.jar3951035612156620796
Launcher Type: SUN_STANDARD

Environment Variables:
JAVA_HOME=C:\Program Files\Java\jdk1.8.0_162
CLASSPATH=.;C:\Program Files (x86)\Griaule\Fingerprint SDK 2009\bin\GrFingerJava.jar
USERNAME=JCarvalhoJr
OS=Windows_NT
PROCESSOR_IDENTIFIER=Intel64 Family 6 Model 42 Stepping 7, GenuineIntel



---------------  S Y S T E M  ---------------

OS: Windows 10.0 , 64 bit Build 16299 (10.0.16299.15)

CPU:total 4 (initial active 4) (2 cores per cpu, 2 threads per core) family 6 model 42 stepping 7, cmov, cx8, fxsr, mmx, sse, sse2, sse3, ssse3, sse4.1, sse4.2, popcnt, avx, aes, clmul, ht, tsc, tscinvbit

Memory: 4k page, physical 12496748k(5621252k free), swap 13545324k(804k free)

vm_info: OpenJDK 64-Bit Server VM (25.152-b01) for windows-amd64 JRE (1.8.0_152-release-915-b01), built by "builder" with MS VC++ 10.0 (VS2010)

time: Thu Mar 22 15:46:08 2018
elapsed time: 4 seconds (0d 0h 0m 4s)

