#
# There is insufficient memory for the Java Runtime Environment to continue.
# Native memory allocation (malloc) failed to allocate 866256 bytes for Chunk::new
# Possible reasons:
#   The system is out of physical RAM or swap space
#   In 32 bit mode, the process size limit was hit
# Possible solutions:
#   Reduce memory load on the system
#   Increase physical memory or swap space
#   Check if swap backing store is full
#   Use 64 bit Java on a 64 bit OS
#   Decrease Java heap size (-Xmx/-Xms)
#   Decrease number of Java threads
#   Decrease Java thread stack sizes (-Xss)
#   Set larger code cache with -XX:ReservedCodeCacheSize=
# This output file may be truncated or incomplete.
#
#  Out of Memory Error (allocation.cpp:390), pid=19784, tid=0x000000000000327c
#
# JRE version: OpenJDK Runtime Environment (8.0_152-b01) (build 1.8.0_152-release-915-b01)
# Java VM: OpenJDK 64-Bit Server VM (25.152-b01 mixed mode windows-amd64 compressed oops)
# Failed to write core dump. Minidumps are not enabled by default on client versions of Windows
#

---------------  T H R E A D  ---------------

Current thread (0x0000000015154000):  JavaThread "C2 CompilerThread0" daemon [_thread_in_native, id=12924, stack(0x00000000168b0000,0x00000000169b0000)]

Stack: [0x00000000168b0000,0x00000000169b0000]
[error occurred during error reporting (printing stack bounds), id 0xc0000005]

Native frames: (J=compiled Java code, j=interpreted, Vv=VM code, C=native code)


Current CompileTask:
C2:   3666  908 %     4       org.objectweb.asm.ClassReader::a @ 74 (3587 bytes)


---------------  P R O C E S S  ---------------

Java Threads: ( => current thread )
  0x0000000016abc000 JavaThread "Service Thread" daemon [_thread_blocked, id=24628, stack(0x0000000016fb0000,0x00000000170b0000)]
  0x00000000151aa000 JavaThread "C1 CompilerThread2" daemon [_thread_blocked, id=18520, stack(0x0000000016eb0000,0x0000000016fb0000)]
  0x00000000151a4000 JavaThread "C2 CompilerThread1" daemon [_thread_blocked, id=9812, stack(0x00000000169b0000,0x0000000016ab0000)]
=>0x0000000015154000 JavaThread "C2 CompilerThread0" daemon [_thread_in_native, id=12924, stack(0x00000000168b0000,0x00000000169b0000)]
  0x0000000015151800 JavaThread "Attach Listener" daemon [_thread_blocked, id=25024, stack(0x00000000167b0000,0x00000000168b0000)]
  0x0000000015150800 JavaThread "Signal Dispatcher" daemon [_thread_blocked, id=9536, stack(0x00000000166b0000,0x00000000167b0000)]
  0x0000000004dec000 JavaThread "Finalizer" daemon [_thread_blocked, id=25228, stack(0x00000000163b0000,0x00000000164b0000)]
  0x0000000004de7000 JavaThread "Reference Handler" daemon [_thread_blocked, id=6712, stack(0x00000000162b0000,0x00000000163b0000)]
  0x0000000004cf7000 JavaThread "main" [_thread_in_vm, id=25324, stack(0x0000000004b50000,0x0000000004c50000)]

Other Threads:
  0x0000000015116000 VMThread [stack: 0x00000000161b0000,0x00000000162b0000] [id=24940]
  0x0000000016abd000 WatcherThread [stack: 0x00000000170b0000,0x00000000171b0000] [id=25180]

VM state:not at safepoint (normal execution)

VM Mutex/Monitor currently owned by a thread: None

Heap:
 PSYoungGen      total 18944K, used 3207K [0x00000000feb00000, 0x0000000100000000, 0x0000000100000000)
  eden space 16384K, 3% used [0x00000000feb00000,0x00000000feba2ed0,0x00000000ffb00000)
  from space 2560K, 99% used [0x00000000ffd80000,0x00000000fffff0b0,0x0000000100000000)
  to   space 2560K, 0% used [0x00000000ffb00000,0x00000000ffb00000,0x00000000ffd80000)
 ParOldGen       total 44032K, used 4957K [0x00000000fc000000, 0x00000000feb00000, 0x00000000feb00000)
  object space 44032K, 11% used [0x00000000fc000000,0x00000000fc4d7690,0x00000000feb00000)
 Metaspace       used 7719K, capacity 7880K, committed 7936K, reserved 1056768K
  class space    used 897K, capacity 988K, committed 1024K, reserved 1048576K

Card table byte_map: [0x0000000004a60000,0x0000000004a90000] byte_map_base: 0x0000000004280000

Marking Bits: (ParMarkBitMap*) 0x000000006e4b3950
 Begin Bits: [0x00000000145b0000, 0x00000000146b0000)
 End Bits:   [0x00000000146b0000, 0x00000000147b0000)

Polling page: 0x0000000002e80000

CodeCache: size=245760Kb used=3631Kb max_used=3631Kb free=242128Kb
 bounds [0x0000000004df0000, 0x0000000005180000, 0x0000000013df0000]
 total_blobs=1284 nmethods=953 adapters=245
 compilation: enabled

Compilation events (10 events):
Event: 3.605 Thread 0x00000000151a4000 nmethod 947 0x000000000516d890 code [0x000000000516da00, 0x000000000516dd78]
Event: 3.608 Thread 0x00000000151aa000 nmethod 950 0x0000000005172bd0 code [0x0000000005173300, 0x00000000051799a8]
Event: 3.608 Thread 0x00000000151aa000  953       3       org.objectweb.asm.ClassVisitor::visitSource (17 bytes)
Event: 3.609 Thread 0x00000000151aa000 nmethod 953 0x000000000516fe50 code [0x000000000516ffc0, 0x0000000005170228]
Event: 3.609 Thread 0x00000000151aa000  951       3       com.google.common.base.Preconditions::checkArgument (13 bytes)
Event: 3.609 Thread 0x00000000151aa000 nmethod 951 0x000000000516e690 code [0x000000000516e800, 0x000000000516ea28]
Event: 3.609 Thread 0x00000000151aa000  954       3       org.objectweb.asm.MethodWriter::visitTypeInsn (118 bytes)
Event: 3.610 Thread 0x00000000151aa000 nmethod 954 0x0000000005172350 code [0x0000000005172500, 0x0000000005172988]
Event: 3.610 Thread 0x00000000151aa000  952       3       java.util.LinkedHashMap$LinkedHashIterator::hasNext (13 bytes)
Event: 3.611 Thread 0x00000000151aa000 nmethod 952 0x000000000516e310 code [0x000000000516e460, 0x000000000516e610]

GC Heap History (4 events):
Event: 2.507 GC heap before
{Heap before GC invocations=1 (full 0):
 PSYoungGen      total 18944K, used 16384K [0x00000000feb00000, 0x0000000100000000, 0x0000000100000000)
  eden space 16384K, 100% used [0x00000000feb00000,0x00000000ffb00000,0x00000000ffb00000)
  from space 2560K, 0% used [0x00000000ffd80000,0x00000000ffd80000,0x0000000100000000)
  to   space 2560K, 0% used [0x00000000ffb00000,0x00000000ffb00000,0x00000000ffd80000)
 ParOldGen       total 44032K, used 0K [0x00000000fc000000, 0x00000000feb00000, 0x00000000feb00000)
  object space 44032K, 0% used [0x00000000fc000000,0x00000000fc000000,0x00000000feb00000)
 Metaspace       used 6519K, capacity 6618K, committed 6784K, reserved 1056768K
  class space    used 769K, capacity 823K, committed 896K, reserved 1048576K
Event: 2.513 GC heap after
Heap after GC invocations=1 (full 0):
 PSYoungGen      total 18944K, used 2528K [0x00000000feb00000, 0x0000000100000000, 0x0000000100000000)
  eden space 16384K, 0% used [0x00000000feb00000,0x00000000feb00000,0x00000000ffb00000)
  from space 2560K, 98% used [0x00000000ffb00000,0x00000000ffd78030,0x00000000ffd80000)
  to   space 2560K, 0% used [0x00000000ffd80000,0x00000000ffd80000,0x0000000100000000)
 ParOldGen       total 44032K, used 1433K [0x00000000fc000000, 0x00000000feb00000, 0x00000000feb00000)
  object space 44032K, 3% used [0x00000000fc000000,0x00000000fc166788,0x00000000feb00000)
 Metaspace       used 6519K, capacity 6618K, committed 6784K, reserved 1056768K
  class space    used 769K, capacity 823K, committed 896K, reserved 1048576K
}
Event: 3.570 GC heap before
{Heap before GC invocations=2 (full 0):
 PSYoungGen      total 18944K, used 18912K [0x00000000feb00000, 0x0000000100000000, 0x0000000100000000)
  eden space 16384K, 100% used [0x00000000feb00000,0x00000000ffb00000,0x00000000ffb00000)
  from space 2560K, 98% used [0x00000000ffb00000,0x00000000ffd78030,0x00000000ffd80000)
  to   space 2560K, 0% used [0x00000000ffd80000,0x00000000ffd80000,0x0000000100000000)
 ParOldGen       total 44032K, used 1433K [0x00000000fc000000, 0x00000000feb00000, 0x00000000feb00000)
  object space 44032K, 3% used [0x00000000fc000000,0x00000000fc166788,0x00000000feb00000)
 Metaspace       used 7704K, capacity 7880K, committed 7936K, reserved 1056768K
  class space    used 897K, capacity 988K, committed 1024K, reserved 1048576K
Event: 3.582 GC heap after
Heap after GC invocations=2 (full 0):
 PSYoungGen      total 18944K, used 2556K [0x00000000feb00000, 0x0000000100000000, 0x0000000100000000)
  eden space 16384K, 0% used [0x00000000feb00000,0x00000000feb00000,0x00000000ffb00000)
  from space 2560K, 99% used [0x00000000ffd80000,0x00000000fffff0b0,0x0000000100000000)
  to   space 2560K, 0% used [0x00000000ffb00000,0x00000000ffb00000,0x00000000ffd80000)
 ParOldGen       total 44032K, used 4957K [0x00000000fc000000, 0x00000000feb00000, 0x00000000feb00000)
  object space 44032K, 11% used [0x00000000fc000000,0x00000000fc4d7690,0x00000000feb00000)
 Metaspace       used 7704K, capacity 7880K, committed 7936K, reserved 1056768K
  class space    used 897K, capacity 988K, committed 1024K, reserved 1048576K
}

Deoptimization events (10 events):
Event: 3.087 Thread 0x0000000004cf7000 Uncommon trap: reason=class_check action=maybe_recompile pc=0x000000000503c9e4 method=com.google.common.collect.TransformedIterator.next()Ljava/lang/Object; @ 5
Event: 3.087 Thread 0x0000000004cf7000 Uncommon trap: reason=class_check action=maybe_recompile pc=0x0000000005022310 method=com.google.common.collect.Iterators$7.transform(Ljava/lang/Object;)Ljava/lang/Object; @ 5
Event: 3.087 Thread 0x0000000004cf7000 Uncommon trap: reason=class_check action=maybe_recompile pc=0x000000000502d02c method=com.google.common.collect.TransformedIterator.hasNext()Z @ 4
Event: 3.087 Thread 0x0000000004cf7000 Uncommon trap: reason=class_check action=maybe_recompile pc=0x000000000503c9e4 method=com.google.common.collect.TransformedIterator.next()Ljava/lang/Object; @ 5
Event: 3.087 Thread 0x0000000004cf7000 Uncommon trap: reason=class_check action=maybe_recompile pc=0x0000000005022310 method=com.google.common.collect.Iterators$7.transform(Ljava/lang/Object;)Ljava/lang/Object; @ 5
Event: 3.087 Thread 0x0000000004cf7000 Uncommon trap: reason=class_check action=maybe_recompile pc=0x000000000503c9e4 method=com.google.common.collect.TransformedIterator.next()Ljava/lang/Object; @ 5
Event: 3.087 Thread 0x0000000004cf7000 Uncommon trap: reason=class_check action=maybe_recompile pc=0x0000000005022310 method=com.google.common.collect.Iterators$7.transform(Ljava/lang/Object;)Ljava/lang/Object; @ 5
Event: 3.195 Thread 0x0000000004cf7000 Uncommon trap: reason=unstable_if action=reinterpret pc=0x0000000004fe4378 method=java.lang.String.indexOf([CII[CIII)I @ 134
Event: 3.227 Thread 0x0000000004cf7000 Uncommon trap: reason=unstable_if action=reinterpret pc=0x0000000004faf7ec method=java.lang.String.<init>([CII)V @ 18
Event: 3.443 Thread 0x0000000004cf7000 Uncommon trap: reason=unstable_if action=reinterpret pc=0x00000000051276c8 method=org.objectweb.asm.Item.a(Lorg/objectweb/asm/Item;)Z @ 345

Classes redefined (0 events):
No events

Internal exceptions (10 events):
Event: 2.742 Thread 0x0000000004cf7000 Exception <a 'sun/nio/fs/WindowsException'> (0x00000000ff1d20e8) thrown at [D:\src\AOSP-openjdk-cygwin\jdk8u\hotspot\src\share\vm\prims\jni.cpp, line 709]
Event: 2.743 Thread 0x0000000004cf7000 Exception <a 'sun/nio/fs/WindowsException'> (0x00000000ff1d26c8) thrown at [D:\src\AOSP-openjdk-cygwin\jdk8u\hotspot\src\share\vm\prims\jni.cpp, line 709]
Event: 2.743 Thread 0x0000000004cf7000 Exception <a 'sun/nio/fs/WindowsException'> (0x00000000ff1d2e98) thrown at [D:\src\AOSP-openjdk-cygwin\jdk8u\hotspot\src\share\vm\prims\jni.cpp, line 709]
Event: 2.752 Thread 0x0000000004cf7000 Exception <a 'sun/nio/fs/WindowsException'> (0x00000000ff1d8390) thrown at [D:\src\AOSP-openjdk-cygwin\jdk8u\hotspot\src\share\vm\prims\jni.cpp, line 709]
Event: 3.003 Thread 0x0000000004cf7000 Exception <a 'sun/nio/fs/WindowsException'> (0x00000000ff4ca5c8) thrown at [D:\src\AOSP-openjdk-cygwin\jdk8u\hotspot\src\share\vm\prims\jni.cpp, line 709]
Event: 3.004 Thread 0x0000000004cf7000 Exception <a 'sun/nio/fs/WindowsException'> (0x00000000ff4cabc8) thrown at [D:\src\AOSP-openjdk-cygwin\jdk8u\hotspot\src\share\vm\prims\jni.cpp, line 709]
Event: 3.552 Thread 0x0000000004cf7000 Exception <a 'sun/nio/fs/WindowsException'> (0x00000000ffa1f3a8) thrown at [D:\src\AOSP-openjdk-cygwin\jdk8u\hotspot\src\share\vm\prims\jni.cpp, line 709]
Event: 3.553 Thread 0x0000000004cf7000 Exception <a 'sun/nio/fs/WindowsException'> (0x00000000ffa1f928) thrown at [D:\src\AOSP-openjdk-cygwin\jdk8u\hotspot\src\share\vm\prims\jni.cpp, line 709]
Event: 3.603 Thread 0x0000000004cf7000 Exception <a 'sun/nio/fs/WindowsException'> (0x00000000feb77bc8) thrown at [D:\src\AOSP-openjdk-cygwin\jdk8u\hotspot\src\share\vm\prims\jni.cpp, line 709]
Event: 3.603 Thread 0x0000000004cf7000 Exception <a 'sun/nio/fs/WindowsException'> (0x00000000feb78148) thrown at [D:\src\AOSP-openjdk-cygwin\jdk8u\hotspot\src\share\vm\prims\jni.cpp, line 709]

Events (10 events):
Event: 3.227 Thread 0x0000000004cf7000 Uncommon trap: trap_request=0xffffff65 fr.pc=0x0000000004faf7ec
Event: 3.227 Thread 0x0000000004cf7000 DEOPT PACKING pc=0x0000000004faf7ec sp=0x0000000004c4e830
Event: 3.227 Thread 0x0000000004cf7000 DEOPT UNPACKING pc=0x0000000004e3556a sp=0x0000000004c4e7f8 mode 2
Event: 3.443 Thread 0x0000000004cf7000 Uncommon trap: trap_request=0xffffff65 fr.pc=0x00000000051276c8
Event: 3.443 Thread 0x0000000004cf7000 DEOPT PACKING pc=0x00000000051276c8 sp=0x0000000004c4e390
Event: 3.443 Thread 0x0000000004cf7000 DEOPT UNPACKING pc=0x0000000004e3556a sp=0x0000000004c4e328 mode 2
Event: 3.549 loading class java/util/Vector$Itr
Event: 3.549 loading class java/util/Vector$Itr done
Event: 3.570 Executing VM operation: ParallelGCFailedAllocation
Event: 3.582 Executing VM operation: ParallelGCFailedAllocation done


Dynamic libraries:
0x00007ff65ea60000 - 0x00007ff65ea91000 	C:\Program Files\Android\Android Studio1\jre\bin\java.exe
0x00007ff9e3740000 - 0x00007ff9e3920000 	C:\WINDOWS\SYSTEM32\ntdll.dll
0x00007ff9e0e00000 - 0x00007ff9e0eae000 	C:\WINDOWS\System32\KERNEL32.DLL
0x00007ff9dfba0000 - 0x00007ff9dfe06000 	C:\WINDOWS\System32\KERNELBASE.dll
0x00007ff9e1540000 - 0x00007ff9e15e1000 	C:\WINDOWS\System32\ADVAPI32.dll
0x00007ff9e1ea0000 - 0x00007ff9e1f3d000 	C:\WINDOWS\System32\msvcrt.dll
0x00007ff9e0da0000 - 0x00007ff9e0dfb000 	C:\WINDOWS\System32\sechost.dll
0x00007ff9e35f0000 - 0x00007ff9e370f000 	C:\WINDOWS\System32\RPCRT4.dll
0x00007ff9e0c10000 - 0x00007ff9e0d9e000 	C:\WINDOWS\System32\USER32.dll
0x00007ff9e0190000 - 0x00007ff9e01b0000 	C:\WINDOWS\System32\win32u.dll
0x00007ff9e1de0000 - 0x00007ff9e1e08000 	C:\WINDOWS\System32\GDI32.dll
0x00007ff9e0a70000 - 0x00007ff9e0c04000 	C:\WINDOWS\System32\gdi32full.dll
0x00007ff9e09d0000 - 0x00007ff9e0a6b000 	C:\WINDOWS\System32\msvcp_win.dll
0x00007ff9e0090000 - 0x00007ff9e0186000 	C:\WINDOWS\System32\ucrtbase.dll
0x00007ff9d17c0000 - 0x00007ff9d1a29000 	C:\WINDOWS\WinSxS\amd64_microsoft.windows.common-controls_6595b64144ccf1df_6.0.16299.19_none_cc92fab02215da61\COMCTL32.dll
0x00007ff9e1000000 - 0x00007ff9e1308000 	C:\WINDOWS\System32\combase.dll
0x00007ff9e01b0000 - 0x00007ff9e0222000 	C:\WINDOWS\System32\bcryptPrimitives.dll
0x00007ff9e14b0000 - 0x00007ff9e14dd000 	C:\WINDOWS\System32\IMM32.DLL
0x000000006d2e0000 - 0x000000006d3b2000 	C:\Program Files\Android\Android Studio1\jre\jre\bin\msvcr100.dll
0x000000006dcf0000 - 0x000000006e52e000 	C:\Program Files\Android\Android Studio1\jre\jre\bin\server\jvm.dll
0x00007ff9e1e10000 - 0x00007ff9e1e18000 	C:\WINDOWS\System32\PSAPI.DLL
0x00007ff9dde90000 - 0x00007ff9dde99000 	C:\WINDOWS\SYSTEM32\WSOCK32.dll
0x00007ff9e13e0000 - 0x00007ff9e144c000 	C:\WINDOWS\System32\WS2_32.dll
0x00007ff9dda80000 - 0x00007ff9ddaa3000 	C:\WINDOWS\SYSTEM32\WINMM.dll
0x00007ff9ccec0000 - 0x00007ff9cceca000 	C:\WINDOWS\SYSTEM32\VERSION.dll
0x00007ff9dda20000 - 0x00007ff9dda4a000 	C:\WINDOWS\SYSTEM32\WINMMBASE.dll
0x00007ff9e0230000 - 0x00007ff9e027a000 	C:\WINDOWS\System32\cfgmgr32.dll
0x00007ff9ddff0000 - 0x00007ff9ddfff000 	C:\Program Files\Android\Android Studio1\jre\jre\bin\verify.dll
0x00007ff9ddcc0000 - 0x00007ff9ddce9000 	C:\Program Files\Android\Android Studio1\jre\jre\bin\java.dll
0x00007ff9dde60000 - 0x00007ff9dde76000 	C:\Program Files\Android\Android Studio1\jre\jre\bin\zip.dll
0x00007ff9e21b0000 - 0x00007ff9e35e7000 	C:\WINDOWS\System32\SHELL32.dll
0x00007ff9e1ab0000 - 0x00007ff9e1b56000 	C:\WINDOWS\System32\shcore.dll
0x00007ff9e0280000 - 0x00007ff9e09c7000 	C:\WINDOWS\System32\windows.storage.dll
0x00007ff9e14e0000 - 0x00007ff9e1531000 	C:\WINDOWS\System32\shlwapi.dll
0x00007ff9dfa90000 - 0x00007ff9dfaa1000 	C:\WINDOWS\System32\kernel.appcore.dll
0x00007ff9dfaf0000 - 0x00007ff9dfb3c000 	C:\WINDOWS\System32\powrprof.dll
0x00007ff9dfad0000 - 0x00007ff9dfaeb000 	C:\WINDOWS\System32\profapi.dll
0x00007ff9df480000 - 0x00007ff9df497000 	C:\WINDOWS\SYSTEM32\CRYPTSP.dll
0x00007ff9deed0000 - 0x00007ff9def03000 	C:\WINDOWS\system32\rsaenh.dll
0x00007ff9df5f0000 - 0x00007ff9df615000 	C:\WINDOWS\SYSTEM32\bcrypt.dll
0x00007ff9df990000 - 0x00007ff9df9b9000 	C:\WINDOWS\SYSTEM32\USERENV.dll
0x00007ff9df4a0000 - 0x00007ff9df4ab000 	C:\WINDOWS\SYSTEM32\CRYPTBASE.dll
0x00007ff9ddca0000 - 0x00007ff9ddcba000 	C:\Program Files\Android\Android Studio1\jre\jre\bin\net.dll
0x00007ff9df2c0000 - 0x00007ff9df326000 	C:\WINDOWS\system32\mswsock.dll
0x00007ff9df050000 - 0x00007ff9df089000 	C:\WINDOWS\SYSTEM32\IPHLPAPI.DLL
0x00007ff9e2100000 - 0x00007ff9e2108000 	C:\WINDOWS\System32\NSI.dll
0x00007ff9d5060000 - 0x00007ff9d5076000 	C:\WINDOWS\SYSTEM32\dhcpcsvc6.DLL
0x00007ff9d5040000 - 0x00007ff9d505a000 	C:\WINDOWS\SYSTEM32\dhcpcsvc.DLL
0x00007ff9ddc80000 - 0x00007ff9ddc91000 	C:\Program Files\Android\Android Studio1\jre\jre\bin\nio.dll

VM Arguments:
jvm_args: -Djava.awt.headless=true -Xmx64M -Dfile.encoding=windows-1252 -Duser.country=BR -Duser.language=pt -Duser.variant 
java_command: com.google.devtools.build.android.desugar.Desugar --input C:\Users\JCarvalhoJr\eclipse-workspace_2018\Web_Services_Android\Web_Service_Android_Client\app\build\intermediates\transforms\stackFramesFixer\debug\32.jar --output C:\Users\JCarvalhoJr\eclipse-workspace_2018\Web_Services_Android\Web_Service_Android_Client\app\build\intermediates\transforms\desugar\debug\33.jar --input C:\Users\JCarvalhoJr\eclipse-workspace_2018\Web_Services_Android\Web_Service_Android_Client\app\build\intermediates\transforms\stackFramesFixer\debug\27.jar --output C:\Users\JCarvalhoJr\eclipse-workspace_2018\Web_Services_Android\Web_Service_Android_Client\app\build\intermediates\transforms\desugar\debug\28.jar --input C:\Users\JCarvalhoJr\eclipse-workspace_2018\Web_Services_Android\Web_Service_Android_Client\app\build\intermediates\transforms\stackFramesFixer\debug\20.jar --output C:\Users\JCarvalhoJr\eclipse-workspace_2018\Web_Services_Android\Web_Service_Android_Client\app\build\intermediates\transforms\desugar\debug\21.jar --input C:\Users\JCarvalhoJr\eclipse-workspace_2018\Web_Services_Android\Web_Service_Android_Client\app\build\intermediates\transforms\stackFramesFixer\debug\23.jar --output C:\Users\JCarvalhoJr\eclipse-workspace_2018\Web_Services_Android\Web_Service_Android_Client\app\build\intermediates\transforms\desugar\debug\24.jar --input C:\Users\JCarvalhoJr\eclipse-workspace_2018\Web_Services_Android\Web_Service_Android_Client\app\build\intermediates\transforms\stackFramesFixer\debug\5.jar --output C:\Users\JCarvalhoJr\eclipse-workspace_2018\Web_Services_Android\Web_Service_Android_Client\app\build\intermediates\transforms\desugar\debug\6.jar --input C:\Users\JCarvalhoJr\eclipse-workspace_2018\Web_Services_Android\Web_Service_Android_Client\app\build\intermediates\transforms\stackFramesFixer\debug\29.jar --output C:\Users\JCarvalhoJr\eclipse-workspace_2018\Web_Services_Android\Web_Service_Android_Client\app\build\intermediates\transforms\desugar\debug\30.jar --in
java_class_path (initial): C:\Users\JCarvalhoJr\AppData\Local\Temp\desugar_deploy.jar459280170640432245
Launcher Type: SUN_STANDARD

Environment Variables:
CLASSPATH=.;C:\Program Files (x86)\Griaule\Fingerprint SDK 2009\bin\GrFingerJava.jar
USERNAME=JCarvalhoJr
OS=Windows_NT
PROCESSOR_IDENTIFIER=Intel64 Family 6 Model 42 Stepping 7, GenuineIntel



---------------  S Y S T E M  ---------------

OS: Windows 10.0 , 64 bit Build 16299 (10.0.16299.15)

CPU:total 4 (initial active 4) (2 cores per cpu, 2 threads per core) family 6 model 42 stepping 7, cmov, cx8, fxsr, mmx, sse, sse2, sse3, ssse3, sse4.1, sse4.2, popcnt, avx, aes, clmul, ht, tsc, tscinvbit

Memory: 4k page, physical 12496748k(3429820k free), swap 13545324k(5608k free)

vm_info: OpenJDK 64-Bit Server VM (25.152-b01) for windows-amd64 JRE (1.8.0_152-release-915-b01), built by "builder" with MS VC++ 10.0 (VS2010)

time: Sun Mar 11 19:34:30 2018
elapsed time: 3 seconds (0d 0h 0m 3s)

