#
# There is insufficient memory for the Java Runtime Environment to continue.
# Native memory allocation (malloc) failed to allocate 32744 bytes for ChunkPool::allocate
# Possible reasons:
#   The system is out of physical RAM or swap space
#   In 32 bit mode, the process size limit was hit
# Possible solutions:
#   Reduce memory load on the system
#   Increase physical memory or swap space
#   Check if swap backing store is full
#   Use 64 bit Java on a 64 bit OS
#   Decrease Java heap size (-Xmx/-Xms)
#   Decrease number of Java threads
#   Decrease Java thread stack sizes (-Xss)
#   Set larger code cache with -XX:ReservedCodeCacheSize=
# This output file may be truncated or incomplete.
#
#  Out of Memory Error (allocation.cpp:273), pid=14876, tid=0x0000000000006b10
#
# JRE version: OpenJDK Runtime Environment (8.0_152-b01) (build 1.8.0_152-release-915-b01)
# Java VM: OpenJDK 64-Bit Server VM (25.152-b01 mixed mode windows-amd64 compressed oops)
# Failed to write core dump. Minidumps are not enabled by default on client versions of Windows
#

---------------  T H R E A D  ---------------

Current thread (0x00000000167ac000):  JavaThread "C1 CompilerThread2" daemon [_thread_in_native, id=27408, stack(0x0000000016ba0000,0x0000000016ca0000)]

Stack: [0x0000000016ba0000,0x0000000016ca0000]
[error occurred during error reporting (printing stack bounds), id 0xc0000005]

Native frames: (J=compiled Java code, j=interpreted, Vv=VM code, C=native code)


Current CompileTask:
C1:   2890  751       3       org.objectweb.asm.ClassReader::a (3587 bytes)


---------------  P R O C E S S  ---------------

Java Threads: ( => current thread )
  0x00000000167b3000 JavaThread "Service Thread" daemon [_thread_blocked, id=27524, stack(0x0000000016ca0000,0x0000000016da0000)]
=>0x00000000167ac000 JavaThread "C1 CompilerThread2" daemon [_thread_in_native, id=27408, stack(0x0000000016ba0000,0x0000000016ca0000)]
  0x0000000014e96000 JavaThread "C2 CompilerThread1" daemon [_thread_blocked, id=18772, stack(0x00000000166a0000,0x00000000167a0000)]
  0x0000000014e43000 JavaThread "C2 CompilerThread0" daemon [_thread_blocked, id=24024, stack(0x00000000165a0000,0x00000000166a0000)]
  0x0000000014e40800 JavaThread "Attach Listener" daemon [_thread_blocked, id=20840, stack(0x00000000164a0000,0x00000000165a0000)]
  0x0000000014e3f800 JavaThread "Signal Dispatcher" daemon [_thread_blocked, id=26164, stack(0x00000000163a0000,0x00000000164a0000)]
  0x0000000004adc800 JavaThread "Finalizer" daemon [_thread_blocked, id=27452, stack(0x00000000160a0000,0x00000000161a0000)]
  0x0000000004ad7000 JavaThread "Reference Handler" daemon [_thread_blocked, id=27340, stack(0x0000000015fa0000,0x00000000160a0000)]
  0x00000000049e7000 JavaThread "main" [_thread_in_vm, id=27108, stack(0x00000000048e0000,0x00000000049e0000)]

Other Threads:
  0x0000000014e06800 VMThread [stack: 0x0000000015ea0000,0x0000000015fa0000] [id=23580]
  0x00000000167b4800 WatcherThread [stack: 0x0000000016da0000,0x0000000016ea0000] [id=25660]

VM state:not at safepoint (normal execution)

VM Mutex/Monitor currently owned by a thread: None

Heap:
 PSYoungGen      total 18944K, used 15188K [0x00000000feb00000, 0x0000000100000000, 0x0000000100000000)
  eden space 16384K, 77% used [0x00000000feb00000,0x00000000ff759128,0x00000000ffb00000)
  from space 2560K, 99% used [0x00000000ffb00000,0x00000000ffd7c020,0x00000000ffd80000)
  to   space 2560K, 0% used [0x00000000ffd80000,0x00000000ffd80000,0x0000000100000000)
 ParOldGen       total 44032K, used 1417K [0x00000000fc000000, 0x00000000feb00000, 0x00000000feb00000)
  object space 44032K, 3% used [0x00000000fc000000,0x00000000fc1626e8,0x00000000feb00000)
 Metaspace       used 7562K, capacity 7720K, committed 7936K, reserved 1056768K
  class space    used 891K, capacity 956K, committed 1024K, reserved 1048576K

Card table byte_map: [0x0000000002f70000,0x0000000002fa0000] byte_map_base: 0x0000000002790000

Marking Bits: (ParMarkBitMap*) 0x000000006e4b3950
 Begin Bits: [0x00000000142a0000, 0x00000000143a0000)
 End Bits:   [0x00000000143a0000, 0x00000000144a0000)

Polling page: 0x0000000002c20000

CodeCache: size=245760Kb used=2800Kb max_used=2811Kb free=242959Kb
 bounds [0x0000000004ae0000, 0x0000000004db0000, 0x0000000013ae0000]
 total_blobs=1082 nmethods=751 adapters=245
 compilation: enabled

Compilation events (10 events):
Event: 2.863 Thread 0x00000000167ac000 nmethod 747 0x0000000004d9b410 code [0x0000000004d9b580, 0x0000000004d9b708]
Event: 2.863 Thread 0x00000000167ac000  748       3       java.io.BufferedInputStream::read1 (108 bytes)
Event: 2.864 Thread 0x00000000167ac000 nmethod 748 0x0000000004d9b790 code [0x0000000004d9b9a0, 0x0000000004d9c298]
Event: 2.867 Thread 0x00000000167ac000  749       3       java.io.DataInputStream::readShort (40 bytes)
Event: 2.867 Thread 0x00000000167ac000 nmethod 749 0x0000000004d9c690 code [0x0000000004d9c820, 0x0000000004d9cbc8]
Event: 2.867 Thread 0x00000000167ac000  750       3       java.io.DataInputStream::readFully (9 bytes)
Event: 2.868 Thread 0x00000000167ac000 nmethod 750 0x0000000004d9cd10 code [0x0000000004d9ce80, 0x0000000004d9d0a8]
Event: 2.874 Thread 0x00000000167ac000  751       3       org.objectweb.asm.ClassReader::a (3587 bytes)
Event: 2.880 Thread 0x0000000014e96000  760       4       org.objectweb.asm.ClassReader::readInt (52 bytes)
Event: 2.881 Thread 0x0000000014e96000 nmethod 760 0x0000000004d9fe90 code [0x0000000004d9ffc0, 0x0000000004da00b8]

GC Heap History (2 events):
Event: 2.119 GC heap before
{Heap before GC invocations=1 (full 0):
 PSYoungGen      total 18944K, used 16384K [0x00000000feb00000, 0x0000000100000000, 0x0000000100000000)
  eden space 16384K, 100% used [0x00000000feb00000,0x00000000ffb00000,0x00000000ffb00000)
  from space 2560K, 0% used [0x00000000ffd80000,0x00000000ffd80000,0x0000000100000000)
  to   space 2560K, 0% used [0x00000000ffb00000,0x00000000ffb00000,0x00000000ffd80000)
 ParOldGen       total 44032K, used 0K [0x00000000fc000000, 0x00000000feb00000, 0x00000000feb00000)
  object space 44032K, 0% used [0x00000000fc000000,0x00000000fc000000,0x00000000feb00000)
 Metaspace       used 6525K, capacity 6682K, committed 6784K, reserved 1056768K
  class space    used 768K, capacity 823K, committed 896K, reserved 1048576K
Event: 2.124 GC heap after
Heap after GC invocations=1 (full 0):
 PSYoungGen      total 18944K, used 2544K [0x00000000feb00000, 0x0000000100000000, 0x0000000100000000)
  eden space 16384K, 0% used [0x00000000feb00000,0x00000000feb00000,0x00000000ffb00000)
  from space 2560K, 99% used [0x00000000ffb00000,0x00000000ffd7c020,0x00000000ffd80000)
  to   space 2560K, 0% used [0x00000000ffd80000,0x00000000ffd80000,0x0000000100000000)
 ParOldGen       total 44032K, used 1417K [0x00000000fc000000, 0x00000000feb00000, 0x00000000feb00000)
  object space 44032K, 3% used [0x00000000fc000000,0x00000000fc1626e8,0x00000000feb00000)
 Metaspace       used 6525K, capacity 6682K, committed 6784K, reserved 1056768K
  class space    used 768K, capacity 823K, committed 896K, reserved 1048576K
}

Deoptimization events (10 events):
Event: 2.699 Thread 0x00000000049e7000 Uncommon trap: reason=class_check action=maybe_recompile pc=0x0000000004d1d8ec method=com.google.common.collect.TransformedIterator.hasNext()Z @ 4
Event: 2.699 Thread 0x00000000049e7000 Uncommon trap: reason=class_check action=maybe_recompile pc=0x0000000004d1d8ec method=com.google.common.collect.TransformedIterator.hasNext()Z @ 4
Event: 2.699 Thread 0x00000000049e7000 Uncommon trap: reason=class_check action=maybe_recompile pc=0x0000000004d0c2e8 method=com.google.common.collect.TransformedIterator.next()Ljava/lang/Object; @ 5
Event: 2.699 Thread 0x00000000049e7000 Uncommon trap: reason=class_check action=maybe_recompile pc=0x0000000004d08250 method=com.google.common.collect.Iterators$7.transform(Ljava/lang/Object;)Ljava/lang/Object; @ 5
Event: 2.699 Thread 0x00000000049e7000 Uncommon trap: reason=class_check action=maybe_recompile pc=0x0000000004d1d8ec method=com.google.common.collect.TransformedIterator.hasNext()Z @ 4
Event: 2.699 Thread 0x00000000049e7000 Uncommon trap: reason=class_check action=maybe_recompile pc=0x0000000004d0c2e8 method=com.google.common.collect.TransformedIterator.next()Ljava/lang/Object; @ 5
Event: 2.699 Thread 0x00000000049e7000 Uncommon trap: reason=class_check action=maybe_recompile pc=0x0000000004d08250 method=com.google.common.collect.Iterators$7.transform(Ljava/lang/Object;)Ljava/lang/Object; @ 5
Event: 2.699 Thread 0x00000000049e7000 Uncommon trap: reason=class_check action=maybe_recompile pc=0x0000000004d0c2e8 method=com.google.common.collect.TransformedIterator.next()Ljava/lang/Object; @ 5
Event: 2.699 Thread 0x00000000049e7000 Uncommon trap: reason=class_check action=maybe_recompile pc=0x0000000004d08250 method=com.google.common.collect.Iterators$7.transform(Ljava/lang/Object;)Ljava/lang/Object; @ 5
Event: 2.871 Thread 0x00000000049e7000 Uncommon trap: reason=unstable_if action=reinterpret pc=0x0000000004ccf528 method=java.lang.String.indexOf([CII[CIII)I @ 134

Classes redefined (0 events):
No events

Internal exceptions (10 events):
Event: 2.073 Thread 0x00000000049e7000 Implicit null exception at 0x0000000004d08df8 to 0x0000000004d09251
Event: 2.321 Thread 0x00000000049e7000 Exception <a 'sun/nio/fs/WindowsException'> (0x00000000ff1d0db0) thrown at [D:\src\AOSP-openjdk-cygwin\jdk8u\hotspot\src\share\vm\prims\jni.cpp, line 709]
Event: 2.322 Thread 0x00000000049e7000 Exception <a 'sun/nio/fs/WindowsException'> (0x00000000ff1d1390) thrown at [D:\src\AOSP-openjdk-cygwin\jdk8u\hotspot\src\share\vm\prims\jni.cpp, line 709]
Event: 2.322 Thread 0x00000000049e7000 Exception <a 'sun/nio/fs/WindowsException'> (0x00000000ff1d19a8) thrown at [D:\src\AOSP-openjdk-cygwin\jdk8u\hotspot\src\share\vm\prims\jni.cpp, line 709]
Event: 2.322 Thread 0x00000000049e7000 Exception <a 'sun/nio/fs/WindowsException'> (0x00000000ff1d2188) thrown at [D:\src\AOSP-openjdk-cygwin\jdk8u\hotspot\src\share\vm\prims\jni.cpp, line 709]
Event: 2.323 Thread 0x00000000049e7000 Exception <a 'sun/nio/fs/WindowsException'> (0x00000000ff1d2778) thrown at [D:\src\AOSP-openjdk-cygwin\jdk8u\hotspot\src\share\vm\prims\jni.cpp, line 709]
Event: 2.323 Thread 0x00000000049e7000 Exception <a 'sun/nio/fs/WindowsException'> (0x00000000ff1d2f48) thrown at [D:\src\AOSP-openjdk-cygwin\jdk8u\hotspot\src\share\vm\prims\jni.cpp, line 709]
Event: 2.333 Thread 0x00000000049e7000 Exception <a 'sun/nio/fs/WindowsException'> (0x00000000ff1d8458) thrown at [D:\src\AOSP-openjdk-cygwin\jdk8u\hotspot\src\share\vm\prims\jni.cpp, line 709]
Event: 2.616 Thread 0x00000000049e7000 Exception <a 'sun/nio/fs/WindowsException'> (0x00000000ff4ca770) thrown at [D:\src\AOSP-openjdk-cygwin\jdk8u\hotspot\src\share\vm\prims\jni.cpp, line 709]
Event: 2.616 Thread 0x00000000049e7000 Exception <a 'sun/nio/fs/WindowsException'> (0x00000000ff4cad70) thrown at [D:\src\AOSP-openjdk-cygwin\jdk8u\hotspot\src\share\vm\prims\jni.cpp, line 709]

Events (10 events):
Event: 2.872 loading class sun/util/calendar/CalendarDate
Event: 2.872 loading class sun/util/calendar/CalendarDate done
Event: 2.872 loading class sun/util/calendar/BaseCalendar$Date done
Event: 2.872 loading class sun/util/calendar/Gregorian$Date done
Event: 2.872 loading class sun/util/calendar/CalendarUtils
Event: 2.872 loading class sun/util/calendar/CalendarUtils done
Event: 2.872 loading class java/util/zip/ZipOutputStream$XEntry
Event: 2.873 loading class java/util/zip/ZipOutputStream$XEntry done
Event: 2.885 loading class org/objectweb/asm/Opcodes
Event: 2.885 loading class org/objectweb/asm/Opcodes done


Dynamic libraries:
0x00007ff65ea60000 - 0x00007ff65ea91000 	C:\Program Files\Android\Android Studio1\jre\bin\java.exe
0x00007ff9e3740000 - 0x00007ff9e3920000 	C:\WINDOWS\SYSTEM32\ntdll.dll
0x00007ff9e0e00000 - 0x00007ff9e0eae000 	C:\WINDOWS\System32\KERNEL32.DLL
0x00007ff9dfba0000 - 0x00007ff9dfe06000 	C:\WINDOWS\System32\KERNELBASE.dll
0x00007ff9e1540000 - 0x00007ff9e15e1000 	C:\WINDOWS\System32\ADVAPI32.dll
0x00007ff9e1ea0000 - 0x00007ff9e1f3d000 	C:\WINDOWS\System32\msvcrt.dll
0x00007ff9e0da0000 - 0x00007ff9e0dfb000 	C:\WINDOWS\System32\sechost.dll
0x00007ff9e35f0000 - 0x00007ff9e370f000 	C:\WINDOWS\System32\RPCRT4.dll
0x00007ff9e0c10000 - 0x00007ff9e0d9e000 	C:\WINDOWS\System32\USER32.dll
0x00007ff9e0190000 - 0x00007ff9e01b0000 	C:\WINDOWS\System32\win32u.dll
0x00007ff9e1de0000 - 0x00007ff9e1e08000 	C:\WINDOWS\System32\GDI32.dll
0x00007ff9e0a70000 - 0x00007ff9e0c04000 	C:\WINDOWS\System32\gdi32full.dll
0x00007ff9e09d0000 - 0x00007ff9e0a6b000 	C:\WINDOWS\System32\msvcp_win.dll
0x00007ff9e0090000 - 0x00007ff9e0186000 	C:\WINDOWS\System32\ucrtbase.dll
0x00007ff9d17c0000 - 0x00007ff9d1a29000 	C:\WINDOWS\WinSxS\amd64_microsoft.windows.common-controls_6595b64144ccf1df_6.0.16299.19_none_cc92fab02215da61\COMCTL32.dll
0x00007ff9e1000000 - 0x00007ff9e1308000 	C:\WINDOWS\System32\combase.dll
0x00007ff9e01b0000 - 0x00007ff9e0222000 	C:\WINDOWS\System32\bcryptPrimitives.dll
0x00007ff9e14b0000 - 0x00007ff9e14dd000 	C:\WINDOWS\System32\IMM32.DLL
0x000000006d2e0000 - 0x000000006d3b2000 	C:\Program Files\Android\Android Studio1\jre\jre\bin\msvcr100.dll
0x000000006dcf0000 - 0x000000006e52e000 	C:\Program Files\Android\Android Studio1\jre\jre\bin\server\jvm.dll
0x00007ff9e1e10000 - 0x00007ff9e1e18000 	C:\WINDOWS\System32\PSAPI.DLL
0x00007ff9dde90000 - 0x00007ff9dde99000 	C:\WINDOWS\SYSTEM32\WSOCK32.dll
0x00007ff9e13e0000 - 0x00007ff9e144c000 	C:\WINDOWS\System32\WS2_32.dll
0x00007ff9dda80000 - 0x00007ff9ddaa3000 	C:\WINDOWS\SYSTEM32\WINMM.dll
0x00007ff9ccec0000 - 0x00007ff9cceca000 	C:\WINDOWS\SYSTEM32\VERSION.dll
0x00007ff9dda20000 - 0x00007ff9dda4a000 	C:\WINDOWS\SYSTEM32\WINMMBASE.dll
0x00007ff9e0230000 - 0x00007ff9e027a000 	C:\WINDOWS\System32\cfgmgr32.dll
0x00007ff9ddff0000 - 0x00007ff9ddfff000 	C:\Program Files\Android\Android Studio1\jre\jre\bin\verify.dll
0x00007ff9ddcc0000 - 0x00007ff9ddce9000 	C:\Program Files\Android\Android Studio1\jre\jre\bin\java.dll
0x00007ff9dde60000 - 0x00007ff9dde76000 	C:\Program Files\Android\Android Studio1\jre\jre\bin\zip.dll
0x00007ff9e21b0000 - 0x00007ff9e35e7000 	C:\WINDOWS\System32\SHELL32.dll
0x00007ff9e1ab0000 - 0x00007ff9e1b56000 	C:\WINDOWS\System32\shcore.dll
0x00007ff9e0280000 - 0x00007ff9e09c7000 	C:\WINDOWS\System32\windows.storage.dll
0x00007ff9e14e0000 - 0x00007ff9e1531000 	C:\WINDOWS\System32\shlwapi.dll
0x00007ff9dfa90000 - 0x00007ff9dfaa1000 	C:\WINDOWS\System32\kernel.appcore.dll
0x00007ff9dfaf0000 - 0x00007ff9dfb3c000 	C:\WINDOWS\System32\powrprof.dll
0x00007ff9dfad0000 - 0x00007ff9dfaeb000 	C:\WINDOWS\System32\profapi.dll
0x00007ff9df480000 - 0x00007ff9df497000 	C:\WINDOWS\SYSTEM32\CRYPTSP.dll
0x00007ff9deed0000 - 0x00007ff9def03000 	C:\WINDOWS\system32\rsaenh.dll
0x00007ff9df5f0000 - 0x00007ff9df615000 	C:\WINDOWS\SYSTEM32\bcrypt.dll
0x00007ff9df990000 - 0x00007ff9df9b9000 	C:\WINDOWS\SYSTEM32\USERENV.dll
0x00007ff9df4a0000 - 0x00007ff9df4ab000 	C:\WINDOWS\SYSTEM32\CRYPTBASE.dll
0x00007ff9ddca0000 - 0x00007ff9ddcba000 	C:\Program Files\Android\Android Studio1\jre\jre\bin\net.dll
0x00007ff9df2c0000 - 0x00007ff9df326000 	C:\WINDOWS\system32\mswsock.dll
0x00007ff9df050000 - 0x00007ff9df089000 	C:\WINDOWS\SYSTEM32\IPHLPAPI.DLL
0x00007ff9e2100000 - 0x00007ff9e2108000 	C:\WINDOWS\System32\NSI.dll
0x00007ff9d5060000 - 0x00007ff9d5076000 	C:\WINDOWS\SYSTEM32\dhcpcsvc6.DLL
0x00007ff9d5040000 - 0x00007ff9d505a000 	C:\WINDOWS\SYSTEM32\dhcpcsvc.DLL
0x00007ff9ddc80000 - 0x00007ff9ddc91000 	C:\Program Files\Android\Android Studio1\jre\jre\bin\nio.dll

VM Arguments:
jvm_args: -Djava.awt.headless=true -Xmx64M -Dfile.encoding=windows-1252 -Duser.country=BR -Duser.language=pt -Duser.variant 
java_command: com.google.devtools.build.android.desugar.Desugar --input C:\Users\JCarvalhoJr\eclipse-workspace_2018\Web_Services_Android\Web_Service_Android_Client\app\build\intermediates\transforms\stackFramesFixer\debug\27.jar --output C:\Users\JCarvalhoJr\eclipse-workspace_2018\Web_Services_Android\Web_Service_Android_Client\app\build\intermediates\transforms\desugar\debug\28.jar --input C:\Users\JCarvalhoJr\eclipse-workspace_2018\Web_Services_Android\Web_Service_Android_Client\app\build\intermediates\transforms\stackFramesFixer\debug\9.jar --output C:\Users\JCarvalhoJr\eclipse-workspace_2018\Web_Services_Android\Web_Service_Android_Client\app\build\intermediates\transforms\desugar\debug\10.jar --input C:\Users\JCarvalhoJr\eclipse-workspace_2018\Web_Services_Android\Web_Service_Android_Client\app\build\intermediates\transforms\stackFramesFixer\debug\21.jar --output C:\Users\JCarvalhoJr\eclipse-workspace_2018\Web_Services_Android\Web_Service_Android_Client\app\build\intermediates\transforms\desugar\debug\22.jar --input C:\Users\JCarvalhoJr\eclipse-workspace_2018\Web_Services_Android\Web_Service_Android_Client\app\build\intermediates\transforms\stackFramesFixer\debug\30.jar --output C:\Users\JCarvalhoJr\eclipse-workspace_2018\Web_Services_Android\Web_Service_Android_Client\app\build\intermediates\transforms\desugar\debug\31.jar --input C:\Users\JCarvalhoJr\eclipse-workspace_2018\Web_Services_Android\Web_Service_Android_Client\app\build\intermediates\transforms\stackFramesFixer\debug\5.jar --output C:\Users\JCarvalhoJr\eclipse-workspace_2018\Web_Services_Android\Web_Service_Android_Client\app\build\intermediates\transforms\desugar\debug\6.jar --input C:\Users\JCarvalhoJr\eclipse-workspace_2018\Web_Services_Android\Web_Service_Android_Client\app\build\intermediates\transforms\stackFramesFixer\debug\24.jar --output C:\Users\JCarvalhoJr\eclipse-workspace_2018\Web_Services_Android\Web_Service_Android_Client\app\build\intermediates\transforms\desugar\debug\25.jar --inp
java_class_path (initial): C:\Users\JCarvalhoJr\AppData\Local\Temp\desugar_deploy.jar5884579408290670314
Launcher Type: SUN_STANDARD

Environment Variables:
CLASSPATH=.;C:\Program Files (x86)\Griaule\Fingerprint SDK 2009\bin\GrFingerJava.jar
USERNAME=JCarvalhoJr
OS=Windows_NT
PROCESSOR_IDENTIFIER=Intel64 Family 6 Model 42 Stepping 7, GenuineIntel



---------------  S Y S T E M  ---------------

OS: Windows 10.0 , 64 bit Build 16299 (10.0.16299.15)

CPU:total 4 (initial active 4) (2 cores per cpu, 2 threads per core) family 6 model 42 stepping 7, cmov, cx8, fxsr, mmx, sse, sse2, sse3, ssse3, sse4.1, sse4.2, popcnt, avx, aes, clmul, ht, tsc, tscinvbit

Memory: 4k page, physical 12496748k(3026004k free), swap 13545324k(496k free)

vm_info: OpenJDK 64-Bit Server VM (25.152-b01) for windows-amd64 JRE (1.8.0_152-release-915-b01), built by "builder" with MS VC++ 10.0 (VS2010)

time: Sun Mar 11 20:31:03 2018
elapsed time: 2 seconds (0d 0h 0m 2s)

