#
# There is insufficient memory for the Java Runtime Environment to continue.
# Native memory allocation (malloc) failed to allocate 1471920 bytes for Chunk::new
# Possible reasons:
#   The system is out of physical RAM or swap space
#   In 32 bit mode, the process size limit was hit
# Possible solutions:
#   Reduce memory load on the system
#   Increase physical memory or swap space
#   Check if swap backing store is full
#   Use 64 bit Java on a 64 bit OS
#   Decrease Java heap size (-Xmx/-Xms)
#   Decrease number of Java threads
#   Decrease Java thread stack sizes (-Xss)
#   Set larger code cache with -XX:ReservedCodeCacheSize=
# This output file may be truncated or incomplete.
#
#  Out of Memory Error (allocation.cpp:390), pid=14360, tid=0x0000000000004f78
#
# JRE version: OpenJDK Runtime Environment (8.0_152-b01) (build 1.8.0_152-release-915-b01)
# Java VM: OpenJDK 64-Bit Server VM (25.152-b01 mixed mode windows-amd64 compressed oops)
# Failed to write core dump. Minidumps are not enabled by default on client versions of Windows
#

---------------  T H R E A D  ---------------

Current thread (0x0000000014d22800):  JavaThread "C2 CompilerThread0" daemon [_thread_in_native, id=20344, stack(0x0000000016480000,0x0000000016580000)]

Stack: [0x0000000016480000,0x0000000016580000]
[error occurred during error reporting (printing stack bounds), id 0xc0000005]

Native frames: (J=compiled Java code, j=interpreted, Vv=VM code, C=native code)


Current CompileTask:
C2:   5203  974 %     4       org.objectweb.asm.ClassReader::a @ 1360 (3587 bytes)


---------------  P R O C E S S  ---------------

Java Threads: ( => current thread )
  0x000000001658a800 JavaThread "Service Thread" daemon [_thread_blocked, id=17696, stack(0x0000000016b80000,0x0000000016c80000)]
  0x0000000016583000 JavaThread "C1 CompilerThread2" daemon [_thread_blocked, id=19536, stack(0x0000000016a80000,0x0000000016b80000)]
  0x0000000014d7e000 JavaThread "C2 CompilerThread1" daemon [_thread_blocked, id=1988, stack(0x0000000016980000,0x0000000016a80000)]
=>0x0000000014d22800 JavaThread "C2 CompilerThread0" daemon [_thread_in_native, id=20344, stack(0x0000000016480000,0x0000000016580000)]
  0x0000000014d20800 JavaThread "Attach Listener" daemon [_thread_blocked, id=5600, stack(0x0000000016380000,0x0000000016480000)]
  0x0000000014d1f000 JavaThread "Signal Dispatcher" daemon [_thread_blocked, id=3440, stack(0x0000000016280000,0x0000000016380000)]
  0x000000000497c000 JavaThread "Finalizer" daemon [_thread_blocked, id=19380, stack(0x0000000015f70000,0x0000000016070000)]
  0x0000000004976800 JavaThread "Reference Handler" daemon [_thread_blocked, id=19412, stack(0x0000000015e70000,0x0000000015f70000)]
  0x0000000004886800 JavaThread "main" [_thread_in_vm, id=13700, stack(0x0000000004780000,0x0000000004880000)]

Other Threads:
  0x0000000014ce6000 VMThread [stack: 0x0000000015d70000,0x0000000015e70000] [id=6784]
  0x000000001658b800 WatcherThread [stack: 0x0000000016c80000,0x0000000016d80000] [id=2240]

VM state:not at safepoint (normal execution)

VM Mutex/Monitor currently owned by a thread: None

Heap:
 PSYoungGen      total 18944K, used 12092K [0x00000000feb00000, 0x0000000100000000, 0x0000000100000000)
  eden space 16384K, 58% used [0x00000000feb00000,0x00000000ff4504b8,0x00000000ffb00000)
  from space 2560K, 99% used [0x00000000ffd80000,0x00000000ffffec00,0x0000000100000000)
  to   space 2560K, 0% used [0x00000000ffb00000,0x00000000ffb00000,0x00000000ffd80000)
 ParOldGen       total 44032K, used 4888K [0x00000000fc000000, 0x00000000feb00000, 0x00000000feb00000)
  object space 44032K, 11% used [0x00000000fc000000,0x00000000fc4c6270,0x00000000feb00000)
 Metaspace       used 7737K, capacity 7880K, committed 7936K, reserved 1056768K
  class space    used 896K, capacity 988K, committed 1024K, reserved 1048576K

Card table byte_map: [0x0000000004740000,0x0000000004770000] byte_map_base: 0x0000000003f60000

Marking Bits: (ParMarkBitMap*) 0x00000000609f3950
 Begin Bits: [0x0000000014160000, 0x0000000014260000)
 End Bits:   [0x0000000014260000, 0x0000000014360000)

Polling page: 0x0000000002ee0000

CodeCache: size=245760Kb used=3834Kb max_used=3845Kb free=241925Kb
 bounds [0x0000000004980000, 0x0000000004d50000, 0x0000000013980000]
 total_blobs=1332 nmethods=1001 adapters=245
 compilation: enabled

Compilation events (10 events):
Event: 5.172 Thread 0x0000000016583000 nmethod 996 0x0000000004d22490 code [0x0000000004d225e0, 0x0000000004d22710]
Event: 5.173 Thread 0x0000000016583000  997       3       org.objectweb.asm.ClassReader::<init> (257 bytes)
Event: 5.174 Thread 0x0000000016583000 nmethod 997 0x0000000004d3f550 code [0x0000000004d3f720, 0x0000000004d400c8]
Event: 5.175 Thread 0x0000000014d7e000  998       4       org.objectweb.asm.MethodVisitor::visitEnd (15 bytes)
Event: 5.176 Thread 0x0000000014d7e000 nmethod 998 0x0000000004d3f2d0 code [0x0000000004d3f400, 0x0000000004d3f498]
Event: 5.176 Thread 0x0000000014d7e000  999       4       org.objectweb.asm.ClassReader::a (500 bytes)
Event: 5.192 Thread 0x0000000014d7e000 nmethod 999 0x0000000004d21590 code [0x0000000004d21720, 0x0000000004d21ec0]
Event: 5.192 Thread 0x0000000014d7e000 1000       4       org.objectweb.asm.MethodVisitor::visitCode (15 bytes)
Event: 5.193 Thread 0x0000000014d7e000 nmethod 1000 0x0000000004d21290 code [0x0000000004d213c0, 0x0000000004d21458]
Event: 5.193 Thread 0x0000000014d7e000 1001       4       org.objectweb.asm.ClassReader::readConst (283 bytes)

GC Heap History (4 events):
Event: 2.159 GC heap before
{Heap before GC invocations=1 (full 0):
 PSYoungGen      total 18944K, used 16384K [0x00000000feb00000, 0x0000000100000000, 0x0000000100000000)
  eden space 16384K, 100% used [0x00000000feb00000,0x00000000ffb00000,0x00000000ffb00000)
  from space 2560K, 0% used [0x00000000ffd80000,0x00000000ffd80000,0x0000000100000000)
  to   space 2560K, 0% used [0x00000000ffb00000,0x00000000ffb00000,0x00000000ffd80000)
 ParOldGen       total 44032K, used 0K [0x00000000fc000000, 0x00000000feb00000, 0x00000000feb00000)
  object space 44032K, 0% used [0x00000000fc000000,0x00000000fc000000,0x00000000feb00000)
 Metaspace       used 6522K, capacity 6682K, committed 6784K, reserved 1056768K
  class space    used 768K, capacity 823K, committed 896K, reserved 1048576K
Event: 2.171 GC heap after
Heap after GC invocations=1 (full 0):
 PSYoungGen      total 18944K, used 2528K [0x00000000feb00000, 0x0000000100000000, 0x0000000100000000)
  eden space 16384K, 0% used [0x00000000feb00000,0x00000000feb00000,0x00000000ffb00000)
  from space 2560K, 98% used [0x00000000ffb00000,0x00000000ffd78010,0x00000000ffd80000)
  to   space 2560K, 0% used [0x00000000ffd80000,0x00000000ffd80000,0x0000000100000000)
 ParOldGen       total 44032K, used 1532K [0x00000000fc000000, 0x00000000feb00000, 0x00000000feb00000)
  object space 44032K, 3% used [0x00000000fc000000,0x00000000fc17f358,0x00000000feb00000)
 Metaspace       used 6522K, capacity 6682K, committed 6784K, reserved 1056768K
  class space    used 768K, capacity 823K, committed 896K, reserved 1048576K
}
Event: 3.434 GC heap before
{Heap before GC invocations=2 (full 0):
 PSYoungGen      total 18944K, used 18912K [0x00000000feb00000, 0x0000000100000000, 0x0000000100000000)
  eden space 16384K, 100% used [0x00000000feb00000,0x00000000ffb00000,0x00000000ffb00000)
  from space 2560K, 98% used [0x00000000ffb00000,0x00000000ffd78010,0x00000000ffd80000)
  to   space 2560K, 0% used [0x00000000ffd80000,0x00000000ffd80000,0x0000000100000000)
 ParOldGen       total 44032K, used 1532K [0x00000000fc000000, 0x00000000feb00000, 0x00000000feb00000)
  object space 44032K, 3% used [0x00000000fc000000,0x00000000fc17f358,0x00000000feb00000)
 Metaspace       used 7710K, capacity 7880K, committed 7936K, reserved 1056768K
  class space    used 896K, capacity 988K, committed 1024K, reserved 1048576K
Event: 3.715 GC heap after
Heap after GC invocations=2 (full 0):
 PSYoungGen      total 18944K, used 2555K [0x00000000feb00000, 0x0000000100000000, 0x0000000100000000)
  eden space 16384K, 0% used [0x00000000feb00000,0x00000000feb00000,0x00000000ffb00000)
  from space 2560K, 99% used [0x00000000ffd80000,0x00000000ffffec00,0x0000000100000000)
  to   space 2560K, 0% used [0x00000000ffb00000,0x00000000ffb00000,0x00000000ffd80000)
 ParOldGen       total 44032K, used 4888K [0x00000000fc000000, 0x00000000feb00000, 0x00000000feb00000)
  object space 44032K, 11% used [0x00000000fc000000,0x00000000fc4c6270,0x00000000feb00000)
 Metaspace       used 7710K, capacity 7880K, committed 7936K, reserved 1056768K
  class space    used 896K, capacity 988K, committed 1024K, reserved 1048576K
}

Deoptimization events (10 events):
Event: 2.773 Thread 0x0000000004886800 Uncommon trap: reason=class_check action=maybe_recompile pc=0x0000000004b9f9d0 method=com.google.common.collect.Iterators$7.transform(Ljava/lang/Object;)Ljava/lang/Object; @ 5
Event: 2.902 Thread 0x0000000004886800 Uncommon trap: reason=unstable_if action=reinterpret pc=0x0000000004b52938 method=java.lang.String.indexOf([CII[CIII)I @ 134
Event: 2.929 Thread 0x0000000004886800 Uncommon trap: reason=unstable_if action=reinterpret pc=0x0000000004b27c2c method=java.lang.String.<init>([CII)V @ 18
Event: 2.941 Thread 0x0000000004886800 Uncommon trap: reason=unstable_if action=reinterpret pc=0x0000000004b9951c method=java.util.zip.ZipFile$ZipEntryIterator.hasNext()Z @ 25
Event: 3.780 Thread 0x0000000004886800 Uncommon trap: reason=unstable_if action=reinterpret pc=0x0000000004c365dc method=org.objectweb.asm.ClassReader.readUTF8(I[C)Ljava/lang/String; @ 7
Event: 3.781 Thread 0x0000000004886800 Uncommon trap: reason=class_check action=maybe_recompile pc=0x0000000004cf6b88 method=org.objectweb.asm.tree.VarInsnNode.accept(Lorg/objectweb/asm/MethodVisitor;)V @ 9
Event: 3.782 Thread 0x0000000004886800 Uncommon trap: reason=class_check action=maybe_recompile pc=0x0000000004cf6b88 method=org.objectweb.asm.tree.VarInsnNode.accept(Lorg/objectweb/asm/MethodVisitor;)V @ 9
Event: 3.782 Thread 0x0000000004886800 Uncommon trap: reason=class_check action=maybe_recompile pc=0x0000000004cf6b88 method=org.objectweb.asm.tree.VarInsnNode.accept(Lorg/objectweb/asm/MethodVisitor;)V @ 9
Event: 3.927 Thread 0x0000000004886800 Uncommon trap: reason=class_check action=maybe_recompile pc=0x0000000004cf6b88 method=org.objectweb.asm.tree.VarInsnNode.accept(Lorg/objectweb/asm/MethodVisitor;)V @ 9
Event: 4.738 Thread 0x0000000004886800 Uncommon trap: reason=unstable_if action=reinterpret pc=0x0000000004cfad28 method=org.objectweb.asm.MethodWriter.visitVarInsn(II)V @ 142

Classes redefined (0 events):
No events

Internal exceptions (10 events):
Event: 3.284 Thread 0x0000000004886800 Exception <a 'sun/nio/fs/WindowsException'> (0x00000000ff9b4ea0) thrown at [D:\src\AOSP-openjdk-cygwin\jdk8u\hotspot\src\share\vm\prims\jni.cpp, line 709]
Event: 3.284 Thread 0x0000000004886800 Exception <a 'sun/nio/fs/WindowsException'> (0x00000000ff9b5420) thrown at [D:\src\AOSP-openjdk-cygwin\jdk8u\hotspot\src\share\vm\prims\jni.cpp, line 709]
Event: 3.759 Thread 0x0000000004886800 Exception <a 'sun/nio/fs/WindowsException'> (0x00000000fecaa920) thrown at [D:\src\AOSP-openjdk-cygwin\jdk8u\hotspot\src\share\vm\prims\jni.cpp, line 709]
Event: 3.760 Thread 0x0000000004886800 Exception <a 'sun/nio/fs/WindowsException'> (0x00000000fecaaea0) thrown at [D:\src\AOSP-openjdk-cygwin\jdk8u\hotspot\src\share\vm\prims\jni.cpp, line 709]
Event: 3.763 Thread 0x0000000004886800 Exception <a 'sun/nio/fs/WindowsException'> (0x00000000fecae440) thrown at [D:\src\AOSP-openjdk-cygwin\jdk8u\hotspot\src\share\vm\prims\jni.cpp, line 709]
Event: 3.763 Thread 0x0000000004886800 Exception <a 'sun/nio/fs/WindowsException'> (0x00000000fecae9c0) thrown at [D:\src\AOSP-openjdk-cygwin\jdk8u\hotspot\src\share\vm\prims\jni.cpp, line 709]
Event: 4.732 Thread 0x0000000004886800 Exception <a 'sun/nio/fs/WindowsException'> (0x00000000ff270f80) thrown at [D:\src\AOSP-openjdk-cygwin\jdk8u\hotspot\src\share\vm\prims\jni.cpp, line 709]
Event: 4.732 Thread 0x0000000004886800 Exception <a 'sun/nio/fs/WindowsException'> (0x00000000ff271500) thrown at [D:\src\AOSP-openjdk-cygwin\jdk8u\hotspot\src\share\vm\prims\jni.cpp, line 709]
Event: 4.735 Thread 0x0000000004886800 Exception <a 'sun/nio/fs/WindowsException'> (0x00000000ff274db0) thrown at [D:\src\AOSP-openjdk-cygwin\jdk8u\hotspot\src\share\vm\prims\jni.cpp, line 709]
Event: 4.735 Thread 0x0000000004886800 Exception <a 'sun/nio/fs/WindowsException'> (0x00000000ff275330) thrown at [D:\src\AOSP-openjdk-cygwin\jdk8u\hotspot\src\share\vm\prims\jni.cpp, line 709]

Events (10 events):
Event: 4.598 Thread 0x0000000004886800 DEOPT UNPACKING pc=0x00000000049c75bf sp=0x000000000487e768 mode 0
Event: 4.738 Thread 0x0000000004886800 Uncommon trap: trap_request=0xffffff65 fr.pc=0x0000000004cfad28
Event: 4.738 Thread 0x0000000004886800 DEOPT PACKING pc=0x0000000004cfad28 sp=0x000000000487e9b0
Event: 4.738 Thread 0x0000000004886800 DEOPT UNPACKING pc=0x00000000049c556a sp=0x000000000487e950 mode 2
Event: 5.166 Thread 0x0000000004886800 DEOPT PACKING pc=0x0000000004c4d21d sp=0x000000000487e8f0
Event: 5.166 Thread 0x0000000004886800 DEOPT UNPACKING pc=0x00000000049c75bf sp=0x000000000487e8a0 mode 0
Event: 5.175 Thread 0x0000000004886800 DEOPT PACKING pc=0x0000000004c4d21d sp=0x000000000487e8f0
Event: 5.175 Thread 0x0000000004886800 DEOPT UNPACKING pc=0x00000000049c75bf sp=0x000000000487e8a0 mode 0
Event: 5.176 Thread 0x0000000004886800 DEOPT PACKING pc=0x0000000004c4d21d sp=0x000000000487e8f0
Event: 5.176 Thread 0x0000000004886800 DEOPT UNPACKING pc=0x00000000049c75bf sp=0x000000000487e8a0 mode 0


Dynamic libraries:
0x00007ff657170000 - 0x00007ff6571a1000 	C:\Program Files\Android\Android Studio1\jre\bin\java.exe
0x00007ffca44f0000 - 0x00007ffca46d0000 	C:\WINDOWS\SYSTEM32\ntdll.dll
0x00007ffca1f80000 - 0x00007ffca202e000 	C:\WINDOWS\System32\KERNEL32.DLL
0x00007ffca16a0000 - 0x00007ffca1906000 	C:\WINDOWS\System32\KERNELBASE.dll
0x00007ffca19d0000 - 0x00007ffca1a71000 	C:\WINDOWS\System32\ADVAPI32.dll
0x00007ffca4420000 - 0x00007ffca44bd000 	C:\WINDOWS\System32\msvcrt.dll
0x00007ffca1e20000 - 0x00007ffca1e7b000 	C:\WINDOWS\System32\sechost.dll
0x00007ffca2760000 - 0x00007ffca287f000 	C:\WINDOWS\System32\RPCRT4.dll
0x00007ffca2160000 - 0x00007ffca22ee000 	C:\WINDOWS\System32\USER32.dll
0x00007ffca1480000 - 0x00007ffca14a0000 	C:\WINDOWS\System32\win32u.dll
0x00007ffca1b40000 - 0x00007ffca1b68000 	C:\WINDOWS\System32\GDI32.dll
0x00007ffca08f0000 - 0x00007ffca0a84000 	C:\WINDOWS\System32\gdi32full.dll
0x00007ffca14a0000 - 0x00007ffca153b000 	C:\WINDOWS\System32\msvcp_win.dll
0x00007ffca15a0000 - 0x00007ffca1696000 	C:\WINDOWS\System32\ucrtbase.dll
0x00007ffc90e70000 - 0x00007ffc910d9000 	C:\WINDOWS\WinSxS\amd64_microsoft.windows.common-controls_6595b64144ccf1df_6.0.16299.19_none_cc92fab02215da61\COMCTL32.dll
0x00007ffca3e80000 - 0x00007ffca4188000 	C:\WINDOWS\System32\combase.dll
0x00007ffca13b0000 - 0x00007ffca1422000 	C:\WINDOWS\System32\bcryptPrimitives.dll
0x00007ffca1a80000 - 0x00007ffca1aad000 	C:\WINDOWS\System32\IMM32.DLL
0x0000000060150000 - 0x0000000060222000 	C:\Program Files\Android\Android Studio1\jre\jre\bin\msvcr100.dll
0x0000000060230000 - 0x0000000060a6e000 	C:\Program Files\Android\Android Studio1\jre\jre\bin\server\jvm.dll
0x00007ffca19c0000 - 0x00007ffca19c8000 	C:\WINDOWS\System32\PSAPI.DLL
0x00007ffc9d5a0000 - 0x00007ffc9d5a9000 	C:\WINDOWS\SYSTEM32\WSOCK32.dll
0x00007ffca3cc0000 - 0x00007ffca3d2c000 	C:\WINDOWS\System32\WS2_32.dll
0x00007ffc9e570000 - 0x00007ffc9e593000 	C:\WINDOWS\SYSTEM32\WINMM.dll
0x00007ffc910e0000 - 0x00007ffc910ea000 	C:\WINDOWS\SYSTEM32\VERSION.dll
0x00007ffc9e3c0000 - 0x00007ffc9e3ea000 	C:\WINDOWS\SYSTEM32\winmmbase.dll
0x00007ffca1430000 - 0x00007ffca147a000 	C:\WINDOWS\System32\cfgmgr32.dll
0x00007ffc9d360000 - 0x00007ffc9d36f000 	C:\Program Files\Android\Android Studio1\jre\jre\bin\verify.dll
0x00007ffc9ab60000 - 0x00007ffc9ab89000 	C:\Program Files\Android\Android Studio1\jre\jre\bin\java.dll
0x00007ffc95780000 - 0x00007ffc95796000 	C:\Program Files\Android\Android Studio1\jre\jre\bin\zip.dll
0x00007ffca2880000 - 0x00007ffca3cb7000 	C:\WINDOWS\System32\SHELL32.dll
0x00007ffca41f0000 - 0x00007ffca4296000 	C:\WINDOWS\System32\shcore.dll
0x00007ffca0c60000 - 0x00007ffca13a7000 	C:\WINDOWS\System32\windows.storage.dll
0x00007ffca2030000 - 0x00007ffca2081000 	C:\WINDOWS\System32\shlwapi.dll
0x00007ffca0840000 - 0x00007ffca0851000 	C:\WINDOWS\System32\kernel.appcore.dll
0x00007ffca0860000 - 0x00007ffca08ac000 	C:\WINDOWS\System32\powrprof.dll
0x00007ffca08d0000 - 0x00007ffca08eb000 	C:\WINDOWS\System32\profapi.dll
0x00007ffca0570000 - 0x00007ffca0587000 	C:\WINDOWS\SYSTEM32\CRYPTSP.dll
0x00007ffc9f930000 - 0x00007ffc9f963000 	C:\WINDOWS\system32\rsaenh.dll
0x00007ffca0370000 - 0x00007ffca0395000 	C:\WINDOWS\SYSTEM32\bcrypt.dll
0x00007ffca0740000 - 0x00007ffca0769000 	C:\WINDOWS\SYSTEM32\USERENV.dll
0x00007ffc9ff40000 - 0x00007ffc9ff4b000 	C:\WINDOWS\SYSTEM32\CRYPTBASE.dll
0x00007ffc95760000 - 0x00007ffc9577a000 	C:\Program Files\Android\Android Studio1\jre\jre\bin\net.dll
0x00007ffc9fd80000 - 0x00007ffc9fde6000 	C:\WINDOWS\system32\mswsock.dll
0x00007ffc9fab0000 - 0x00007ffc9fae9000 	C:\WINDOWS\SYSTEM32\IPHLPAPI.DLL
0x00007ffca4410000 - 0x00007ffca4418000 	C:\WINDOWS\System32\NSI.dll
0x00007ffc95eb0000 - 0x00007ffc95ec6000 	C:\WINDOWS\SYSTEM32\dhcpcsvc6.DLL
0x00007ffc95e90000 - 0x00007ffc95eaa000 	C:\WINDOWS\SYSTEM32\dhcpcsvc.DLL
0x00007ffc95740000 - 0x00007ffc95751000 	C:\Program Files\Android\Android Studio1\jre\jre\bin\nio.dll

VM Arguments:
jvm_args: -Djava.awt.headless=true -Xmx64M -Dfile.encoding=windows-1252 -Duser.country=BR -Duser.language=pt -Duser.variant 
java_command: com.google.devtools.build.android.desugar.Desugar --input C:\Users\JCarvalhoJr\eclipse-workspace_2018\Web_Services_Android\Web_Service_Android_Client\app\build\intermediates\transforms\stackFramesFixer\debug\19.jar --output C:\Users\JCarvalhoJr\eclipse-workspace_2018\Web_Services_Android\Web_Service_Android_Client\app\build\intermediates\transforms\desugar\debug\20.jar --input C:\Users\JCarvalhoJr\eclipse-workspace_2018\Web_Services_Android\Web_Service_Android_Client\app\build\intermediates\transforms\stackFramesFixer\debug\26.jar --output C:\Users\JCarvalhoJr\eclipse-workspace_2018\Web_Services_Android\Web_Service_Android_Client\app\build\intermediates\transforms\desugar\debug\27.jar --input C:\Users\JCarvalhoJr\eclipse-workspace_2018\Web_Services_Android\Web_Service_Android_Client\app\build\intermediates\transforms\stackFramesFixer\debug\25.jar --output C:\Users\JCarvalhoJr\eclipse-workspace_2018\Web_Services_Android\Web_Service_Android_Client\app\build\intermediates\transforms\desugar\debug\26.jar --input C:\Users\JCarvalhoJr\eclipse-workspace_2018\Web_Services_Android\Web_Service_Android_Client\app\build\intermediates\transforms\stackFramesFixer\debug\5.jar --output C:\Users\JCarvalhoJr\eclipse-workspace_2018\Web_Services_Android\Web_Service_Android_Client\app\build\intermediates\transforms\desugar\debug\6.jar --input C:\Users\JCarvalhoJr\eclipse-workspace_2018\Web_Services_Android\Web_Service_Android_Client\app\build\intermediates\transforms\stackFramesFixer\debug\17.jar --output C:\Users\JCarvalhoJr\eclipse-workspace_2018\Web_Services_Android\Web_Service_Android_Client\app\build\intermediates\transforms\desugar\debug\18.jar --input C:\Users\JCarvalhoJr\eclipse-workspace_2018\Web_Services_Android\Web_Service_Android_Client\app\build\intermediates\transforms\stackFramesFixer\debug\0.jar --output C:\Users\JCarvalhoJr\eclipse-workspace_2018\Web_Services_Android\Web_Service_Android_Client\app\build\intermediates\transforms\desugar\debug\1.jar --inpu
java_class_path (initial): C:\Users\JCarvalhoJr\AppData\Local\Temp\desugar_deploy.jar24638645045520254
Launcher Type: SUN_STANDARD

Environment Variables:
CLASSPATH=.;C:\Program Files (x86)\Griaule\Fingerprint SDK 2009\bin\GrFingerJava.jar
USERNAME=JCarvalhoJr
OS=Windows_NT
PROCESSOR_IDENTIFIER=Intel64 Family 6 Model 42 Stepping 7, GenuineIntel



---------------  S Y S T E M  ---------------

OS: Windows 10.0 , 64 bit Build 16299 (10.0.16299.15)

CPU:total 4 (initial active 4) (2 cores per cpu, 2 threads per core) family 6 model 42 stepping 7, cmov, cx8, fxsr, mmx, sse, sse2, sse3, ssse3, sse4.1, sse4.2, popcnt, avx, aes, clmul, ht, tsc, tscinvbit

Memory: 4k page, physical 12496748k(2764136k free), swap 13545324k(4916k free)

vm_info: OpenJDK 64-Bit Server VM (25.152-b01) for windows-amd64 JRE (1.8.0_152-release-915-b01), built by "builder" with MS VC++ 10.0 (VS2010)

time: Tue Mar 13 16:32:39 2018
elapsed time: 5 seconds (0d 0h 0m 5s)

