#
# There is insufficient memory for the Java Runtime Environment to continue.
# Native memory allocation (malloc) failed to allocate 32744 bytes for ChunkPool::allocate
# Possible reasons:
#   The system is out of physical RAM or swap space
#   In 32 bit mode, the process size limit was hit
# Possible solutions:
#   Reduce memory load on the system
#   Increase physical memory or swap space
#   Check if swap backing store is full
#   Use 64 bit Java on a 64 bit OS
#   Decrease Java heap size (-Xmx/-Xms)
#   Decrease number of Java threads
#   Decrease Java thread stack sizes (-Xss)
#   Set larger code cache with -XX:ReservedCodeCacheSize=
# This output file may be truncated or incomplete.
#
#  Out of Memory Error (allocation.cpp:273), pid=7440, tid=0x0000000000002b30
#
# JRE version: OpenJDK Runtime Environment (8.0_152-b01) (build 1.8.0_152-release-915-b01)
# Java VM: OpenJDK 64-Bit Server VM (25.152-b01 mixed mode windows-amd64 compressed oops)
# Failed to write core dump. Minidumps are not enabled by default on client versions of Windows
#

---------------  T H R E A D  ---------------

Current thread (0x0000000014736800):  JavaThread "C2 CompilerThread1" daemon [_thread_in_native, id=11056, stack(0x0000000015fa0000,0x00000000160a0000)]

Stack: [0x0000000015fa0000,0x00000000160a0000]
[error occurred during error reporting (printing stack bounds), id 0xc0000005]

Native frames: (J=compiled Java code, j=interpreted, Vv=VM code, C=native code)


Current CompileTask:
C2:   4267 1019       4       org.objectweb.asm.ClassReader::readUTF8 (60 bytes)


---------------  P R O C E S S  ---------------

Java Threads: ( => current thread )
  0x00000000160b4000 JavaThread "Service Thread" daemon [_thread_blocked, id=9376, stack(0x00000000165a0000,0x00000000166a0000)]
  0x000000001478a800 JavaThread "C1 CompilerThread2" daemon [_thread_blocked, id=6536, stack(0x00000000164a0000,0x00000000165a0000)]
=>0x0000000014736800 JavaThread "C2 CompilerThread1" daemon [_thread_in_native, id=11056, stack(0x0000000015fa0000,0x00000000160a0000)]
  0x0000000014734000 JavaThread "C2 CompilerThread0" daemon [_thread_in_native, id=9888, stack(0x0000000015ea0000,0x0000000015fa0000)]
  0x0000000014732000 JavaThread "Attach Listener" daemon [_thread_blocked, id=4868, stack(0x0000000015da0000,0x0000000015ea0000)]
  0x0000000014730800 JavaThread "Signal Dispatcher" daemon [_thread_blocked, id=10960, stack(0x0000000015ca0000,0x0000000015da0000)]
  0x000000000436c000 JavaThread "Finalizer" daemon [_thread_blocked, id=11436, stack(0x0000000015990000,0x0000000015a90000)]
  0x0000000004367000 JavaThread "Reference Handler" daemon [_thread_blocked, id=5008, stack(0x0000000015890000,0x0000000015990000)]
  0x0000000004277000 JavaThread "main" [_thread_in_Java, id=8000, stack(0x0000000004170000,0x0000000004270000)]

Other Threads:
  0x00000000146f6800 VMThread [stack: 0x0000000015790000,0x0000000015890000] [id=2516]
  0x00000000160b5000 WatcherThread [stack: 0x00000000166a0000,0x00000000167a0000] [id=744]

VM state:not at safepoint (normal execution)

VM Mutex/Monitor currently owned by a thread: None

Heap:
 PSYoungGen      total 18944K, used 12064K [0x00000000feb00000, 0x0000000100000000, 0x0000000100000000)
  eden space 16384K, 58% used [0x00000000feb00000,0x00000000ff4490e0,0x00000000ffb00000)
  from space 2560K, 99% used [0x00000000ffd80000,0x00000000fffff0a0,0x0000000100000000)
  to   space 2560K, 0% used [0x00000000ffb00000,0x00000000ffb00000,0x00000000ffd80000)
 ParOldGen       total 44032K, used 4844K [0x00000000fc000000, 0x00000000feb00000, 0x00000000feb00000)
  object space 44032K, 11% used [0x00000000fc000000,0x00000000fc4bb350,0x00000000feb00000)
 Metaspace       used 7779K, capacity 8008K, committed 8192K, reserved 1056768K
  class space    used 898K, capacity 988K, committed 1024K, reserved 1048576K

Card table byte_map: [0x0000000013730000,0x0000000013760000] byte_map_base: 0x0000000012f50000

Marking Bits: (ParMarkBitMap*) 0x00000000609f3950
 Begin Bits: [0x0000000013b60000, 0x0000000013c60000)
 End Bits:   [0x0000000013c60000, 0x0000000013d60000)

Polling page: 0x0000000004010000

CodeCache: size=245760Kb used=3850Kb max_used=3850Kb free=241909Kb
 bounds [0x0000000004370000, 0x0000000004740000, 0x0000000013370000]
 total_blobs=1356 nmethods=1025 adapters=245
 compilation: enabled

Compilation events (10 events):
Event: 4.249 Thread 0x0000000014736800 1019       4       org.objectweb.asm.ClassReader::readUTF8 (60 bytes)
Event: 4.250 Thread 0x000000001478a800 1022       3       com.google.devtools.build.android.desugar.Java7Compatibility::visitInnerClass (19 bytes)
Event: 4.251 Thread 0x000000001478a800 nmethod 1022 0x000000000472cad0 code [0x000000000472cc60, 0x000000000472d038]
Event: 4.251 Thread 0x000000001478a800 1023       3       org.objectweb.asm.ClassWriter::visitInnerClass (118 bytes)
Event: 4.252 Thread 0x000000001478a800 nmethod 1023 0x0000000004731190 code [0x0000000004731380, 0x0000000004731ae8]
Event: 4.255 Thread 0x000000001478a800 1024       1       org.objectweb.asm.MethodWriter::visitEnd (1 bytes)
Event: 4.255 Thread 0x000000001478a800 nmethod 1024 0x0000000004730ed0 code [0x0000000004731020, 0x0000000004731130]
Event: 4.257 Thread 0x000000001478a800 1026       3       java.util.HashMap$HashIterator::<init> (79 bytes)
Event: 4.258 Thread 0x000000001478a800 nmethod 1026 0x0000000004730790 code [0x0000000004730900, 0x0000000004730c90]
Event: 4.261 Thread 0x000000001478a800 1027       3       org.objectweb.asm.tree.MethodNode::visitTryCatchBlock (35 bytes)

GC Heap History (4 events):
Event: 2.873 GC heap before
{Heap before GC invocations=1 (full 0):
 PSYoungGen      total 18944K, used 16384K [0x00000000feb00000, 0x0000000100000000, 0x0000000100000000)
  eden space 16384K, 100% used [0x00000000feb00000,0x00000000ffb00000,0x00000000ffb00000)
  from space 2560K, 0% used [0x00000000ffd80000,0x00000000ffd80000,0x0000000100000000)
  to   space 2560K, 0% used [0x00000000ffb00000,0x00000000ffb00000,0x00000000ffd80000)
 ParOldGen       total 44032K, used 0K [0x00000000fc000000, 0x00000000feb00000, 0x00000000feb00000)
  object space 44032K, 0% used [0x00000000fc000000,0x00000000fc000000,0x00000000feb00000)
 Metaspace       used 6535K, capacity 6682K, committed 6784K, reserved 1056768K
  class space    used 768K, capacity 823K, committed 896K, reserved 1048576K
Event: 2.889 GC heap after
Heap after GC invocations=1 (full 0):
 PSYoungGen      total 18944K, used 2528K [0x00000000feb00000, 0x0000000100000000, 0x0000000100000000)
  eden space 16384K, 0% used [0x00000000feb00000,0x00000000feb00000,0x00000000ffb00000)
  from space 2560K, 98% used [0x00000000ffb00000,0x00000000ffd78030,0x00000000ffd80000)
  to   space 2560K, 0% used [0x00000000ffd80000,0x00000000ffd80000,0x0000000100000000)
 ParOldGen       total 44032K, used 1445K [0x00000000fc000000, 0x00000000feb00000, 0x00000000feb00000)
  object space 44032K, 3% used [0x00000000fc000000,0x00000000fc1697f8,0x00000000feb00000)
 Metaspace       used 6535K, capacity 6682K, committed 6784K, reserved 1056768K
  class space    used 768K, capacity 823K, committed 896K, reserved 1048576K
}
Event: 3.860 GC heap before
{Heap before GC invocations=2 (full 0):
 PSYoungGen      total 18944K, used 18912K [0x00000000feb00000, 0x0000000100000000, 0x0000000100000000)
  eden space 16384K, 100% used [0x00000000feb00000,0x00000000ffb00000,0x00000000ffb00000)
  from space 2560K, 98% used [0x00000000ffb00000,0x00000000ffd78030,0x00000000ffd80000)
  to   space 2560K, 0% used [0x00000000ffd80000,0x00000000ffd80000,0x0000000100000000)
 ParOldGen       total 44032K, used 1445K [0x00000000fc000000, 0x00000000feb00000, 0x00000000feb00000)
  object space 44032K, 3% used [0x00000000fc000000,0x00000000fc1697f8,0x00000000feb00000)
 Metaspace       used 7740K, capacity 7944K, committed 8192K, reserved 1056768K
  class space    used 897K, capacity 988K, committed 1024K, reserved 1048576K
Event: 3.915 GC heap after
Heap after GC invocations=2 (full 0):
 PSYoungGen      total 18944K, used 2556K [0x00000000feb00000, 0x0000000100000000, 0x0000000100000000)
  eden space 16384K, 0% used [0x00000000feb00000,0x00000000feb00000,0x00000000ffb00000)
  from space 2560K, 99% used [0x00000000ffd80000,0x00000000fffff0a0,0x0000000100000000)
  to   space 2560K, 0% used [0x00000000ffb00000,0x00000000ffb00000,0x00000000ffd80000)
 ParOldGen       total 44032K, used 4844K [0x00000000fc000000, 0x00000000feb00000, 0x00000000feb00000)
  object space 44032K, 11% used [0x00000000fc000000,0x00000000fc4bb350,0x00000000feb00000)
 Metaspace       used 7740K, capacity 7944K, committed 8192K, reserved 1056768K
  class space    used 897K, capacity 988K, committed 1024K, reserved 1048576K
}

Deoptimization events (10 events):
Event: 3.334 Thread 0x0000000004277000 Uncommon trap: reason=class_check action=maybe_recompile pc=0x000000000459fb90 method=com.google.common.collect.Iterators$7.transform(Ljava/lang/Object;)Ljava/lang/Object; @ 5
Event: 3.334 Thread 0x0000000004277000 Uncommon trap: reason=class_check action=maybe_recompile pc=0x00000000045bd3a4 method=com.google.common.collect.TransformedIterator.next()Ljava/lang/Object; @ 5
Event: 3.334 Thread 0x0000000004277000 Uncommon trap: reason=class_check action=maybe_recompile pc=0x000000000459fb90 method=com.google.common.collect.Iterators$7.transform(Ljava/lang/Object;)Ljava/lang/Object; @ 5
Event: 3.548 Thread 0x0000000004277000 Uncommon trap: reason=unstable_if action=reinterpret pc=0x0000000004563f78 method=java.lang.String.indexOf([CII[CIII)I @ 134
Event: 3.662 Thread 0x0000000004277000 Uncommon trap: reason=unstable_if action=reinterpret pc=0x000000000466c4e0 method=org.objectweb.asm.ClassReader.readUTF8(I[C)Ljava/lang/String; @ 11
Event: 3.668 Thread 0x0000000004277000 Uncommon trap: reason=unstable_if action=reinterpret pc=0x00000000045300ec method=java.lang.String.<init>([CII)V @ 18
Event: 3.832 Thread 0x0000000004277000 Uncommon trap: reason=unstable_if action=reinterpret pc=0x00000000046a8600 method=org.objectweb.asm.Item.a(Lorg/objectweb/asm/Item;)Z @ 345
Event: 3.992 Thread 0x0000000004277000 Uncommon trap: reason=unstable_if action=reinterpret pc=0x0000000004705224 method=org.objectweb.asm.Type.getArgumentsAndReturnSizes(Ljava/lang/String;)I @ 118
Event: 4.192 Thread 0x0000000004277000 Uncommon trap: reason=unstable_if action=reinterpret pc=0x00000000046b8178 method=org.objectweb.asm.ClassReader.a(II[C)Ljava/lang/String; @ 77
Event: 4.194 Thread 0x0000000004277000 Uncommon trap: reason=unstable_if action=reinterpret pc=0x00000000046d2e14 method=org.objectweb.asm.ByteVector.putUTF8(Ljava/lang/String;)Lorg/objectweb/asm/ByteVector; @ 91

Classes redefined (0 events):
No events

Internal exceptions (10 events):
Event: 3.038 Thread 0x0000000004277000 Exception <a 'sun/nio/fs/WindowsException'> (0x00000000ff1d4840) thrown at [D:\src\AOSP-openjdk-cygwin\jdk8u\hotspot\src\share\vm\prims\jni.cpp, line 709]
Event: 3.038 Thread 0x0000000004277000 Exception <a 'sun/nio/fs/WindowsException'> (0x00000000ff1d4e58) thrown at [D:\src\AOSP-openjdk-cygwin\jdk8u\hotspot\src\share\vm\prims\jni.cpp, line 709]
Event: 3.038 Thread 0x0000000004277000 Exception <a 'sun/nio/fs/WindowsException'> (0x00000000ff1d5638) thrown at [D:\src\AOSP-openjdk-cygwin\jdk8u\hotspot\src\share\vm\prims\jni.cpp, line 709]
Event: 3.039 Thread 0x0000000004277000 Exception <a 'sun/nio/fs/WindowsException'> (0x00000000ff1d5c28) thrown at [D:\src\AOSP-openjdk-cygwin\jdk8u\hotspot\src\share\vm\prims\jni.cpp, line 709]
Event: 3.039 Thread 0x0000000004277000 Exception <a 'sun/nio/fs/WindowsException'> (0x00000000ff1d63f8) thrown at [D:\src\AOSP-openjdk-cygwin\jdk8u\hotspot\src\share\vm\prims\jni.cpp, line 709]
Event: 3.047 Thread 0x0000000004277000 Exception <a 'sun/nio/fs/WindowsException'> (0x00000000ff1db908) thrown at [D:\src\AOSP-openjdk-cygwin\jdk8u\hotspot\src\share\vm\prims\jni.cpp, line 709]
Event: 3.295 Thread 0x0000000004277000 Exception <a 'sun/nio/fs/WindowsException'> (0x00000000ff4d4670) thrown at [D:\src\AOSP-openjdk-cygwin\jdk8u\hotspot\src\share\vm\prims\jni.cpp, line 709]
Event: 3.296 Thread 0x0000000004277000 Exception <a 'sun/nio/fs/WindowsException'> (0x00000000ff4d4c70) thrown at [D:\src\AOSP-openjdk-cygwin\jdk8u\hotspot\src\share\vm\prims\jni.cpp, line 709]
Event: 3.685 Thread 0x0000000004277000 Exception <a 'sun/nio/fs/WindowsException'> (0x00000000ff806a58) thrown at [D:\src\AOSP-openjdk-cygwin\jdk8u\hotspot\src\share\vm\prims\jni.cpp, line 709]
Event: 3.685 Thread 0x0000000004277000 Exception <a 'sun/nio/fs/WindowsException'> (0x00000000ff806fd8) thrown at [D:\src\AOSP-openjdk-cygwin\jdk8u\hotspot\src\share\vm\prims\jni.cpp, line 709]

Events (10 events):
Event: 3.915 Executing VM operation: ParallelGCFailedAllocation done
Event: 3.992 Thread 0x0000000004277000 Uncommon trap: trap_request=0xffffff65 fr.pc=0x0000000004705224
Event: 3.992 Thread 0x0000000004277000 DEOPT PACKING pc=0x0000000004705224 sp=0x000000000426ea10
Event: 3.992 Thread 0x0000000004277000 DEOPT UNPACKING pc=0x00000000043b556a sp=0x000000000426e9a0 mode 2
Event: 4.192 Thread 0x0000000004277000 Uncommon trap: trap_request=0xffffff65 fr.pc=0x00000000046b8178
Event: 4.192 Thread 0x0000000004277000 DEOPT PACKING pc=0x00000000046b8178 sp=0x000000000426ea70
Event: 4.192 Thread 0x0000000004277000 DEOPT UNPACKING pc=0x00000000043b556a sp=0x000000000426e988 mode 2
Event: 4.194 Thread 0x0000000004277000 Uncommon trap: trap_request=0xffffff65 fr.pc=0x00000000046d2e14
Event: 4.194 Thread 0x0000000004277000 DEOPT PACKING pc=0x00000000046d2e14 sp=0x000000000426eac0
Event: 4.194 Thread 0x0000000004277000 DEOPT UNPACKING pc=0x00000000043b556a sp=0x000000000426ea00 mode 2


Dynamic libraries:
0x00007ff67de80000 - 0x00007ff67deb1000 	C:\Program Files\Android\Android Studio1\jre\bin\java.exe
0x00007ffca44f0000 - 0x00007ffca46d0000 	C:\WINDOWS\SYSTEM32\ntdll.dll
0x00007ffca1f80000 - 0x00007ffca202e000 	C:\WINDOWS\System32\KERNEL32.DLL
0x00007ffca16a0000 - 0x00007ffca1906000 	C:\WINDOWS\System32\KERNELBASE.dll
0x00007ffca19d0000 - 0x00007ffca1a71000 	C:\WINDOWS\System32\ADVAPI32.dll
0x00007ffca4420000 - 0x00007ffca44bd000 	C:\WINDOWS\System32\msvcrt.dll
0x00007ffca1e20000 - 0x00007ffca1e7b000 	C:\WINDOWS\System32\sechost.dll
0x00007ffca2760000 - 0x00007ffca287f000 	C:\WINDOWS\System32\RPCRT4.dll
0x00007ffca2160000 - 0x00007ffca22ee000 	C:\WINDOWS\System32\USER32.dll
0x00007ffca1480000 - 0x00007ffca14a0000 	C:\WINDOWS\System32\win32u.dll
0x00007ffca1b40000 - 0x00007ffca1b68000 	C:\WINDOWS\System32\GDI32.dll
0x00007ffca08f0000 - 0x00007ffca0a84000 	C:\WINDOWS\System32\gdi32full.dll
0x00007ffca14a0000 - 0x00007ffca153b000 	C:\WINDOWS\System32\msvcp_win.dll
0x00007ffca15a0000 - 0x00007ffca1696000 	C:\WINDOWS\System32\ucrtbase.dll
0x00007ffc90e70000 - 0x00007ffc910d9000 	C:\WINDOWS\WinSxS\amd64_microsoft.windows.common-controls_6595b64144ccf1df_6.0.16299.19_none_cc92fab02215da61\COMCTL32.dll
0x00007ffca3e80000 - 0x00007ffca4188000 	C:\WINDOWS\System32\combase.dll
0x00007ffca13b0000 - 0x00007ffca1422000 	C:\WINDOWS\System32\bcryptPrimitives.dll
0x00007ffca1a80000 - 0x00007ffca1aad000 	C:\WINDOWS\System32\IMM32.DLL
0x0000000060150000 - 0x0000000060222000 	C:\Program Files\Android\Android Studio1\jre\jre\bin\msvcr100.dll
0x0000000060230000 - 0x0000000060a6e000 	C:\Program Files\Android\Android Studio1\jre\jre\bin\server\jvm.dll
0x00007ffca19c0000 - 0x00007ffca19c8000 	C:\WINDOWS\System32\PSAPI.DLL
0x00007ffc83160000 - 0x00007ffc83169000 	C:\WINDOWS\SYSTEM32\WSOCK32.dll
0x00007ffca3cc0000 - 0x00007ffca3d2c000 	C:\WINDOWS\System32\WS2_32.dll
0x00007ffc9e570000 - 0x00007ffc9e593000 	C:\WINDOWS\SYSTEM32\WINMM.dll
0x00007ffc910e0000 - 0x00007ffc910ea000 	C:\WINDOWS\SYSTEM32\VERSION.dll
0x00007ffc9e3c0000 - 0x00007ffc9e3ea000 	C:\WINDOWS\SYSTEM32\WINMMBASE.dll
0x00007ffca1430000 - 0x00007ffca147a000 	C:\WINDOWS\System32\cfgmgr32.dll
0x00007ffc928d0000 - 0x00007ffc928df000 	C:\Program Files\Android\Android Studio1\jre\jre\bin\verify.dll
0x00007ffc7d490000 - 0x00007ffc7d4b9000 	C:\Program Files\Android\Android Studio1\jre\jre\bin\java.dll
0x00007ffc65900000 - 0x00007ffc65916000 	C:\Program Files\Android\Android Studio1\jre\jre\bin\zip.dll
0x00007ffca2880000 - 0x00007ffca3cb7000 	C:\WINDOWS\System32\SHELL32.dll
0x00007ffca41f0000 - 0x00007ffca4296000 	C:\WINDOWS\System32\shcore.dll
0x00007ffca0c60000 - 0x00007ffca13a7000 	C:\WINDOWS\System32\windows.storage.dll
0x00007ffca2030000 - 0x00007ffca2081000 	C:\WINDOWS\System32\shlwapi.dll
0x00007ffca0840000 - 0x00007ffca0851000 	C:\WINDOWS\System32\kernel.appcore.dll
0x00007ffca0860000 - 0x00007ffca08ac000 	C:\WINDOWS\System32\powrprof.dll
0x00007ffca08d0000 - 0x00007ffca08eb000 	C:\WINDOWS\System32\profapi.dll
0x00007ffca0570000 - 0x00007ffca0587000 	C:\WINDOWS\SYSTEM32\CRYPTSP.dll
0x00007ffc9f930000 - 0x00007ffc9f963000 	C:\WINDOWS\system32\rsaenh.dll
0x00007ffca0370000 - 0x00007ffca0395000 	C:\WINDOWS\SYSTEM32\bcrypt.dll
0x00007ffca0740000 - 0x00007ffca0769000 	C:\WINDOWS\SYSTEM32\USERENV.dll
0x00007ffc9ff40000 - 0x00007ffc9ff4b000 	C:\WINDOWS\SYSTEM32\CRYPTBASE.dll
0x00007ffc658e0000 - 0x00007ffc658fa000 	C:\Program Files\Android\Android Studio1\jre\jre\bin\net.dll
0x00007ffc9fd80000 - 0x00007ffc9fde6000 	C:\WINDOWS\system32\mswsock.dll
0x00007ffc9fab0000 - 0x00007ffc9fae9000 	C:\WINDOWS\SYSTEM32\IPHLPAPI.DLL
0x00007ffca4410000 - 0x00007ffca4418000 	C:\WINDOWS\System32\NSI.dll
0x00007ffc95eb0000 - 0x00007ffc95ec6000 	C:\WINDOWS\SYSTEM32\dhcpcsvc6.DLL
0x00007ffc95e90000 - 0x00007ffc95eaa000 	C:\WINDOWS\SYSTEM32\dhcpcsvc.DLL
0x00007ffc90350000 - 0x00007ffc90361000 	C:\Program Files\Android\Android Studio1\jre\jre\bin\nio.dll

VM Arguments:
jvm_args: -Djava.awt.headless=true -Xmx64M -Dfile.encoding=windows-1252 -Duser.country=BR -Duser.language=pt -Duser.variant 
java_command: com.google.devtools.build.android.desugar.Desugar --input C:\Users\JCarvalhoJr\eclipse-workspace_2018\Web_Services_Android\Web_Service_Android_Client\app\build\intermediates\transforms\stackFramesFixer\debug\27.jar --output C:\Users\JCarvalhoJr\eclipse-workspace_2018\Web_Services_Android\Web_Service_Android_Client\app\build\intermediates\transforms\desugar\debug\28.jar --input C:\Users\JCarvalhoJr\eclipse-workspace_2018\Web_Services_Android\Web_Service_Android_Client\app\build\intermediates\transforms\stackFramesFixer\debug\30.jar --output C:\Users\JCarvalhoJr\eclipse-workspace_2018\Web_Services_Android\Web_Service_Android_Client\app\build\intermediates\transforms\desugar\debug\31.jar --input C:\Users\JCarvalhoJr\eclipse-workspace_2018\Web_Services_Android\Web_Service_Android_Client\app\build\intermediates\transforms\stackFramesFixer\debug\24.jar --output C:\Users\JCarvalhoJr\eclipse-workspace_2018\Web_Services_Android\Web_Service_Android_Client\app\build\intermediates\transforms\desugar\debug\25.jar --input C:\Users\JCarvalhoJr\eclipse-workspace_2018\Web_Services_Android\Web_Service_Android_Client\app\build\intermediates\transforms\stackFramesFixer\debug\0.jar --output C:\Users\JCarvalhoJr\eclipse-workspace_2018\Web_Services_Android\Web_Service_Android_Client\app\build\intermediates\transforms\desugar\debug\1.jar --input C:\Users\JCarvalhoJr\eclipse-workspace_2018\Web_Services_Android\Web_Service_Android_Client\app\build\intermediates\transforms\stackFramesFixer\debug\6.jar --output C:\Users\JCarvalhoJr\eclipse-workspace_2018\Web_Services_Android\Web_Service_Android_Client\app\build\intermediates\transforms\desugar\debug\7.jar --input C:\Users\JCarvalhoJr\eclipse-workspace_2018\Web_Services_Android\Web_Service_Android_Client\app\build\intermediates\transforms\stackFramesFixer\debug\12.jar --output C:\Users\JCarvalhoJr\eclipse-workspace_2018\Web_Services_Android\Web_Service_Android_Client\app\build\intermediates\transforms\desugar\debug\13.jar --inpu
java_class_path (initial): C:\Users\JCarvalhoJr\AppData\Local\Temp\desugar_deploy.jar1072657413588835485
Launcher Type: SUN_STANDARD

Environment Variables:
CLASSPATH=.;C:\Program Files (x86)\Griaule\Fingerprint SDK 2009\bin\GrFingerJava.jar
USERNAME=JCarvalhoJr
OS=Windows_NT
PROCESSOR_IDENTIFIER=Intel64 Family 6 Model 42 Stepping 7, GenuineIntel



---------------  S Y S T E M  ---------------

OS: Windows 10.0 , 64 bit Build 16299 (10.0.16299.15)

CPU:total 4 (initial active 4) (2 cores per cpu, 2 threads per core) family 6 model 42 stepping 7, cmov, cx8, fxsr, mmx, sse, sse2, sse3, ssse3, sse4.1, sse4.2, popcnt, avx, aes, clmul, ht, tsc, tscinvbit

Memory: 4k page, physical 12496748k(3227440k free), swap 13545324k(3228k free)

vm_info: OpenJDK 64-Bit Server VM (25.152-b01) for windows-amd64 JRE (1.8.0_152-release-915-b01), built by "builder" with MS VC++ 10.0 (VS2010)

time: Tue Mar 13 01:16:20 2018
elapsed time: 4 seconds (0d 0h 0m 4s)

