#
# There is insufficient memory for the Java Runtime Environment to continue.
# Native memory allocation (malloc) failed to allocate 606736 bytes for Chunk::new
# Possible reasons:
#   The system is out of physical RAM or swap space
#   In 32 bit mode, the process size limit was hit
# Possible solutions:
#   Reduce memory load on the system
#   Increase physical memory or swap space
#   Check if swap backing store is full
#   Use 64 bit Java on a 64 bit OS
#   Decrease Java heap size (-Xmx/-Xms)
#   Decrease number of Java threads
#   Decrease Java thread stack sizes (-Xss)
#   Set larger code cache with -XX:ReservedCodeCacheSize=
# This output file may be truncated or incomplete.
#
#  Out of Memory Error (allocation.cpp:390), pid=21604, tid=0x000000000000523c
#
# JRE version: OpenJDK Runtime Environment (8.0_152-b01) (build 1.8.0_152-release-915-b01)
# Java VM: OpenJDK 64-Bit Server VM (25.152-b01 mixed mode windows-amd64 compressed oops)
# Failed to write core dump. Minidumps are not enabled by default on client versions of Windows
#

---------------  T H R E A D  ---------------

Current thread (0x0000000014c23000):  JavaThread "C2 CompilerThread0" daemon [_thread_in_native, id=21052, stack(0x0000000016390000,0x0000000016490000)]

Stack: [0x0000000016390000,0x0000000016490000]
[error occurred during error reporting (printing stack bounds), id 0xc0000005]

Native frames: (J=compiled Java code, j=interpreted, Vv=VM code, C=native code)


Current CompileTask:
C2:   3703  894 %     4       org.objectweb.asm.ClassReader::a @ 1480 (3587 bytes)


---------------  P R O C E S S  ---------------

Java Threads: ( => current thread )
  0x00000000165a3000 JavaThread "Service Thread" daemon [_thread_blocked, id=5024, stack(0x0000000016a90000,0x0000000016b90000)]
  0x0000000014c79000 JavaThread "C1 CompilerThread2" daemon [_thread_in_vm, id=4152, stack(0x0000000016990000,0x0000000016a90000)]
  0x0000000014c25000 JavaThread "C2 CompilerThread1" daemon [_thread_blocked, id=20432, stack(0x0000000016490000,0x0000000016590000)]
=>0x0000000014c23000 JavaThread "C2 CompilerThread0" daemon [_thread_in_native, id=21052, stack(0x0000000016390000,0x0000000016490000)]
  0x0000000014c20800 JavaThread "Attach Listener" daemon [_thread_blocked, id=21696, stack(0x0000000016290000,0x0000000016390000)]
  0x0000000014c20000 JavaThread "Signal Dispatcher" daemon [_thread_blocked, id=22704, stack(0x0000000016190000,0x0000000016290000)]
  0x00000000048bc000 JavaThread "Finalizer" daemon [_thread_blocked, id=22928, stack(0x0000000015e90000,0x0000000015f90000)]
  0x00000000048b7000 JavaThread "Reference Handler" daemon [_thread_blocked, id=22520, stack(0x0000000015d90000,0x0000000015e90000)]
  0x00000000047c7000 JavaThread "main" [_thread_in_Java, id=9676, stack(0x00000000046c0000,0x00000000047c0000)]

Other Threads:
  0x0000000014be6000 VMThread [stack: 0x0000000015c90000,0x0000000015d90000] [id=22548]
  0x00000000165a4000 WatcherThread [stack: 0x0000000016b90000,0x0000000016c90000] [id=13512]

VM state:not at safepoint (normal execution)

VM Mutex/Monitor currently owned by a thread: None

Heap:
 PSYoungGen      total 18944K, used 18703K [0x00000000feb00000, 0x0000000100000000, 0x0000000100000000)
  eden space 16384K, 98% used [0x00000000feb00000,0x00000000ffac7eb0,0x00000000ffb00000)
  from space 2560K, 99% used [0x00000000ffb00000,0x00000000ffd7c020,0x00000000ffd80000)
  to   space 2560K, 0% used [0x00000000ffd80000,0x00000000ffd80000,0x0000000100000000)
 ParOldGen       total 44032K, used 1431K [0x00000000fc000000, 0x00000000feb00000, 0x00000000feb00000)
  object space 44032K, 3% used [0x00000000fc000000,0x00000000fc165f88,0x00000000feb00000)
 Metaspace       used 7701K, capacity 7880K, committed 7936K, reserved 1056768K
  class space    used 896K, capacity 988K, committed 1024K, reserved 1048576K

Card table byte_map: [0x00000000044d0000,0x0000000004500000] byte_map_base: 0x0000000003cf0000

Marking Bits: (ParMarkBitMap*) 0x000000006e4b3950
 Begin Bits: [0x0000000014080000, 0x0000000014180000)
 End Bits:   [0x0000000014180000, 0x0000000014280000)

Polling page: 0x0000000004370000

CodeCache: size=245760Kb used=3449Kb max_used=3449Kb free=242310Kb
 bounds [0x00000000048c0000, 0x0000000004c30000, 0x00000000138c0000]
 total_blobs=1234 nmethods=903 adapters=245
 compilation: enabled

Compilation events (10 events):
Event: 3.683 Thread 0x0000000014c79000  900       3       org.objectweb.asm.ClassWriter::visitMethod (20 bytes)
Event: 3.683 Thread 0x0000000014c79000 nmethod 900 0x0000000004c12c90 code [0x0000000004c12e00, 0x0000000004c13028]
Event: 3.683 Thread 0x0000000014c79000  901       3       com.google.common.base.Preconditions::checkNotNull (35 bytes)
Event: 3.684 Thread 0x0000000014c79000 nmethod 901 0x0000000004c1bdd0 code [0x0000000004c1bf80, 0x0000000004c1c5d8]
Event: 3.684 Thread 0x0000000014c79000  902       3       com.google.devtools.build.android.desugar.LambdaDesugaring$InvokedynamicRewriter::visitEnd (9 bytes)
Event: 3.684 Thread 0x0000000014c79000 nmethod 902 0x0000000004c1c810 code [0x0000000004c1c980, 0x0000000004c1cb88]
Event: 3.684 Thread 0x0000000014c79000  903       3       org.objectweb.asm.MethodWriter::visitEnd (1 bytes)
Event: 3.684 Thread 0x0000000014c79000 nmethod 903 0x0000000004c128d0 code [0x0000000004c12a20, 0x0000000004c12b70]
Event: 3.684 Thread 0x0000000014c79000  904       3       org.objectweb.asm.MethodWriter::a (845 bytes)
Event: 3.688 Thread 0x0000000014c79000 nmethod 904 0x0000000004c1cc10 code [0x0000000004c1d080, 0x0000000004c1f468]

GC Heap History (2 events):
Event: 1.874 GC heap before
{Heap before GC invocations=1 (full 0):
 PSYoungGen      total 18944K, used 16384K [0x00000000feb00000, 0x0000000100000000, 0x0000000100000000)
  eden space 16384K, 100% used [0x00000000feb00000,0x00000000ffb00000,0x00000000ffb00000)
  from space 2560K, 0% used [0x00000000ffd80000,0x00000000ffd80000,0x0000000100000000)
  to   space 2560K, 0% used [0x00000000ffb00000,0x00000000ffb00000,0x00000000ffd80000)
 ParOldGen       total 44032K, used 0K [0x00000000fc000000, 0x00000000feb00000, 0x00000000feb00000)
  object space 44032K, 0% used [0x00000000fc000000,0x00000000fc000000,0x00000000feb00000)
 Metaspace       used 6519K, capacity 6682K, committed 6784K, reserved 1056768K
  class space    used 768K, capacity 823K, committed 896K, reserved 1048576K
Event: 1.934 GC heap after
Heap after GC invocations=1 (full 0):
 PSYoungGen      total 18944K, used 2544K [0x00000000feb00000, 0x0000000100000000, 0x0000000100000000)
  eden space 16384K, 0% used [0x00000000feb00000,0x00000000feb00000,0x00000000ffb00000)
  from space 2560K, 99% used [0x00000000ffb00000,0x00000000ffd7c020,0x00000000ffd80000)
  to   space 2560K, 0% used [0x00000000ffd80000,0x00000000ffd80000,0x0000000100000000)
 ParOldGen       total 44032K, used 1431K [0x00000000fc000000, 0x00000000feb00000, 0x00000000feb00000)
  object space 44032K, 3% used [0x00000000fc000000,0x00000000fc165f88,0x00000000feb00000)
 Metaspace       used 6519K, capacity 6682K, committed 6784K, reserved 1056768K
  class space    used 768K, capacity 823K, committed 896K, reserved 1048576K
}

Deoptimization events (10 events):
Event: 2.502 Thread 0x00000000047c7000 Uncommon trap: reason=class_check action=maybe_recompile pc=0x0000000004af2e2c method=com.google.common.collect.TransformedIterator.hasNext()Z @ 4
Event: 2.502 Thread 0x00000000047c7000 Uncommon trap: reason=class_check action=maybe_recompile pc=0x0000000004af2e2c method=com.google.common.collect.TransformedIterator.hasNext()Z @ 4
Event: 2.503 Thread 0x00000000047c7000 Uncommon trap: reason=class_check action=maybe_recompile pc=0x0000000004ae0168 method=com.google.common.collect.TransformedIterator.next()Ljava/lang/Object; @ 5
Event: 2.503 Thread 0x00000000047c7000 Uncommon trap: reason=class_check action=maybe_recompile pc=0x0000000004adc490 method=com.google.common.collect.Iterators$7.transform(Ljava/lang/Object;)Ljava/lang/Object; @ 5
Event: 2.503 Thread 0x00000000047c7000 Uncommon trap: reason=class_check action=maybe_recompile pc=0x0000000004af2e2c method=com.google.common.collect.TransformedIterator.hasNext()Z @ 4
Event: 2.503 Thread 0x00000000047c7000 Uncommon trap: reason=class_check action=maybe_recompile pc=0x0000000004ae0168 method=com.google.common.collect.TransformedIterator.next()Ljava/lang/Object; @ 5
Event: 2.503 Thread 0x00000000047c7000 Uncommon trap: reason=class_check action=maybe_recompile pc=0x0000000004adc490 method=com.google.common.collect.Iterators$7.transform(Ljava/lang/Object;)Ljava/lang/Object; @ 5
Event: 2.503 Thread 0x00000000047c7000 Uncommon trap: reason=class_check action=maybe_recompile pc=0x0000000004ae0168 method=com.google.common.collect.TransformedIterator.next()Ljava/lang/Object; @ 5
Event: 2.503 Thread 0x00000000047c7000 Uncommon trap: reason=class_check action=maybe_recompile pc=0x0000000004adc490 method=com.google.common.collect.Iterators$7.transform(Ljava/lang/Object;)Ljava/lang/Object; @ 5
Event: 2.556 Thread 0x00000000047c7000 Uncommon trap: reason=unstable_if action=reinterpret pc=0x0000000004a923b8 method=java.lang.String.indexOf([CII[CIII)I @ 134

Classes redefined (0 events):
No events

Internal exceptions (10 events):
Event: 2.102 Thread 0x00000000047c7000 Exception <a 'sun/nio/fs/WindowsException'> (0x00000000ff1cd8b8) thrown at [D:\src\AOSP-openjdk-cygwin\jdk8u\hotspot\src\share\vm\prims\jni.cpp, line 709]
Event: 2.102 Thread 0x00000000047c7000 Exception <a 'sun/nio/fs/WindowsException'> (0x00000000ff1cded0) thrown at [D:\src\AOSP-openjdk-cygwin\jdk8u\hotspot\src\share\vm\prims\jni.cpp, line 709]
Event: 2.102 Thread 0x00000000047c7000 Exception <a 'sun/nio/fs/WindowsException'> (0x00000000ff1ce6b0) thrown at [D:\src\AOSP-openjdk-cygwin\jdk8u\hotspot\src\share\vm\prims\jni.cpp, line 709]
Event: 2.119 Thread 0x00000000047c7000 Exception <a 'sun/nio/fs/WindowsException'> (0x00000000ff1ceca0) thrown at [D:\src\AOSP-openjdk-cygwin\jdk8u\hotspot\src\share\vm\prims\jni.cpp, line 709]
Event: 2.119 Thread 0x00000000047c7000 Exception <a 'sun/nio/fs/WindowsException'> (0x00000000ff1cf470) thrown at [D:\src\AOSP-openjdk-cygwin\jdk8u\hotspot\src\share\vm\prims\jni.cpp, line 709]
Event: 2.141 Thread 0x00000000047c7000 Exception <a 'sun/nio/fs/WindowsException'> (0x00000000ff1d4980) thrown at [D:\src\AOSP-openjdk-cygwin\jdk8u\hotspot\src\share\vm\prims\jni.cpp, line 709]
Event: 2.444 Thread 0x00000000047c7000 Exception <a 'sun/nio/fs/WindowsException'> (0x00000000ff4c34f0) thrown at [D:\src\AOSP-openjdk-cygwin\jdk8u\hotspot\src\share\vm\prims\jni.cpp, line 709]
Event: 2.444 Thread 0x00000000047c7000 Exception <a 'sun/nio/fs/WindowsException'> (0x00000000ff4c3af0) thrown at [D:\src\AOSP-openjdk-cygwin\jdk8u\hotspot\src\share\vm\prims\jni.cpp, line 709]
Event: 2.931 Thread 0x00000000047c7000 Exception <a 'sun/nio/fs/WindowsException'> (0x00000000ff712d98) thrown at [D:\src\AOSP-openjdk-cygwin\jdk8u\hotspot\src\share\vm\prims\jni.cpp, line 709]
Event: 2.932 Thread 0x00000000047c7000 Exception <a 'sun/nio/fs/WindowsException'> (0x00000000ff713318) thrown at [D:\src\AOSP-openjdk-cygwin\jdk8u\hotspot\src\share\vm\prims\jni.cpp, line 709]

Events (10 events):
Event: 2.619 loading class org/objectweb/asm/tree/LocalVariableNode
Event: 2.619 loading class org/objectweb/asm/tree/LocalVariableNode done
Event: 2.619 loading class org/objectweb/asm/Edge
Event: 2.619 loading class org/objectweb/asm/Edge done
Event: 2.738 loading class java/util/Vector$Itr
Event: 2.738 loading class java/util/Vector$Itr done
Event: 3.239 loading class org/objectweb/asm/tree/TryCatchBlockNode
Event: 3.239 loading class org/objectweb/asm/tree/TryCatchBlockNode done
Event: 3.240 loading class org/objectweb/asm/Handler
Event: 3.240 loading class org/objectweb/asm/Handler done


Dynamic libraries:
0x00007ff65ea60000 - 0x00007ff65ea91000 	C:\Program Files\Android\Android Studio1\jre\bin\java.exe
0x00007ff9e3740000 - 0x00007ff9e3920000 	C:\WINDOWS\SYSTEM32\ntdll.dll
0x00007ff9e0e00000 - 0x00007ff9e0eae000 	C:\WINDOWS\System32\KERNEL32.DLL
0x00007ff9dfba0000 - 0x00007ff9dfe06000 	C:\WINDOWS\System32\KERNELBASE.dll
0x00007ff9e1540000 - 0x00007ff9e15e1000 	C:\WINDOWS\System32\ADVAPI32.dll
0x00007ff9e1ea0000 - 0x00007ff9e1f3d000 	C:\WINDOWS\System32\msvcrt.dll
0x00007ff9e0da0000 - 0x00007ff9e0dfb000 	C:\WINDOWS\System32\sechost.dll
0x00007ff9e35f0000 - 0x00007ff9e370f000 	C:\WINDOWS\System32\RPCRT4.dll
0x00007ff9e0c10000 - 0x00007ff9e0d9e000 	C:\WINDOWS\System32\USER32.dll
0x00007ff9e0190000 - 0x00007ff9e01b0000 	C:\WINDOWS\System32\win32u.dll
0x00007ff9e1de0000 - 0x00007ff9e1e08000 	C:\WINDOWS\System32\GDI32.dll
0x00007ff9e0a70000 - 0x00007ff9e0c04000 	C:\WINDOWS\System32\gdi32full.dll
0x00007ff9e09d0000 - 0x00007ff9e0a6b000 	C:\WINDOWS\System32\msvcp_win.dll
0x00007ff9e0090000 - 0x00007ff9e0186000 	C:\WINDOWS\System32\ucrtbase.dll
0x00007ff9d17c0000 - 0x00007ff9d1a29000 	C:\WINDOWS\WinSxS\amd64_microsoft.windows.common-controls_6595b64144ccf1df_6.0.16299.19_none_cc92fab02215da61\COMCTL32.dll
0x00007ff9e1000000 - 0x00007ff9e1308000 	C:\WINDOWS\System32\combase.dll
0x00007ff9e01b0000 - 0x00007ff9e0222000 	C:\WINDOWS\System32\bcryptPrimitives.dll
0x00007ff9e14b0000 - 0x00007ff9e14dd000 	C:\WINDOWS\System32\IMM32.DLL
0x000000006d2e0000 - 0x000000006d3b2000 	C:\Program Files\Android\Android Studio1\jre\jre\bin\msvcr100.dll
0x000000006dcf0000 - 0x000000006e52e000 	C:\Program Files\Android\Android Studio1\jre\jre\bin\server\jvm.dll
0x00007ff9e1e10000 - 0x00007ff9e1e18000 	C:\WINDOWS\System32\PSAPI.DLL
0x00007ff9dde90000 - 0x00007ff9dde99000 	C:\WINDOWS\SYSTEM32\WSOCK32.dll
0x00007ff9e13e0000 - 0x00007ff9e144c000 	C:\WINDOWS\System32\WS2_32.dll
0x00007ff9dda80000 - 0x00007ff9ddaa3000 	C:\WINDOWS\SYSTEM32\WINMM.dll
0x00007ff9ccec0000 - 0x00007ff9cceca000 	C:\WINDOWS\SYSTEM32\VERSION.dll
0x00007ff9dda20000 - 0x00007ff9dda4a000 	C:\WINDOWS\SYSTEM32\WINMMBASE.dll
0x00007ff9e0230000 - 0x00007ff9e027a000 	C:\WINDOWS\System32\cfgmgr32.dll
0x00007ff9ddff0000 - 0x00007ff9ddfff000 	C:\Program Files\Android\Android Studio1\jre\jre\bin\verify.dll
0x00007ff9ddca0000 - 0x00007ff9ddcc9000 	C:\Program Files\Android\Android Studio1\jre\jre\bin\java.dll
0x00007ff9ddc80000 - 0x00007ff9ddc96000 	C:\Program Files\Android\Android Studio1\jre\jre\bin\zip.dll
0x00007ff9e21b0000 - 0x00007ff9e35e7000 	C:\WINDOWS\System32\SHELL32.dll
0x00007ff9e1ab0000 - 0x00007ff9e1b56000 	C:\WINDOWS\System32\shcore.dll
0x00007ff9e0280000 - 0x00007ff9e09c7000 	C:\WINDOWS\System32\windows.storage.dll
0x00007ff9e14e0000 - 0x00007ff9e1531000 	C:\WINDOWS\System32\shlwapi.dll
0x00007ff9dfa90000 - 0x00007ff9dfaa1000 	C:\WINDOWS\System32\kernel.appcore.dll
0x00007ff9dfaf0000 - 0x00007ff9dfb3c000 	C:\WINDOWS\System32\powrprof.dll
0x00007ff9dfad0000 - 0x00007ff9dfaeb000 	C:\WINDOWS\System32\profapi.dll
0x00007ff9df480000 - 0x00007ff9df497000 	C:\WINDOWS\SYSTEM32\CRYPTSP.dll
0x00007ff9deed0000 - 0x00007ff9def03000 	C:\WINDOWS\system32\rsaenh.dll
0x00007ff9df5f0000 - 0x00007ff9df615000 	C:\WINDOWS\SYSTEM32\bcrypt.dll
0x00007ff9df990000 - 0x00007ff9df9b9000 	C:\WINDOWS\SYSTEM32\USERENV.dll
0x00007ff9df4a0000 - 0x00007ff9df4ab000 	C:\WINDOWS\SYSTEM32\CRYPTBASE.dll
0x00007ff9d8ac0000 - 0x00007ff9d8ada000 	C:\Program Files\Android\Android Studio1\jre\jre\bin\net.dll
0x00007ff9df2c0000 - 0x00007ff9df326000 	C:\WINDOWS\system32\mswsock.dll
0x00007ff9df050000 - 0x00007ff9df089000 	C:\WINDOWS\SYSTEM32\IPHLPAPI.DLL
0x00007ff9e2100000 - 0x00007ff9e2108000 	C:\WINDOWS\System32\NSI.dll
0x00007ff9d5060000 - 0x00007ff9d5076000 	C:\WINDOWS\SYSTEM32\dhcpcsvc6.DLL
0x00007ff9d5040000 - 0x00007ff9d505a000 	C:\WINDOWS\SYSTEM32\dhcpcsvc.DLL
0x00007ff9d4b30000 - 0x00007ff9d4b41000 	C:\Program Files\Android\Android Studio1\jre\jre\bin\nio.dll

VM Arguments:
jvm_args: -Djava.awt.headless=true -Xmx64M -Dfile.encoding=windows-1252 -Duser.country=BR -Duser.language=pt -Duser.variant 
java_command: com.google.devtools.build.android.desugar.Desugar --input C:\Users\JCarvalhoJr\eclipse-workspace_2018\Web_Services_Android\Web_Service_Android_Client\app\build\intermediates\transforms\stackFramesFixer\debug\25.jar --output C:\Users\JCarvalhoJr\eclipse-workspace_2018\Web_Services_Android\Web_Service_Android_Client\app\build\intermediates\transforms\desugar\debug\26.jar --input C:\Users\JCarvalhoJr\eclipse-workspace_2018\Web_Services_Android\Web_Service_Android_Client\app\build\intermediates\transforms\stackFramesFixer\debug\10.jar --output C:\Users\JCarvalhoJr\eclipse-workspace_2018\Web_Services_Android\Web_Service_Android_Client\app\build\intermediates\transforms\desugar\debug\11.jar --input C:\Users\JCarvalhoJr\eclipse-workspace_2018\Web_Services_Android\Web_Service_Android_Client\app\build\intermediates\transforms\stackFramesFixer\debug\22.jar --output C:\Users\JCarvalhoJr\eclipse-workspace_2018\Web_Services_Android\Web_Service_Android_Client\app\build\intermediates\transforms\desugar\debug\23.jar --input C:\Users\JCarvalhoJr\eclipse-workspace_2018\Web_Services_Android\Web_Service_Android_Client\app\build\intermediates\transforms\stackFramesFixer\debug\1.jar --output C:\Users\JCarvalhoJr\eclipse-workspace_2018\Web_Services_Android\Web_Service_Android_Client\app\build\intermediates\transforms\desugar\debug\2.jar --input C:\Users\JCarvalhoJr\eclipse-workspace_2018\Web_Services_Android\Web_Service_Android_Client\app\build\intermediates\transforms\stackFramesFixer\debug\18.jar --output C:\Users\JCarvalhoJr\eclipse-workspace_2018\Web_Services_Android\Web_Service_Android_Client\app\build\intermediates\transforms\desugar\debug\19.jar --input C:\Users\JCarvalhoJr\eclipse-workspace_2018\Web_Services_Android\Web_Service_Android_Client\app\build\intermediates\transforms\stackFramesFixer\debug\4.jar --output C:\Users\JCarvalhoJr\eclipse-workspace_2018\Web_Services_Android\Web_Service_Android_Client\app\build\intermediates\transforms\desugar\debug\5.jar --inpu
java_class_path (initial): C:\Users\JCarvalhoJr\AppData\Local\Temp\desugar_deploy.jar6380878435666297763
Launcher Type: SUN_STANDARD

Environment Variables:
CLASSPATH=.;C:\Program Files (x86)\Griaule\Fingerprint SDK 2009\bin\GrFingerJava.jar
USERNAME=JCarvalhoJr
OS=Windows_NT
PROCESSOR_IDENTIFIER=Intel64 Family 6 Model 42 Stepping 7, GenuineIntel



---------------  S Y S T E M  ---------------

OS: Windows 10.0 , 64 bit Build 16299 (10.0.16299.15)

CPU:total 4 (initial active 4) (2 cores per cpu, 2 threads per core) family 6 model 42 stepping 7, cmov, cx8, fxsr, mmx, sse, sse2, sse3, ssse3, sse4.1, sse4.2, popcnt, avx, aes, clmul, ht, tsc, tscinvbit

Memory: 4k page, physical 12496748k(2951588k free), swap 13545324k(1288k free)

vm_info: OpenJDK 64-Bit Server VM (25.152-b01) for windows-amd64 JRE (1.8.0_152-release-915-b01), built by "builder" with MS VC++ 10.0 (VS2010)

time: Sun Mar 11 16:34:22 2018
elapsed time: 3 seconds (0d 0h 0m 3s)

