#
# There is insufficient memory for the Java Runtime Environment to continue.
# Native memory allocation (malloc) failed to allocate 1940304 bytes for Chunk::new
# Possible reasons:
#   The system is out of physical RAM or swap space
#   In 32 bit mode, the process size limit was hit
# Possible solutions:
#   Reduce memory load on the system
#   Increase physical memory or swap space
#   Check if swap backing store is full
#   Use 64 bit Java on a 64 bit OS
#   Decrease Java heap size (-Xmx/-Xms)
#   Decrease number of Java threads
#   Decrease Java thread stack sizes (-Xss)
#   Set larger code cache with -XX:ReservedCodeCacheSize=
# This output file may be truncated or incomplete.
#
#  Out of Memory Error (allocation.cpp:390), pid=16496, tid=0x000000000000474c
#
# JRE version: OpenJDK Runtime Environment (8.0_152-b01) (build 1.8.0_152-release-915-b01)
# Java VM: OpenJDK 64-Bit Server VM (25.152-b01 mixed mode windows-amd64 compressed oops)
# Failed to write core dump. Minidumps are not enabled by default on client versions of Windows
#

---------------  T H R E A D  ---------------

Current thread (0x0000000014f13000):  JavaThread "C2 CompilerThread0" daemon [_thread_in_native, id=18252, stack(0x0000000016680000,0x0000000016780000)]

Stack: [0x0000000016680000,0x0000000016780000]
[error occurred during error reporting (printing stack bounds), id 0xc0000005]

Native frames: (J=compiled Java code, j=interpreted, Vv=VM code, C=native code)


Current CompileTask:
C2:   6203  881 %     4       org.objectweb.asm.ClassReader::a @ 1480 (3587 bytes)


---------------  P R O C E S S  ---------------

Java Threads: ( => current thread )
  0x0000000016893000 JavaThread "Service Thread" daemon [_thread_blocked, id=18288, stack(0x0000000016d80000,0x0000000016e80000)]
  0x0000000016883800 JavaThread "C1 CompilerThread2" daemon [_thread_blocked, id=14744, stack(0x0000000016c80000,0x0000000016d80000)]
  0x0000000014f15000 JavaThread "C2 CompilerThread1" daemon [_thread_blocked, id=15616, stack(0x0000000016780000,0x0000000016880000)]
=>0x0000000014f13000 JavaThread "C2 CompilerThread0" daemon [_thread_in_native, id=18252, stack(0x0000000016680000,0x0000000016780000)]
  0x0000000014f10800 JavaThread "Attach Listener" daemon [_thread_blocked, id=6612, stack(0x0000000016580000,0x0000000016680000)]
  0x0000000014f0f800 JavaThread "Signal Dispatcher" daemon [_thread_blocked, id=5692, stack(0x0000000016480000,0x0000000016580000)]
  0x0000000004bac000 JavaThread "Finalizer" daemon [_thread_blocked, id=13540, stack(0x0000000016180000,0x0000000016280000)]
  0x0000000004ba7000 JavaThread "Reference Handler" daemon [_thread_blocked, id=1240, stack(0x0000000016080000,0x0000000016180000)]
  0x0000000004ab6800 JavaThread "main" [_thread_in_native, id=17452, stack(0x00000000048c0000,0x00000000049c0000)]

Other Threads:
  0x0000000014ed6000 VMThread [stack: 0x0000000015f80000,0x0000000016080000] [id=17720]
  0x0000000016894800 WatcherThread [stack: 0x0000000016e80000,0x0000000016f80000] [id=10564]

VM state:not at safepoint (normal execution)

VM Mutex/Monitor currently owned by a thread: None

Heap:
 PSYoungGen      total 18944K, used 18912K [0x00000000feb00000, 0x0000000100000000, 0x0000000100000000)
  eden space 16384K, 100% used [0x00000000feb00000,0x00000000ffb00000,0x00000000ffb00000)
  from space 2560K, 98% used [0x00000000ffb00000,0x00000000ffd78030,0x00000000ffd80000)
  to   space 2560K, 0% used [0x00000000ffd80000,0x00000000ffd80000,0x0000000100000000)
 ParOldGen       total 44032K, used 1507K [0x00000000fc000000, 0x00000000feb00000, 0x00000000feb00000)
  object space 44032K, 3% used [0x00000000fc000000,0x00000000fc178f40,0x00000000feb00000)
 Metaspace       used 7544K, capacity 7784K, committed 7936K, reserved 1056768K
  class space    used 868K, capacity 956K, committed 1024K, reserved 1048576K

Card table byte_map: [0x0000000002f00000,0x0000000002f30000] byte_map_base: 0x0000000002720000

Marking Bits: (ParMarkBitMap*) 0x0000000066963950
 Begin Bits: [0x0000000014370000, 0x0000000014470000)
 End Bits:   [0x0000000014470000, 0x0000000014570000)

Polling page: 0x0000000002bc0000

CodeCache: size=245760Kb used=3581Kb max_used=3592Kb free=242178Kb
 bounds [0x0000000004bb0000, 0x0000000004f40000, 0x0000000013bb0000]
 total_blobs=1263 nmethods=932 adapters=245
 compilation: enabled

Compilation events (10 events):
Event: 5.546 Thread 0x0000000016883800  929   !   3       sun.misc.URLClassPath$JarLoader::ensureOpen (36 bytes)
Event: 5.546 Thread 0x0000000016883800 nmethod 929 0x0000000004f2bb90 code [0x0000000004f2bd20, 0x0000000004f2c1f8]
Event: 5.546 Thread 0x0000000016883800  930       3       java.util.zip.ZipEntry::<init> (146 bytes)
Event: 5.547 Thread 0x0000000016883800 nmethod 930 0x0000000004f320d0 code [0x0000000004f32260, 0x0000000004f32688]
Event: 5.547 Thread 0x0000000016883800  931   !   3       sun.misc.URLClassPath$JarLoader::checkResource (55 bytes)
Event: 5.548 Thread 0x0000000016883800 nmethod 931 0x0000000004f31550 code [0x0000000004f31700, 0x0000000004f31d68]
Event: 5.549 Thread 0x0000000014f15000  932       4       org.objectweb.asm.MethodVisitor::visitInsn (16 bytes)
Event: 5.549 Thread 0x0000000014f15000 nmethod 932 0x0000000004ee69d0 code [0x0000000004ee6b00, 0x0000000004ee6b98]
Event: 5.550 Thread 0x0000000014f15000  933       4       org.objectweb.asm.Item::<init> (66 bytes)
Event: 5.551 Thread 0x0000000014f15000 nmethod 933 0x0000000004f32810 code [0x0000000004f32940, 0x0000000004f329f8]

GC Heap History (2 events):
Event: 3.639 GC heap before
{Heap before GC invocations=1 (full 0):
 PSYoungGen      total 18944K, used 16384K [0x00000000feb00000, 0x0000000100000000, 0x0000000100000000)
  eden space 16384K, 100% used [0x00000000feb00000,0x00000000ffb00000,0x00000000ffb00000)
  from space 2560K, 0% used [0x00000000ffd80000,0x00000000ffd80000,0x0000000100000000)
  to   space 2560K, 0% used [0x00000000ffb00000,0x00000000ffb00000,0x00000000ffd80000)
 ParOldGen       total 44032K, used 0K [0x00000000fc000000, 0x00000000feb00000, 0x00000000feb00000)
  object space 44032K, 0% used [0x00000000fc000000,0x00000000fc000000,0x00000000feb00000)
 Metaspace       used 6540K, capacity 6746K, committed 7040K, reserved 1056768K
  class space    used 768K, capacity 823K, committed 896K, reserved 1048576K
Event: 3.648 GC heap after
Heap after GC invocations=1 (full 0):
 PSYoungGen      total 18944K, used 2528K [0x00000000feb00000, 0x0000000100000000, 0x0000000100000000)
  eden space 16384K, 0% used [0x00000000feb00000,0x00000000feb00000,0x00000000ffb00000)
  from space 2560K, 98% used [0x00000000ffb00000,0x00000000ffd78030,0x00000000ffd80000)
  to   space 2560K, 0% used [0x00000000ffd80000,0x00000000ffd80000,0x0000000100000000)
 ParOldGen       total 44032K, used 1507K [0x00000000fc000000, 0x00000000feb00000, 0x00000000feb00000)
  object space 44032K, 3% used [0x00000000fc000000,0x00000000fc178f40,0x00000000feb00000)
 Metaspace       used 6540K, capacity 6746K, committed 7040K, reserved 1056768K
  class space    used 768K, capacity 823K, committed 896K, reserved 1048576K
}

Deoptimization events (10 events):
Event: 4.613 Thread 0x0000000004ab6800 Uncommon trap: reason=unstable_if action=reinterpret pc=0x0000000004d9ba38 method=java.lang.String.indexOf([CII[CIII)I @ 134
Event: 4.627 Thread 0x0000000004ab6800 Uncommon trap: reason=unstable_if action=reinterpret pc=0x0000000004d60cac method=java.lang.String.<init>([CII)V @ 18
Event: 5.479 Thread 0x0000000004ab6800 Uncommon trap: reason=unstable_if action=reinterpret pc=0x0000000004eb10f0 method=org.objectweb.asm.ClassReader.readUTF8(I[C)Ljava/lang/String; @ 7
Event: 5.523 Thread 0x0000000004ab6800 Uncommon trap: reason=class_check action=maybe_recompile pc=0x0000000004ef25cc method=org.objectweb.asm.MethodVisitor.visitVarInsn(II)V @ 13
Event: 5.524 Thread 0x0000000004ab6800 Uncommon trap: reason=class_check action=maybe_recompile pc=0x0000000004ef25cc method=org.objectweb.asm.MethodVisitor.visitVarInsn(II)V @ 13
Event: 5.543 Thread 0x0000000004ab6800 Uncommon trap: reason=bimorphic action=maybe_recompile pc=0x0000000004eff188 method=org.objectweb.asm.MethodVisitor.visitInsn(I)V @ 12
Event: 5.544 Thread 0x0000000004ab6800 Uncommon trap: reason=bimorphic action=maybe_recompile pc=0x0000000004eff188 method=org.objectweb.asm.MethodVisitor.visitInsn(I)V @ 12
Event: 5.544 Thread 0x0000000004ab6800 Uncommon trap: reason=bimorphic action=maybe_recompile pc=0x0000000004eff188 method=org.objectweb.asm.MethodVisitor.visitInsn(I)V @ 12
Event: 5.544 Thread 0x0000000004ab6800 Uncommon trap: reason=bimorphic action=maybe_recompile pc=0x0000000004eff188 method=org.objectweb.asm.MethodVisitor.visitInsn(I)V @ 12
Event: 5.544 Thread 0x0000000004ab6800 Uncommon trap: reason=bimorphic action=maybe_recompile pc=0x0000000004ed61fc method=org.objectweb.asm.MethodVisitor.visitInsn(I)V @ 12

Classes redefined (0 events):
No events

Internal exceptions (10 events):
Event: 4.380 Thread 0x0000000004ab6800 Exception <a 'sun/nio/fs/WindowsException'> (0x00000000ff4ba638) thrown at [D:\src\AOSP-openjdk-cygwin\jdk8u\hotspot\src\share\vm\prims\jni.cpp, line 709]
Event: 4.381 Thread 0x0000000004ab6800 Exception <a 'sun/nio/fs/WindowsException'> (0x00000000ff4bac38) thrown at [D:\src\AOSP-openjdk-cygwin\jdk8u\hotspot\src\share\vm\prims\jni.cpp, line 709]
Event: 4.419 Thread 0x0000000004ab6800 Exception <a 'sun/nio/fs/WindowsException'> (0x00000000ff4c6680) thrown at [D:\src\AOSP-openjdk-cygwin\jdk8u\hotspot\src\share\vm\prims\jni.cpp, line 709]
Event: 4.419 Thread 0x0000000004ab6800 Exception <a 'sun/nio/fs/WindowsException'> (0x00000000ff4c6c00) thrown at [D:\src\AOSP-openjdk-cygwin\jdk8u\hotspot\src\share\vm\prims\jni.cpp, line 709]
Event: 4.884 Thread 0x0000000004ab6800 Exception <a 'sun/nio/fs/WindowsException'> (0x00000000ff87e688) thrown at [D:\src\AOSP-openjdk-cygwin\jdk8u\hotspot\src\share\vm\prims\jni.cpp, line 709]
Event: 4.885 Thread 0x0000000004ab6800 Exception <a 'sun/nio/fs/WindowsException'> (0x00000000ff87ec08) thrown at [D:\src\AOSP-openjdk-cygwin\jdk8u\hotspot\src\share\vm\prims\jni.cpp, line 709]
Event: 5.461 Thread 0x0000000004ab6800 Exception <a 'sun/nio/fs/WindowsException'> (0x00000000ffa95658) thrown at [D:\src\AOSP-openjdk-cygwin\jdk8u\hotspot\src\share\vm\prims\jni.cpp, line 709]
Event: 5.461 Thread 0x0000000004ab6800 Exception <a 'sun/nio/fs/WindowsException'> (0x00000000ffa95bd8) thrown at [D:\src\AOSP-openjdk-cygwin\jdk8u\hotspot\src\share\vm\prims\jni.cpp, line 709]
Event: 5.553 Thread 0x0000000004ab6800 Exception <a 'sun/nio/fs/WindowsException'> (0x00000000ffaedde0) thrown at [D:\src\AOSP-openjdk-cygwin\jdk8u\hotspot\src\share\vm\prims\jni.cpp, line 709]
Event: 5.554 Thread 0x0000000004ab6800 Exception <a 'sun/nio/fs/WindowsException'> (0x00000000ffaee360) thrown at [D:\src\AOSP-openjdk-cygwin\jdk8u\hotspot\src\share\vm\prims\jni.cpp, line 709]

Events (10 events):
Event: 5.544 Thread 0x0000000004ab6800 DEOPT UNPACKING pc=0x0000000004bf556a sp=0x00000000049beba0 mode 2
Event: 5.544 Thread 0x0000000004ab6800 Uncommon trap: trap_request=0xffffffc6 fr.pc=0x0000000004ed61fc
Event: 5.544 Thread 0x0000000004ab6800 DEOPT PACKING pc=0x0000000004ed61fc sp=0x00000000049bebe0
Event: 5.544 Thread 0x0000000004ab6800 DEOPT UNPACKING pc=0x0000000004bf556a sp=0x00000000049beb90 mode 2
Event: 5.544 loading class com/google/devtools/build/android/desugar/FieldInfo
Event: 5.544 loading class com/google/devtools/build/android/desugar/FieldInfo done
Event: 5.544 loading class com/google/devtools/build/android/desugar/AutoValue_FieldInfo
Event: 5.544 loading class com/google/devtools/build/android/desugar/AutoValue_FieldInfo done
Event: 5.545 loading class com/google/devtools/build/android/desugar/Java7Compatibility$InlineOneMethod
Event: 5.545 loading class com/google/devtools/build/android/desugar/Java7Compatibility$InlineOneMethod done


Dynamic libraries:
0x00007ff67e2c0000 - 0x00007ff67e2f1000 	C:\Program Files\Android\Android Studio1\jre\bin\java.exe
0x00007ffa8bac0000 - 0x00007ffa8bca0000 	C:\WINDOWS\SYSTEM32\ntdll.dll
0x00007ffa8b2c0000 - 0x00007ffa8b36e000 	C:\WINDOWS\System32\KERNEL32.DLL
0x00007ffa88210000 - 0x00007ffa88476000 	C:\WINDOWS\System32\KERNELBASE.dll
0x00007ffa89420000 - 0x00007ffa894c1000 	C:\WINDOWS\System32\ADVAPI32.dll
0x00007ffa89bf0000 - 0x00007ffa89c8d000 	C:\WINDOWS\System32\msvcrt.dll
0x00007ffa89c90000 - 0x00007ffa89ceb000 	C:\WINDOWS\System32\sechost.dll
0x00007ffa8b740000 - 0x00007ffa8b85f000 	C:\WINDOWS\System32\RPCRT4.dll
0x00007ffa8b510000 - 0x00007ffa8b69e000 	C:\WINDOWS\System32\USER32.dll
0x00007ffa885a0000 - 0x00007ffa885c0000 	C:\WINDOWS\System32\win32u.dll
0x00007ffa8ba00000 - 0x00007ffa8ba28000 	C:\WINDOWS\System32\GDI32.dll
0x00007ffa88020000 - 0x00007ffa881b4000 	C:\WINDOWS\System32\gdi32full.dll
0x00007ffa88500000 - 0x00007ffa8859b000 	C:\WINDOWS\System32\msvcp_win.dll
0x00007ffa87ec0000 - 0x00007ffa87fb6000 	C:\WINDOWS\System32\ucrtbase.dll
0x00007ffa788b0000 - 0x00007ffa78b19000 	C:\WINDOWS\WinSxS\amd64_microsoft.windows.common-controls_6595b64144ccf1df_6.0.16299.19_none_cc92fab02215da61\COMCTL32.dll
0x00007ffa89110000 - 0x00007ffa89418000 	C:\WINDOWS\System32\combase.dll
0x00007ffa88480000 - 0x00007ffa884f2000 	C:\WINDOWS\System32\bcryptPrimitives.dll
0x00007ffa89e40000 - 0x00007ffa89e6d000 	C:\WINDOWS\System32\IMM32.DLL
0x000000006b270000 - 0x000000006b342000 	C:\Program Files\Android\Android Studio1\jre\jre\bin\msvcr100.dll
0x00000000661a0000 - 0x00000000669de000 	C:\Program Files\Android\Android Studio1\jre\jre\bin\server\jvm.dll
0x00007ffa89100000 - 0x00007ffa89108000 	C:\WINDOWS\System32\PSAPI.DLL
0x00007ffa83640000 - 0x00007ffa83649000 	C:\WINDOWS\SYSTEM32\WSOCK32.dll
0x00007ffa894d0000 - 0x00007ffa8953c000 	C:\WINDOWS\System32\WS2_32.dll
0x00007ffa86270000 - 0x00007ffa86293000 	C:\WINDOWS\SYSTEM32\WINMM.dll
0x00007ffa78b50000 - 0x00007ffa78b5a000 	C:\WINDOWS\SYSTEM32\VERSION.dll
0x00007ffa86210000 - 0x00007ffa8623a000 	C:\WINDOWS\SYSTEM32\winmmbase.dll
0x00007ffa881c0000 - 0x00007ffa8820a000 	C:\WINDOWS\System32\cfgmgr32.dll
0x00007ffa6b210000 - 0x00007ffa6b21f000 	C:\Program Files\Android\Android Studio1\jre\jre\bin\verify.dll
0x00007ffa4fec0000 - 0x00007ffa4fee9000 	C:\Program Files\Android\Android Studio1\jre\jre\bin\java.dll
0x00007ffa54bd0000 - 0x00007ffa54be6000 	C:\Program Files\Android\Android Studio1\jre\jre\bin\zip.dll
0x00007ffa89e70000 - 0x00007ffa8b2a7000 	C:\WINDOWS\System32\SHELL32.dll
0x00007ffa89ac0000 - 0x00007ffa89b66000 	C:\WINDOWS\System32\shcore.dll
0x00007ffa88840000 - 0x00007ffa88f87000 	C:\WINDOWS\System32\windows.storage.dll
0x00007ffa8b3e0000 - 0x00007ffa8b431000 	C:\WINDOWS\System32\shlwapi.dll
0x00007ffa87e30000 - 0x00007ffa87e41000 	C:\WINDOWS\System32\kernel.appcore.dll
0x00007ffa87e70000 - 0x00007ffa87ebc000 	C:\WINDOWS\System32\powrprof.dll
0x00007ffa87e50000 - 0x00007ffa87e6b000 	C:\WINDOWS\System32\profapi.dll
0x00007ffa87860000 - 0x00007ffa87877000 	C:\WINDOWS\SYSTEM32\CRYPTSP.dll
0x00007ffa87250000 - 0x00007ffa87283000 	C:\WINDOWS\system32\rsaenh.dll
0x00007ffa87970000 - 0x00007ffa87995000 	C:\WINDOWS\SYSTEM32\bcrypt.dll
0x00007ffa87d10000 - 0x00007ffa87d39000 	C:\WINDOWS\SYSTEM32\USERENV.dll
0x00007ffa87880000 - 0x00007ffa8788b000 	C:\WINDOWS\SYSTEM32\CRYPTBASE.dll
0x00007ffa53920000 - 0x00007ffa5393a000 	C:\Program Files\Android\Android Studio1\jre\jre\bin\net.dll
0x00007ffa876a0000 - 0x00007ffa87706000 	C:\WINDOWS\system32\mswsock.dll
0x00007ffa87430000 - 0x00007ffa87469000 	C:\WINDOWS\SYSTEM32\IPHLPAPI.DLL
0x00007ffa8b3d0000 - 0x00007ffa8b3d8000 	C:\WINDOWS\System32\NSI.dll
0x00007ffa7e010000 - 0x00007ffa7e026000 	C:\WINDOWS\SYSTEM32\dhcpcsvc6.DLL
0x00007ffa7dff0000 - 0x00007ffa7e00a000 	C:\WINDOWS\SYSTEM32\dhcpcsvc.DLL
0x00007ffa4fea0000 - 0x00007ffa4feb1000 	C:\Program Files\Android\Android Studio1\jre\jre\bin\nio.dll

VM Arguments:
jvm_args: -Djava.awt.headless=true -Xmx64M -Dfile.encoding=windows-1252 -Duser.country=BR -Duser.language=pt -Duser.variant 
java_command: com.google.devtools.build.android.desugar.Desugar --input C:\Users\JCarvalhoJr\eclipse-workspace_2018\Web_Services_Android\Web_Service_Android_Client\app\build\intermediates\transforms\stackFramesFixer\debug\19.jar --output C:\Users\JCarvalhoJr\eclipse-workspace_2018\Web_Services_Android\Web_Service_Android_Client\app\build\intermediates\transforms\desugar\debug\20.jar --input C:\Users\JCarvalhoJr\eclipse-workspace_2018\Web_Services_Android\Web_Service_Android_Client\app\build\intermediates\transforms\stackFramesFixer\debug\26.jar --output C:\Users\JCarvalhoJr\eclipse-workspace_2018\Web_Services_Android\Web_Service_Android_Client\app\build\intermediates\transforms\desugar\debug\27.jar --input C:\Users\JCarvalhoJr\eclipse-workspace_2018\Web_Services_Android\Web_Service_Android_Client\app\build\intermediates\transforms\stackFramesFixer\debug\22.jar --output C:\Users\JCarvalhoJr\eclipse-workspace_2018\Web_Services_Android\Web_Service_Android_Client\app\build\intermediates\transforms\desugar\debug\23.jar --input C:\Users\JCarvalhoJr\eclipse-workspace_2018\Web_Services_Android\Web_Service_Android_Client\app\build\intermediates\transforms\stackFramesFixer\debug\29.jar --output C:\Users\JCarvalhoJr\eclipse-workspace_2018\Web_Services_Android\Web_Service_Android_Client\app\build\intermediates\transforms\desugar\debug\30.jar --input C:\Users\JCarvalhoJr\eclipse-workspace_2018\Web_Services_Android\Web_Service_Android_Client\app\build\intermediates\transforms\stackFramesFixer\debug\12.jar --output C:\Users\JCarvalhoJr\eclipse-workspace_2018\Web_Services_Android\Web_Service_Android_Client\app\build\intermediates\transforms\desugar\debug\13.jar --input C:\Users\JCarvalhoJr\eclipse-workspace_2018\Web_Services_Android\Web_Service_Android_Client\app\build\intermediates\transforms\stackFramesFixer\debug\13.jar --output C:\Users\JCarvalhoJr\eclipse-workspace_2018\Web_Services_Android\Web_Service_Android_Client\app\build\intermediates\transforms\desugar\debug\14.jar --
java_class_path (initial): C:\Users\JCarvalhoJr\AppData\Local\Temp\desugar_deploy.jar3951035612156620796
Launcher Type: SUN_STANDARD

Environment Variables:
JAVA_HOME=C:\Program Files\Java\jdk1.8.0_162
CLASSPATH=.;C:\Program Files (x86)\Griaule\Fingerprint SDK 2009\bin\GrFingerJava.jar
USERNAME=JCarvalhoJr
OS=Windows_NT
PROCESSOR_IDENTIFIER=Intel64 Family 6 Model 42 Stepping 7, GenuineIntel



---------------  S Y S T E M  ---------------

OS: Windows 10.0 , 64 bit Build 16299 (10.0.16299.15)

CPU:total 4 (initial active 4) (2 cores per cpu, 2 threads per core) family 6 model 42 stepping 7, cmov, cx8, fxsr, mmx, sse, sse2, sse3, ssse3, sse4.1, sse4.2, popcnt, avx, aes, clmul, ht, tsc, tscinvbit

Memory: 4k page, physical 12496748k(3456700k free), swap 13545324k(5356k free)

vm_info: OpenJDK 64-Bit Server VM (25.152-b01) for windows-amd64 JRE (1.8.0_152-release-915-b01), built by "builder" with MS VC++ 10.0 (VS2010)

time: Thu Mar 22 13:47:06 2018
elapsed time: 6 seconds (0d 0h 0m 6s)

