#
# There is insufficient memory for the Java Runtime Environment to continue.
# Native memory allocation (malloc) failed to allocate 32744 bytes for ChunkPool::allocate
# Possible reasons:
#   The system is out of physical RAM or swap space
#   In 32 bit mode, the process size limit was hit
# Possible solutions:
#   Reduce memory load on the system
#   Increase physical memory or swap space
#   Check if swap backing store is full
#   Use 64 bit Java on a 64 bit OS
#   Decrease Java heap size (-Xmx/-Xms)
#   Decrease number of Java threads
#   Decrease Java thread stack sizes (-Xss)
#   Set larger code cache with -XX:ReservedCodeCacheSize=
# This output file may be truncated or incomplete.
#
#  Out of Memory Error (allocation.cpp:273), pid=23468, tid=0x0000000000005bb0
#
# JRE version: OpenJDK Runtime Environment (8.0_152-b01) (build 1.8.0_152-release-915-b01)
# Java VM: OpenJDK 64-Bit Server VM (25.152-b01 mixed mode windows-amd64 compressed oops)
# Failed to write core dump. Minidumps are not enabled by default on client versions of Windows
#

---------------  T H R E A D  ---------------

Current thread (0x00000000152ca000):  JavaThread "C1 CompilerThread2" daemon [_thread_in_native, id=23472, stack(0x0000000016fe0000,0x00000000170e0000)]

Stack: [0x0000000016fe0000,0x00000000170e0000]
[error occurred during error reporting (printing stack bounds), id 0xc0000005]

Native frames: (J=compiled Java code, j=interpreted, Vv=VM code, C=native code)


Current CompileTask:
C1:   3624  782       3       org.objectweb.asm.ClassReader::a (3587 bytes)


---------------  P R O C E S S  ---------------

Java Threads: ( => current thread )
  0x0000000016bf2000 JavaThread "Service Thread" daemon [_thread_blocked, id=24212, stack(0x00000000170e0000,0x00000000171e0000)]
=>0x00000000152ca000 JavaThread "C1 CompilerThread2" daemon [_thread_in_native, id=23472, stack(0x0000000016fe0000,0x00000000170e0000)]
  0x0000000015276000 JavaThread "C2 CompilerThread1" daemon [_thread_blocked, id=18540, stack(0x0000000016ae0000,0x0000000016be0000)]
  0x0000000015274000 JavaThread "C2 CompilerThread0" daemon [_thread_blocked, id=24240, stack(0x00000000169e0000,0x0000000016ae0000)]
  0x0000000015271800 JavaThread "Attach Listener" daemon [_thread_blocked, id=25304, stack(0x00000000168e0000,0x00000000169e0000)]
  0x0000000015270800 JavaThread "Signal Dispatcher" daemon [_thread_blocked, id=7120, stack(0x00000000167e0000,0x00000000168e0000)]
  0x0000000004f0c000 JavaThread "Finalizer" daemon [_thread_blocked, id=25516, stack(0x00000000164e0000,0x00000000165e0000)]
  0x0000000004f07000 JavaThread "Reference Handler" daemon [_thread_blocked, id=25228, stack(0x00000000163e0000,0x00000000164e0000)]
  0x0000000004e17000 JavaThread "main" [_thread_in_Java, id=24400, stack(0x0000000004d10000,0x0000000004e10000)]

Other Threads:
  0x0000000015236000 VMThread [stack: 0x00000000162e0000,0x00000000163e0000] [id=13732]
  0x0000000016bf3000 WatcherThread [stack: 0x00000000171e0000,0x00000000172e0000] [id=20560]

VM state:not at safepoint (normal execution)

VM Mutex/Monitor currently owned by a thread: None

Heap:
 PSYoungGen      total 18944K, used 15458K [0x00000000feb00000, 0x0000000100000000, 0x0000000100000000)
  eden space 16384K, 78% used [0x00000000feb00000,0x00000000ff7a0820,0x00000000ffb00000)
  from space 2560K, 98% used [0x00000000ffb00000,0x00000000ffd78030,0x00000000ffd80000)
  to   space 2560K, 0% used [0x00000000ffd80000,0x00000000ffd80000,0x0000000100000000)
 ParOldGen       total 44032K, used 1412K [0x00000000fc000000, 0x00000000feb00000, 0x00000000feb00000)
  object space 44032K, 3% used [0x00000000fc000000,0x00000000fc161380,0x00000000feb00000)
 Metaspace       used 7585K, capacity 7752K, committed 7936K, reserved 1056768K
  class space    used 894K, capacity 988K, committed 1024K, reserved 1048576K

Card table byte_map: [0x0000000004c70000,0x0000000004ca0000] byte_map_base: 0x0000000004490000

Marking Bits: (ParMarkBitMap*) 0x000000006e4b3950
 Begin Bits: [0x00000000146d0000, 0x00000000147d0000)
 End Bits:   [0x00000000147d0000, 0x00000000148d0000)

Polling page: 0x0000000004b10000

CodeCache: size=245760Kb used=2880Kb max_used=2880Kb free=242879Kb
 bounds [0x0000000004f10000, 0x00000000051f0000, 0x0000000013f10000]
 total_blobs=1112 nmethods=781 adapters=245
 compilation: enabled

Compilation events (10 events):
Event: 3.602 Thread 0x00000000152ca000 nmethod 778 0x00000000051dfa10 code [0x00000000051dfb60, 0x00000000051dfd10]
Event: 3.602 Thread 0x00000000152ca000  777       3       java.util.SubList::checkForComodification (23 bytes)
Event: 3.602 Thread 0x00000000152ca000 nmethod 777 0x00000000051dfdd0 code [0x00000000051dff40, 0x00000000051e01a8]
Event: 3.602 Thread 0x00000000152ca000  779       3       org.objectweb.asm.tree.LineNumberNode::accept (16 bytes)
Event: 3.603 Thread 0x00000000152ca000 nmethod 779 0x00000000051e02d0 code [0x00000000051e0460, 0x00000000051e0868]
Event: 3.603 Thread 0x00000000152ca000  780       3       org.objectweb.asm.MethodVisitor::visitCode (15 bytes)
Event: 3.603 Thread 0x00000000152ca000 nmethod 780 0x00000000051e0a50 code [0x00000000051e0bc0, 0x00000000051e0e28]
Event: 3.603 Thread 0x00000000152ca000  781       3       org.objectweb.asm.MethodVisitor::visitMaxs (17 bytes)
Event: 3.603 Thread 0x00000000152ca000 nmethod 781 0x00000000051e0ed0 code [0x00000000051e1040, 0x00000000051e12a8]
Event: 3.603 Thread 0x00000000152ca000  782       3       org.objectweb.asm.ClassReader::a (3587 bytes)

GC Heap History (2 events):
Event: 2.424 GC heap before
{Heap before GC invocations=1 (full 0):
 PSYoungGen      total 18944K, used 16384K [0x00000000feb00000, 0x0000000100000000, 0x0000000100000000)
  eden space 16384K, 100% used [0x00000000feb00000,0x00000000ffb00000,0x00000000ffb00000)
  from space 2560K, 0% used [0x00000000ffd80000,0x00000000ffd80000,0x0000000100000000)
  to   space 2560K, 0% used [0x00000000ffb00000,0x00000000ffb00000,0x00000000ffd80000)
 ParOldGen       total 44032K, used 0K [0x00000000fc000000, 0x00000000feb00000, 0x00000000feb00000)
  object space 44032K, 0% used [0x00000000fc000000,0x00000000fc000000,0x00000000feb00000)
 Metaspace       used 6519K, capacity 6682K, committed 6784K, reserved 1056768K
  class space    used 768K, capacity 823K, committed 896K, reserved 1048576K
Event: 2.449 GC heap after
Heap after GC invocations=1 (full 0):
 PSYoungGen      total 18944K, used 2528K [0x00000000feb00000, 0x0000000100000000, 0x0000000100000000)
  eden space 16384K, 0% used [0x00000000feb00000,0x00000000feb00000,0x00000000ffb00000)
  from space 2560K, 98% used [0x00000000ffb00000,0x00000000ffd78030,0x00000000ffd80000)
  to   space 2560K, 0% used [0x00000000ffd80000,0x00000000ffd80000,0x0000000100000000)
 ParOldGen       total 44032K, used 1412K [0x00000000fc000000, 0x00000000feb00000, 0x00000000feb00000)
  object space 44032K, 3% used [0x00000000fc000000,0x00000000fc161380,0x00000000feb00000)
 Metaspace       used 6519K, capacity 6682K, committed 6784K, reserved 1056768K
  class space    used 768K, capacity 823K, committed 896K, reserved 1048576K
}

Deoptimization events (10 events):
Event: 3.271 Thread 0x0000000004e17000 Uncommon trap: reason=class_check action=maybe_recompile pc=0x000000000513e46c method=com.google.common.collect.TransformedIterator.hasNext()Z @ 4
Event: 3.271 Thread 0x0000000004e17000 Uncommon trap: reason=class_check action=maybe_recompile pc=0x000000000513e46c method=com.google.common.collect.TransformedIterator.hasNext()Z @ 4
Event: 3.271 Thread 0x0000000004e17000 Uncommon trap: reason=class_check action=maybe_recompile pc=0x0000000005146664 method=com.google.common.collect.TransformedIterator.next()Ljava/lang/Object; @ 5
Event: 3.271 Thread 0x0000000004e17000 Uncommon trap: reason=class_check action=maybe_recompile pc=0x000000000512d110 method=com.google.common.collect.Iterators$7.transform(Ljava/lang/Object;)Ljava/lang/Object; @ 5
Event: 3.271 Thread 0x0000000004e17000 Uncommon trap: reason=class_check action=maybe_recompile pc=0x000000000513e46c method=com.google.common.collect.TransformedIterator.hasNext()Z @ 4
Event: 3.271 Thread 0x0000000004e17000 Uncommon trap: reason=class_check action=maybe_recompile pc=0x0000000005146664 method=com.google.common.collect.TransformedIterator.next()Ljava/lang/Object; @ 5
Event: 3.271 Thread 0x0000000004e17000 Uncommon trap: reason=class_check action=maybe_recompile pc=0x000000000512d110 method=com.google.common.collect.Iterators$7.transform(Ljava/lang/Object;)Ljava/lang/Object; @ 5
Event: 3.271 Thread 0x0000000004e17000 Uncommon trap: reason=class_check action=maybe_recompile pc=0x0000000005146664 method=com.google.common.collect.TransformedIterator.next()Ljava/lang/Object; @ 5
Event: 3.271 Thread 0x0000000004e17000 Uncommon trap: reason=class_check action=maybe_recompile pc=0x000000000512d110 method=com.google.common.collect.Iterators$7.transform(Ljava/lang/Object;)Ljava/lang/Object; @ 5
Event: 3.453 Thread 0x0000000004e17000 Uncommon trap: reason=unstable_if action=reinterpret pc=0x00000000050ec8f8 method=java.lang.String.indexOf([CII[CIII)I @ 134

Classes redefined (0 events):
No events

Internal exceptions (10 events):
Event: 2.324 Thread 0x0000000004e17000 Implicit null exception at 0x0000000005139385 to 0x0000000005139d0d
Event: 2.702 Thread 0x0000000004e17000 Exception <a 'sun/nio/fs/WindowsException'> (0x00000000ff1d11d8) thrown at [D:\src\AOSP-openjdk-cygwin\jdk8u\hotspot\src\share\vm\prims\jni.cpp, line 709]
Event: 2.703 Thread 0x0000000004e17000 Exception <a 'sun/nio/fs/WindowsException'> (0x00000000ff1d17b8) thrown at [D:\src\AOSP-openjdk-cygwin\jdk8u\hotspot\src\share\vm\prims\jni.cpp, line 709]
Event: 2.703 Thread 0x0000000004e17000 Exception <a 'sun/nio/fs/WindowsException'> (0x00000000ff1d1dd0) thrown at [D:\src\AOSP-openjdk-cygwin\jdk8u\hotspot\src\share\vm\prims\jni.cpp, line 709]
Event: 2.705 Thread 0x0000000004e17000 Exception <a 'sun/nio/fs/WindowsException'> (0x00000000ff1d25b0) thrown at [D:\src\AOSP-openjdk-cygwin\jdk8u\hotspot\src\share\vm\prims\jni.cpp, line 709]
Event: 2.706 Thread 0x0000000004e17000 Exception <a 'sun/nio/fs/WindowsException'> (0x00000000ff1d2ba0) thrown at [D:\src\AOSP-openjdk-cygwin\jdk8u\hotspot\src\share\vm\prims\jni.cpp, line 709]
Event: 2.706 Thread 0x0000000004e17000 Exception <a 'sun/nio/fs/WindowsException'> (0x00000000ff1d3370) thrown at [D:\src\AOSP-openjdk-cygwin\jdk8u\hotspot\src\share\vm\prims\jni.cpp, line 709]
Event: 2.713 Thread 0x0000000004e17000 Exception <a 'sun/nio/fs/WindowsException'> (0x00000000ff1d8880) thrown at [D:\src\AOSP-openjdk-cygwin\jdk8u\hotspot\src\share\vm\prims\jni.cpp, line 709]
Event: 3.068 Thread 0x0000000004e17000 Exception <a 'sun/nio/fs/WindowsException'> (0x00000000ff4cb860) thrown at [D:\src\AOSP-openjdk-cygwin\jdk8u\hotspot\src\share\vm\prims\jni.cpp, line 709]
Event: 3.069 Thread 0x0000000004e17000 Exception <a 'sun/nio/fs/WindowsException'> (0x00000000ff4cbe60) thrown at [D:\src\AOSP-openjdk-cygwin\jdk8u\hotspot\src\share\vm\prims\jni.cpp, line 709]

Events (10 events):
Event: 3.486 loading class com/google/devtools/build/android/desugar/FieldInfo
Event: 3.486 loading class com/google/devtools/build/android/desugar/FieldInfo done
Event: 3.487 loading class com/google/devtools/build/android/desugar/AutoValue_FieldInfo
Event: 3.487 loading class com/google/devtools/build/android/desugar/AutoValue_FieldInfo done
Event: 3.553 loading class com/google/devtools/build/android/desugar/Java7Compatibility$InlineOneMethod
Event: 3.553 loading class com/google/devtools/build/android/desugar/Java7Compatibility$InlineOneMethod done
Event: 3.564 loading class org/objectweb/asm/tree/TryCatchBlockNode
Event: 3.564 loading class org/objectweb/asm/tree/TryCatchBlockNode done
Event: 3.565 loading class org/objectweb/asm/Handler
Event: 3.565 loading class org/objectweb/asm/Handler done


Dynamic libraries:
0x00007ff65ea60000 - 0x00007ff65ea91000 	C:\Program Files\Android\Android Studio1\jre\bin\java.exe
0x00007ff9e3740000 - 0x00007ff9e3920000 	C:\WINDOWS\SYSTEM32\ntdll.dll
0x00007ff9e0e00000 - 0x00007ff9e0eae000 	C:\WINDOWS\System32\KERNEL32.DLL
0x00007ff9dfba0000 - 0x00007ff9dfe06000 	C:\WINDOWS\System32\KERNELBASE.dll
0x00007ff9e1540000 - 0x00007ff9e15e1000 	C:\WINDOWS\System32\ADVAPI32.dll
0x00007ff9e1ea0000 - 0x00007ff9e1f3d000 	C:\WINDOWS\System32\msvcrt.dll
0x00007ff9e0da0000 - 0x00007ff9e0dfb000 	C:\WINDOWS\System32\sechost.dll
0x00007ff9e35f0000 - 0x00007ff9e370f000 	C:\WINDOWS\System32\RPCRT4.dll
0x00007ff9e0c10000 - 0x00007ff9e0d9e000 	C:\WINDOWS\System32\USER32.dll
0x00007ff9e0190000 - 0x00007ff9e01b0000 	C:\WINDOWS\System32\win32u.dll
0x00007ff9e1de0000 - 0x00007ff9e1e08000 	C:\WINDOWS\System32\GDI32.dll
0x00007ff9e0a70000 - 0x00007ff9e0c04000 	C:\WINDOWS\System32\gdi32full.dll
0x00007ff9e09d0000 - 0x00007ff9e0a6b000 	C:\WINDOWS\System32\msvcp_win.dll
0x00007ff9e0090000 - 0x00007ff9e0186000 	C:\WINDOWS\System32\ucrtbase.dll
0x00007ff9d17c0000 - 0x00007ff9d1a29000 	C:\WINDOWS\WinSxS\amd64_microsoft.windows.common-controls_6595b64144ccf1df_6.0.16299.19_none_cc92fab02215da61\COMCTL32.dll
0x00007ff9e1000000 - 0x00007ff9e1308000 	C:\WINDOWS\System32\combase.dll
0x00007ff9e01b0000 - 0x00007ff9e0222000 	C:\WINDOWS\System32\bcryptPrimitives.dll
0x00007ff9e14b0000 - 0x00007ff9e14dd000 	C:\WINDOWS\System32\IMM32.DLL
0x000000006d2e0000 - 0x000000006d3b2000 	C:\Program Files\Android\Android Studio1\jre\jre\bin\msvcr100.dll
0x000000006dcf0000 - 0x000000006e52e000 	C:\Program Files\Android\Android Studio1\jre\jre\bin\server\jvm.dll
0x00007ff9e1e10000 - 0x00007ff9e1e18000 	C:\WINDOWS\System32\PSAPI.DLL
0x00007ff9dde90000 - 0x00007ff9dde99000 	C:\WINDOWS\SYSTEM32\WSOCK32.dll
0x00007ff9e13e0000 - 0x00007ff9e144c000 	C:\WINDOWS\System32\WS2_32.dll
0x00007ff9dda80000 - 0x00007ff9ddaa3000 	C:\WINDOWS\SYSTEM32\WINMM.dll
0x00007ff9ccec0000 - 0x00007ff9cceca000 	C:\WINDOWS\SYSTEM32\VERSION.dll
0x00007ff9dda20000 - 0x00007ff9dda4a000 	C:\WINDOWS\SYSTEM32\WINMMBASE.dll
0x00007ff9e0230000 - 0x00007ff9e027a000 	C:\WINDOWS\System32\cfgmgr32.dll
0x00007ff9ddff0000 - 0x00007ff9ddfff000 	C:\Program Files\Android\Android Studio1\jre\jre\bin\verify.dll
0x00007ff9ddcc0000 - 0x00007ff9ddce9000 	C:\Program Files\Android\Android Studio1\jre\jre\bin\java.dll
0x00007ff9dde60000 - 0x00007ff9dde76000 	C:\Program Files\Android\Android Studio1\jre\jre\bin\zip.dll
0x00007ff9e21b0000 - 0x00007ff9e35e7000 	C:\WINDOWS\System32\SHELL32.dll
0x00007ff9e1ab0000 - 0x00007ff9e1b56000 	C:\WINDOWS\System32\shcore.dll
0x00007ff9e0280000 - 0x00007ff9e09c7000 	C:\WINDOWS\System32\windows.storage.dll
0x00007ff9e14e0000 - 0x00007ff9e1531000 	C:\WINDOWS\System32\shlwapi.dll
0x00007ff9dfa90000 - 0x00007ff9dfaa1000 	C:\WINDOWS\System32\kernel.appcore.dll
0x00007ff9dfaf0000 - 0x00007ff9dfb3c000 	C:\WINDOWS\System32\powrprof.dll
0x00007ff9dfad0000 - 0x00007ff9dfaeb000 	C:\WINDOWS\System32\profapi.dll
0x00007ff9df480000 - 0x00007ff9df497000 	C:\WINDOWS\SYSTEM32\CRYPTSP.dll
0x00007ff9deed0000 - 0x00007ff9def03000 	C:\WINDOWS\system32\rsaenh.dll
0x00007ff9df5f0000 - 0x00007ff9df615000 	C:\WINDOWS\SYSTEM32\bcrypt.dll
0x00007ff9df990000 - 0x00007ff9df9b9000 	C:\WINDOWS\SYSTEM32\USERENV.dll
0x00007ff9df4a0000 - 0x00007ff9df4ab000 	C:\WINDOWS\SYSTEM32\CRYPTBASE.dll
0x00007ff9ddca0000 - 0x00007ff9ddcba000 	C:\Program Files\Android\Android Studio1\jre\jre\bin\net.dll
0x00007ff9df2c0000 - 0x00007ff9df326000 	C:\WINDOWS\system32\mswsock.dll
0x00007ff9df050000 - 0x00007ff9df089000 	C:\WINDOWS\SYSTEM32\IPHLPAPI.DLL
0x00007ff9e2100000 - 0x00007ff9e2108000 	C:\WINDOWS\System32\NSI.dll
0x00007ff9d5060000 - 0x00007ff9d5076000 	C:\WINDOWS\SYSTEM32\dhcpcsvc6.DLL
0x00007ff9d5040000 - 0x00007ff9d505a000 	C:\WINDOWS\SYSTEM32\dhcpcsvc.DLL
0x00007ff9ddc80000 - 0x00007ff9ddc91000 	C:\Program Files\Android\Android Studio1\jre\jre\bin\nio.dll

VM Arguments:
jvm_args: -Djava.awt.headless=true -Xmx64M -Dfile.encoding=windows-1252 -Duser.country=BR -Duser.language=pt -Duser.variant 
java_command: com.google.devtools.build.android.desugar.Desugar --input C:\Users\JCarvalhoJr\eclipse-workspace_2018\Web_Services_Android\Web_Service_Android_Client\app\build\intermediates\transforms\stackFramesFixer\debug\30.jar --output C:\Users\JCarvalhoJr\eclipse-workspace_2018\Web_Services_Android\Web_Service_Android_Client\app\build\intermediates\transforms\desugar\debug\31.jar --input C:\Users\JCarvalhoJr\eclipse-workspace_2018\Web_Services_Android\Web_Service_Android_Client\app\build\intermediates\transforms\stackFramesFixer\debug\0.jar --output C:\Users\JCarvalhoJr\eclipse-workspace_2018\Web_Services_Android\Web_Service_Android_Client\app\build\intermediates\transforms\desugar\debug\1.jar --input C:\Users\JCarvalhoJr\eclipse-workspace_2018\Web_Services_Android\Web_Service_Android_Client\app\build\intermediates\transforms\stackFramesFixer\debug\31.jar --output C:\Users\JCarvalhoJr\eclipse-workspace_2018\Web_Services_Android\Web_Service_Android_Client\app\build\intermediates\transforms\desugar\debug\32.jar --input C:\Users\JCarvalhoJr\eclipse-workspace_2018\Web_Services_Android\Web_Service_Android_Client\app\build\intermediates\transforms\stackFramesFixer\debug\6.jar --output C:\Users\JCarvalhoJr\eclipse-workspace_2018\Web_Services_Android\Web_Service_Android_Client\app\build\intermediates\transforms\desugar\debug\7.jar --input C:\Users\JCarvalhoJr\eclipse-workspace_2018\Web_Services_Android\Web_Service_Android_Client\app\build\intermediates\transforms\stackFramesFixer\debug\13.jar --output C:\Users\JCarvalhoJr\eclipse-workspace_2018\Web_Services_Android\Web_Service_Android_Client\app\build\intermediates\transforms\desugar\debug\14.jar --input C:\Users\JCarvalhoJr\eclipse-workspace_2018\Web_Services_Android\Web_Service_Android_Client\app\build\intermediates\transforms\stackFramesFixer\debug\4.jar --output C:\Users\JCarvalhoJr\eclipse-workspace_2018\Web_Services_Android\Web_Service_Android_Client\app\build\intermediates\transforms\desugar\debug\5.jar --input 
java_class_path (initial): C:\Users\JCarvalhoJr\AppData\Local\Temp\desugar_deploy.jar459280170640432245
Launcher Type: SUN_STANDARD

Environment Variables:
CLASSPATH=.;C:\Program Files (x86)\Griaule\Fingerprint SDK 2009\bin\GrFingerJava.jar
USERNAME=JCarvalhoJr
OS=Windows_NT
PROCESSOR_IDENTIFIER=Intel64 Family 6 Model 42 Stepping 7, GenuineIntel



---------------  S Y S T E M  ---------------

OS: Windows 10.0 , 64 bit Build 16299 (10.0.16299.15)

CPU:total 4 (initial active 4) (2 cores per cpu, 2 threads per core) family 6 model 42 stepping 7, cmov, cx8, fxsr, mmx, sse, sse2, sse3, ssse3, sse4.1, sse4.2, popcnt, avx, aes, clmul, ht, tsc, tscinvbit

Memory: 4k page, physical 12496748k(3400308k free), swap 13545324k(1136k free)

vm_info: OpenJDK 64-Bit Server VM (25.152-b01) for windows-amd64 JRE (1.8.0_152-release-915-b01), built by "builder" with MS VC++ 10.0 (VS2010)

time: Sun Mar 11 19:35:44 2018
elapsed time: 3 seconds (0d 0h 0m 3s)

