#
# There is insufficient memory for the Java Runtime Environment to continue.
# Native memory allocation (malloc) failed to allocate 32744 bytes for ChunkPool::allocate
# Possible reasons:
#   The system is out of physical RAM or swap space
#   In 32 bit mode, the process size limit was hit
# Possible solutions:
#   Reduce memory load on the system
#   Increase physical memory or swap space
#   Check if swap backing store is full
#   Use 64 bit Java on a 64 bit OS
#   Decrease Java heap size (-Xmx/-Xms)
#   Decrease number of Java threads
#   Decrease Java thread stack sizes (-Xss)
#   Set larger code cache with -XX:ReservedCodeCacheSize=
# This output file may be truncated or incomplete.
#
#  Out of Memory Error (allocation.cpp:273), pid=5796, tid=0x00000000000045a0
#
# JRE version: OpenJDK Runtime Environment (8.0_152-b01) (build 1.8.0_152-release-915-b01)
# Java VM: OpenJDK 64-Bit Server VM (25.152-b01 mixed mode windows-amd64 compressed oops)
# Failed to write core dump. Minidumps are not enabled by default on client versions of Windows
#

---------------  T H R E A D  ---------------

Current thread (0x00000000156c5000):  JavaThread "C2 CompilerThread1" daemon [_thread_in_native, id=17824, stack(0x0000000016f20000,0x0000000017020000)]

Stack: [0x0000000016f20000,0x0000000017020000]
[error occurred during error reporting (printing stack bounds), id 0xc0000005]

Native frames: (J=compiled Java code, j=interpreted, Vv=VM code, C=native code)


Current CompileTask:
C2:   4865  878 %     4       org.objectweb.asm.ClassReader::a @ 1480 (3587 bytes)


---------------  P R O C E S S  ---------------

Java Threads: ( => current thread )
  0x000000001702b000 JavaThread "Service Thread" daemon [_thread_blocked, id=18104, stack(0x0000000017520000,0x0000000017620000)]
  0x0000000017023800 JavaThread "C1 CompilerThread2" daemon [_thread_blocked, id=14512, stack(0x0000000017420000,0x0000000017520000)]
=>0x00000000156c5000 JavaThread "C2 CompilerThread1" daemon [_thread_in_native, id=17824, stack(0x0000000016f20000,0x0000000017020000)]
  0x00000000156c3000 JavaThread "C2 CompilerThread0" daemon [_thread_in_native, id=14484, stack(0x0000000016e20000,0x0000000016f20000)]
  0x00000000156c0800 JavaThread "Attach Listener" daemon [_thread_blocked, id=6412, stack(0x0000000016d20000,0x0000000016e20000)]
  0x00000000156bf800 JavaThread "Signal Dispatcher" daemon [_thread_blocked, id=12276, stack(0x0000000016c20000,0x0000000016d20000)]
  0x000000000535c000 JavaThread "Finalizer" daemon [_thread_blocked, id=16660, stack(0x0000000016920000,0x0000000016a20000)]
  0x0000000005357000 JavaThread "Reference Handler" daemon [_thread_blocked, id=17556, stack(0x0000000016820000,0x0000000016920000)]
  0x0000000005266800 JavaThread "main" [_thread_in_Java, id=9856, stack(0x0000000005160000,0x0000000005260000)]

Other Threads:
  0x0000000015686000 VMThread [stack: 0x0000000016720000,0x0000000016820000] [id=13780]
  0x000000001702c000 WatcherThread [stack: 0x0000000017620000,0x0000000017720000] [id=18420]

VM state:not at safepoint (normal execution)

VM Mutex/Monitor currently owned by a thread: None

Heap:
 PSYoungGen      total 18944K, used 6121K [0x00000000feb00000, 0x0000000100000000, 0x0000000100000000)
  eden space 16384K, 21% used [0x00000000feb00000,0x00000000fee7fa48,0x00000000ffb00000)
  from space 2560K, 99% used [0x00000000ffd80000,0x00000000ffffada8,0x0000000100000000)
  to   space 2560K, 0% used [0x00000000ffb00000,0x00000000ffb00000,0x00000000ffd80000)
 ParOldGen       total 44032K, used 4632K [0x00000000fc000000, 0x00000000feb00000, 0x00000000feb00000)
  object space 44032K, 10% used [0x00000000fc000000,0x00000000fc4861a0,0x00000000feb00000)
 Metaspace       used 7528K, capacity 7704K, committed 7936K, reserved 1056768K
  class space    used 867K, capacity 956K, committed 1024K, reserved 1048576K

Card table byte_map: [0x0000000004f40000,0x0000000004f70000] byte_map_base: 0x0000000004760000

Marking Bits: (ParMarkBitMap*) 0x0000000066963950
 Begin Bits: [0x0000000014b20000, 0x0000000014c20000)
 End Bits:   [0x0000000014c20000, 0x0000000014d20000)

Polling page: 0x0000000003370000

CodeCache: size=245760Kb used=3585Kb max_used=3595Kb free=242174Kb
 bounds [0x0000000005360000, 0x00000000056f0000, 0x0000000014360000]
 total_blobs=1269 nmethods=938 adapters=245
 compilation: enabled

Compilation events (10 events):
Event: 4.810 Thread 0x00000000156c3000 nmethod 927 0x00000000056e3450 code [0x00000000056e35e0, 0x00000000056e3d78]
Event: 4.810 Thread 0x00000000156c3000  932       4       org.objectweb.asm.tree.MethodNode::visitVarInsn (17 bytes)
Event: 4.812 Thread 0x00000000156c3000 nmethod 932 0x00000000056dabd0 code [0x00000000056dad20, 0x00000000056dae78]
Event: 4.812 Thread 0x00000000156c3000  936       4       org.objectweb.asm.tree.VarInsnNode::accept (18 bytes)
Event: 4.823 Thread 0x00000000156c3000 nmethod 936 0x00000000056e44d0 code [0x00000000056e4660, 0x00000000056e4d18]
Event: 4.858 Thread 0x00000000156c3000  938       4       org.objectweb.asm.MethodVisitor::visitMethodInsn (68 bytes)
Event: 4.862 Thread 0x0000000017023800  939       3       org.objectweb.asm.MethodVisitor::visitIntInsn (17 bytes)
Event: 4.862 Thread 0x0000000017023800 nmethod 939 0x00000000056e2f90 code [0x00000000056e3100, 0x00000000056e3368]
Event: 4.862 Thread 0x0000000017023800  940       3       org.objectweb.asm.ClassReader::accept (11 bytes)
Event: 4.863 Thread 0x0000000017023800 nmethod 940 0x00000000056e2a90 code [0x00000000056e2c00, 0x00000000056e2ea8]

GC Heap History (4 events):
Event: 2.930 GC heap before
{Heap before GC invocations=1 (full 0):
 PSYoungGen      total 18944K, used 16384K [0x00000000feb00000, 0x0000000100000000, 0x0000000100000000)
  eden space 16384K, 100% used [0x00000000feb00000,0x00000000ffb00000,0x00000000ffb00000)
  from space 2560K, 0% used [0x00000000ffd80000,0x00000000ffd80000,0x0000000100000000)
  to   space 2560K, 0% used [0x00000000ffb00000,0x00000000ffb00000,0x00000000ffd80000)
 ParOldGen       total 44032K, used 0K [0x00000000fc000000, 0x00000000feb00000, 0x00000000feb00000)
  object space 44032K, 0% used [0x00000000fc000000,0x00000000fc000000,0x00000000feb00000)
 Metaspace       used 6524K, capacity 6730K, committed 7040K, reserved 1056768K
  class space    used 769K, capacity 823K, committed 896K, reserved 1048576K
Event: 2.936 GC heap after
Heap after GC invocations=1 (full 0):
 PSYoungGen      total 18944K, used 2544K [0x00000000feb00000, 0x0000000100000000, 0x0000000100000000)
  eden space 16384K, 0% used [0x00000000feb00000,0x00000000feb00000,0x00000000ffb00000)
  from space 2560K, 99% used [0x00000000ffb00000,0x00000000ffd7c020,0x00000000ffd80000)
  to   space 2560K, 0% used [0x00000000ffd80000,0x00000000ffd80000,0x0000000100000000)
 ParOldGen       total 44032K, used 1515K [0x00000000fc000000, 0x00000000feb00000, 0x00000000feb00000)
  object space 44032K, 3% used [0x00000000fc000000,0x00000000fc17ad48,0x00000000feb00000)
 Metaspace       used 6524K, capacity 6730K, committed 7040K, reserved 1056768K
  class space    used 769K, capacity 823K, committed 896K, reserved 1048576K
}
Event: 4.693 GC heap before
{Heap before GC invocations=2 (full 0):
 PSYoungGen      total 18944K, used 18928K [0x00000000feb00000, 0x0000000100000000, 0x0000000100000000)
  eden space 16384K, 100% used [0x00000000feb00000,0x00000000ffb00000,0x00000000ffb00000)
  from space 2560K, 99% used [0x00000000ffb00000,0x00000000ffd7c020,0x00000000ffd80000)
  to   space 2560K, 0% used [0x00000000ffd80000,0x00000000ffd80000,0x0000000100000000)
 ParOldGen       total 44032K, used 1515K [0x00000000fc000000, 0x00000000feb00000, 0x00000000feb00000)
  object space 44032K, 3% used [0x00000000fc000000,0x00000000fc17ad48,0x00000000feb00000)
 Metaspace       used 7508K, capacity 7704K, committed 7936K, reserved 1056768K
  class space    used 867K, capacity 956K, committed 1024K, reserved 1048576K
Event: 4.756 GC heap after
Heap after GC invocations=2 (full 0):
 PSYoungGen      total 18944K, used 2539K [0x00000000feb00000, 0x0000000100000000, 0x0000000100000000)
  eden space 16384K, 0% used [0x00000000feb00000,0x00000000feb00000,0x00000000ffb00000)
  from space 2560K, 99% used [0x00000000ffd80000,0x00000000ffffada8,0x0000000100000000)
  to   space 2560K, 0% used [0x00000000ffb00000,0x00000000ffb00000,0x00000000ffd80000)
 ParOldGen       total 44032K, used 4632K [0x00000000fc000000, 0x00000000feb00000, 0x00000000feb00000)
  object space 44032K, 10% used [0x00000000fc000000,0x00000000fc4861a0,0x00000000feb00000)
 Metaspace       used 7508K, capacity 7704K, committed 7936K, reserved 1056768K
  class space    used 867K, capacity 956K, committed 1024K, reserved 1048576K
}

Deoptimization events (10 events):
Event: 2.807 Thread 0x0000000005266800 Uncommon trap: reason=unstable_if action=reinterpret pc=0x0000000005582158 method=java.util.zip.ZipEntry.setExtra0([BZ)V @ 1
Event: 2.813 Thread 0x0000000005266800 Uncommon trap: reason=unstable_if action=reinterpret pc=0x0000000005587608 method=java.util.zip.ZipFile$ZipEntryIterator.hasNext()Z @ 25
Event: 2.813 Thread 0x0000000005266800 Uncommon trap: reason=unstable_if action=reinterpret pc=0x0000000005591168 method=java.util.zip.ZipCoder.decoder()Ljava/nio/charset/CharsetDecoder; @ 4
Event: 2.821 Thread 0x0000000005266800 Uncommon trap: reason=unstable_if action=reinterpret pc=0x0000000005580fdc method=java.util.zip.ZipFile$ZipEntryIterator.hasNext()Z @ 25
Event: 2.822 Thread 0x0000000005266800 Uncommon trap: reason=unstable_if action=reinterpret pc=0x000000000558e9f8 method=java.util.zip.ZipCoder.decoder()Ljava/nio/charset/CharsetDecoder; @ 4
Event: 3.103 Thread 0x0000000005266800 Uncommon trap: reason=unstable_if action=reinterpret pc=0x00000000055a29c8 method=java.util.HashMap$HashIterator.nextNode()Ljava/util/HashMap$Node; @ 74
Event: 3.319 Thread 0x0000000005266800 Uncommon trap: reason=unstable_if action=reinterpret pc=0x00000000055a5c48 method=java.util.HashMap$HashIterator.nextNode()Ljava/util/HashMap$Node; @ 74
Event: 3.720 Thread 0x0000000005266800 Uncommon trap: reason=unloaded action=reinterpret pc=0x0000000005593e7c method=java.util.zip.ZipEntry.setExtra0([BZ)V @ 37
Event: 3.867 Thread 0x0000000005266800 Uncommon trap: reason=unstable_if action=reinterpret pc=0x000000000551632c method=java.lang.String.<init>([CII)V @ 18
Event: 4.039 Thread 0x0000000005266800 Uncommon trap: reason=unstable_if action=reinterpret pc=0x0000000005540ff8 method=java.lang.String.indexOf([CII[CIII)I @ 134

Classes redefined (0 events):
No events

Internal exceptions (10 events):
Event: 3.268 Thread 0x0000000005266800 Exception <a 'sun/nio/fs/WindowsException'> (0x00000000ff194710) thrown at [D:\src\AOSP-openjdk-cygwin\jdk8u\hotspot\src\share\vm\prims\jni.cpp, line 709]
Event: 3.268 Thread 0x0000000005266800 Exception <a 'sun/nio/fs/WindowsException'> (0x00000000ff194d00) thrown at [D:\src\AOSP-openjdk-cygwin\jdk8u\hotspot\src\share\vm\prims\jni.cpp, line 709]
Event: 3.268 Thread 0x0000000005266800 Exception <a 'sun/nio/fs/WindowsException'> (0x00000000ff1954d0) thrown at [D:\src\AOSP-openjdk-cygwin\jdk8u\hotspot\src\share\vm\prims\jni.cpp, line 709]
Event: 3.327 Thread 0x0000000005266800 Exception <a 'sun/nio/fs/WindowsException'> (0x00000000ff19a9e0) thrown at [D:\src\AOSP-openjdk-cygwin\jdk8u\hotspot\src\share\vm\prims\jni.cpp, line 709]
Event: 3.796 Thread 0x0000000005266800 Exception <a 'sun/nio/fs/WindowsException'> (0x00000000ff4b8a10) thrown at [D:\src\AOSP-openjdk-cygwin\jdk8u\hotspot\src\share\vm\prims\jni.cpp, line 709]
Event: 3.797 Thread 0x0000000005266800 Exception <a 'sun/nio/fs/WindowsException'> (0x00000000ff4b9010) thrown at [D:\src\AOSP-openjdk-cygwin\jdk8u\hotspot\src\share\vm\prims\jni.cpp, line 709]
Event: 4.430 Thread 0x0000000005266800 Exception <a 'sun/nio/fs/WindowsException'> (0x00000000ff9936f8) thrown at [D:\src\AOSP-openjdk-cygwin\jdk8u\hotspot\src\share\vm\prims\jni.cpp, line 709]
Event: 4.435 Thread 0x0000000005266800 Exception <a 'sun/nio/fs/WindowsException'> (0x00000000ff993c78) thrown at [D:\src\AOSP-openjdk-cygwin\jdk8u\hotspot\src\share\vm\prims\jni.cpp, line 709]
Event: 4.520 Thread 0x0000000005266800 Exception <a 'sun/nio/fs/WindowsException'> (0x00000000ffa03570) thrown at [D:\src\AOSP-openjdk-cygwin\jdk8u\hotspot\src\share\vm\prims\jni.cpp, line 709]
Event: 4.520 Thread 0x0000000005266800 Exception <a 'sun/nio/fs/WindowsException'> (0x00000000ffa03af0) thrown at [D:\src\AOSP-openjdk-cygwin\jdk8u\hotspot\src\share\vm\prims\jni.cpp, line 709]

Events (10 events):
Event: 4.121 loading class org/objectweb/asm/Handler
Event: 4.121 loading class org/objectweb/asm/Handler done
Event: 4.299 loading class java/util/Vector$Itr
Event: 4.300 loading class java/util/Vector$Itr done
Event: 4.333 Executing VM operation: EnableBiasedLocking
Event: 4.334 Executing VM operation: EnableBiasedLocking done
Event: 4.692 Executing VM operation: ParallelGCFailedAllocation
Event: 4.756 Executing VM operation: ParallelGCFailedAllocation done
Event: 4.759 Executing VM operation: RevokeBias
Event: 4.759 Executing VM operation: RevokeBias done


Dynamic libraries:
0x00007ff67e2c0000 - 0x00007ff67e2f1000 	C:\Program Files\Android\Android Studio1\jre\bin\java.exe
0x00007ffa8bac0000 - 0x00007ffa8bca0000 	C:\WINDOWS\SYSTEM32\ntdll.dll
0x00007ffa8b2c0000 - 0x00007ffa8b36e000 	C:\WINDOWS\System32\KERNEL32.DLL
0x00007ffa88210000 - 0x00007ffa88476000 	C:\WINDOWS\System32\KERNELBASE.dll
0x00007ffa89420000 - 0x00007ffa894c1000 	C:\WINDOWS\System32\ADVAPI32.dll
0x00007ffa89bf0000 - 0x00007ffa89c8d000 	C:\WINDOWS\System32\msvcrt.dll
0x00007ffa89c90000 - 0x00007ffa89ceb000 	C:\WINDOWS\System32\sechost.dll
0x00007ffa8b740000 - 0x00007ffa8b85f000 	C:\WINDOWS\System32\RPCRT4.dll
0x00007ffa8b510000 - 0x00007ffa8b69e000 	C:\WINDOWS\System32\USER32.dll
0x00007ffa885a0000 - 0x00007ffa885c0000 	C:\WINDOWS\System32\win32u.dll
0x00007ffa8ba00000 - 0x00007ffa8ba28000 	C:\WINDOWS\System32\GDI32.dll
0x00007ffa88020000 - 0x00007ffa881b4000 	C:\WINDOWS\System32\gdi32full.dll
0x00007ffa88500000 - 0x00007ffa8859b000 	C:\WINDOWS\System32\msvcp_win.dll
0x00007ffa87ec0000 - 0x00007ffa87fb6000 	C:\WINDOWS\System32\ucrtbase.dll
0x00007ffa788b0000 - 0x00007ffa78b19000 	C:\WINDOWS\WinSxS\amd64_microsoft.windows.common-controls_6595b64144ccf1df_6.0.16299.19_none_cc92fab02215da61\COMCTL32.dll
0x00007ffa89110000 - 0x00007ffa89418000 	C:\WINDOWS\System32\combase.dll
0x00007ffa88480000 - 0x00007ffa884f2000 	C:\WINDOWS\System32\bcryptPrimitives.dll
0x00007ffa89e40000 - 0x00007ffa89e6d000 	C:\WINDOWS\System32\IMM32.DLL
0x000000006b270000 - 0x000000006b342000 	C:\Program Files\Android\Android Studio1\jre\jre\bin\msvcr100.dll
0x00000000661a0000 - 0x00000000669de000 	C:\Program Files\Android\Android Studio1\jre\jre\bin\server\jvm.dll
0x00007ffa89100000 - 0x00007ffa89108000 	C:\WINDOWS\System32\PSAPI.DLL
0x00007ffa83640000 - 0x00007ffa83649000 	C:\WINDOWS\SYSTEM32\WSOCK32.dll
0x00007ffa894d0000 - 0x00007ffa8953c000 	C:\WINDOWS\System32\WS2_32.dll
0x00007ffa86270000 - 0x00007ffa86293000 	C:\WINDOWS\SYSTEM32\WINMM.dll
0x00007ffa86210000 - 0x00007ffa8623a000 	C:\WINDOWS\SYSTEM32\WINMMBASE.dll
0x00007ffa881c0000 - 0x00007ffa8820a000 	C:\WINDOWS\System32\cfgmgr32.dll
0x00007ffa78b50000 - 0x00007ffa78b5a000 	C:\WINDOWS\SYSTEM32\VERSION.dll
0x00007ffa6b210000 - 0x00007ffa6b21f000 	C:\Program Files\Android\Android Studio1\jre\jre\bin\verify.dll
0x00007ffa4fec0000 - 0x00007ffa4fee9000 	C:\Program Files\Android\Android Studio1\jre\jre\bin\java.dll
0x00007ffa54bd0000 - 0x00007ffa54be6000 	C:\Program Files\Android\Android Studio1\jre\jre\bin\zip.dll
0x00007ffa89e70000 - 0x00007ffa8b2a7000 	C:\WINDOWS\System32\SHELL32.dll
0x00007ffa89ac0000 - 0x00007ffa89b66000 	C:\WINDOWS\System32\shcore.dll
0x00007ffa88840000 - 0x00007ffa88f87000 	C:\WINDOWS\System32\windows.storage.dll
0x00007ffa8b3e0000 - 0x00007ffa8b431000 	C:\WINDOWS\System32\shlwapi.dll
0x00007ffa87e30000 - 0x00007ffa87e41000 	C:\WINDOWS\System32\kernel.appcore.dll
0x00007ffa87e70000 - 0x00007ffa87ebc000 	C:\WINDOWS\System32\powrprof.dll
0x00007ffa87e50000 - 0x00007ffa87e6b000 	C:\WINDOWS\System32\profapi.dll
0x00007ffa87860000 - 0x00007ffa87877000 	C:\WINDOWS\SYSTEM32\CRYPTSP.dll
0x00007ffa87250000 - 0x00007ffa87283000 	C:\WINDOWS\system32\rsaenh.dll
0x00007ffa87970000 - 0x00007ffa87995000 	C:\WINDOWS\SYSTEM32\bcrypt.dll
0x00007ffa87d10000 - 0x00007ffa87d39000 	C:\WINDOWS\SYSTEM32\USERENV.dll
0x00007ffa87880000 - 0x00007ffa8788b000 	C:\WINDOWS\SYSTEM32\CRYPTBASE.dll
0x00007ffa53920000 - 0x00007ffa5393a000 	C:\Program Files\Android\Android Studio1\jre\jre\bin\net.dll
0x00007ffa876a0000 - 0x00007ffa87706000 	C:\WINDOWS\system32\mswsock.dll
0x00007ffa87430000 - 0x00007ffa87469000 	C:\WINDOWS\SYSTEM32\IPHLPAPI.DLL
0x00007ffa8b3d0000 - 0x00007ffa8b3d8000 	C:\WINDOWS\System32\NSI.dll
0x00007ffa7e010000 - 0x00007ffa7e026000 	C:\WINDOWS\SYSTEM32\dhcpcsvc6.DLL
0x00007ffa7dff0000 - 0x00007ffa7e00a000 	C:\WINDOWS\SYSTEM32\dhcpcsvc.DLL
0x00007ffa4fea0000 - 0x00007ffa4feb1000 	C:\Program Files\Android\Android Studio1\jre\jre\bin\nio.dll

VM Arguments:
jvm_args: -Djava.awt.headless=true -Xmx64M -Dfile.encoding=windows-1252 -Duser.country=BR -Duser.language=pt -Duser.variant 
java_command: com.google.devtools.build.android.desugar.Desugar --input C:\Users\JCarvalhoJr\eclipse-workspace_2018\Web_Services_Android\Web_Service_Android_Client\app\build\intermediates\transforms\stackFramesFixer\debug\14.jar --output C:\Users\JCarvalhoJr\eclipse-workspace_2018\Web_Services_Android\Web_Service_Android_Client\app\build\intermediates\transforms\desugar\debug\15.jar --input C:\Users\JCarvalhoJr\eclipse-workspace_2018\Web_Services_Android\Web_Service_Android_Client\app\build\intermediates\transforms\stackFramesFixer\debug\25.jar --output C:\Users\JCarvalhoJr\eclipse-workspace_2018\Web_Services_Android\Web_Service_Android_Client\app\build\intermediates\transforms\desugar\debug\26.jar --input C:\Users\JCarvalhoJr\eclipse-workspace_2018\Web_Services_Android\Web_Service_Android_Client\app\build\intermediates\transforms\stackFramesFixer\debug\9.jar --output C:\Users\JCarvalhoJr\eclipse-workspace_2018\Web_Services_Android\Web_Service_Android_Client\app\build\intermediates\transforms\desugar\debug\10.jar --input C:\Users\JCarvalhoJr\eclipse-workspace_2018\Web_Services_Android\Web_Service_Android_Client\app\build\intermediates\transforms\stackFramesFixer\debug\17.jar --output C:\Users\JCarvalhoJr\eclipse-workspace_2018\Web_Services_Android\Web_Service_Android_Client\app\build\intermediates\transforms\desugar\debug\18.jar --input C:\Users\JCarvalhoJr\eclipse-workspace_2018\Web_Services_Android\Web_Service_Android_Client\app\build\intermediates\transforms\stackFramesFixer\debug\1.jar --output C:\Users\JCarvalhoJr\eclipse-workspace_2018\Web_Services_Android\Web_Service_Android_Client\app\build\intermediates\transforms\desugar\debug\2.jar --input C:\Users\JCarvalhoJr\eclipse-workspace_2018\Web_Services_Android\Web_Service_Android_Client\app\build\intermediates\transforms\stackFramesFixer\debug\18.jar --output C:\Users\JCarvalhoJr\eclipse-workspace_2018\Web_Services_Android\Web_Service_Android_Client\app\build\intermediates\transforms\desugar\debug\19.jar --inp
java_class_path (initial): C:\Users\JCarvalhoJr\AppData\Local\Temp\desugar_deploy.jar3951035612156620796
Launcher Type: SUN_STANDARD

Environment Variables:
JAVA_HOME=C:\Program Files\Java\jdk1.8.0_162
CLASSPATH=.;C:\Program Files (x86)\Griaule\Fingerprint SDK 2009\bin\GrFingerJava.jar
USERNAME=JCarvalhoJr
OS=Windows_NT
PROCESSOR_IDENTIFIER=Intel64 Family 6 Model 42 Stepping 7, GenuineIntel



---------------  S Y S T E M  ---------------

OS: Windows 10.0 , 64 bit Build 16299 (10.0.16299.15)

CPU:total 4 (initial active 4) (2 cores per cpu, 2 threads per core) family 6 model 42 stepping 7, cmov, cx8, fxsr, mmx, sse, sse2, sse3, ssse3, sse4.1, sse4.2, popcnt, avx, aes, clmul, ht, tsc, tscinvbit

Memory: 4k page, physical 12496748k(3491508k free), swap 13545324k(2664k free)

vm_info: OpenJDK 64-Bit Server VM (25.152-b01) for windows-amd64 JRE (1.8.0_152-release-915-b01), built by "builder" with MS VC++ 10.0 (VS2010)

time: Thu Mar 22 13:45:50 2018
elapsed time: 4 seconds (0d 0h 0m 4s)

