#
# There is insufficient memory for the Java Runtime Environment to continue.
# Native memory allocation (malloc) failed to allocate 65552 bytes for Chunk::new
# Possible reasons:
#   The system is out of physical RAM or swap space
#   In 32 bit mode, the process size limit was hit
# Possible solutions:
#   Reduce memory load on the system
#   Increase physical memory or swap space
#   Check if swap backing store is full
#   Use 64 bit Java on a 64 bit OS
#   Decrease Java heap size (-Xmx/-Xms)
#   Decrease number of Java threads
#   Decrease Java thread stack sizes (-Xss)
#   Set larger code cache with -XX:ReservedCodeCacheSize=
# This output file may be truncated or incomplete.
#
#  Out of Memory Error (allocation.cpp:390), pid=19092, tid=0x000000000000150c
#
# JRE version: OpenJDK Runtime Environment (8.0_152-b01) (build 1.8.0_152-release-915-b01)
# Java VM: OpenJDK 64-Bit Server VM (25.152-b01 mixed mode windows-amd64 compressed oops)
# Failed to write core dump. Minidumps are not enabled by default on client versions of Windows
#

---------------  T H R E A D  ---------------

Current thread (0x0000000015493000):  JavaThread "C2 CompilerThread0" daemon [_thread_in_native, id=5388, stack(0x0000000016be0000,0x0000000016ce0000)]

Stack: [0x0000000016be0000,0x0000000016ce0000]
[error occurred during error reporting (printing stack bounds), id 0xc0000005]

Native frames: (J=compiled Java code, j=interpreted, Vv=VM code, C=native code)


Current CompileTask:
C2:   4633 1110 %     4       org.objectweb.asm.ClassReader::a @ 1360 (3587 bytes)


---------------  P R O C E S S  ---------------

Java Threads: ( => current thread )
  0x0000000016df1000 JavaThread "Service Thread" daemon [_thread_blocked, id=812, stack(0x00000000172e0000,0x00000000173e0000)]
  0x0000000016df0800 JavaThread "C1 CompilerThread2" daemon [_thread_blocked, id=9800, stack(0x00000000171e0000,0x00000000172e0000)]
  0x0000000015495000 JavaThread "C2 CompilerThread1" daemon [_thread_in_native, id=18920, stack(0x0000000016ce0000,0x0000000016de0000)]
=>0x0000000015493000 JavaThread "C2 CompilerThread0" daemon [_thread_in_native, id=5388, stack(0x0000000016be0000,0x0000000016ce0000)]
  0x0000000015490800 JavaThread "Attach Listener" daemon [_thread_blocked, id=16400, stack(0x0000000016ae0000,0x0000000016be0000)]
  0x000000001548f800 JavaThread "Signal Dispatcher" daemon [_thread_blocked, id=14760, stack(0x00000000169e0000,0x0000000016ae0000)]
  0x000000000512c000 JavaThread "Finalizer" daemon [_thread_blocked, id=15052, stack(0x00000000166e0000,0x00000000167e0000)]
  0x0000000005127000 JavaThread "Reference Handler" daemon [_thread_blocked, id=12940, stack(0x00000000165e0000,0x00000000166e0000)]
  0x0000000005036800 JavaThread "main" [_thread_in_vm, id=14952, stack(0x0000000004e70000,0x0000000004f70000)]

Other Threads:
  0x0000000015456000 VMThread [stack: 0x00000000164e0000,0x00000000165e0000] [id=17688]
  0x0000000016df2000 WatcherThread [stack: 0x00000000173e0000,0x00000000174e0000] [id=17744]

VM state:not at safepoint (normal execution)

VM Mutex/Monitor currently owned by a thread: None

Heap:
 PSYoungGen      total 18944K, used 15102K [0x00000000feb00000, 0x0000000100000000, 0x0000000100000000)
  eden space 16384K, 76% used [0x00000000feb00000,0x00000000ff745378,0x00000000ffb00000)
  from space 2560K, 99% used [0x00000000ffb00000,0x00000000ffd7a7f0,0x00000000ffd80000)
  to   space 2560K, 0% used [0x00000000ffd80000,0x00000000ffd80000,0x0000000100000000)
 ParOldGen       total 44032K, used 4691K [0x00000000fc000000, 0x00000000feb00000, 0x00000000feb00000)
  object space 44032K, 10% used [0x00000000fc000000,0x00000000fc494d18,0x00000000feb00000)
 Metaspace       used 7663K, capacity 7852K, committed 7936K, reserved 1056768K
  class space    used 867K, capacity 956K, committed 1024K, reserved 1048576K

Card table byte_map: [0x0000000004f90000,0x0000000004fc0000] byte_map_base: 0x00000000047b0000

Marking Bits: (ParMarkBitMap*) 0x0000000066963950
 Begin Bits: [0x00000000148f0000, 0x00000000149f0000)
 End Bits:   [0x00000000149f0000, 0x0000000014af0000)

Polling page: 0x0000000004d50000

CodeCache: size=245760Kb used=4465Kb max_used=4465Kb free=241294Kb
 bounds [0x0000000005130000, 0x0000000005590000, 0x0000000014130000]
 total_blobs=1484 nmethods=1152 adapters=245
 compilation: enabled

Compilation events (10 events):
Event: 4.624 Thread 0x0000000016df0800 1153       3       java.util.zip.ZipOutputStream::putNextEntry (337 bytes)
Event: 4.626 Thread 0x0000000016df0800 nmethod 1153 0x000000000558b090 code [0x000000000558b3a0, 0x000000000558ca98]
Event: 4.627 Thread 0x0000000016df0800 1154       3       java.io.FilterOutputStream::write (9 bytes)
Event: 4.627 Thread 0x0000000016df0800 nmethod 1154 0x000000000558d3d0 code [0x000000000558d540, 0x000000000558d768]
Event: 4.627 Thread 0x0000000016df0800 1155  s    3       java.util.zip.ZipOutputStream::write (175 bytes)
Event: 4.628 Thread 0x0000000016df0800 nmethod 1155 0x000000000558d810 code [0x000000000558da40, 0x000000000558e458]
Event: 4.628 Thread 0x0000000016df0800 1156       3       java.util.zip.CRC32::reset (6 bytes)
Event: 4.629 Thread 0x0000000016df0800 nmethod 1156 0x000000000558e990 code [0x000000000558eae0, 0x000000000558ec30]
Event: 4.629 Thread 0x0000000016df0800 1157       3       org.objectweb.asm.ClassWriter::<init> (117 bytes)
Event: 4.630 Thread 0x0000000016df0800 nmethod 1157 0x000000000558ec90 code [0x000000000558eea0, 0x000000000558f8c8]

GC Heap History (6 events):
Event: 1.706 GC heap before
{Heap before GC invocations=1 (full 0):
 PSYoungGen      total 18944K, used 16384K [0x00000000feb00000, 0x0000000100000000, 0x0000000100000000)
  eden space 16384K, 100% used [0x00000000feb00000,0x00000000ffb00000,0x00000000ffb00000)
  from space 2560K, 0% used [0x00000000ffd80000,0x00000000ffd80000,0x0000000100000000)
  to   space 2560K, 0% used [0x00000000ffb00000,0x00000000ffb00000,0x00000000ffd80000)
 ParOldGen       total 44032K, used 0K [0x00000000fc000000, 0x00000000feb00000, 0x00000000feb00000)
  object space 44032K, 0% used [0x00000000fc000000,0x00000000fc000000,0x00000000feb00000)
 Metaspace       used 6514K, capacity 6618K, committed 6784K, reserved 1056768K
  class space    used 768K, capacity 823K, committed 896K, reserved 1048576K
Event: 1.742 GC heap after
Heap after GC invocations=1 (full 0):
 PSYoungGen      total 18944K, used 2528K [0x00000000feb00000, 0x0000000100000000, 0x0000000100000000)
  eden space 16384K, 0% used [0x00000000feb00000,0x00000000feb00000,0x00000000ffb00000)
  from space 2560K, 98% used [0x00000000ffb00000,0x00000000ffd78030,0x00000000ffd80000)
  to   space 2560K, 0% used [0x00000000ffd80000,0x00000000ffd80000,0x0000000100000000)
 ParOldGen       total 44032K, used 1519K [0x00000000fc000000, 0x00000000feb00000, 0x00000000feb00000)
  object space 44032K, 3% used [0x00000000fc000000,0x00000000fc17bff0,0x00000000feb00000)
 Metaspace       used 6514K, capacity 6618K, committed 6784K, reserved 1056768K
  class space    used 768K, capacity 823K, committed 896K, reserved 1048576K
}
Event: 2.749 GC heap before
{Heap before GC invocations=2 (full 0):
 PSYoungGen      total 18944K, used 18912K [0x00000000feb00000, 0x0000000100000000, 0x0000000100000000)
  eden space 16384K, 100% used [0x00000000feb00000,0x00000000ffb00000,0x00000000ffb00000)
  from space 2560K, 98% used [0x00000000ffb00000,0x00000000ffd78030,0x00000000ffd80000)
  to   space 2560K, 0% used [0x00000000ffd80000,0x00000000ffd80000,0x0000000100000000)
 ParOldGen       total 44032K, used 1519K [0x00000000fc000000, 0x00000000feb00000, 0x00000000feb00000)
  object space 44032K, 3% used [0x00000000fc000000,0x00000000fc17bff0,0x00000000feb00000)
 Metaspace       used 7515K, capacity 7660K, committed 7936K, reserved 1056768K
  class space    used 867K, capacity 956K, committed 1024K, reserved 1048576K
Event: 2.788 GC heap after
Heap after GC invocations=2 (full 0):
 PSYoungGen      total 18944K, used 2554K [0x00000000feb00000, 0x0000000100000000, 0x0000000100000000)
  eden space 16384K, 0% used [0x00000000feb00000,0x00000000feb00000,0x00000000ffb00000)
  from space 2560K, 99% used [0x00000000ffd80000,0x00000000ffffe800,0x0000000100000000)
  to   space 2560K, 0% used [0x00000000ffb00000,0x00000000ffb00000,0x00000000ffd80000)
 ParOldGen       total 44032K, used 4651K [0x00000000fc000000, 0x00000000feb00000, 0x00000000feb00000)
  object space 44032K, 10% used [0x00000000fc000000,0x00000000fc48ad08,0x00000000feb00000)
 Metaspace       used 7515K, capacity 7660K, committed 7936K, reserved 1056768K
  class space    used 867K, capacity 956K, committed 1024K, reserved 1048576K
}
Event: 3.926 GC heap before
{Heap before GC invocations=3 (full 0):
 PSYoungGen      total 18944K, used 18938K [0x00000000feb00000, 0x0000000100000000, 0x0000000100000000)
  eden space 16384K, 100% used [0x00000000feb00000,0x00000000ffb00000,0x00000000ffb00000)
  from space 2560K, 99% used [0x00000000ffd80000,0x00000000ffffe800,0x0000000100000000)
  to   space 2560K, 0% used [0x00000000ffb00000,0x00000000ffb00000,0x00000000ffd80000)
 ParOldGen       total 44032K, used 4651K [0x00000000fc000000, 0x00000000feb00000, 0x00000000feb00000)
  object space 44032K, 10% used [0x00000000fc000000,0x00000000fc48ad08,0x00000000feb00000)
 Metaspace       used 7595K, capacity 7788K, committed 7936K, reserved 1056768K
  class space    used 867K, capacity 956K, committed 1024K, reserved 1048576K
Event: 4.041 GC heap after
Heap after GC invocations=3 (full 0):
 PSYoungGen      total 18944K, used 2537K [0x00000000feb00000, 0x0000000100000000, 0x0000000100000000)
  eden space 16384K, 0% used [0x00000000feb00000,0x00000000feb00000,0x00000000ffb00000)
  from space 2560K, 99% used [0x00000000ffb00000,0x00000000ffd7a7f0,0x00000000ffd80000)
  to   space 2560K, 0% used [0x00000000ffd80000,0x00000000ffd80000,0x0000000100000000)
 ParOldGen       total 44032K, used 4691K [0x00000000fc000000, 0x00000000feb00000, 0x00000000feb00000)
  object space 44032K, 10% used [0x00000000fc000000,0x00000000fc494d18,0x00000000feb00000)
 Metaspace       used 7595K, capacity 7788K, committed 7936K, reserved 1056768K
  class space    used 867K, capacity 956K, committed 1024K, reserved 1048576K
}

Deoptimization events (10 events):
Event: 2.498 Thread 0x0000000005036800 Uncommon trap: reason=unstable_if action=reinterpret pc=0x00000000052e11ac method=java.lang.String.<init>([CII)V @ 18
Event: 2.666 Thread 0x0000000005036800 Uncommon trap: reason=unstable_if action=reinterpret pc=0x000000000540bbc0 method=org.objectweb.asm.ClassReader.readUTF8(I[C)Ljava/lang/String; @ 7
Event: 2.667 Thread 0x0000000005036800 Uncommon trap: reason=unstable_if action=reinterpret pc=0x0000000005471e50 method=org.objectweb.asm.MethodWriter.visitVarInsn(II)V @ 130
Event: 2.747 Thread 0x0000000005036800 Uncommon trap: reason=unstable_if action=reinterpret pc=0x0000000005466100 method=org.objectweb.asm.Item.a(Lorg/objectweb/asm/Item;)Z @ 345
Event: 3.049 Thread 0x0000000005036800 Uncommon trap: reason=class_check action=maybe_recompile pc=0x00000000054aa5f0 method=org.objectweb.asm.MethodVisitor.visitVarInsn(II)V @ 13
Event: 3.049 Thread 0x0000000005036800 Uncommon trap: reason=class_check action=maybe_recompile pc=0x00000000054aa5f0 method=org.objectweb.asm.MethodVisitor.visitVarInsn(II)V @ 13
Event: 3.049 Thread 0x0000000005036800 Uncommon trap: reason=class_check action=maybe_recompile pc=0x00000000054aa5f0 method=org.objectweb.asm.MethodVisitor.visitVarInsn(II)V @ 13
Event: 3.049 Thread 0x0000000005036800 Uncommon trap: reason=class_check action=maybe_recompile pc=0x00000000054aa5f0 method=org.objectweb.asm.MethodVisitor.visitVarInsn(II)V @ 13
Event: 3.059 Thread 0x0000000005036800 Uncommon trap: reason=class_check action=maybe_recompile pc=0x00000000054ae6f0 method=org.objectweb.asm.MethodVisitor.visitVarInsn(II)V @ 13
Event: 3.906 Thread 0x0000000005036800 Uncommon trap: reason=null_check action=make_not_entrant pc=0x0000000005525e1c method=com.google.devtools.build.android.desugar.InterfaceDesugaring$InterfaceInvocationRewriter.visitMethodInsn(ILjava/lang/String;Ljava/lang/String;Ljava/lang/String;Z)V @ 10

Classes redefined (0 events):
No events

Internal exceptions (10 events):
Event: 2.271 Thread 0x0000000005036800 Exception <a 'sun/nio/fs/WindowsException'> (0x00000000ff4c42d0) thrown at [D:\src\AOSP-openjdk-cygwin\jdk8u\hotspot\src\share\vm\prims\jni.cpp, line 709]
Event: 2.662 Thread 0x0000000005036800 Exception <a 'sun/nio/fs/WindowsException'> (0x00000000ff882c40) thrown at [D:\src\AOSP-openjdk-cygwin\jdk8u\hotspot\src\share\vm\prims\jni.cpp, line 709]
Event: 2.662 Thread 0x0000000005036800 Exception <a 'sun/nio/fs/WindowsException'> (0x00000000ff8831c0) thrown at [D:\src\AOSP-openjdk-cygwin\jdk8u\hotspot\src\share\vm\prims\jni.cpp, line 709]
Event: 2.810 Thread 0x0000000005036800 Exception <a 'sun/nio/fs/WindowsException'> (0x00000000febc4d30) thrown at [D:\src\AOSP-openjdk-cygwin\jdk8u\hotspot\src\share\vm\prims\jni.cpp, line 709]
Event: 2.810 Thread 0x0000000005036800 Exception <a 'sun/nio/fs/WindowsException'> (0x00000000febc52b0) thrown at [D:\src\AOSP-openjdk-cygwin\jdk8u\hotspot\src\share\vm\prims\jni.cpp, line 709]
Event: 3.900 Thread 0x0000000005036800 Exception <a 'sun/nio/fs/WindowsException'> (0x00000000ff9ea710) thrown at [D:\src\AOSP-openjdk-cygwin\jdk8u\hotspot\src\share\vm\prims\jni.cpp, line 709]
Event: 3.901 Thread 0x0000000005036800 Exception <a 'sun/nio/fs/WindowsException'> (0x00000000ff9eac90) thrown at [D:\src\AOSP-openjdk-cygwin\jdk8u\hotspot\src\share\vm\prims\jni.cpp, line 709]
Event: 3.906 Thread 0x0000000005036800 Implicit null exception at 0x0000000005523537 to 0x0000000005525df9
Event: 4.280 Thread 0x0000000005036800 Exception <a 'sun/nio/fs/WindowsException'> (0x00000000ff22faf8) thrown at [D:\src\AOSP-openjdk-cygwin\jdk8u\hotspot\src\share\vm\prims\jni.cpp, line 709]
Event: 4.280 Thread 0x0000000005036800 Exception <a 'sun/nio/fs/WindowsException'> (0x00000000ff230078) thrown at [D:\src\AOSP-openjdk-cygwin\jdk8u\hotspot\src\share\vm\prims\jni.cpp, line 709]

Events (10 events):
Event: 4.529 Thread 0x0000000005036800 DEOPT PACKING pc=0x000000000541de18 sp=0x0000000004f6ec30
Event: 4.529 Thread 0x0000000005036800 DEOPT UNPACKING pc=0x00000000051775bf sp=0x0000000004f6ebe0 mode 0
Event: 4.562 Thread 0x0000000005036800 DEOPT PACKING pc=0x000000000541de18 sp=0x0000000004f6ec30
Event: 4.562 Thread 0x0000000005036800 DEOPT UNPACKING pc=0x00000000051775bf sp=0x0000000004f6ebe0 mode 0
Event: 4.563 Thread 0x0000000005036800 DEOPT PACKING pc=0x000000000541de18 sp=0x0000000004f6ec30
Event: 4.563 Thread 0x0000000005036800 DEOPT UNPACKING pc=0x00000000051775bf sp=0x0000000004f6ebe0 mode 0
Event: 4.564 Thread 0x0000000005036800 DEOPT PACKING pc=0x000000000541de18 sp=0x0000000004f6ec30
Event: 4.564 Thread 0x0000000005036800 DEOPT UNPACKING pc=0x00000000051775bf sp=0x0000000004f6ebe0 mode 0
Event: 4.629 Thread 0x0000000005036800 DEOPT PACKING pc=0x000000000541de18 sp=0x0000000004f6ec30
Event: 4.629 Thread 0x0000000005036800 DEOPT UNPACKING pc=0x00000000051775bf sp=0x0000000004f6ebe0 mode 0


Dynamic libraries:
0x00007ff67e2c0000 - 0x00007ff67e2f1000 	C:\Program Files\Android\Android Studio1\jre\bin\java.exe
0x00007ffa8bac0000 - 0x00007ffa8bca0000 	C:\WINDOWS\SYSTEM32\ntdll.dll
0x00007ffa8b2c0000 - 0x00007ffa8b36e000 	C:\WINDOWS\System32\KERNEL32.DLL
0x00007ffa88210000 - 0x00007ffa88476000 	C:\WINDOWS\System32\KERNELBASE.dll
0x00007ffa89420000 - 0x00007ffa894c1000 	C:\WINDOWS\System32\ADVAPI32.dll
0x00007ffa89bf0000 - 0x00007ffa89c8d000 	C:\WINDOWS\System32\msvcrt.dll
0x00007ffa89c90000 - 0x00007ffa89ceb000 	C:\WINDOWS\System32\sechost.dll
0x00007ffa8b740000 - 0x00007ffa8b85f000 	C:\WINDOWS\System32\RPCRT4.dll
0x00007ffa8b510000 - 0x00007ffa8b69e000 	C:\WINDOWS\System32\USER32.dll
0x00007ffa885a0000 - 0x00007ffa885c0000 	C:\WINDOWS\System32\win32u.dll
0x00007ffa8ba00000 - 0x00007ffa8ba28000 	C:\WINDOWS\System32\GDI32.dll
0x00007ffa88020000 - 0x00007ffa881b4000 	C:\WINDOWS\System32\gdi32full.dll
0x00007ffa88500000 - 0x00007ffa8859b000 	C:\WINDOWS\System32\msvcp_win.dll
0x00007ffa87ec0000 - 0x00007ffa87fb6000 	C:\WINDOWS\System32\ucrtbase.dll
0x00007ffa788b0000 - 0x00007ffa78b19000 	C:\WINDOWS\WinSxS\amd64_microsoft.windows.common-controls_6595b64144ccf1df_6.0.16299.19_none_cc92fab02215da61\COMCTL32.dll
0x00007ffa89110000 - 0x00007ffa89418000 	C:\WINDOWS\System32\combase.dll
0x00007ffa88480000 - 0x00007ffa884f2000 	C:\WINDOWS\System32\bcryptPrimitives.dll
0x00007ffa89e40000 - 0x00007ffa89e6d000 	C:\WINDOWS\System32\IMM32.DLL
0x000000006b270000 - 0x000000006b342000 	C:\Program Files\Android\Android Studio1\jre\jre\bin\msvcr100.dll
0x00000000661a0000 - 0x00000000669de000 	C:\Program Files\Android\Android Studio1\jre\jre\bin\server\jvm.dll
0x00007ffa89100000 - 0x00007ffa89108000 	C:\WINDOWS\System32\PSAPI.DLL
0x00007ffa83640000 - 0x00007ffa83649000 	C:\WINDOWS\SYSTEM32\WSOCK32.dll
0x00007ffa894d0000 - 0x00007ffa8953c000 	C:\WINDOWS\System32\WS2_32.dll
0x00007ffa86270000 - 0x00007ffa86293000 	C:\WINDOWS\SYSTEM32\WINMM.dll
0x00007ffa78b50000 - 0x00007ffa78b5a000 	C:\WINDOWS\SYSTEM32\VERSION.dll
0x00007ffa86210000 - 0x00007ffa8623a000 	C:\WINDOWS\SYSTEM32\WINMMBASE.dll
0x00007ffa881c0000 - 0x00007ffa8820a000 	C:\WINDOWS\System32\cfgmgr32.dll
0x00007ffa6b210000 - 0x00007ffa6b21f000 	C:\Program Files\Android\Android Studio1\jre\jre\bin\verify.dll
0x00007ffa4fec0000 - 0x00007ffa4fee9000 	C:\Program Files\Android\Android Studio1\jre\jre\bin\java.dll
0x00007ffa54bd0000 - 0x00007ffa54be6000 	C:\Program Files\Android\Android Studio1\jre\jre\bin\zip.dll
0x00007ffa89e70000 - 0x00007ffa8b2a7000 	C:\WINDOWS\System32\SHELL32.dll
0x00007ffa89ac0000 - 0x00007ffa89b66000 	C:\WINDOWS\System32\shcore.dll
0x00007ffa88840000 - 0x00007ffa88f87000 	C:\WINDOWS\System32\windows.storage.dll
0x00007ffa8b3e0000 - 0x00007ffa8b431000 	C:\WINDOWS\System32\shlwapi.dll
0x00007ffa87e30000 - 0x00007ffa87e41000 	C:\WINDOWS\System32\kernel.appcore.dll
0x00007ffa87e70000 - 0x00007ffa87ebc000 	C:\WINDOWS\System32\powrprof.dll
0x00007ffa87e50000 - 0x00007ffa87e6b000 	C:\WINDOWS\System32\profapi.dll
0x00007ffa87860000 - 0x00007ffa87877000 	C:\WINDOWS\SYSTEM32\CRYPTSP.dll
0x00007ffa87250000 - 0x00007ffa87283000 	C:\WINDOWS\system32\rsaenh.dll
0x00007ffa87970000 - 0x00007ffa87995000 	C:\WINDOWS\SYSTEM32\bcrypt.dll
0x00007ffa87d10000 - 0x00007ffa87d39000 	C:\WINDOWS\SYSTEM32\USERENV.dll
0x00007ffa87880000 - 0x00007ffa8788b000 	C:\WINDOWS\SYSTEM32\CRYPTBASE.dll
0x00007ffa53920000 - 0x00007ffa5393a000 	C:\Program Files\Android\Android Studio1\jre\jre\bin\net.dll
0x00007ffa876a0000 - 0x00007ffa87706000 	C:\WINDOWS\system32\mswsock.dll
0x00007ffa87430000 - 0x00007ffa87469000 	C:\WINDOWS\SYSTEM32\IPHLPAPI.DLL
0x00007ffa8b3d0000 - 0x00007ffa8b3d8000 	C:\WINDOWS\System32\NSI.dll
0x00007ffa7e010000 - 0x00007ffa7e026000 	C:\WINDOWS\SYSTEM32\dhcpcsvc6.DLL
0x00007ffa7dff0000 - 0x00007ffa7e00a000 	C:\WINDOWS\SYSTEM32\dhcpcsvc.DLL
0x00007ffa4fea0000 - 0x00007ffa4feb1000 	C:\Program Files\Android\Android Studio1\jre\jre\bin\nio.dll

VM Arguments:
jvm_args: -Djava.awt.headless=true -Xmx64M -Dfile.encoding=windows-1252 -Duser.country=BR -Duser.language=pt -Duser.variant 
java_command: com.google.devtools.build.android.desugar.Desugar --input C:\Users\JCarvalhoJr\eclipse-workspace_2018\Web_Services_Android\Web_Service_Android_Client\app\build\intermediates\transforms\stackFramesFixer\debug\26.jar --output C:\Users\JCarvalhoJr\eclipse-workspace_2018\Web_Services_Android\Web_Service_Android_Client\app\build\intermediates\transforms\desugar\debug\27.jar --input C:\Users\JCarvalhoJr\eclipse-workspace_2018\Web_Services_Android\Web_Service_Android_Client\app\build\intermediates\transforms\stackFramesFixer\debug\30.jar --output C:\Users\JCarvalhoJr\eclipse-workspace_2018\Web_Services_Android\Web_Service_Android_Client\app\build\intermediates\transforms\desugar\debug\31.jar --input C:\Users\JCarvalhoJr\eclipse-workspace_2018\Web_Services_Android\Web_Service_Android_Client\app\build\intermediates\transforms\stackFramesFixer\debug\12.jar --output C:\Users\JCarvalhoJr\eclipse-workspace_2018\Web_Services_Android\Web_Service_Android_Client\app\build\intermediates\transforms\desugar\debug\13.jar --input C:\Users\JCarvalhoJr\eclipse-workspace_2018\Web_Services_Android\Web_Service_Android_Client\app\build\intermediates\transforms\stackFramesFixer\debug\13.jar --output C:\Users\JCarvalhoJr\eclipse-workspace_2018\Web_Services_Android\Web_Service_Android_Client\app\build\intermediates\transforms\desugar\debug\14.jar --input C:\Users\JCarvalhoJr\eclipse-workspace_2018\Web_Services_Android\Web_Service_Android_Client\app\build\intermediates\transforms\stackFramesFixer\debug\18.jar --output C:\Users\JCarvalhoJr\eclipse-workspace_2018\Web_Services_Android\Web_Service_Android_Client\app\build\intermediates\transforms\desugar\debug\19.jar --input C:\Users\JCarvalhoJr\eclipse-workspace_2018\Web_Services_Android\Web_Service_Android_Client\app\build\intermediates\transforms\stackFramesFixer\debug\3.jar --output C:\Users\JCarvalhoJr\eclipse-workspace_2018\Web_Services_Android\Web_Service_Android_Client\app\build\intermediates\transforms\desugar\debug\4.jar --in
java_class_path (initial): C:\Users\JCarvalhoJr\AppData\Local\Temp\desugar_deploy.jar3951035612156620796
Launcher Type: SUN_STANDARD

Environment Variables:
JAVA_HOME=C:\Program Files\Java\jdk1.8.0_162
CLASSPATH=.;C:\Program Files (x86)\Griaule\Fingerprint SDK 2009\bin\GrFingerJava.jar
USERNAME=JCarvalhoJr
OS=Windows_NT
PROCESSOR_IDENTIFIER=Intel64 Family 6 Model 42 Stepping 7, GenuineIntel



---------------  S Y S T E M  ---------------

OS: Windows 10.0 , 64 bit Build 16299 (10.0.16299.15)

CPU:total 4 (initial active 4) (2 cores per cpu, 2 threads per core) family 6 model 42 stepping 7, cmov, cx8, fxsr, mmx, sse, sse2, sse3, ssse3, sse4.1, sse4.2, popcnt, avx, aes, clmul, ht, tsc, tscinvbit

Memory: 4k page, physical 12496748k(5633540k free), swap 13545324k(4372k free)

vm_info: OpenJDK 64-Bit Server VM (25.152-b01) for windows-amd64 JRE (1.8.0_152-release-915-b01), built by "builder" with MS VC++ 10.0 (VS2010)

time: Thu Mar 22 15:46:08 2018
elapsed time: 4 seconds (0d 0h 0m 4s)

