#
# There is insufficient memory for the Java Runtime Environment to continue.
# Native memory allocation (malloc) failed to allocate 1913136 bytes for Chunk::new
# Possible reasons:
#   The system is out of physical RAM or swap space
#   In 32 bit mode, the process size limit was hit
# Possible solutions:
#   Reduce memory load on the system
#   Increase physical memory or swap space
#   Check if swap backing store is full
#   Use 64 bit Java on a 64 bit OS
#   Decrease Java heap size (-Xmx/-Xms)
#   Decrease number of Java threads
#   Decrease Java thread stack sizes (-Xss)
#   Set larger code cache with -XX:ReservedCodeCacheSize=
# This output file may be truncated or incomplete.
#
#  Out of Memory Error (allocation.cpp:390), pid=2420, tid=0x00000000000024e8
#
# JRE version: OpenJDK Runtime Environment (8.0_152-b01) (build 1.8.0_152-release-915-b01)
# Java VM: OpenJDK 64-Bit Server VM (25.152-b01 mixed mode windows-amd64 compressed oops)
# Failed to write core dump. Minidumps are not enabled by default on client versions of Windows
#

---------------  T H R E A D  ---------------

Current thread (0x0000000014d34800):  JavaThread "C2 CompilerThread0" daemon [_thread_in_native, id=9448, stack(0x0000000016490000,0x0000000016590000)]

Stack: [0x0000000016490000,0x0000000016590000]
[error occurred during error reporting (printing stack bounds), id 0xc0000005]

Native frames: (J=compiled Java code, j=interpreted, Vv=VM code, C=native code)


Current CompileTask:
C2:   5010 1089 %     4       org.objectweb.asm.ClassReader::a @ 1480 (3587 bytes)


---------------  P R O C E S S  ---------------

Java Threads: ( => current thread )
  0x000000001669b800 JavaThread "Service Thread" daemon [_thread_blocked, id=19624, stack(0x0000000016b90000,0x0000000016c90000)]
  0x0000000014d8a800 JavaThread "C1 CompilerThread2" daemon [_thread_blocked, id=4532, stack(0x0000000016a90000,0x0000000016b90000)]
  0x0000000014d36800 JavaThread "C2 CompilerThread1" daemon [_thread_blocked, id=18012, stack(0x0000000016590000,0x0000000016690000)]
=>0x0000000014d34800 JavaThread "C2 CompilerThread0" daemon [_thread_in_native, id=9448, stack(0x0000000016490000,0x0000000016590000)]
  0x0000000014d32800 JavaThread "Attach Listener" daemon [_thread_blocked, id=6636, stack(0x0000000016390000,0x0000000016490000)]
  0x0000000014d31800 JavaThread "Signal Dispatcher" daemon [_thread_blocked, id=17260, stack(0x0000000016290000,0x0000000016390000)]
  0x0000000014d18800 JavaThread "Finalizer" daemon [_thread_blocked, id=10540, stack(0x0000000015f90000,0x0000000016090000)]
  0x00000000049c8800 JavaThread "Reference Handler" daemon [_thread_blocked, id=6588, stack(0x0000000015e90000,0x0000000015f90000)]
  0x00000000048d6800 JavaThread "main" [_thread_in_vm, id=19796, stack(0x00000000047d0000,0x00000000048d0000)]

Other Threads:
  0x0000000014cf6000 VMThread [stack: 0x0000000015d90000,0x0000000015e90000] [id=14312]
  0x000000001669d000 WatcherThread [stack: 0x0000000016c90000,0x0000000016d90000] [id=6060]

VM state:not at safepoint (normal execution)

VM Mutex/Monitor currently owned by a thread:  ([mutex/lock_event])
[0x00000000048d3f50] OsrList_lock - owner thread: 0x00000000048d6800

Heap:
 PSYoungGen      total 18944K, used 12313K [0x00000000feb00000, 0x0000000100000000, 0x0000000100000000)
  eden space 16384K, 59% used [0x00000000feb00000,0x00000000ff497420,0x00000000ffb00000)
  from space 2560K, 97% used [0x00000000ffb00000,0x00000000ffd6f000,0x00000000ffd80000)
  to   space 2560K, 0% used [0x00000000ffd80000,0x00000000ffd80000,0x0000000100000000)
 ParOldGen       total 44032K, used 5114K [0x00000000fc000000, 0x00000000feb00000, 0x00000000feb00000)
  object space 44032K, 11% used [0x00000000fc000000,0x00000000fc4feba0,0x00000000feb00000)
 Metaspace       used 7848K, capacity 8008K, committed 8192K, reserved 1056768K
  class space    used 896K, capacity 988K, committed 1024K, reserved 1048576K

Card table byte_map: [0x0000000002a70000,0x0000000002aa0000] byte_map_base: 0x0000000002290000

Marking Bits: (ParMarkBitMap*) 0x00000000609f3950
 Begin Bits: [0x0000000014190000, 0x0000000014290000)
 End Bits:   [0x0000000014290000, 0x0000000014390000)

Polling page: 0x0000000002a10000

CodeCache: size=245760Kb used=4338Kb max_used=4346Kb free=241421Kb
 bounds [0x00000000049d0000, 0x0000000004e20000, 0x00000000139d0000]
 total_blobs=1496 nmethods=1165 adapters=245
 compilation: enabled

Compilation events (10 events):
Event: 4.913 Thread 0x0000000014d8a800 1162       3       java.nio.Buffer::remaining (10 bytes)
Event: 4.914 Thread 0x0000000014d8a800 nmethod 1162 0x0000000004e0c490 code [0x0000000004e0c5e0, 0x0000000004e0c730]
Event: 4.914 Thread 0x0000000014d8a800 1163       3       sun.misc.SharedSecrets::getJavaLangAccess (4 bytes)
Event: 4.914 Thread 0x0000000014d8a800 nmethod 1163 0x0000000004e0c190 code [0x0000000004e0c2e0, 0x0000000004e0c410]
Event: 4.917 Thread 0x0000000014d8a800 1164       1       sun.nio.ch.NativeThread::current (2 bytes)
Event: 4.917 Thread 0x0000000014d8a800 nmethod 1164 0x0000000004e0bf10 code [0x0000000004e0c060, 0x0000000004e0c150]
Event: 4.917 Thread 0x0000000014d8a800 1165       3       sun.nio.ch.Util::isBufferTooLarge (15 bytes)
Event: 4.918 Thread 0x0000000014d8a800 nmethod 1165 0x0000000004e0bbd0 code [0x0000000004e0bd20, 0x0000000004e0beb0]
Event: 4.918 Thread 0x0000000014d8a800 1166       3       java.nio.channels.spi.AbstractInterruptibleChannel::blockedOn (13 bytes)
Event: 4.918 Thread 0x0000000014d8a800 nmethod 1166 0x0000000004e0ee10 code [0x0000000004e0efa0, 0x0000000004e0f490]

GC Heap History (6 events):
Event: 1.832 GC heap before
{Heap before GC invocations=1 (full 0):
 PSYoungGen      total 18944K, used 16384K [0x00000000feb00000, 0x0000000100000000, 0x0000000100000000)
  eden space 16384K, 100% used [0x00000000feb00000,0x00000000ffb00000,0x00000000ffb00000)
  from space 2560K, 0% used [0x00000000ffd80000,0x00000000ffd80000,0x0000000100000000)
  to   space 2560K, 0% used [0x00000000ffb00000,0x00000000ffb00000,0x00000000ffd80000)
 ParOldGen       total 44032K, used 0K [0x00000000fc000000, 0x00000000feb00000, 0x00000000feb00000)
  object space 44032K, 0% used [0x00000000fc000000,0x00000000fc000000,0x00000000feb00000)
 Metaspace       used 6525K, capacity 6682K, committed 6784K, reserved 1056768K
  class space    used 769K, capacity 823K, committed 896K, reserved 1048576K
Event: 1.837 GC heap after
Heap after GC invocations=1 (full 0):
 PSYoungGen      total 18944K, used 2528K [0x00000000feb00000, 0x0000000100000000, 0x0000000100000000)
  eden space 16384K, 0% used [0x00000000feb00000,0x00000000feb00000,0x00000000ffb00000)
  from space 2560K, 98% used [0x00000000ffb00000,0x00000000ffd78030,0x00000000ffd80000)
  to   space 2560K, 0% used [0x00000000ffd80000,0x00000000ffd80000,0x0000000100000000)
 ParOldGen       total 44032K, used 1512K [0x00000000fc000000, 0x00000000feb00000, 0x00000000feb00000)
  object space 44032K, 3% used [0x00000000fc000000,0x00000000fc17a0a0,0x00000000feb00000)
 Metaspace       used 6525K, capacity 6682K, committed 6784K, reserved 1056768K
  class space    used 769K, capacity 823K, committed 896K, reserved 1048576K
}
Event: 3.003 GC heap before
{Heap before GC invocations=2 (full 0):
 PSYoungGen      total 18944K, used 18912K [0x00000000feb00000, 0x0000000100000000, 0x0000000100000000)
  eden space 16384K, 100% used [0x00000000feb00000,0x00000000ffb00000,0x00000000ffb00000)
  from space 2560K, 98% used [0x00000000ffb00000,0x00000000ffd78030,0x00000000ffd80000)
  to   space 2560K, 0% used [0x00000000ffd80000,0x00000000ffd80000,0x0000000100000000)
 ParOldGen       total 44032K, used 1512K [0x00000000fc000000, 0x00000000feb00000, 0x00000000feb00000)
  object space 44032K, 3% used [0x00000000fc000000,0x00000000fc17a0a0,0x00000000feb00000)
 Metaspace       used 7675K, capacity 7880K, committed 7936K, reserved 1056768K
  class space    used 895K, capacity 988K, committed 1024K, reserved 1048576K
Event: 3.013 GC heap after
Heap after GC invocations=2 (full 0):
 PSYoungGen      total 18944K, used 2555K [0x00000000feb00000, 0x0000000100000000, 0x0000000100000000)
  eden space 16384K, 0% used [0x00000000feb00000,0x00000000feb00000,0x00000000ffb00000)
  from space 2560K, 99% used [0x00000000ffd80000,0x00000000ffffeea0,0x0000000100000000)
  to   space 2560K, 0% used [0x00000000ffb00000,0x00000000ffb00000,0x00000000ffd80000)
 ParOldGen       total 44032K, used 5106K [0x00000000fc000000, 0x00000000feb00000, 0x00000000feb00000)
  object space 44032K, 11% used [0x00000000fc000000,0x00000000fc4fcba0,0x00000000feb00000)
 Metaspace       used 7675K, capacity 7880K, committed 7936K, reserved 1056768K
  class space    used 895K, capacity 988K, committed 1024K, reserved 1048576K
}
Event: 3.713 GC heap before
{Heap before GC invocations=3 (full 0):
 PSYoungGen      total 18944K, used 18939K [0x00000000feb00000, 0x0000000100000000, 0x0000000100000000)
  eden space 16384K, 100% used [0x00000000feb00000,0x00000000ffb00000,0x00000000ffb00000)
  from space 2560K, 99% used [0x00000000ffd80000,0x00000000ffffeea0,0x0000000100000000)
  to   space 2560K, 0% used [0x00000000ffb00000,0x00000000ffb00000,0x00000000ffd80000)
 ParOldGen       total 44032K, used 5106K [0x00000000fc000000, 0x00000000feb00000, 0x00000000feb00000)
  object space 44032K, 11% used [0x00000000fc000000,0x00000000fc4fcba0,0x00000000feb00000)
 Metaspace       used 7768K, capacity 7944K, committed 8192K, reserved 1056768K
  class space    used 896K, capacity 988K, committed 1024K, reserved 1048576K
Event: 3.835 GC heap after
Heap after GC invocations=3 (full 0):
 PSYoungGen      total 18944K, used 2492K [0x00000000feb00000, 0x0000000100000000, 0x0000000100000000)
  eden space 16384K, 0% used [0x00000000feb00000,0x00000000feb00000,0x00000000ffb00000)
  from space 2560K, 97% used [0x00000000ffb00000,0x00000000ffd6f000,0x00000000ffd80000)
  to   space 2560K, 0% used [0x00000000ffd80000,0x00000000ffd80000,0x0000000100000000)
 ParOldGen       total 44032K, used 5114K [0x00000000fc000000, 0x00000000feb00000, 0x00000000feb00000)
  object space 44032K, 11% used [0x00000000fc000000,0x00000000fc4feba0,0x00000000feb00000)
 Metaspace       used 7768K, capacity 7944K, committed 8192K, reserved 1056768K
  class space    used 896K, capacity 988K, committed 1024K, reserved 1048576K
}

Deoptimization events (10 events):
Event: 2.572 Thread 0x00000000048d6800 Uncommon trap: reason=class_check action=maybe_recompile pc=0x0000000004c0c16c method=com.google.common.collect.TransformedIterator.hasNext()Z @ 4
Event: 2.572 Thread 0x00000000048d6800 Uncommon trap: reason=class_check action=maybe_recompile pc=0x0000000004c0fb18 method=com.google.common.collect.TransformedIterator.next()Ljava/lang/Object; @ 5
Event: 2.572 Thread 0x00000000048d6800 Uncommon trap: reason=class_check action=maybe_recompile pc=0x0000000004bfbb90 method=com.google.common.collect.Iterators$7.transform(Ljava/lang/Object;)Ljava/lang/Object; @ 5
Event: 2.572 Thread 0x00000000048d6800 Uncommon trap: reason=class_check action=maybe_recompile pc=0x0000000004c0fb18 method=com.google.common.collect.TransformedIterator.next()Ljava/lang/Object; @ 5
Event: 2.572 Thread 0x00000000048d6800 Uncommon trap: reason=class_check action=maybe_recompile pc=0x0000000004bfbb90 method=com.google.common.collect.Iterators$7.transform(Ljava/lang/Object;)Ljava/lang/Object; @ 5
Event: 2.719 Thread 0x00000000048d6800 Uncommon trap: reason=unstable_if action=reinterpret pc=0x0000000004baeb78 method=java.lang.String.indexOf([CII[CIII)I @ 134
Event: 3.130 Thread 0x00000000048d6800 Uncommon trap: reason=unstable_if action=reinterpret pc=0x0000000004d2b21c method=org.objectweb.asm.Type.getArgumentsAndReturnSizes(Ljava/lang/String;)I @ 130
Event: 3.424 Thread 0x00000000048d6800 Uncommon trap: reason=unstable_if action=reinterpret pc=0x0000000004d59db4 method=org.objectweb.asm.tree.MethodNode.getLabelNodes([Ljava/lang/Object;)[Ljava/lang/Object; @ 24
Event: 3.585 Thread 0x00000000048d6800 Uncommon trap: reason=unstable_if action=reinterpret pc=0x0000000004d955e8 method=java.io.BufferedOutputStream.write(I)V @ 9
Event: 3.836 Thread 0x00000000048d6800 Uncommon trap: reason=null_check action=make_not_entrant pc=0x0000000004daad90 method=com.google.devtools.build.android.desugar.InterfaceDesugaring$InterfaceInvocationRewriter.visitMethodInsn(ILjava/lang/String;Ljava/lang/String;Ljava/lang/String;Z)V @ 10

Classes redefined (0 events):
No events

Internal exceptions (10 events):
Event: 2.029 Thread 0x00000000048d6800 Exception <a 'sun/nio/fs/WindowsException'> (0x00000000ff19f5b8) thrown at [D:\src\AOSP-openjdk-cygwin\jdk8u\hotspot\src\share\vm\prims\jni.cpp, line 709]
Event: 2.029 Thread 0x00000000048d6800 Exception <a 'sun/nio/fs/WindowsException'> (0x00000000ff19fd98) thrown at [D:\src\AOSP-openjdk-cygwin\jdk8u\hotspot\src\share\vm\prims\jni.cpp, line 709]
Event: 2.029 Thread 0x00000000048d6800 Exception <a 'sun/nio/fs/WindowsException'> (0x00000000ff1a0388) thrown at [D:\src\AOSP-openjdk-cygwin\jdk8u\hotspot\src\share\vm\prims\jni.cpp, line 709]
Event: 2.030 Thread 0x00000000048d6800 Exception <a 'sun/nio/fs/WindowsException'> (0x00000000ff1a0b58) thrown at [D:\src\AOSP-openjdk-cygwin\jdk8u\hotspot\src\share\vm\prims\jni.cpp, line 709]
Event: 2.057 Thread 0x00000000048d6800 Exception <a 'sun/nio/fs/WindowsException'> (0x00000000ff1a6068) thrown at [D:\src\AOSP-openjdk-cygwin\jdk8u\hotspot\src\share\vm\prims\jni.cpp, line 709]
Event: 2.503 Thread 0x00000000048d6800 Exception <a 'sun/nio/fs/WindowsException'> (0x00000000ff4b8900) thrown at [D:\src\AOSP-openjdk-cygwin\jdk8u\hotspot\src\share\vm\prims\jni.cpp, line 709]
Event: 2.504 Thread 0x00000000048d6800 Exception <a 'sun/nio/fs/WindowsException'> (0x00000000ff4b8f00) thrown at [D:\src\AOSP-openjdk-cygwin\jdk8u\hotspot\src\share\vm\prims\jni.cpp, line 709]
Event: 3.591 Thread 0x00000000048d6800 Exception <a 'sun/nio/fs/WindowsException'> (0x00000000ff96d508) thrown at [D:\src\AOSP-openjdk-cygwin\jdk8u\hotspot\src\share\vm\prims\jni.cpp, line 709]
Event: 3.591 Thread 0x00000000048d6800 Exception <a 'sun/nio/fs/WindowsException'> (0x00000000ff96da88) thrown at [D:\src\AOSP-openjdk-cygwin\jdk8u\hotspot\src\share\vm\prims\jni.cpp, line 709]
Event: 3.836 Thread 0x00000000048d6800 Implicit null exception at 0x0000000004daa3da to 0x0000000004daad69

Events (10 events):
Event: 3.836 Thread 0x00000000048d6800 DEOPT PACKING pc=0x0000000004daad90 sp=0x00000000048ce720
Event: 3.836 Thread 0x00000000048d6800 DEOPT UNPACKING pc=0x0000000004a1556a sp=0x00000000048ce660 mode 2
Event: 4.358 Executing VM operation: EnableBiasedLocking
Event: 4.363 Executing VM operation: EnableBiasedLocking done
Event: 4.484 Thread 0x00000000048d6800 DEOPT PACKING pc=0x0000000004ca556d sp=0x00000000048ce5e0
Event: 4.484 Thread 0x00000000048d6800 DEOPT UNPACKING pc=0x0000000004a175bf sp=0x00000000048ce590 mode 0
Event: 4.762 Thread 0x00000000048d6800 DEOPT PACKING pc=0x0000000004ca556d sp=0x00000000048ce730
Event: 4.762 Thread 0x00000000048d6800 DEOPT UNPACKING pc=0x0000000004a175bf sp=0x00000000048ce6e0 mode 0
Event: 4.765 Thread 0x00000000048d6800 DEOPT PACKING pc=0x0000000004ca556d sp=0x00000000048ce730
Event: 4.765 Thread 0x00000000048d6800 DEOPT UNPACKING pc=0x0000000004a175bf sp=0x00000000048ce6e0 mode 0


Dynamic libraries:
0x00007ff657170000 - 0x00007ff6571a1000 	C:\Program Files\Android\Android Studio1\jre\bin\java.exe
0x00007ffca44f0000 - 0x00007ffca46d0000 	C:\WINDOWS\SYSTEM32\ntdll.dll
0x00007ffca1f80000 - 0x00007ffca202e000 	C:\WINDOWS\System32\KERNEL32.DLL
0x00007ffca16a0000 - 0x00007ffca1906000 	C:\WINDOWS\System32\KERNELBASE.dll
0x00007ffca19d0000 - 0x00007ffca1a71000 	C:\WINDOWS\System32\ADVAPI32.dll
0x00007ffca4420000 - 0x00007ffca44bd000 	C:\WINDOWS\System32\msvcrt.dll
0x00007ffca1e20000 - 0x00007ffca1e7b000 	C:\WINDOWS\System32\sechost.dll
0x00007ffca2760000 - 0x00007ffca287f000 	C:\WINDOWS\System32\RPCRT4.dll
0x00007ffca2160000 - 0x00007ffca22ee000 	C:\WINDOWS\System32\USER32.dll
0x00007ffca1480000 - 0x00007ffca14a0000 	C:\WINDOWS\System32\win32u.dll
0x00007ffca1b40000 - 0x00007ffca1b68000 	C:\WINDOWS\System32\GDI32.dll
0x00007ffca08f0000 - 0x00007ffca0a84000 	C:\WINDOWS\System32\gdi32full.dll
0x00007ffca14a0000 - 0x00007ffca153b000 	C:\WINDOWS\System32\msvcp_win.dll
0x00007ffca15a0000 - 0x00007ffca1696000 	C:\WINDOWS\System32\ucrtbase.dll
0x00007ffc90e70000 - 0x00007ffc910d9000 	C:\WINDOWS\WinSxS\amd64_microsoft.windows.common-controls_6595b64144ccf1df_6.0.16299.19_none_cc92fab02215da61\COMCTL32.dll
0x00007ffca3e80000 - 0x00007ffca4188000 	C:\WINDOWS\System32\combase.dll
0x00007ffca13b0000 - 0x00007ffca1422000 	C:\WINDOWS\System32\bcryptPrimitives.dll
0x00007ffca1a80000 - 0x00007ffca1aad000 	C:\WINDOWS\System32\IMM32.DLL
0x0000000060150000 - 0x0000000060222000 	C:\Program Files\Android\Android Studio1\jre\jre\bin\msvcr100.dll
0x0000000060230000 - 0x0000000060a6e000 	C:\Program Files\Android\Android Studio1\jre\jre\bin\server\jvm.dll
0x00007ffca19c0000 - 0x00007ffca19c8000 	C:\WINDOWS\System32\PSAPI.DLL
0x00007ffc9e570000 - 0x00007ffc9e593000 	C:\WINDOWS\SYSTEM32\WINMM.dll
0x00007ffc910e0000 - 0x00007ffc910ea000 	C:\WINDOWS\SYSTEM32\VERSION.dll
0x00007ffc9d5a0000 - 0x00007ffc9d5a9000 	C:\WINDOWS\SYSTEM32\WSOCK32.dll
0x00007ffca3cc0000 - 0x00007ffca3d2c000 	C:\WINDOWS\System32\WS2_32.dll
0x00007ffc9e3c0000 - 0x00007ffc9e3ea000 	C:\WINDOWS\SYSTEM32\winmmbase.dll
0x00007ffca1430000 - 0x00007ffca147a000 	C:\WINDOWS\System32\cfgmgr32.dll
0x00007ffc9d360000 - 0x00007ffc9d36f000 	C:\Program Files\Android\Android Studio1\jre\jre\bin\verify.dll
0x00007ffc9ab60000 - 0x00007ffc9ab89000 	C:\Program Files\Android\Android Studio1\jre\jre\bin\java.dll
0x00007ffc95780000 - 0x00007ffc95796000 	C:\Program Files\Android\Android Studio1\jre\jre\bin\zip.dll
0x00007ffca2880000 - 0x00007ffca3cb7000 	C:\WINDOWS\System32\SHELL32.dll
0x00007ffca41f0000 - 0x00007ffca4296000 	C:\WINDOWS\System32\shcore.dll
0x00007ffca0c60000 - 0x00007ffca13a7000 	C:\WINDOWS\System32\windows.storage.dll
0x00007ffca2030000 - 0x00007ffca2081000 	C:\WINDOWS\System32\shlwapi.dll
0x00007ffca0840000 - 0x00007ffca0851000 	C:\WINDOWS\System32\kernel.appcore.dll
0x00007ffca0860000 - 0x00007ffca08ac000 	C:\WINDOWS\System32\powrprof.dll
0x00007ffca08d0000 - 0x00007ffca08eb000 	C:\WINDOWS\System32\profapi.dll
0x00007ffca0570000 - 0x00007ffca0587000 	C:\WINDOWS\SYSTEM32\CRYPTSP.dll
0x00007ffc9f930000 - 0x00007ffc9f963000 	C:\WINDOWS\system32\rsaenh.dll
0x00007ffca0370000 - 0x00007ffca0395000 	C:\WINDOWS\SYSTEM32\bcrypt.dll
0x00007ffca0740000 - 0x00007ffca0769000 	C:\WINDOWS\SYSTEM32\USERENV.dll
0x00007ffc9ff40000 - 0x00007ffc9ff4b000 	C:\WINDOWS\SYSTEM32\CRYPTBASE.dll
0x00007ffc95760000 - 0x00007ffc9577a000 	C:\Program Files\Android\Android Studio1\jre\jre\bin\net.dll
0x00007ffc9fd80000 - 0x00007ffc9fde6000 	C:\WINDOWS\system32\mswsock.dll
0x00007ffc9fab0000 - 0x00007ffc9fae9000 	C:\WINDOWS\SYSTEM32\IPHLPAPI.DLL
0x00007ffca4410000 - 0x00007ffca4418000 	C:\WINDOWS\System32\NSI.dll
0x00007ffc95eb0000 - 0x00007ffc95ec6000 	C:\WINDOWS\SYSTEM32\dhcpcsvc6.DLL
0x00007ffc95e90000 - 0x00007ffc95eaa000 	C:\WINDOWS\SYSTEM32\dhcpcsvc.DLL
0x00007ffc95740000 - 0x00007ffc95751000 	C:\Program Files\Android\Android Studio1\jre\jre\bin\nio.dll

VM Arguments:
jvm_args: -Djava.awt.headless=true -Xmx64M -Dfile.encoding=windows-1252 -Duser.country=BR -Duser.language=pt -Duser.variant 
java_command: com.google.devtools.build.android.desugar.Desugar --input C:\Users\JCarvalhoJr\eclipse-workspace_2018\Web_Services_Android\Web_Service_Android_Client\app\build\intermediates\transforms\stackFramesFixer\debug\8.jar --output C:\Users\JCarvalhoJr\eclipse-workspace_2018\Web_Services_Android\Web_Service_Android_Client\app\build\intermediates\transforms\desugar\debug\9.jar --input C:\Users\JCarvalhoJr\eclipse-workspace_2018\Web_Services_Android\Web_Service_Android_Client\app\build\intermediates\transforms\stackFramesFixer\debug\14.jar --output C:\Users\JCarvalhoJr\eclipse-workspace_2018\Web_Services_Android\Web_Service_Android_Client\app\build\intermediates\transforms\desugar\debug\15.jar --input C:\Users\JCarvalhoJr\eclipse-workspace_2018\Web_Services_Android\Web_Service_Android_Client\app\build\intermediates\transforms\stackFramesFixer\debug\9.jar --output C:\Users\JCarvalhoJr\eclipse-workspace_2018\Web_Services_Android\Web_Service_Android_Client\app\build\intermediates\transforms\desugar\debug\10.jar --input C:\Users\JCarvalhoJr\eclipse-workspace_2018\Web_Services_Android\Web_Service_Android_Client\app\build\intermediates\transforms\stackFramesFixer\debug\1.jar --output C:\Users\JCarvalhoJr\eclipse-workspace_2018\Web_Services_Android\Web_Service_Android_Client\app\build\intermediates\transforms\desugar\debug\2.jar --input C:\Users\JCarvalhoJr\eclipse-workspace_2018\Web_Services_Android\Web_Service_Android_Client\app\build\intermediates\transforms\stackFramesFixer\debug\13.jar --output C:\Users\JCarvalhoJr\eclipse-workspace_2018\Web_Services_Android\Web_Service_Android_Client\app\build\intermediates\transforms\desugar\debug\14.jar --input C:\Users\JCarvalhoJr\eclipse-workspace_2018\Web_Services_Android\Web_Service_Android_Client\app\build\intermediates\classes\debug --output C:\Users\JCarvalhoJr\eclipse-workspace_2018\Web_Services_Android\Web_Service_Android_Client\app\build\intermediates\transforms\desugar\debug\0 --input C:\Users\JCarvalhoJr\eclipse-wo
java_class_path (initial): C:\Users\JCarvalhoJr\AppData\Local\Temp\desugar_deploy.jar24638645045520254
Launcher Type: SUN_STANDARD

Environment Variables:
CLASSPATH=.;C:\Program Files (x86)\Griaule\Fingerprint SDK 2009\bin\GrFingerJava.jar
USERNAME=JCarvalhoJr
OS=Windows_NT
PROCESSOR_IDENTIFIER=Intel64 Family 6 Model 42 Stepping 7, GenuineIntel



---------------  S Y S T E M  ---------------

OS: Windows 10.0 , 64 bit Build 16299 (10.0.16299.15)

CPU:total 4 (initial active 4) (2 cores per cpu, 2 threads per core) family 6 model 42 stepping 7, cmov, cx8, fxsr, mmx, sse, sse2, sse3, ssse3, sse4.1, sse4.2, popcnt, avx, aes, clmul, ht, tsc, tscinvbit

Memory: 4k page, physical 12496748k(2788612k free), swap 13545324k(5388k free)

vm_info: OpenJDK 64-Bit Server VM (25.152-b01) for windows-amd64 JRE (1.8.0_152-release-915-b01), built by "builder" with MS VC++ 10.0 (VS2010)

time: Tue Mar 13 16:34:31 2018
elapsed time: 5 seconds (0d 0h 0m 5s)

