#
# There is insufficient memory for the Java Runtime Environment to continue.
# Native memory allocation (malloc) failed to allocate 2995696 bytes for Chunk::new
# Possible reasons:
#   The system is out of physical RAM or swap space
#   In 32 bit mode, the process size limit was hit
# Possible solutions:
#   Reduce memory load on the system
#   Increase physical memory or swap space
#   Check if swap backing store is full
#   Use 64 bit Java on a 64 bit OS
#   Decrease Java heap size (-Xmx/-Xms)
#   Decrease number of Java threads
#   Decrease Java thread stack sizes (-Xss)
#   Set larger code cache with -XX:ReservedCodeCacheSize=
# This output file may be truncated or incomplete.
#
#  Out of Memory Error (allocation.cpp:390), pid=5808, tid=0x0000000000002c5c
#
# JRE version: OpenJDK Runtime Environment (8.0_152-b01) (build 1.8.0_152-release-915-b01)
# Java VM: OpenJDK 64-Bit Server VM (25.152-b01 mixed mode windows-amd64 compressed oops)
# Failed to write core dump. Minidumps are not enabled by default on client versions of Windows
#

---------------  T H R E A D  ---------------

Current thread (0x0000000014db4000):  JavaThread "C2 CompilerThread0" daemon [_thread_in_native, id=11356, stack(0x0000000016500000,0x0000000016600000)]

Stack: [0x0000000016500000,0x0000000016600000]
[error occurred during error reporting (printing stack bounds), id 0xc0000005]

Native frames: (J=compiled Java code, j=interpreted, Vv=VM code, C=native code)


Current CompileTask:
C2:   2661  883 %     4       org.objectweb.asm.ClassReader::a @ 1480 (3587 bytes)


---------------  P R O C E S S  ---------------

Java Threads: ( => current thread )
  0x0000000016709000 JavaThread "Service Thread" daemon [_thread_blocked, id=11884, stack(0x0000000016c00000,0x0000000016d00000)]
  0x0000000014e0a000 JavaThread "C1 CompilerThread2" daemon [_thread_blocked, id=11928, stack(0x0000000016b00000,0x0000000016c00000)]
  0x0000000014db6800 JavaThread "C2 CompilerThread1" daemon [_thread_in_native, id=2332, stack(0x0000000016600000,0x0000000016700000)]
=>0x0000000014db4000 JavaThread "C2 CompilerThread0" daemon [_thread_in_native, id=11356, stack(0x0000000016500000,0x0000000016600000)]
  0x0000000014db2000 JavaThread "Attach Listener" daemon [_thread_blocked, id=2712, stack(0x0000000016400000,0x0000000016500000)]
  0x0000000014db0800 JavaThread "Signal Dispatcher" daemon [_thread_blocked, id=2404, stack(0x0000000016300000,0x0000000016400000)]
  0x0000000004a4c000 JavaThread "Finalizer" daemon [_thread_blocked, id=2216, stack(0x0000000016000000,0x0000000016100000)]
  0x0000000004a47000 JavaThread "Reference Handler" daemon [_thread_blocked, id=2076, stack(0x0000000015f00000,0x0000000016000000)]
  0x0000000004957000 JavaThread "main" [_thread_in_Java, id=1172, stack(0x0000000004850000,0x0000000004950000)]

Other Threads:
  0x0000000014d76800 VMThread [stack: 0x0000000015e00000,0x0000000015f00000] [id=12028]
  0x000000001670a000 WatcherThread [stack: 0x0000000016d00000,0x0000000016e00000] [id=9760]

VM state:not at safepoint (normal execution)

VM Mutex/Monitor currently owned by a thread: None

Heap:
 PSYoungGen      total 18944K, used 9779K [0x00000000feb00000, 0x0000000100000000, 0x0000000100000000)
  eden space 16384K, 44% used [0x00000000feb00000,0x00000000ff20dc08,0x00000000ffb00000)
  from space 2560K, 99% used [0x00000000ffd80000,0x00000000fffff0a8,0x0000000100000000)
  to   space 2560K, 0% used [0x00000000ffb00000,0x00000000ffb00000,0x00000000ffd80000)
 ParOldGen       total 44032K, used 4771K [0x00000000fc000000, 0x00000000feb00000, 0x00000000feb00000)
  object space 44032K, 10% used [0x00000000fc000000,0x00000000fc4a8f10,0x00000000feb00000)
 Metaspace       used 7762K, capacity 8008K, committed 8192K, reserved 1056768K
  class space    used 896K, capacity 988K, committed 1024K, reserved 1048576K

Card table byte_map: [0x0000000004750000,0x0000000004780000] byte_map_base: 0x0000000003f70000

Marking Bits: (ParMarkBitMap*) 0x00000000609f3950
 Begin Bits: [0x0000000014210000, 0x0000000014310000)
 End Bits:   [0x0000000014310000, 0x0000000014410000)

Polling page: 0x0000000002ee0000

CodeCache: size=245760Kb used=3785Kb max_used=3796Kb free=241974Kb
 bounds [0x0000000004a50000, 0x0000000004e10000, 0x0000000013a50000]
 total_blobs=1346 nmethods=1015 adapters=245
 compilation: enabled

Compilation events (10 events):
Event: 2.653 Thread 0x0000000014e0a000 nmethod 1011 0x0000000004e02410 code [0x0000000004e02580, 0x0000000004e02730]
Event: 2.654 Thread 0x0000000014e0a000 1012       3       org.objectweb.asm.ClassWriter::a (70 bytes)
Event: 2.655 Thread 0x0000000014e0a000 nmethod 1012 0x0000000004e01bd0 code [0x0000000004e01d80, 0x0000000004e02208]
Event: 2.657 Thread 0x0000000014e0a000 1014  s    3       java.io.BufferedOutputStream::write (67 bytes)
Event: 2.657 Thread 0x0000000014db6800 nmethod 1009 0x0000000004e05bd0 code [0x0000000004e05d20, 0x0000000004e05f68]
Event: 2.657 Thread 0x0000000014db6800 1013       4       org.objectweb.asm.MethodVisitor::visitIntInsn (17 bytes)
Event: 2.657 Thread 0x0000000014db6800 nmethod 1013 0x0000000004df53d0 code [0x0000000004df5500, 0x0000000004df5598]
Event: 2.657 Thread 0x0000000014e0a000 nmethod 1014 0x0000000004e04ed0 code [0x0000000004e050a0, 0x0000000004e058f8]
Event: 2.658 Thread 0x0000000014e0a000 1015       3       org.objectweb.asm.FieldWriter::<init> (97 bytes)
Event: 2.658 Thread 0x0000000014e0a000 nmethod 1015 0x0000000004e03c10 code [0x0000000004e03dc0, 0x0000000004e04268]

GC Heap History (4 events):
Event: 1.442 GC heap before
{Heap before GC invocations=1 (full 0):
 PSYoungGen      total 18944K, used 16384K [0x00000000feb00000, 0x0000000100000000, 0x0000000100000000)
  eden space 16384K, 100% used [0x00000000feb00000,0x00000000ffb00000,0x00000000ffb00000)
  from space 2560K, 0% used [0x00000000ffd80000,0x00000000ffd80000,0x0000000100000000)
  to   space 2560K, 0% used [0x00000000ffb00000,0x00000000ffb00000,0x00000000ffd80000)
 ParOldGen       total 44032K, used 0K [0x00000000fc000000, 0x00000000feb00000, 0x00000000feb00000)
  object space 44032K, 0% used [0x00000000fc000000,0x00000000fc000000,0x00000000feb00000)
 Metaspace       used 6528K, capacity 6682K, committed 6784K, reserved 1056768K
  class space    used 769K, capacity 823K, committed 896K, reserved 1048576K
Event: 1.493 GC heap after
Heap after GC invocations=1 (full 0):
 PSYoungGen      total 18944K, used 2530K [0x00000000feb00000, 0x0000000100000000, 0x0000000100000000)
  eden space 16384K, 0% used [0x00000000feb00000,0x00000000feb00000,0x00000000ffb00000)
  from space 2560K, 98% used [0x00000000ffb00000,0x00000000ffd78888,0x00000000ffd80000)
  to   space 2560K, 0% used [0x00000000ffd80000,0x00000000ffd80000,0x0000000100000000)
 ParOldGen       total 44032K, used 1430K [0x00000000fc000000, 0x00000000feb00000, 0x00000000feb00000)
  object space 44032K, 3% used [0x00000000fc000000,0x00000000fc165a40,0x00000000feb00000)
 Metaspace       used 6528K, capacity 6682K, committed 6784K, reserved 1056768K
  class space    used 769K, capacity 823K, committed 896K, reserved 1048576K
}
Event: 2.290 GC heap before
{Heap before GC invocations=2 (full 0):
 PSYoungGen      total 18944K, used 18914K [0x00000000feb00000, 0x0000000100000000, 0x0000000100000000)
  eden space 16384K, 100% used [0x00000000feb00000,0x00000000ffb00000,0x00000000ffb00000)
  from space 2560K, 98% used [0x00000000ffb00000,0x00000000ffd78888,0x00000000ffd80000)
  to   space 2560K, 0% used [0x00000000ffd80000,0x00000000ffd80000,0x0000000100000000)
 ParOldGen       total 44032K, used 1430K [0x00000000fc000000, 0x00000000feb00000, 0x00000000feb00000)
  object space 44032K, 3% used [0x00000000fc000000,0x00000000fc165a40,0x00000000feb00000)
 Metaspace       used 7721K, capacity 7944K, committed 8192K, reserved 1056768K
  class space    used 896K, capacity 988K, committed 1024K, reserved 1048576K
Event: 2.336 GC heap after
Heap after GC invocations=2 (full 0):
 PSYoungGen      total 18944K, used 2556K [0x00000000feb00000, 0x0000000100000000, 0x0000000100000000)
  eden space 16384K, 0% used [0x00000000feb00000,0x00000000feb00000,0x00000000ffb00000)
  from space 2560K, 99% used [0x00000000ffd80000,0x00000000fffff0a8,0x0000000100000000)
  to   space 2560K, 0% used [0x00000000ffb00000,0x00000000ffb00000,0x00000000ffd80000)
 ParOldGen       total 44032K, used 4771K [0x00000000fc000000, 0x00000000feb00000, 0x00000000feb00000)
  object space 44032K, 10% used [0x00000000fc000000,0x00000000fc4a8f10,0x00000000feb00000)
 Metaspace       used 7721K, capacity 7944K, committed 8192K, reserved 1056768K
  class space    used 896K, capacity 988K, committed 1024K, reserved 1048576K
}

Deoptimization events (10 events):
Event: 1.965 Thread 0x0000000004957000 Uncommon trap: reason=class_check action=maybe_recompile pc=0x0000000004c77410 method=com.google.common.collect.Iterators$7.transform(Ljava/lang/Object;)Ljava/lang/Object; @ 5
Event: 1.965 Thread 0x0000000004957000 Uncommon trap: reason=class_check action=maybe_recompile pc=0x0000000004c958a4 method=com.google.common.collect.TransformedIterator.next()Ljava/lang/Object; @ 5
Event: 1.965 Thread 0x0000000004957000 Uncommon trap: reason=class_check action=maybe_recompile pc=0x0000000004c77410 method=com.google.common.collect.Iterators$7.transform(Ljava/lang/Object;)Ljava/lang/Object; @ 5
Event: 2.069 Thread 0x0000000004957000 Uncommon trap: reason=unstable_if action=reinterpret pc=0x0000000004c2fb68 method=java.lang.String.indexOf([CII[CIII)I @ 134
Event: 2.138 Thread 0x0000000004957000 Uncommon trap: reason=unstable_if action=reinterpret pc=0x0000000004d1f88c method=java.lang.String.<init>([CII)V @ 18
Event: 2.195 Thread 0x0000000004957000 Uncommon trap: reason=unstable_if action=reinterpret pc=0x0000000004d2067c method=java.lang.String.<init>([CII)V @ 18
Event: 2.279 Thread 0x0000000004957000 Uncommon trap: reason=unstable_if action=reinterpret pc=0x0000000004d95ddc method=org.objectweb.asm.Item.a(Lorg/objectweb/asm/Item;)Z @ 251
Event: 2.460 Thread 0x0000000004957000 Uncommon trap: reason=class_check action=maybe_recompile pc=0x0000000004ddc688 method=org.objectweb.asm.tree.VarInsnNode.accept(Lorg/objectweb/asm/MethodVisitor;)V @ 9
Event: 2.460 Thread 0x0000000004957000 Uncommon trap: reason=class_check action=maybe_recompile pc=0x0000000004ddc688 method=org.objectweb.asm.tree.VarInsnNode.accept(Lorg/objectweb/asm/MethodVisitor;)V @ 9
Event: 2.460 Thread 0x0000000004957000 Uncommon trap: reason=class_check action=maybe_recompile pc=0x0000000004ddc688 method=org.objectweb.asm.tree.VarInsnNode.accept(Lorg/objectweb/asm/MethodVisitor;)V @ 9

Classes redefined (0 events):
No events

Internal exceptions (10 events):
Event: 1.674 Thread 0x0000000004957000 Exception <a 'sun/nio/fs/WindowsException'> (0x00000000ff1d2bf8) thrown at [D:\src\AOSP-openjdk-cygwin\jdk8u\hotspot\src\share\vm\prims\jni.cpp, line 709]
Event: 1.674 Thread 0x0000000004957000 Exception <a 'sun/nio/fs/WindowsException'> (0x00000000ff1d31e8) thrown at [D:\src\AOSP-openjdk-cygwin\jdk8u\hotspot\src\share\vm\prims\jni.cpp, line 709]
Event: 1.674 Thread 0x0000000004957000 Exception <a 'sun/nio/fs/WindowsException'> (0x00000000ff1d39b8) thrown at [D:\src\AOSP-openjdk-cygwin\jdk8u\hotspot\src\share\vm\prims\jni.cpp, line 709]
Event: 1.685 Thread 0x0000000004957000 Exception <a 'sun/nio/fs/WindowsException'> (0x00000000ff1d8ec8) thrown at [D:\src\AOSP-openjdk-cygwin\jdk8u\hotspot\src\share\vm\prims\jni.cpp, line 709]
Event: 1.890 Thread 0x0000000004957000 Exception <a 'sun/nio/fs/WindowsException'> (0x00000000ff4d1c18) thrown at [D:\src\AOSP-openjdk-cygwin\jdk8u\hotspot\src\share\vm\prims\jni.cpp, line 709]
Event: 1.890 Thread 0x0000000004957000 Exception <a 'sun/nio/fs/WindowsException'> (0x00000000ff4d2218) thrown at [D:\src\AOSP-openjdk-cygwin\jdk8u\hotspot\src\share\vm\prims\jni.cpp, line 709]
Event: 2.165 Thread 0x0000000004957000 Exception <a 'sun/nio/fs/WindowsException'> (0x00000000ff84c930) thrown at [D:\src\AOSP-openjdk-cygwin\jdk8u\hotspot\src\share\vm\prims\jni.cpp, line 709]
Event: 2.165 Thread 0x0000000004957000 Exception <a 'sun/nio/fs/WindowsException'> (0x00000000ff84ceb0) thrown at [D:\src\AOSP-openjdk-cygwin\jdk8u\hotspot\src\share\vm\prims\jni.cpp, line 709]
Event: 2.351 Thread 0x0000000004957000 Exception <a 'sun/nio/fs/WindowsException'> (0x00000000febc8e30) thrown at [D:\src\AOSP-openjdk-cygwin\jdk8u\hotspot\src\share\vm\prims\jni.cpp, line 709]
Event: 2.352 Thread 0x0000000004957000 Exception <a 'sun/nio/fs/WindowsException'> (0x00000000febc93b0) thrown at [D:\src\AOSP-openjdk-cygwin\jdk8u\hotspot\src\share\vm\prims\jni.cpp, line 709]

Events (10 events):
Event: 2.336 Executing VM operation: ParallelGCFailedAllocation done
Event: 2.460 Thread 0x0000000004957000 Uncommon trap: trap_request=0xffffffde fr.pc=0x0000000004ddc688
Event: 2.460 Thread 0x0000000004957000 DEOPT PACKING pc=0x0000000004ddc688 sp=0x000000000494e7f0
Event: 2.460 Thread 0x0000000004957000 DEOPT UNPACKING pc=0x0000000004a9556a sp=0x000000000494e788 mode 2
Event: 2.460 Thread 0x0000000004957000 Uncommon trap: trap_request=0xffffffde fr.pc=0x0000000004ddc688
Event: 2.460 Thread 0x0000000004957000 DEOPT PACKING pc=0x0000000004ddc688 sp=0x000000000494e7f0
Event: 2.460 Thread 0x0000000004957000 DEOPT UNPACKING pc=0x0000000004a9556a sp=0x000000000494e788 mode 2
Event: 2.460 Thread 0x0000000004957000 Uncommon trap: trap_request=0xffffffde fr.pc=0x0000000004ddc688
Event: 2.460 Thread 0x0000000004957000 DEOPT PACKING pc=0x0000000004ddc688 sp=0x000000000494e7f0
Event: 2.460 Thread 0x0000000004957000 DEOPT UNPACKING pc=0x0000000004a9556a sp=0x000000000494e788 mode 2


Dynamic libraries:
0x00007ff67de80000 - 0x00007ff67deb1000 	C:\Program Files\Android\Android Studio1\jre\bin\java.exe
0x00007ffca44f0000 - 0x00007ffca46d0000 	C:\WINDOWS\SYSTEM32\ntdll.dll
0x00007ffca1f80000 - 0x00007ffca202e000 	C:\WINDOWS\System32\KERNEL32.DLL
0x00007ffca16a0000 - 0x00007ffca1906000 	C:\WINDOWS\System32\KERNELBASE.dll
0x00007ffca19d0000 - 0x00007ffca1a71000 	C:\WINDOWS\System32\ADVAPI32.dll
0x00007ffca4420000 - 0x00007ffca44bd000 	C:\WINDOWS\System32\msvcrt.dll
0x00007ffca1e20000 - 0x00007ffca1e7b000 	C:\WINDOWS\System32\sechost.dll
0x00007ffca2760000 - 0x00007ffca287f000 	C:\WINDOWS\System32\RPCRT4.dll
0x00007ffca2160000 - 0x00007ffca22ee000 	C:\WINDOWS\System32\USER32.dll
0x00007ffca1480000 - 0x00007ffca14a0000 	C:\WINDOWS\System32\win32u.dll
0x00007ffca1b40000 - 0x00007ffca1b68000 	C:\WINDOWS\System32\GDI32.dll
0x00007ffca08f0000 - 0x00007ffca0a84000 	C:\WINDOWS\System32\gdi32full.dll
0x00007ffca14a0000 - 0x00007ffca153b000 	C:\WINDOWS\System32\msvcp_win.dll
0x00007ffca15a0000 - 0x00007ffca1696000 	C:\WINDOWS\System32\ucrtbase.dll
0x00007ffc90e70000 - 0x00007ffc910d9000 	C:\WINDOWS\WinSxS\amd64_microsoft.windows.common-controls_6595b64144ccf1df_6.0.16299.19_none_cc92fab02215da61\COMCTL32.dll
0x00007ffca3e80000 - 0x00007ffca4188000 	C:\WINDOWS\System32\combase.dll
0x00007ffca13b0000 - 0x00007ffca1422000 	C:\WINDOWS\System32\bcryptPrimitives.dll
0x00007ffca1a80000 - 0x00007ffca1aad000 	C:\WINDOWS\System32\IMM32.DLL
0x0000000060150000 - 0x0000000060222000 	C:\Program Files\Android\Android Studio1\jre\jre\bin\msvcr100.dll
0x0000000060230000 - 0x0000000060a6e000 	C:\Program Files\Android\Android Studio1\jre\jre\bin\server\jvm.dll
0x00007ffca19c0000 - 0x00007ffca19c8000 	C:\WINDOWS\System32\PSAPI.DLL
0x00007ffc910e0000 - 0x00007ffc910ea000 	C:\WINDOWS\SYSTEM32\VERSION.dll
0x00007ffc9e570000 - 0x00007ffc9e593000 	C:\WINDOWS\SYSTEM32\WINMM.dll
0x00007ffc9e3c0000 - 0x00007ffc9e3ea000 	C:\WINDOWS\SYSTEM32\WINMMBASE.dll
0x00007ffca1430000 - 0x00007ffca147a000 	C:\WINDOWS\System32\cfgmgr32.dll
0x00007ffc83160000 - 0x00007ffc83169000 	C:\WINDOWS\SYSTEM32\WSOCK32.dll
0x00007ffca3cc0000 - 0x00007ffca3d2c000 	C:\WINDOWS\System32\WS2_32.dll
0x00007ffc928d0000 - 0x00007ffc928df000 	C:\Program Files\Android\Android Studio1\jre\jre\bin\verify.dll
0x00007ffc7d490000 - 0x00007ffc7d4b9000 	C:\Program Files\Android\Android Studio1\jre\jre\bin\java.dll
0x00007ffc65900000 - 0x00007ffc65916000 	C:\Program Files\Android\Android Studio1\jre\jre\bin\zip.dll
0x00007ffca2880000 - 0x00007ffca3cb7000 	C:\WINDOWS\System32\SHELL32.dll
0x00007ffca41f0000 - 0x00007ffca4296000 	C:\WINDOWS\System32\shcore.dll
0x00007ffca0c60000 - 0x00007ffca13a7000 	C:\WINDOWS\System32\windows.storage.dll
0x00007ffca2030000 - 0x00007ffca2081000 	C:\WINDOWS\System32\shlwapi.dll
0x00007ffca0840000 - 0x00007ffca0851000 	C:\WINDOWS\System32\kernel.appcore.dll
0x00007ffca0860000 - 0x00007ffca08ac000 	C:\WINDOWS\System32\powrprof.dll
0x00007ffca08d0000 - 0x00007ffca08eb000 	C:\WINDOWS\System32\profapi.dll
0x00007ffca0570000 - 0x00007ffca0587000 	C:\WINDOWS\SYSTEM32\CRYPTSP.dll
0x00007ffc9f930000 - 0x00007ffc9f963000 	C:\WINDOWS\system32\rsaenh.dll
0x00007ffca0370000 - 0x00007ffca0395000 	C:\WINDOWS\SYSTEM32\bcrypt.dll
0x00007ffca0740000 - 0x00007ffca0769000 	C:\WINDOWS\SYSTEM32\USERENV.dll
0x00007ffc9ff40000 - 0x00007ffc9ff4b000 	C:\WINDOWS\SYSTEM32\CRYPTBASE.dll
0x00007ffc658e0000 - 0x00007ffc658fa000 	C:\Program Files\Android\Android Studio1\jre\jre\bin\net.dll
0x00007ffc9fd80000 - 0x00007ffc9fde6000 	C:\WINDOWS\system32\mswsock.dll
0x00007ffc9fab0000 - 0x00007ffc9fae9000 	C:\WINDOWS\SYSTEM32\IPHLPAPI.DLL
0x00007ffca4410000 - 0x00007ffca4418000 	C:\WINDOWS\System32\NSI.dll
0x00007ffc95eb0000 - 0x00007ffc95ec6000 	C:\WINDOWS\SYSTEM32\dhcpcsvc6.DLL
0x00007ffc95e90000 - 0x00007ffc95eaa000 	C:\WINDOWS\SYSTEM32\dhcpcsvc.DLL
0x00007ffc90350000 - 0x00007ffc90361000 	C:\Program Files\Android\Android Studio1\jre\jre\bin\nio.dll

VM Arguments:
jvm_args: -Djava.awt.headless=true -Xmx64M -Dfile.encoding=windows-1252 -Duser.country=BR -Duser.language=pt -Duser.variant 
java_command: com.google.devtools.build.android.desugar.Desugar --input C:\Users\JCarvalhoJr\eclipse-workspace_2018\Web_Services_Android\Web_Service_Android_Client\app\build\intermediates\transforms\stackFramesFixer\debug\8.jar --output C:\Users\JCarvalhoJr\eclipse-workspace_2018\Web_Services_Android\Web_Service_Android_Client\app\build\intermediates\transforms\desugar\debug\9.jar --input C:\Users\JCarvalhoJr\eclipse-workspace_2018\Web_Services_Android\Web_Service_Android_Client\app\build\intermediates\transforms\stackFramesFixer\debug\32.jar --output C:\Users\JCarvalhoJr\eclipse-workspace_2018\Web_Services_Android\Web_Service_Android_Client\app\build\intermediates\transforms\desugar\debug\33.jar --input C:\Users\JCarvalhoJr\eclipse-workspace_2018\Web_Services_Android\Web_Service_Android_Client\app\build\intermediates\transforms\stackFramesFixer\debug\10.jar --output C:\Users\JCarvalhoJr\eclipse-workspace_2018\Web_Services_Android\Web_Service_Android_Client\app\build\intermediates\transforms\desugar\debug\11.jar --input C:\Users\JCarvalhoJr\eclipse-workspace_2018\Web_Services_Android\Web_Service_Android_Client\app\build\intermediates\transforms\stackFramesFixer\debug\9.jar --output C:\Users\JCarvalhoJr\eclipse-workspace_2018\Web_Services_Android\Web_Service_Android_Client\app\build\intermediates\transforms\desugar\debug\10.jar --input C:\Users\JCarvalhoJr\eclipse-workspace_2018\Web_Services_Android\Web_Service_Android_Client\app\build\intermediates\transforms\stackFramesFixer\debug\23.jar --output C:\Users\JCarvalhoJr\eclipse-workspace_2018\Web_Services_Android\Web_Service_Android_Client\app\build\intermediates\transforms\desugar\debug\24.jar --input C:\Users\JCarvalhoJr\eclipse-workspace_2018\Web_Services_Android\Web_Service_Android_Client\app\build\intermediates\transforms\stackFramesFixer\debug\24.jar --output C:\Users\JCarvalhoJr\eclipse-workspace_2018\Web_Services_Android\Web_Service_Android_Client\app\build\intermediates\transforms\desugar\debug\25.jar --inp
java_class_path (initial): C:\Users\JCarvalhoJr\AppData\Local\Temp\desugar_deploy.jar1072657413588835485
Launcher Type: SUN_STANDARD

Environment Variables:
CLASSPATH=.;C:\Program Files (x86)\Griaule\Fingerprint SDK 2009\bin\GrFingerJava.jar
USERNAME=JCarvalhoJr
OS=Windows_NT
PROCESSOR_IDENTIFIER=Intel64 Family 6 Model 42 Stepping 7, GenuineIntel



---------------  S Y S T E M  ---------------

OS: Windows 10.0 , 64 bit Build 16299 (10.0.16299.15)

CPU:total 4 (initial active 4) (2 cores per cpu, 2 threads per core) family 6 model 42 stepping 7, cmov, cx8, fxsr, mmx, sse, sse2, sse3, ssse3, sse4.1, sse4.2, popcnt, avx, aes, clmul, ht, tsc, tscinvbit

Memory: 4k page, physical 12496748k(2610096k free), swap 13545324k(5968k free)

vm_info: OpenJDK 64-Bit Server VM (25.152-b01) for windows-amd64 JRE (1.8.0_152-release-915-b01), built by "builder" with MS VC++ 10.0 (VS2010)

time: Tue Mar 13 01:10:37 2018
elapsed time: 2 seconds (0d 0h 0m 2s)

