#
# There is insufficient memory for the Java Runtime Environment to continue.
# Native memory allocation (malloc) failed to allocate 2284176 bytes for Chunk::new
# Possible reasons:
#   The system is out of physical RAM or swap space
#   In 32 bit mode, the process size limit was hit
# Possible solutions:
#   Reduce memory load on the system
#   Increase physical memory or swap space
#   Check if swap backing store is full
#   Use 64 bit Java on a 64 bit OS
#   Decrease Java heap size (-Xmx/-Xms)
#   Decrease number of Java threads
#   Decrease Java thread stack sizes (-Xss)
#   Set larger code cache with -XX:ReservedCodeCacheSize=
# This output file may be truncated or incomplete.
#
#  Out of Memory Error (allocation.cpp:390), pid=3020, tid=0x0000000000002e90
#
# JRE version: OpenJDK Runtime Environment (8.0_152-b01) (build 1.8.0_152-release-915-b01)
# Java VM: OpenJDK 64-Bit Server VM (25.152-b01 mixed mode windows-amd64 compressed oops)
# Failed to write core dump. Minidumps are not enabled by default on client versions of Windows
#

---------------  T H R E A D  ---------------

Current thread (0x0000000015403800):  JavaThread "C2 CompilerThread0" daemon [_thread_in_native, id=11920, stack(0x0000000016b50000,0x0000000016c50000)]

Stack: [0x0000000016b50000,0x0000000016c50000]
[error occurred during error reporting (printing stack bounds), id 0xc0000005]

Native frames: (J=compiled Java code, j=interpreted, Vv=VM code, C=native code)


Current CompileTask:
C2:   6103  898 %     4       org.objectweb.asm.ClassReader::a @ 1577 (3587 bytes)


---------------  P R O C E S S  ---------------

Java Threads: ( => current thread )
  0x0000000016d62000 JavaThread "Service Thread" daemon [_thread_blocked, id=9360, stack(0x0000000017250000,0x0000000017350000)]
  0x0000000016d60800 JavaThread "C1 CompilerThread2" daemon [_thread_blocked, id=10516, stack(0x0000000017150000,0x0000000017250000)]
  0x0000000015405800 JavaThread "C2 CompilerThread1" daemon [_thread_blocked, id=10684, stack(0x0000000016c50000,0x0000000016d50000)]
=>0x0000000015403800 JavaThread "C2 CompilerThread0" daemon [_thread_in_native, id=11920, stack(0x0000000016b50000,0x0000000016c50000)]
  0x0000000015401000 JavaThread "Attach Listener" daemon [_thread_blocked, id=11404, stack(0x0000000016a50000,0x0000000016b50000)]
  0x00000000153ff800 JavaThread "Signal Dispatcher" daemon [_thread_blocked, id=2216, stack(0x0000000016950000,0x0000000016a50000)]
  0x000000000505c800 JavaThread "Finalizer" daemon [_thread_blocked, id=10564, stack(0x0000000016650000,0x0000000016750000)]
  0x0000000005057000 JavaThread "Reference Handler" daemon [_thread_blocked, id=11896, stack(0x0000000016550000,0x0000000016650000)]
  0x0000000004f67000 JavaThread "main" [_thread_in_native, id=10168, stack(0x0000000004d40000,0x0000000004e40000)]

Other Threads:
  0x00000000153c6800 VMThread [stack: 0x0000000016450000,0x0000000016550000] [id=4820]
  0x0000000016d63800 WatcherThread [stack: 0x0000000017350000,0x0000000017450000] [id=7468]

VM state:not at safepoint (normal execution)

VM Mutex/Monitor currently owned by a thread: None

Heap:
 PSYoungGen      total 18944K, used 6867K [0x00000000feb00000, 0x0000000100000000, 0x0000000100000000)
  eden space 16384K, 26% used [0x00000000feb00000,0x00000000fef38270,0x00000000ffb00000)
  from space 2560K, 99% used [0x00000000ffd80000,0x00000000ffffc9e0,0x0000000100000000)
  to   space 2560K, 0% used [0x00000000ffb00000,0x00000000ffb00000,0x00000000ffd80000)
 ParOldGen       total 44032K, used 4864K [0x00000000fc000000, 0x00000000feb00000, 0x00000000feb00000)
  object space 44032K, 11% used [0x00000000fc000000,0x00000000fc4c0230,0x00000000feb00000)
 Metaspace       used 7731K, capacity 7880K, committed 7936K, reserved 1056768K
  class space    used 896K, capacity 988K, committed 1024K, reserved 1048576K

Card table byte_map: [0x00000000035c0000,0x00000000035f0000] byte_map_base: 0x0000000002de0000

Marking Bits: (ParMarkBitMap*) 0x00000000609f3950
 Begin Bits: [0x0000000014840000, 0x0000000014940000)
 End Bits:   [0x0000000014940000, 0x0000000014a40000)

Polling page: 0x0000000000df0000

CodeCache: size=245760Kb used=3689Kb max_used=3699Kb free=242070Kb
 bounds [0x0000000005060000, 0x0000000005410000, 0x0000000014060000]
 total_blobs=1295 nmethods=964 adapters=245
 compilation: enabled

Compilation events (10 events):
Event: 5.406 Thread 0x0000000015405800  961       4       org.objectweb.asm.MethodWriter::visitLabel (321 bytes)
Event: 5.416 Thread 0x0000000015405800 nmethod 961 0x00000000053ef0d0 code [0x00000000053ef240, 0x00000000053ef818]
Event: 5.617 Thread 0x0000000015405800  962       4       org.objectweb.asm.Label::a (214 bytes)
Event: 5.623 Thread 0x0000000015405800 nmethod 962 0x00000000053ee9d0 code [0x00000000053eeb20, 0x00000000053eee38]
Event: 5.625 Thread 0x0000000016d60800  963       3       org.objectweb.asm.ClassReader::accept (1176 bytes)
Event: 5.636 Thread 0x0000000016d60800 nmethod 963 0x00000000053f37d0 code [0x00000000053f3f00, 0x00000000053fa5a8]
Event: 5.639 Thread 0x0000000015405800  964  s    4       java.io.BufferedOutputStream::write (35 bytes)
Event: 5.642 Thread 0x0000000015405800 nmethod 964 0x00000000053ee350 code [0x00000000053ee4a0, 0x00000000053ee808]
Event: 5.643 Thread 0x0000000016d60800  965       3       java.nio.Buffer::position (43 bytes)
Event: 5.643 Thread 0x0000000016d60800 nmethod 965 0x00000000053f0d10 code [0x00000000053f0e80, 0x00000000053f1148]

GC Heap History (4 events):
Event: 3.208 GC heap before
{Heap before GC invocations=1 (full 0):
 PSYoungGen      total 18944K, used 16384K [0x00000000feb00000, 0x0000000100000000, 0x0000000100000000)
  eden space 16384K, 100% used [0x00000000feb00000,0x00000000ffb00000,0x00000000ffb00000)
  from space 2560K, 0% used [0x00000000ffd80000,0x00000000ffd80000,0x0000000100000000)
  to   space 2560K, 0% used [0x00000000ffb00000,0x00000000ffb00000,0x00000000ffd80000)
 ParOldGen       total 44032K, used 0K [0x00000000fc000000, 0x00000000feb00000, 0x00000000feb00000)
  object space 44032K, 0% used [0x00000000fc000000,0x00000000fc000000,0x00000000feb00000)
 Metaspace       used 6519K, capacity 6618K, committed 6784K, reserved 1056768K
  class space    used 769K, capacity 823K, committed 896K, reserved 1048576K
Event: 3.297 GC heap after
Heap after GC invocations=1 (full 0):
 PSYoungGen      total 18944K, used 2546K [0x00000000feb00000, 0x0000000100000000, 0x0000000100000000)
  eden space 16384K, 0% used [0x00000000feb00000,0x00000000feb00000,0x00000000ffb00000)
  from space 2560K, 99% used [0x00000000ffb00000,0x00000000ffd7cb18,0x00000000ffd80000)
  to   space 2560K, 0% used [0x00000000ffd80000,0x00000000ffd80000,0x0000000100000000)
 ParOldGen       total 44032K, used 1397K [0x00000000fc000000, 0x00000000feb00000, 0x00000000feb00000)
  object space 44032K, 3% used [0x00000000fc000000,0x00000000fc15d4d8,0x00000000feb00000)
 Metaspace       used 6519K, capacity 6618K, committed 6784K, reserved 1056768K
  class space    used 769K, capacity 823K, committed 896K, reserved 1048576K
}
Event: 5.218 GC heap before
{Heap before GC invocations=2 (full 0):
 PSYoungGen      total 18944K, used 18930K [0x00000000feb00000, 0x0000000100000000, 0x0000000100000000)
  eden space 16384K, 100% used [0x00000000feb00000,0x00000000ffb00000,0x00000000ffb00000)
  from space 2560K, 99% used [0x00000000ffb00000,0x00000000ffd7cb18,0x00000000ffd80000)
  to   space 2560K, 0% used [0x00000000ffd80000,0x00000000ffd80000,0x0000000100000000)
 ParOldGen       total 44032K, used 1397K [0x00000000fc000000, 0x00000000feb00000, 0x00000000feb00000)
  object space 44032K, 3% used [0x00000000fc000000,0x00000000fc15d4d8,0x00000000feb00000)
 Metaspace       used 7701K, capacity 7880K, committed 7936K, reserved 1056768K
  class space    used 896K, capacity 988K, committed 1024K, reserved 1048576K
Event: 5.337 GC heap after
Heap after GC invocations=2 (full 0):
 PSYoungGen      total 18944K, used 2546K [0x00000000feb00000, 0x0000000100000000, 0x0000000100000000)
  eden space 16384K, 0% used [0x00000000feb00000,0x00000000feb00000,0x00000000ffb00000)
  from space 2560K, 99% used [0x00000000ffd80000,0x00000000ffffc9e0,0x0000000100000000)
  to   space 2560K, 0% used [0x00000000ffb00000,0x00000000ffb00000,0x00000000ffd80000)
 ParOldGen       total 44032K, used 4864K [0x00000000fc000000, 0x00000000feb00000, 0x00000000feb00000)
  object space 44032K, 11% used [0x00000000fc000000,0x00000000fc4c0230,0x00000000feb00000)
 Metaspace       used 7701K, capacity 7880K, committed 7936K, reserved 1056768K
  class space    used 896K, capacity 988K, committed 1024K, reserved 1048576K
}

Deoptimization events (10 events):
Event: 4.241 Thread 0x0000000004f67000 Uncommon trap: reason=class_check action=maybe_recompile pc=0x00000000052aa224 method=com.google.common.collect.TransformedIterator.next()Ljava/lang/Object; @ 5
Event: 4.241 Thread 0x0000000004f67000 Uncommon trap: reason=class_check action=maybe_recompile pc=0x00000000052938d0 method=com.google.common.collect.Iterators$7.transform(Ljava/lang/Object;)Ljava/lang/Object; @ 5
Event: 4.241 Thread 0x0000000004f67000 Uncommon trap: reason=class_check action=maybe_recompile pc=0x00000000052aa224 method=com.google.common.collect.TransformedIterator.next()Ljava/lang/Object; @ 5
Event: 4.241 Thread 0x0000000004f67000 Uncommon trap: reason=class_check action=maybe_recompile pc=0x00000000052938d0 method=com.google.common.collect.Iterators$7.transform(Ljava/lang/Object;)Ljava/lang/Object; @ 5
Event: 4.388 Thread 0x0000000004f67000 Uncommon trap: reason=unstable_if action=reinterpret pc=0x0000000005256ab8 method=java.lang.String.indexOf([CII[CIII)I @ 134
Event: 4.565 Thread 0x0000000004f67000 Uncommon trap: reason=unstable_if action=reinterpret pc=0x000000000534ce7c method=java.lang.String.<init>([CII)V @ 18
Event: 4.643 Thread 0x0000000004f67000 Uncommon trap: reason=unstable_if action=reinterpret pc=0x000000000528ee1c method=java.util.zip.ZipFile$ZipEntryIterator.hasNext()Z @ 25
Event: 4.652 Thread 0x0000000004f67000 Uncommon trap: reason=unstable_if action=reinterpret pc=0x000000000528f6ac method=java.util.zip.ZipCoder.decoder()Ljava/nio/charset/CharsetDecoder; @ 4
Event: 4.663 Thread 0x0000000004f67000 Uncommon trap: reason=unstable_if action=reinterpret pc=0x000000000521cb6c method=java.lang.String.<init>([CII)V @ 18
Event: 5.396 Thread 0x0000000004f67000 Uncommon trap: reason=unstable_if action=reinterpret pc=0x0000000005394940 method=org.objectweb.asm.Item.a(Lorg/objectweb/asm/Item;)Z @ 345

Classes redefined (0 events):
No events

Internal exceptions (10 events):
Event: 4.092 Thread 0x0000000004f67000 Exception <a 'sun/nio/fs/WindowsException'> (0x00000000ff4d5db8) thrown at [D:\src\AOSP-openjdk-cygwin\jdk8u\hotspot\src\share\vm\prims\jni.cpp, line 709]
Event: 4.647 Thread 0x0000000004f67000 Exception <a 'sun/nio/fs/WindowsException'> (0x00000000ff84fcb0) thrown at [D:\src\AOSP-openjdk-cygwin\jdk8u\hotspot\src\share\vm\prims\jni.cpp, line 709]
Event: 4.647 Thread 0x0000000004f67000 Exception <a 'sun/nio/fs/WindowsException'> (0x00000000ff850230) thrown at [D:\src\AOSP-openjdk-cygwin\jdk8u\hotspot\src\share\vm\prims\jni.cpp, line 709]
Event: 4.652 Thread 0x0000000004f67000 Implicit null exception at 0x000000000528f238 to 0x000000000528f691
Event: 4.760 Thread 0x0000000004f67000 Exception <a 'sun/nio/fs/WindowsException'> (0x00000000ff8b6a10) thrown at [D:\src\AOSP-openjdk-cygwin\jdk8u\hotspot\src\share\vm\prims\jni.cpp, line 709]
Event: 4.760 Thread 0x0000000004f67000 Exception <a 'sun/nio/fs/WindowsException'> (0x00000000ff8b6f90) thrown at [D:\src\AOSP-openjdk-cygwin\jdk8u\hotspot\src\share\vm\prims\jni.cpp, line 709]
Event: 4.787 Thread 0x0000000004f67000 Exception <a 'sun/nio/fs/WindowsException'> (0x00000000ff927e98) thrown at [D:\src\AOSP-openjdk-cygwin\jdk8u\hotspot\src\share\vm\prims\jni.cpp, line 709]
Event: 4.787 Thread 0x0000000004f67000 Exception <a 'sun/nio/fs/WindowsException'> (0x00000000ff928418) thrown at [D:\src\AOSP-openjdk-cygwin\jdk8u\hotspot\src\share\vm\prims\jni.cpp, line 709]
Event: 6.067 Thread 0x0000000004f67000 Exception <a 'sun/nio/fs/WindowsException'> (0x00000000fef05c20) thrown at [D:\src\AOSP-openjdk-cygwin\jdk8u\hotspot\src\share\vm\prims\jni.cpp, line 709]
Event: 6.068 Thread 0x0000000004f67000 Exception <a 'sun/nio/fs/WindowsException'> (0x00000000fef061a0) thrown at [D:\src\AOSP-openjdk-cygwin\jdk8u\hotspot\src\share\vm\prims\jni.cpp, line 709]

Events (10 events):
Event: 4.663 Thread 0x0000000004f67000 DEOPT UNPACKING pc=0x00000000050a556a sp=0x0000000004e3f188 mode 2
Event: 5.218 Executing VM operation: ParallelGCFailedAllocation
Event: 5.337 Executing VM operation: ParallelGCFailedAllocation done
Event: 5.343 Executing VM operation: RevokeBias
Event: 5.343 Executing VM operation: RevokeBias done
Event: 5.343 Executing VM operation: RevokeBias
Event: 5.343 Executing VM operation: RevokeBias done
Event: 5.396 Thread 0x0000000004f67000 Uncommon trap: trap_request=0xffffff65 fr.pc=0x0000000005394940
Event: 5.396 Thread 0x0000000004f67000 DEOPT PACKING pc=0x0000000005394940 sp=0x0000000004e3ebc0
Event: 5.396 Thread 0x0000000004f67000 DEOPT UNPACKING pc=0x00000000050a556a sp=0x0000000004e3eb58 mode 2


Dynamic libraries:
0x00007ff67de80000 - 0x00007ff67deb1000 	C:\Program Files\Android\Android Studio1\jre\bin\java.exe
0x00007ffca44f0000 - 0x00007ffca46d0000 	C:\WINDOWS\SYSTEM32\ntdll.dll
0x00007ffca1f80000 - 0x00007ffca202e000 	C:\WINDOWS\System32\KERNEL32.DLL
0x00007ffca16a0000 - 0x00007ffca1906000 	C:\WINDOWS\System32\KERNELBASE.dll
0x00007ffca19d0000 - 0x00007ffca1a71000 	C:\WINDOWS\System32\ADVAPI32.dll
0x00007ffca4420000 - 0x00007ffca44bd000 	C:\WINDOWS\System32\msvcrt.dll
0x00007ffca1e20000 - 0x00007ffca1e7b000 	C:\WINDOWS\System32\sechost.dll
0x00007ffca2760000 - 0x00007ffca287f000 	C:\WINDOWS\System32\RPCRT4.dll
0x00007ffca2160000 - 0x00007ffca22ee000 	C:\WINDOWS\System32\USER32.dll
0x00007ffca1480000 - 0x00007ffca14a0000 	C:\WINDOWS\System32\win32u.dll
0x00007ffca1b40000 - 0x00007ffca1b68000 	C:\WINDOWS\System32\GDI32.dll
0x00007ffca08f0000 - 0x00007ffca0a84000 	C:\WINDOWS\System32\gdi32full.dll
0x00007ffca14a0000 - 0x00007ffca153b000 	C:\WINDOWS\System32\msvcp_win.dll
0x00007ffca15a0000 - 0x00007ffca1696000 	C:\WINDOWS\System32\ucrtbase.dll
0x00007ffc90e70000 - 0x00007ffc910d9000 	C:\WINDOWS\WinSxS\amd64_microsoft.windows.common-controls_6595b64144ccf1df_6.0.16299.19_none_cc92fab02215da61\COMCTL32.dll
0x00007ffca3e80000 - 0x00007ffca4188000 	C:\WINDOWS\System32\combase.dll
0x00007ffca13b0000 - 0x00007ffca1422000 	C:\WINDOWS\System32\bcryptPrimitives.dll
0x00007ffca1a80000 - 0x00007ffca1aad000 	C:\WINDOWS\System32\IMM32.DLL
0x0000000060150000 - 0x0000000060222000 	C:\Program Files\Android\Android Studio1\jre\jre\bin\msvcr100.dll
0x0000000060230000 - 0x0000000060a6e000 	C:\Program Files\Android\Android Studio1\jre\jre\bin\server\jvm.dll
0x00007ffca19c0000 - 0x00007ffca19c8000 	C:\WINDOWS\System32\PSAPI.DLL
0x00007ffc83160000 - 0x00007ffc83169000 	C:\WINDOWS\SYSTEM32\WSOCK32.dll
0x00007ffca3cc0000 - 0x00007ffca3d2c000 	C:\WINDOWS\System32\WS2_32.dll
0x00007ffc9e570000 - 0x00007ffc9e593000 	C:\WINDOWS\SYSTEM32\WINMM.dll
0x00007ffc910e0000 - 0x00007ffc910ea000 	C:\WINDOWS\SYSTEM32\VERSION.dll
0x00007ffc9e3c0000 - 0x00007ffc9e3ea000 	C:\WINDOWS\SYSTEM32\WINMMBASE.dll
0x00007ffca1430000 - 0x00007ffca147a000 	C:\WINDOWS\System32\cfgmgr32.dll
0x00007ffc928d0000 - 0x00007ffc928df000 	C:\Program Files\Android\Android Studio1\jre\jre\bin\verify.dll
0x00007ffc7d490000 - 0x00007ffc7d4b9000 	C:\Program Files\Android\Android Studio1\jre\jre\bin\java.dll
0x00007ffc65900000 - 0x00007ffc65916000 	C:\Program Files\Android\Android Studio1\jre\jre\bin\zip.dll
0x00007ffca2880000 - 0x00007ffca3cb7000 	C:\WINDOWS\System32\SHELL32.dll
0x00007ffca41f0000 - 0x00007ffca4296000 	C:\WINDOWS\System32\shcore.dll
0x00007ffca0c60000 - 0x00007ffca13a7000 	C:\WINDOWS\System32\windows.storage.dll
0x00007ffca2030000 - 0x00007ffca2081000 	C:\WINDOWS\System32\shlwapi.dll
0x00007ffca0840000 - 0x00007ffca0851000 	C:\WINDOWS\System32\kernel.appcore.dll
0x00007ffca0860000 - 0x00007ffca08ac000 	C:\WINDOWS\System32\powrprof.dll
0x00007ffca08d0000 - 0x00007ffca08eb000 	C:\WINDOWS\System32\profapi.dll
0x00007ffca0570000 - 0x00007ffca0587000 	C:\WINDOWS\SYSTEM32\CRYPTSP.dll
0x00007ffc9f930000 - 0x00007ffc9f963000 	C:\WINDOWS\system32\rsaenh.dll
0x00007ffca0370000 - 0x00007ffca0395000 	C:\WINDOWS\SYSTEM32\bcrypt.dll
0x00007ffca0740000 - 0x00007ffca0769000 	C:\WINDOWS\SYSTEM32\USERENV.dll
0x00007ffc9ff40000 - 0x00007ffc9ff4b000 	C:\WINDOWS\SYSTEM32\CRYPTBASE.dll
0x00007ffc658e0000 - 0x00007ffc658fa000 	C:\Program Files\Android\Android Studio1\jre\jre\bin\net.dll
0x00007ffc9fd80000 - 0x00007ffc9fde6000 	C:\WINDOWS\system32\mswsock.dll
0x00007ffc9fab0000 - 0x00007ffc9fae9000 	C:\WINDOWS\SYSTEM32\IPHLPAPI.DLL
0x00007ffca4410000 - 0x00007ffca4418000 	C:\WINDOWS\System32\NSI.dll
0x00007ffc95eb0000 - 0x00007ffc95ec6000 	C:\WINDOWS\SYSTEM32\dhcpcsvc6.DLL
0x00007ffc95e90000 - 0x00007ffc95eaa000 	C:\WINDOWS\SYSTEM32\dhcpcsvc.DLL
0x00007ffc90350000 - 0x00007ffc90361000 	C:\Program Files\Android\Android Studio1\jre\jre\bin\nio.dll

VM Arguments:
jvm_args: -Djava.awt.headless=true -Xmx64M -Dfile.encoding=windows-1252 -Duser.country=BR -Duser.language=pt -Duser.variant 
java_command: com.google.devtools.build.android.desugar.Desugar --input C:\Users\JCarvalhoJr\eclipse-workspace_2018\Web_Services_Android\Web_Service_Android_Client\app\build\intermediates\transforms\stackFramesFixer\debug\8.jar --output C:\Users\JCarvalhoJr\eclipse-workspace_2018\Web_Services_Android\Web_Service_Android_Client\app\build\intermediates\transforms\desugar\debug\9.jar --input C:\Users\JCarvalhoJr\eclipse-workspace_2018\Web_Services_Android\Web_Service_Android_Client\app\build\intermediates\transforms\stackFramesFixer\debug\19.jar --output C:\Users\JCarvalhoJr\eclipse-workspace_2018\Web_Services_Android\Web_Service_Android_Client\app\build\intermediates\transforms\desugar\debug\20.jar --input C:\Users\JCarvalhoJr\eclipse-workspace_2018\Web_Services_Android\Web_Service_Android_Client\app\build\intermediates\transforms\stackFramesFixer\debug\22.jar --output C:\Users\JCarvalhoJr\eclipse-workspace_2018\Web_Services_Android\Web_Service_Android_Client\app\build\intermediates\transforms\desugar\debug\23.jar --input C:\Users\JCarvalhoJr\eclipse-workspace_2018\Web_Services_Android\Web_Service_Android_Client\app\build\intermediates\transforms\stackFramesFixer\debug\17.jar --output C:\Users\JCarvalhoJr\eclipse-workspace_2018\Web_Services_Android\Web_Service_Android_Client\app\build\intermediates\transforms\desugar\debug\18.jar --input C:\Users\JCarvalhoJr\eclipse-workspace_2018\Web_Services_Android\Web_Service_Android_Client\app\build\intermediates\transforms\stackFramesFixer\debug\13.jar --output C:\Users\JCarvalhoJr\eclipse-workspace_2018\Web_Services_Android\Web_Service_Android_Client\app\build\intermediates\transforms\desugar\debug\14.jar --input C:\Users\JCarvalhoJr\eclipse-workspace_2018\Web_Services_Android\Web_Service_Android_Client\app\build\intermediates\transforms\stackFramesFixer\debug\28.jar --output C:\Users\JCarvalhoJr\eclipse-workspace_2018\Web_Services_Android\Web_Service_Android_Client\app\build\intermediates\transforms\desugar\debug\29.jar --in
java_class_path (initial): C:\Users\JCarvalhoJr\AppData\Local\Temp\desugar_deploy.jar1072657413588835485
Launcher Type: SUN_STANDARD

Environment Variables:
CLASSPATH=.;C:\Program Files (x86)\Griaule\Fingerprint SDK 2009\bin\GrFingerJava.jar
USERNAME=JCarvalhoJr
OS=Windows_NT
PROCESSOR_IDENTIFIER=Intel64 Family 6 Model 42 Stepping 7, GenuineIntel



---------------  S Y S T E M  ---------------

OS: Windows 10.0 , 64 bit Build 16299 (10.0.16299.15)

CPU:total 4 (initial active 4) (2 cores per cpu, 2 threads per core) family 6 model 42 stepping 7, cmov, cx8, fxsr, mmx, sse, sse2, sse3, ssse3, sse4.1, sse4.2, popcnt, avx, aes, clmul, ht, tsc, tscinvbit

Memory: 4k page, physical 12496748k(2435404k free), swap 13545324k(5212k free)

vm_info: OpenJDK 64-Bit Server VM (25.152-b01) for windows-amd64 JRE (1.8.0_152-release-915-b01), built by "builder" with MS VC++ 10.0 (VS2010)

time: Tue Mar 13 01:06:28 2018
elapsed time: 6 seconds (0d 0h 0m 6s)

