#
# There is insufficient memory for the Java Runtime Environment to continue.
# Native memory allocation (malloc) failed to allocate 176336 bytes for Chunk::new
# Possible reasons:
#   The system is out of physical RAM or swap space
#   In 32 bit mode, the process size limit was hit
# Possible solutions:
#   Reduce memory load on the system
#   Increase physical memory or swap space
#   Check if swap backing store is full
#   Use 64 bit Java on a 64 bit OS
#   Decrease Java heap size (-Xmx/-Xms)
#   Decrease number of Java threads
#   Decrease Java thread stack sizes (-Xss)
#   Set larger code cache with -XX:ReservedCodeCacheSize=
# This output file may be truncated or incomplete.
#
#  Out of Memory Error (allocation.cpp:390), pid=14852, tid=0x0000000000000dd8
#
# JRE version: OpenJDK Runtime Environment (8.0_152-b01) (build 1.8.0_152-release-915-b01)
# Java VM: OpenJDK 64-Bit Server VM (25.152-b01 mixed mode windows-amd64 compressed oops)
# Failed to write core dump. Minidumps are not enabled by default on client versions of Windows
#

---------------  T H R E A D  ---------------

Current thread (0x0000000014c03000):  JavaThread "C2 CompilerThread0" daemon [_thread_in_native, id=3544, stack(0x0000000016360000,0x0000000016460000)]

Stack: [0x0000000016360000,0x0000000016460000]
[error occurred during error reporting (printing stack bounds), id 0xc0000005]

Native frames: (J=compiled Java code, j=interpreted, Vv=VM code, C=native code)


Current CompileTask:
C2:   2769  628   !   4       sun.nio.fs.WindowsPath::initOffsets (153 bytes)


---------------  P R O C E S S  ---------------

Java Threads: ( => current thread )
  0x000000001646b000 JavaThread "Service Thread" daemon [_thread_blocked, id=23160, stack(0x0000000016a60000,0x0000000016b60000)]
  0x0000000016463800 JavaThread "C1 CompilerThread2" daemon [_thread_blocked, id=16704, stack(0x0000000016960000,0x0000000016a60000)]
  0x0000000016460800 JavaThread "C2 CompilerThread1" daemon [_thread_blocked, id=19088, stack(0x0000000016860000,0x0000000016960000)]
=>0x0000000014c03000 JavaThread "C2 CompilerThread0" daemon [_thread_in_native, id=3544, stack(0x0000000016360000,0x0000000016460000)]
  0x0000000014c00800 JavaThread "Attach Listener" daemon [_thread_blocked, id=21748, stack(0x0000000016260000,0x0000000016360000)]
  0x0000000014c00000 JavaThread "Signal Dispatcher" daemon [_thread_blocked, id=7216, stack(0x0000000016160000,0x0000000016260000)]
  0x000000000489c800 JavaThread "Finalizer" daemon [_thread_blocked, id=15536, stack(0x0000000015e60000,0x0000000015f60000)]
  0x0000000004897000 JavaThread "Reference Handler" daemon [_thread_blocked, id=11752, stack(0x0000000015d60000,0x0000000015e60000)]
  0x00000000047a7000 JavaThread "main" [_thread_in_native, id=23080, stack(0x00000000046a0000,0x00000000047a0000)]

Other Threads:
  0x0000000014bc6800 VMThread [stack: 0x0000000015c60000,0x0000000015d60000] [id=6468]
  0x000000001646c000 WatcherThread [stack: 0x0000000016b60000,0x0000000016c60000] [id=3272]

VM state:not at safepoint (normal execution)

VM Mutex/Monitor currently owned by a thread: None

Heap:
 PSYoungGen      total 18944K, used 10308K [0x00000000feb00000, 0x0000000100000000, 0x0000000100000000)
  eden space 16384K, 47% used [0x00000000feb00000,0x00000000ff2990b8,0x00000000ffb00000)
  from space 2560K, 98% used [0x00000000ffb00000,0x00000000ffd78030,0x00000000ffd80000)
  to   space 2560K, 0% used [0x00000000ffd80000,0x00000000ffd80000,0x0000000100000000)
 ParOldGen       total 44032K, used 1461K [0x00000000fc000000, 0x00000000feb00000, 0x00000000feb00000)
  object space 44032K, 3% used [0x00000000fc000000,0x00000000fc16d610,0x00000000feb00000)
 Metaspace       used 6766K, capacity 6904K, committed 7040K, reserved 1056768K
  class space    used 802K, capacity 860K, committed 896K, reserved 1048576K

Card table byte_map: [0x00000000043a0000,0x00000000043d0000] byte_map_base: 0x0000000003bc0000

Marking Bits: (ParMarkBitMap*) 0x000000006e4b3950
 Begin Bits: [0x0000000014060000, 0x0000000014160000)
 End Bits:   [0x0000000014160000, 0x0000000014260000)

Polling page: 0x0000000002ac0000

CodeCache: size=245760Kb used=2412Kb max_used=2424Kb free=243347Kb
 bounds [0x00000000048a0000, 0x0000000004b10000, 0x00000000138a0000]
 total_blobs=947 nmethods=627 adapters=234
 compilation: enabled

Compilation events (10 events):
Event: 2.733 Thread 0x0000000016463800 nmethod 622 0x0000000004af4b10 code [0x0000000004af4c80, 0x0000000004af4e90]
Event: 2.738 Thread 0x0000000016463800  623       3       sun.nio.fs.WindowsNativeDispatcher::asNativeBuffer (84 bytes)
Event: 2.739 Thread 0x0000000016463800 nmethod 623 0x0000000004af9650 code [0x0000000004af9840, 0x0000000004afa178]
Event: 2.739 Thread 0x0000000016463800  625   !   3       sun.nio.fs.WindowsPath::getPathForWin32Calls (138 bytes)
Event: 2.740 Thread 0x0000000016460800  626       4       sun.nio.fs.WindowsPath::compareTo (118 bytes)
Event: 2.741 Thread 0x0000000016463800 nmethod 625 0x0000000004afa550 code [0x0000000004afa7c0, 0x0000000004afb908]
Event: 2.745 Thread 0x0000000016463800  627       3       sun.nio.fs.WindowsFileAttributes::isDirectory (25 bytes)
Event: 2.745 Thread 0x0000000014c03000  628   !   4       sun.nio.fs.WindowsPath::initOffsets (153 bytes)
Event: 2.745 Thread 0x0000000016463800 nmethod 627 0x0000000004afc110 code [0x0000000004afc280, 0x0000000004afc550]
Event: 2.746 Thread 0x0000000016460800 nmethod 626 0x0000000004aff510 code [0x0000000004aff660, 0x0000000004aff958]

GC Heap History (2 events):
Event: 2.264 GC heap before
{Heap before GC invocations=1 (full 0):
 PSYoungGen      total 18944K, used 16384K [0x00000000feb00000, 0x0000000100000000, 0x0000000100000000)
  eden space 16384K, 100% used [0x00000000feb00000,0x00000000ffb00000,0x00000000ffb00000)
  from space 2560K, 0% used [0x00000000ffd80000,0x00000000ffd80000,0x0000000100000000)
  to   space 2560K, 0% used [0x00000000ffb00000,0x00000000ffb00000,0x00000000ffd80000)
 ParOldGen       total 44032K, used 0K [0x00000000fc000000, 0x00000000feb00000, 0x00000000feb00000)
  object space 44032K, 0% used [0x00000000fc000000,0x00000000fc000000,0x00000000feb00000)
 Metaspace       used 6526K, capacity 6730K, committed 7040K, reserved 1056768K
  class space    used 768K, capacity 823K, committed 896K, reserved 1048576K
Event: 2.276 GC heap after
Heap after GC invocations=1 (full 0):
 PSYoungGen      total 18944K, used 2528K [0x00000000feb00000, 0x0000000100000000, 0x0000000100000000)
  eden space 16384K, 0% used [0x00000000feb00000,0x00000000feb00000,0x00000000ffb00000)
  from space 2560K, 98% used [0x00000000ffb00000,0x00000000ffd78030,0x00000000ffd80000)
  to   space 2560K, 0% used [0x00000000ffd80000,0x00000000ffd80000,0x0000000100000000)
 ParOldGen       total 44032K, used 1461K [0x00000000fc000000, 0x00000000feb00000, 0x00000000feb00000)
  object space 44032K, 3% used [0x00000000fc000000,0x00000000fc16d610,0x00000000feb00000)
 Metaspace       used 6526K, capacity 6730K, committed 7040K, reserved 1056768K
  class space    used 768K, capacity 823K, committed 896K, reserved 1048576K
}

Deoptimization events (9 events):
Event: 1.433 Thread 0x00000000047a7000 Uncommon trap: reason=range_check action=make_not_entrant pc=0x0000000004a23d60 method=sun.reflect.generics.parser.SignatureParser.current()C @ 34
Event: 2.030 Thread 0x00000000047a7000 Uncommon trap: reason=unstable_if action=reinterpret pc=0x0000000004a44478 method=java.lang.String.startsWith(Ljava/lang/String;I)Z @ 25
Event: 2.154 Thread 0x00000000047a7000 Uncommon trap: reason=unstable_if action=reinterpret pc=0x0000000004ac5eac method=java.util.zip.ZipFile$ZipEntryIterator.hasNext()Z @ 25
Event: 2.154 Thread 0x00000000047a7000 Uncommon trap: reason=unstable_if action=reinterpret pc=0x0000000004acc738 method=java.util.zip.ZipCoder.decoder()Ljava/nio/charset/CharsetDecoder; @ 4
Event: 2.154 Thread 0x00000000047a7000 Uncommon trap: reason=unstable_if action=reinterpret pc=0x0000000004abf798 method=java.util.zip.ZipEntry.setExtra0([BZ)V @ 1
Event: 2.158 Thread 0x00000000047a7000 Uncommon trap: reason=unstable_if action=reinterpret pc=0x0000000004ac66c8 method=java.util.zip.ZipFile$ZipEntryIterator.hasNext()Z @ 25
Event: 2.158 Thread 0x00000000047a7000 Uncommon trap: reason=unstable_if action=reinterpret pc=0x0000000004aceea8 method=java.util.zip.ZipCoder.decoder()Ljava/nio/charset/CharsetDecoder; @ 4
Event: 2.165 Thread 0x00000000047a7000 Uncommon trap: reason=unstable_if action=reinterpret pc=0x0000000004ac6e1c method=java.util.zip.ZipFile$ZipEntryIterator.hasNext()Z @ 25
Event: 2.165 Thread 0x00000000047a7000 Uncommon trap: reason=unstable_if action=reinterpret pc=0x0000000004ac015c method=java.util.zip.ZipCoder.decoder()Ljava/nio/charset/CharsetDecoder; @ 4

Classes redefined (0 events):
No events

Internal exceptions (10 events):
Event: 2.154 Thread 0x00000000047a7000 Implicit null exception at 0x0000000004acbe0c to 0x0000000004acc6f9
Event: 2.158 Thread 0x00000000047a7000 Implicit null exception at 0x0000000004ace48d to 0x0000000004acee61
Event: 2.165 Thread 0x00000000047a7000 Implicit null exception at 0x0000000004abfb64 to 0x0000000004ac012d
Event: 2.571 Thread 0x00000000047a7000 Exception <a 'sun/nio/fs/WindowsException'> (0x00000000ff1cf640) thrown at [D:\src\AOSP-openjdk-cygwin\jdk8u\hotspot\src\share\vm\prims\jni.cpp, line 709]
Event: 2.571 Thread 0x00000000047a7000 Exception <a 'sun/nio/fs/WindowsException'> (0x00000000ff1cfc20) thrown at [D:\src\AOSP-openjdk-cygwin\jdk8u\hotspot\src\share\vm\prims\jni.cpp, line 709]
Event: 2.572 Thread 0x00000000047a7000 Exception <a 'sun/nio/fs/WindowsException'> (0x00000000ff1d0238) thrown at [D:\src\AOSP-openjdk-cygwin\jdk8u\hotspot\src\share\vm\prims\jni.cpp, line 709]
Event: 2.572 Thread 0x00000000047a7000 Exception <a 'sun/nio/fs/WindowsException'> (0x00000000ff1d0a18) thrown at [D:\src\AOSP-openjdk-cygwin\jdk8u\hotspot\src\share\vm\prims\jni.cpp, line 709]
Event: 2.572 Thread 0x00000000047a7000 Exception <a 'sun/nio/fs/WindowsException'> (0x00000000ff1d1008) thrown at [D:\src\AOSP-openjdk-cygwin\jdk8u\hotspot\src\share\vm\prims\jni.cpp, line 709]
Event: 2.573 Thread 0x00000000047a7000 Exception <a 'sun/nio/fs/WindowsException'> (0x00000000ff1d17d8) thrown at [D:\src\AOSP-openjdk-cygwin\jdk8u\hotspot\src\share\vm\prims\jni.cpp, line 709]
Event: 2.587 Thread 0x00000000047a7000 Exception <a 'sun/nio/fs/WindowsException'> (0x00000000ff1d6ce8) thrown at [D:\src\AOSP-openjdk-cygwin\jdk8u\hotspot\src\share\vm\prims\jni.cpp, line 709]

Events (10 events):
Event: 2.640 loading class java/util/stream/TerminalSink
Event: 2.640 loading class java/util/stream/Sink
Event: 2.641 loading class java/util/stream/Sink done
Event: 2.641 loading class java/util/stream/TerminalSink done
Event: 2.641 loading class java/util/stream/ForEachOps$ForEachOp done
Event: 2.641 loading class java/util/stream/ForEachOps$ForEachOp$OfRef done
Event: 2.641 loading class java/util/stream/ReferencePipeline$3$1
Event: 2.641 loading class java/util/stream/Sink$ChainedReference
Event: 2.641 loading class java/util/stream/Sink$ChainedReference done
Event: 2.641 loading class java/util/stream/ReferencePipeline$3$1 done


Dynamic libraries:
0x00007ff65ea60000 - 0x00007ff65ea91000 	C:\Program Files\Android\Android Studio1\jre\bin\java.exe
0x00007ff9e3740000 - 0x00007ff9e3920000 	C:\WINDOWS\SYSTEM32\ntdll.dll
0x00007ff9e0e00000 - 0x00007ff9e0eae000 	C:\WINDOWS\System32\KERNEL32.DLL
0x00007ff9dfba0000 - 0x00007ff9dfe06000 	C:\WINDOWS\System32\KERNELBASE.dll
0x00007ff9e1540000 - 0x00007ff9e15e1000 	C:\WINDOWS\System32\ADVAPI32.dll
0x00007ff9e1ea0000 - 0x00007ff9e1f3d000 	C:\WINDOWS\System32\msvcrt.dll
0x00007ff9e0da0000 - 0x00007ff9e0dfb000 	C:\WINDOWS\System32\sechost.dll
0x00007ff9e35f0000 - 0x00007ff9e370f000 	C:\WINDOWS\System32\RPCRT4.dll
0x00007ff9e0c10000 - 0x00007ff9e0d9e000 	C:\WINDOWS\System32\USER32.dll
0x00007ff9e0190000 - 0x00007ff9e01b0000 	C:\WINDOWS\System32\win32u.dll
0x00007ff9e1de0000 - 0x00007ff9e1e08000 	C:\WINDOWS\System32\GDI32.dll
0x00007ff9e0a70000 - 0x00007ff9e0c04000 	C:\WINDOWS\System32\gdi32full.dll
0x00007ff9e09d0000 - 0x00007ff9e0a6b000 	C:\WINDOWS\System32\msvcp_win.dll
0x00007ff9e0090000 - 0x00007ff9e0186000 	C:\WINDOWS\System32\ucrtbase.dll
0x00007ff9d17c0000 - 0x00007ff9d1a29000 	C:\WINDOWS\WinSxS\amd64_microsoft.windows.common-controls_6595b64144ccf1df_6.0.16299.19_none_cc92fab02215da61\COMCTL32.dll
0x00007ff9e1000000 - 0x00007ff9e1308000 	C:\WINDOWS\System32\combase.dll
0x00007ff9e01b0000 - 0x00007ff9e0222000 	C:\WINDOWS\System32\bcryptPrimitives.dll
0x00007ff9e14b0000 - 0x00007ff9e14dd000 	C:\WINDOWS\System32\IMM32.DLL
0x000000006d2e0000 - 0x000000006d3b2000 	C:\Program Files\Android\Android Studio1\jre\jre\bin\msvcr100.dll
0x000000006dcf0000 - 0x000000006e52e000 	C:\Program Files\Android\Android Studio1\jre\jre\bin\server\jvm.dll
0x00007ff9e1e10000 - 0x00007ff9e1e18000 	C:\WINDOWS\System32\PSAPI.DLL
0x00007ff9dde90000 - 0x00007ff9dde99000 	C:\WINDOWS\SYSTEM32\WSOCK32.dll
0x00007ff9e13e0000 - 0x00007ff9e144c000 	C:\WINDOWS\System32\WS2_32.dll
0x00007ff9ccec0000 - 0x00007ff9cceca000 	C:\WINDOWS\SYSTEM32\VERSION.dll
0x00007ff9dda80000 - 0x00007ff9ddaa3000 	C:\WINDOWS\SYSTEM32\WINMM.dll
0x00007ff9dda20000 - 0x00007ff9dda4a000 	C:\WINDOWS\SYSTEM32\WINMMBASE.dll
0x00007ff9e0230000 - 0x00007ff9e027a000 	C:\WINDOWS\System32\cfgmgr32.dll
0x00007ff9ddff0000 - 0x00007ff9ddfff000 	C:\Program Files\Android\Android Studio1\jre\jre\bin\verify.dll
0x00007ff9ddca0000 - 0x00007ff9ddcc9000 	C:\Program Files\Android\Android Studio1\jre\jre\bin\java.dll
0x00007ff9ddc80000 - 0x00007ff9ddc96000 	C:\Program Files\Android\Android Studio1\jre\jre\bin\zip.dll
0x00007ff9e21b0000 - 0x00007ff9e35e7000 	C:\WINDOWS\System32\SHELL32.dll
0x00007ff9e1ab0000 - 0x00007ff9e1b56000 	C:\WINDOWS\System32\shcore.dll
0x00007ff9e0280000 - 0x00007ff9e09c7000 	C:\WINDOWS\System32\windows.storage.dll
0x00007ff9e14e0000 - 0x00007ff9e1531000 	C:\WINDOWS\System32\shlwapi.dll
0x00007ff9dfa90000 - 0x00007ff9dfaa1000 	C:\WINDOWS\System32\kernel.appcore.dll
0x00007ff9dfaf0000 - 0x00007ff9dfb3c000 	C:\WINDOWS\System32\powrprof.dll
0x00007ff9dfad0000 - 0x00007ff9dfaeb000 	C:\WINDOWS\System32\profapi.dll
0x00007ff9df480000 - 0x00007ff9df497000 	C:\WINDOWS\SYSTEM32\CRYPTSP.dll
0x00007ff9deed0000 - 0x00007ff9def03000 	C:\WINDOWS\system32\rsaenh.dll
0x00007ff9df5f0000 - 0x00007ff9df615000 	C:\WINDOWS\SYSTEM32\bcrypt.dll
0x00007ff9df990000 - 0x00007ff9df9b9000 	C:\WINDOWS\SYSTEM32\USERENV.dll
0x00007ff9df4a0000 - 0x00007ff9df4ab000 	C:\WINDOWS\SYSTEM32\CRYPTBASE.dll
0x00007ff9d8ac0000 - 0x00007ff9d8ada000 	C:\Program Files\Android\Android Studio1\jre\jre\bin\net.dll
0x00007ff9df2c0000 - 0x00007ff9df326000 	C:\WINDOWS\system32\mswsock.dll
0x00007ff9df050000 - 0x00007ff9df089000 	C:\WINDOWS\SYSTEM32\IPHLPAPI.DLL
0x00007ff9e2100000 - 0x00007ff9e2108000 	C:\WINDOWS\System32\NSI.dll
0x00007ff9d5060000 - 0x00007ff9d5076000 	C:\WINDOWS\SYSTEM32\dhcpcsvc6.DLL
0x00007ff9d5040000 - 0x00007ff9d505a000 	C:\WINDOWS\SYSTEM32\dhcpcsvc.DLL
0x00007ff9d4b30000 - 0x00007ff9d4b41000 	C:\Program Files\Android\Android Studio1\jre\jre\bin\nio.dll

VM Arguments:
jvm_args: -Djava.awt.headless=true -Xmx64M -Dfile.encoding=windows-1252 -Duser.country=BR -Duser.language=pt -Duser.variant 
java_command: com.google.devtools.build.android.desugar.Desugar --input C:\Users\JCarvalhoJr\eclipse-workspace_2018\Web_Services_Android\Web_Service_Android_Client\app\build\intermediates\transforms\stackFramesFixer\debug\32.jar --output C:\Users\JCarvalhoJr\eclipse-workspace_2018\Web_Services_Android\Web_Service_Android_Client\app\build\intermediates\transforms\desugar\debug\33.jar --input C:\Users\JCarvalhoJr\eclipse-workspace_2018\Web_Services_Android\Web_Service_Android_Client\app\build\intermediates\transforms\stackFramesFixer\debug\27.jar --output C:\Users\JCarvalhoJr\eclipse-workspace_2018\Web_Services_Android\Web_Service_Android_Client\app\build\intermediates\transforms\desugar\debug\28.jar --input C:\Users\JCarvalhoJr\eclipse-workspace_2018\Web_Services_Android\Web_Service_Android_Client\app\build\intermediates\transforms\stackFramesFixer\debug\26.jar --output C:\Users\JCarvalhoJr\eclipse-workspace_2018\Web_Services_Android\Web_Service_Android_Client\app\build\intermediates\transforms\desugar\debug\27.jar --input C:\Users\JCarvalhoJr\eclipse-workspace_2018\Web_Services_Android\Web_Service_Android_Client\app\build\intermediates\transforms\stackFramesFixer\debug\25.jar --output C:\Users\JCarvalhoJr\eclipse-workspace_2018\Web_Services_Android\Web_Service_Android_Client\app\build\intermediates\transforms\desugar\debug\26.jar --input C:\Users\JCarvalhoJr\eclipse-workspace_2018\Web_Services_Android\Web_Service_Android_Client\app\build\intermediates\transforms\stackFramesFixer\debug\17.jar --output C:\Users\JCarvalhoJr\eclipse-workspace_2018\Web_Services_Android\Web_Service_Android_Client\app\build\intermediates\transforms\desugar\debug\18.jar --input C:\Users\JCarvalhoJr\eclipse-workspace_2018\Web_Services_Android\Web_Service_Android_Client\app\build\intermediates\transforms\stackFramesFixer\debug\5.jar --output C:\Users\JCarvalhoJr\eclipse-workspace_2018\Web_Services_Android\Web_Service_Android_Client\app\build\intermediates\transforms\desugar\debug\6.jar --in
java_class_path (initial): C:\Users\JCarvalhoJr\AppData\Local\Temp\desugar_deploy.jar6380878435666297763
Launcher Type: SUN_STANDARD

Environment Variables:
CLASSPATH=.;C:\Program Files (x86)\Griaule\Fingerprint SDK 2009\bin\GrFingerJava.jar
USERNAME=JCarvalhoJr
OS=Windows_NT
PROCESSOR_IDENTIFIER=Intel64 Family 6 Model 42 Stepping 7, GenuineIntel



---------------  S Y S T E M  ---------------

OS: Windows 10.0 , 64 bit Build 16299 (10.0.16299.15)

CPU:total 4 (initial active 4) (2 cores per cpu, 2 threads per core) family 6 model 42 stepping 7, cmov, cx8, fxsr, mmx, sse, sse2, sse3, ssse3, sse4.1, sse4.2, popcnt, avx, aes, clmul, ht, tsc, tscinvbit

Memory: 4k page, physical 12496748k(2069524k free), swap 13545324k(1572k free)

vm_info: OpenJDK 64-Bit Server VM (25.152-b01) for windows-amd64 JRE (1.8.0_152-release-915-b01), built by "builder" with MS VC++ 10.0 (VS2010)

time: Sun Mar 11 16:36:23 2018
elapsed time: 2 seconds (0d 0h 0m 2s)

