#
# There is insufficient memory for the Java Runtime Environment to continue.
# Native memory allocation (malloc) failed to allocate 32744 bytes for ChunkPool::allocate
# Possible reasons:
#   The system is out of physical RAM or swap space
#   In 32 bit mode, the process size limit was hit
# Possible solutions:
#   Reduce memory load on the system
#   Increase physical memory or swap space
#   Check if swap backing store is full
#   Use 64 bit Java on a 64 bit OS
#   Decrease Java heap size (-Xmx/-Xms)
#   Decrease number of Java threads
#   Decrease Java thread stack sizes (-Xss)
#   Set larger code cache with -XX:ReservedCodeCacheSize=
# This output file may be truncated or incomplete.
#
#  Out of Memory Error (allocation.cpp:273), pid=9764, tid=0x0000000000002208
#
# JRE version: OpenJDK Runtime Environment (8.0_152-b01) (build 1.8.0_152-release-915-b01)
# Java VM: OpenJDK 64-Bit Server VM (25.152-b01 mixed mode windows-amd64 compressed oops)
# Failed to write core dump. Minidumps are not enabled by default on client versions of Windows
#

---------------  T H R E A D  ---------------

Current thread (0x0000000014a15800):  JavaThread "C2 CompilerThread1" daemon [_thread_in_native, id=8712, stack(0x0000000016260000,0x0000000016360000)]

Stack: [0x0000000016260000,0x0000000016360000]
[error occurred during error reporting (printing stack bounds), id 0xc0000005]

Native frames: (J=compiled Java code, j=interpreted, Vv=VM code, C=native code)


Current CompileTask:
C2:   5922  984       4       org.objectweb.asm.tree.MethodNode::visitLabel (13 bytes)


---------------  P R O C E S S  ---------------

Java Threads: ( => current thread )
  0x0000000016375000 JavaThread "Service Thread" daemon [_thread_blocked, id=5752, stack(0x0000000016860000,0x0000000016960000)]
  0x0000000014a6d800 JavaThread "C1 CompilerThread2" daemon [_thread_blocked, id=7224, stack(0x0000000016760000,0x0000000016860000)]
=>0x0000000014a15800 JavaThread "C2 CompilerThread1" daemon [_thread_in_native, id=8712, stack(0x0000000016260000,0x0000000016360000)]
  0x0000000014a13800 JavaThread "C2 CompilerThread0" daemon [_thread_in_native, id=9316, stack(0x0000000016160000,0x0000000016260000)]
  0x0000000014a11800 JavaThread "Attach Listener" daemon [_thread_blocked, id=9784, stack(0x0000000016060000,0x0000000016160000)]
  0x0000000014a10800 JavaThread "Signal Dispatcher" daemon [_thread_blocked, id=11436, stack(0x0000000015f60000,0x0000000016060000)]
  0x00000000149f8800 JavaThread "Finalizer" daemon [_thread_blocked, id=2528, stack(0x0000000015c60000,0x0000000015d60000)]
  0x0000000004688800 JavaThread "Reference Handler" daemon [_thread_blocked, id=7820, stack(0x0000000015b60000,0x0000000015c60000)]
  0x0000000004597000 JavaThread "main" [_thread_in_vm, id=2024, stack(0x0000000004310000,0x0000000004410000)]

Other Threads:
  0x00000000149d6800 VMThread [stack: 0x0000000015a60000,0x0000000015b60000] [id=9176]
  0x0000000016376000 WatcherThread [stack: 0x0000000016960000,0x0000000016a60000] [id=12284]

VM state:not at safepoint (normal execution)

VM Mutex/Monitor currently owned by a thread: None

Heap:
 PSYoungGen      total 18944K, used 6120K [0x00000000feb00000, 0x0000000100000000, 0x0000000100000000)
  eden space 16384K, 21% used [0x00000000feb00000,0x00000000fee7f170,0x00000000ffb00000)
  from space 2560K, 99% used [0x00000000ffd80000,0x00000000ffffb0b0,0x0000000100000000)
  to   space 2560K, 0% used [0x00000000ffb00000,0x00000000ffb00000,0x00000000ffd80000)
 ParOldGen       total 44032K, used 4919K [0x00000000fc000000, 0x00000000feb00000, 0x00000000feb00000)
  object space 44032K, 11% used [0x00000000fc000000,0x00000000fc4cdf80,0x00000000feb00000)
 Metaspace       used 7758K, capacity 7944K, committed 8192K, reserved 1056768K
  class space    used 897K, capacity 988K, committed 1024K, reserved 1048576K

Card table byte_map: [0x0000000004410000,0x0000000004440000] byte_map_base: 0x0000000003c30000

Marking Bits: (ParMarkBitMap*) 0x00000000609f3950
 Begin Bits: [0x0000000013e50000, 0x0000000013f50000)
 End Bits:   [0x0000000013f50000, 0x0000000014050000)

Polling page: 0x0000000002800000

CodeCache: size=245760Kb used=3784Kb max_used=3784Kb free=241975Kb
 bounds [0x0000000004690000, 0x0000000004a50000, 0x0000000013690000]
 total_blobs=1313 nmethods=982 adapters=245
 compilation: enabled

Compilation events (10 events):
Event: 5.914 Thread 0x0000000014a6d800  979       3       org.objectweb.asm.FieldVisitor::<init> (7 bytes)
Event: 5.914 Thread 0x0000000014a6d800 nmethod 979 0x0000000004a3e390 code [0x0000000004a3e520, 0x0000000004a3e888]
Event: 5.914 Thread 0x0000000014a6d800  980       3       org.objectweb.asm.FieldVisitor::<init> (35 bytes)
Event: 5.914 Thread 0x0000000014a6d800 nmethod 980 0x0000000004a3ff50 code [0x0000000004a400c0, 0x0000000004a403c8]
Event: 5.915 Thread 0x0000000014a6d800  981       3       org.objectweb.asm.FieldWriter::visitEnd (1 bytes)
Event: 5.915 Thread 0x0000000014a6d800 nmethod 981 0x0000000004a3e050 code [0x0000000004a3e1a0, 0x0000000004a3e2f0]
Event: 5.917 Thread 0x0000000014a6d800  982       3       org.objectweb.asm.FieldWriter::a (262 bytes)
Event: 5.919 Thread 0x0000000014a6d800 nmethod 982 0x0000000004a41a50 code [0x0000000004a41ce0, 0x0000000004a42be8]
Event: 5.919 Thread 0x0000000014a6d800  983       3       org.objectweb.asm.FieldWriter::a (475 bytes)
Event: 5.920 Thread 0x0000000014a15800  984       4       org.objectweb.asm.tree.MethodNode::visitLabel (13 bytes)

GC Heap History (4 events):
Event: 3.249 GC heap before
{Heap before GC invocations=1 (full 0):
 PSYoungGen      total 18944K, used 16384K [0x00000000feb00000, 0x0000000100000000, 0x0000000100000000)
  eden space 16384K, 100% used [0x00000000feb00000,0x00000000ffb00000,0x00000000ffb00000)
  from space 2560K, 0% used [0x00000000ffd80000,0x00000000ffd80000,0x0000000100000000)
  to   space 2560K, 0% used [0x00000000ffb00000,0x00000000ffb00000,0x00000000ffd80000)
 ParOldGen       total 44032K, used 0K [0x00000000fc000000, 0x00000000feb00000, 0x00000000feb00000)
  object space 44032K, 0% used [0x00000000fc000000,0x00000000fc000000,0x00000000feb00000)
 Metaspace       used 6531K, capacity 6682K, committed 6784K, reserved 1056768K
  class space    used 768K, capacity 823K, committed 896K, reserved 1048576K
Event: 3.300 GC heap after
Heap after GC invocations=1 (full 0):
 PSYoungGen      total 18944K, used 2530K [0x00000000feb00000, 0x0000000100000000, 0x0000000100000000)
  eden space 16384K, 0% used [0x00000000feb00000,0x00000000feb00000,0x00000000ffb00000)
  from space 2560K, 98% used [0x00000000ffb00000,0x00000000ffd78880,0x00000000ffd80000)
  to   space 2560K, 0% used [0x00000000ffd80000,0x00000000ffd80000,0x0000000100000000)
 ParOldGen       total 44032K, used 1432K [0x00000000fc000000, 0x00000000feb00000, 0x00000000feb00000)
  object space 44032K, 3% used [0x00000000fc000000,0x00000000fc1660a0,0x00000000feb00000)
 Metaspace       used 6531K, capacity 6682K, committed 6784K, reserved 1056768K
  class space    used 768K, capacity 823K, committed 896K, reserved 1048576K
}
Event: 4.810 GC heap before
{Heap before GC invocations=2 (full 0):
 PSYoungGen      total 18944K, used 18914K [0x00000000feb00000, 0x0000000100000000, 0x0000000100000000)
  eden space 16384K, 100% used [0x00000000feb00000,0x00000000ffb00000,0x00000000ffb00000)
  from space 2560K, 98% used [0x00000000ffb00000,0x00000000ffd78880,0x00000000ffd80000)
  to   space 2560K, 0% used [0x00000000ffd80000,0x00000000ffd80000,0x0000000100000000)
 ParOldGen       total 44032K, used 1432K [0x00000000fc000000, 0x00000000feb00000, 0x00000000feb00000)
  object space 44032K, 3% used [0x00000000fc000000,0x00000000fc1660a0,0x00000000feb00000)
 Metaspace       used 7731K, capacity 7880K, committed 7936K, reserved 1056768K
  class space    used 897K, capacity 988K, committed 1024K, reserved 1048576K
Event: 4.914 GC heap after
Heap after GC invocations=2 (full 0):
 PSYoungGen      total 18944K, used 2540K [0x00000000feb00000, 0x0000000100000000, 0x0000000100000000)
  eden space 16384K, 0% used [0x00000000feb00000,0x00000000feb00000,0x00000000ffb00000)
  from space 2560K, 99% used [0x00000000ffd80000,0x00000000ffffb0b0,0x0000000100000000)
  to   space 2560K, 0% used [0x00000000ffb00000,0x00000000ffb00000,0x00000000ffd80000)
 ParOldGen       total 44032K, used 4919K [0x00000000fc000000, 0x00000000feb00000, 0x00000000feb00000)
  object space 44032K, 11% used [0x00000000fc000000,0x00000000fc4cdf80,0x00000000feb00000)
 Metaspace       used 7731K, capacity 7880K, committed 7936K, reserved 1056768K
  class space    used 897K, capacity 988K, committed 1024K, reserved 1048576K
}

Deoptimization events (10 events):
Event: 3.980 Thread 0x0000000004597000 Uncommon trap: reason=class_check action=maybe_recompile pc=0x00000000048cc210 method=com.google.common.collect.Iterators$7.transform(Ljava/lang/Object;)Ljava/lang/Object; @ 5
Event: 3.980 Thread 0x0000000004597000 Uncommon trap: reason=class_check action=maybe_recompile pc=0x00000000048d946c method=com.google.common.collect.TransformedIterator.hasNext()Z @ 4
Event: 3.980 Thread 0x0000000004597000 Uncommon trap: reason=class_check action=maybe_recompile pc=0x00000000048e1324 method=com.google.common.collect.TransformedIterator.next()Ljava/lang/Object; @ 5
Event: 3.980 Thread 0x0000000004597000 Uncommon trap: reason=class_check action=maybe_recompile pc=0x00000000048cc210 method=com.google.common.collect.Iterators$7.transform(Ljava/lang/Object;)Ljava/lang/Object; @ 5
Event: 3.980 Thread 0x0000000004597000 Uncommon trap: reason=class_check action=maybe_recompile pc=0x00000000048e1324 method=com.google.common.collect.TransformedIterator.next()Ljava/lang/Object; @ 5
Event: 3.980 Thread 0x0000000004597000 Uncommon trap: reason=class_check action=maybe_recompile pc=0x00000000048cc210 method=com.google.common.collect.Iterators$7.transform(Ljava/lang/Object;)Ljava/lang/Object; @ 5
Event: 4.215 Thread 0x0000000004597000 Uncommon trap: reason=unstable_if action=reinterpret pc=0x000000000487dd78 method=java.lang.String.indexOf([CII[CIII)I @ 134
Event: 4.249 Thread 0x0000000004597000 Uncommon trap: reason=unstable_if action=reinterpret pc=0x000000000484fcac method=java.lang.String.<init>([CII)V @ 18
Event: 4.509 Thread 0x0000000004597000 Uncommon trap: reason=unstable_if action=reinterpret pc=0x00000000049dea88 method=org.objectweb.asm.Item.a(Lorg/objectweb/asm/Item;)Z @ 345
Event: 5.141 Thread 0x0000000004597000 Uncommon trap: reason=unstable_if action=reinterpret pc=0x0000000004a2eda8 method=java.io.BufferedOutputStream.write(I)V @ 9

Classes redefined (0 events):
No events

Internal exceptions (10 events):
Event: 4.950 Thread 0x0000000004597000 Exception <a 'sun/nio/fs/WindowsException'> (0x00000000fec6dbd0) thrown at [D:\src\AOSP-openjdk-cygwin\jdk8u\hotspot\src\share\vm\prims\jni.cpp, line 709]
Event: 4.950 Thread 0x0000000004597000 Exception <a 'sun/nio/fs/WindowsException'> (0x00000000fec6e150) thrown at [D:\src\AOSP-openjdk-cygwin\jdk8u\hotspot\src\share\vm\prims\jni.cpp, line 709]
Event: 5.126 Thread 0x0000000004597000 Exception <a 'sun/nio/fs/WindowsException'> (0x00000000fed3e290) thrown at [D:\src\AOSP-openjdk-cygwin\jdk8u\hotspot\src\share\vm\prims\jni.cpp, line 709]
Event: 5.126 Thread 0x0000000004597000 Exception <a 'sun/nio/fs/WindowsException'> (0x00000000fed3e810) thrown at [D:\src\AOSP-openjdk-cygwin\jdk8u\hotspot\src\share\vm\prims\jni.cpp, line 709]
Event: 5.876 Thread 0x0000000004597000 Exception <a 'sun/nio/fs/WindowsException'> (0x00000000fee18420) thrown at [D:\src\AOSP-openjdk-cygwin\jdk8u\hotspot\src\share\vm\prims\jni.cpp, line 709]
Event: 5.876 Thread 0x0000000004597000 Exception <a 'sun/nio/fs/WindowsException'> (0x00000000fee189a0) thrown at [D:\src\AOSP-openjdk-cygwin\jdk8u\hotspot\src\share\vm\prims\jni.cpp, line 709]
Event: 5.898 Thread 0x0000000004597000 Exception <a 'sun/nio/fs/WindowsException'> (0x00000000fee1bf40) thrown at [D:\src\AOSP-openjdk-cygwin\jdk8u\hotspot\src\share\vm\prims\jni.cpp, line 709]
Event: 5.904 Thread 0x0000000004597000 Exception <a 'sun/nio/fs/WindowsException'> (0x00000000fee1c4c0) thrown at [D:\src\AOSP-openjdk-cygwin\jdk8u\hotspot\src\share\vm\prims\jni.cpp, line 709]
Event: 5.911 Thread 0x0000000004597000 Exception <a 'sun/nio/fs/WindowsException'> (0x00000000fee1fa60) thrown at [D:\src\AOSP-openjdk-cygwin\jdk8u\hotspot\src\share\vm\prims\jni.cpp, line 709]
Event: 5.911 Thread 0x0000000004597000 Exception <a 'sun/nio/fs/WindowsException'> (0x00000000fee1ffe0) thrown at [D:\src\AOSP-openjdk-cygwin\jdk8u\hotspot\src\share\vm\prims\jni.cpp, line 709]

Events (10 events):
Event: 4.509 Thread 0x0000000004597000 DEOPT UNPACKING pc=0x00000000046d556a sp=0x000000000440e648 mode 2
Event: 4.633 loading class java/util/Vector$Itr
Event: 4.633 loading class java/util/Vector$Itr done
Event: 4.810 Executing VM operation: ParallelGCFailedAllocation
Event: 4.914 Executing VM operation: ParallelGCFailedAllocation done
Event: 5.140 Thread 0x0000000004597000 Uncommon trap: trap_request=0xffffff65 fr.pc=0x0000000004a2eda8
Event: 5.140 Executing VM operation: RevokeBias
Event: 5.141 Executing VM operation: RevokeBias done
Event: 5.141 Thread 0x0000000004597000 DEOPT PACKING pc=0x0000000004a2eda8 sp=0x000000000440eec0
Event: 5.141 Thread 0x0000000004597000 DEOPT UNPACKING pc=0x00000000046d556a sp=0x000000000440ee70 mode 2


Dynamic libraries:
0x00007ff67de80000 - 0x00007ff67deb1000 	C:\Program Files\Android\Android Studio1\jre\bin\java.exe
0x00007ffca44f0000 - 0x00007ffca46d0000 	C:\WINDOWS\SYSTEM32\ntdll.dll
0x00007ffca1f80000 - 0x00007ffca202e000 	C:\WINDOWS\System32\KERNEL32.DLL
0x00007ffca16a0000 - 0x00007ffca1906000 	C:\WINDOWS\System32\KERNELBASE.dll
0x00007ffca19d0000 - 0x00007ffca1a71000 	C:\WINDOWS\System32\ADVAPI32.dll
0x00007ffca4420000 - 0x00007ffca44bd000 	C:\WINDOWS\System32\msvcrt.dll
0x00007ffca1e20000 - 0x00007ffca1e7b000 	C:\WINDOWS\System32\sechost.dll
0x00007ffca2760000 - 0x00007ffca287f000 	C:\WINDOWS\System32\RPCRT4.dll
0x00007ffca2160000 - 0x00007ffca22ee000 	C:\WINDOWS\System32\USER32.dll
0x00007ffca1480000 - 0x00007ffca14a0000 	C:\WINDOWS\System32\win32u.dll
0x00007ffca1b40000 - 0x00007ffca1b68000 	C:\WINDOWS\System32\GDI32.dll
0x00007ffca08f0000 - 0x00007ffca0a84000 	C:\WINDOWS\System32\gdi32full.dll
0x00007ffca14a0000 - 0x00007ffca153b000 	C:\WINDOWS\System32\msvcp_win.dll
0x00007ffca15a0000 - 0x00007ffca1696000 	C:\WINDOWS\System32\ucrtbase.dll
0x00007ffc90e70000 - 0x00007ffc910d9000 	C:\WINDOWS\WinSxS\amd64_microsoft.windows.common-controls_6595b64144ccf1df_6.0.16299.19_none_cc92fab02215da61\COMCTL32.dll
0x00007ffca3e80000 - 0x00007ffca4188000 	C:\WINDOWS\System32\combase.dll
0x00007ffca13b0000 - 0x00007ffca1422000 	C:\WINDOWS\System32\bcryptPrimitives.dll
0x00007ffca1a80000 - 0x00007ffca1aad000 	C:\WINDOWS\System32\IMM32.DLL
0x0000000060150000 - 0x0000000060222000 	C:\Program Files\Android\Android Studio1\jre\jre\bin\msvcr100.dll
0x0000000060230000 - 0x0000000060a6e000 	C:\Program Files\Android\Android Studio1\jre\jre\bin\server\jvm.dll
0x00007ffca19c0000 - 0x00007ffca19c8000 	C:\WINDOWS\System32\PSAPI.DLL
0x00007ffc83160000 - 0x00007ffc83169000 	C:\WINDOWS\SYSTEM32\WSOCK32.dll
0x00007ffca3cc0000 - 0x00007ffca3d2c000 	C:\WINDOWS\System32\WS2_32.dll
0x00007ffc9e570000 - 0x00007ffc9e593000 	C:\WINDOWS\SYSTEM32\WINMM.dll
0x00007ffc910e0000 - 0x00007ffc910ea000 	C:\WINDOWS\SYSTEM32\VERSION.dll
0x00007ffc9e3c0000 - 0x00007ffc9e3ea000 	C:\WINDOWS\SYSTEM32\WINMMBASE.dll
0x00007ffca1430000 - 0x00007ffca147a000 	C:\WINDOWS\System32\cfgmgr32.dll
0x00007ffc928d0000 - 0x00007ffc928df000 	C:\Program Files\Android\Android Studio1\jre\jre\bin\verify.dll
0x00007ffc7d490000 - 0x00007ffc7d4b9000 	C:\Program Files\Android\Android Studio1\jre\jre\bin\java.dll
0x00007ffc65900000 - 0x00007ffc65916000 	C:\Program Files\Android\Android Studio1\jre\jre\bin\zip.dll
0x00007ffca2880000 - 0x00007ffca3cb7000 	C:\WINDOWS\System32\SHELL32.dll
0x00007ffca41f0000 - 0x00007ffca4296000 	C:\WINDOWS\System32\shcore.dll
0x00007ffca0c60000 - 0x00007ffca13a7000 	C:\WINDOWS\System32\windows.storage.dll
0x00007ffca2030000 - 0x00007ffca2081000 	C:\WINDOWS\System32\shlwapi.dll
0x00007ffca0840000 - 0x00007ffca0851000 	C:\WINDOWS\System32\kernel.appcore.dll
0x00007ffca0860000 - 0x00007ffca08ac000 	C:\WINDOWS\System32\powrprof.dll
0x00007ffca08d0000 - 0x00007ffca08eb000 	C:\WINDOWS\System32\profapi.dll
0x00007ffca0570000 - 0x00007ffca0587000 	C:\WINDOWS\SYSTEM32\CRYPTSP.dll
0x00007ffc9f930000 - 0x00007ffc9f963000 	C:\WINDOWS\system32\rsaenh.dll
0x00007ffca0370000 - 0x00007ffca0395000 	C:\WINDOWS\SYSTEM32\bcrypt.dll
0x00007ffca0740000 - 0x00007ffca0769000 	C:\WINDOWS\SYSTEM32\USERENV.dll
0x00007ffc9ff40000 - 0x00007ffc9ff4b000 	C:\WINDOWS\SYSTEM32\CRYPTBASE.dll
0x00007ffc658e0000 - 0x00007ffc658fa000 	C:\Program Files\Android\Android Studio1\jre\jre\bin\net.dll
0x00007ffc9fd80000 - 0x00007ffc9fde6000 	C:\WINDOWS\system32\mswsock.dll
0x00007ffc9fab0000 - 0x00007ffc9fae9000 	C:\WINDOWS\SYSTEM32\IPHLPAPI.DLL
0x00007ffca4410000 - 0x00007ffca4418000 	C:\WINDOWS\System32\NSI.dll
0x00007ffc95eb0000 - 0x00007ffc95ec6000 	C:\WINDOWS\SYSTEM32\dhcpcsvc6.DLL
0x00007ffc95e90000 - 0x00007ffc95eaa000 	C:\WINDOWS\SYSTEM32\dhcpcsvc.DLL
0x00007ffc90350000 - 0x00007ffc90361000 	C:\Program Files\Android\Android Studio1\jre\jre\bin\nio.dll

VM Arguments:
jvm_args: -Djava.awt.headless=true -Xmx64M -Dfile.encoding=windows-1252 -Duser.country=BR -Duser.language=pt -Duser.variant 
java_command: com.google.devtools.build.android.desugar.Desugar --input C:\Users\JCarvalhoJr\eclipse-workspace_2018\Web_Services_Android\Web_Service_Android_Client\app\build\intermediates\transforms\stackFramesFixer\debug\32.jar --output C:\Users\JCarvalhoJr\eclipse-workspace_2018\Web_Services_Android\Web_Service_Android_Client\app\build\intermediates\transforms\desugar\debug\33.jar --input C:\Users\JCarvalhoJr\eclipse-workspace_2018\Web_Services_Android\Web_Service_Android_Client\app\build\intermediates\transforms\stackFramesFixer\debug\26.jar --output C:\Users\JCarvalhoJr\eclipse-workspace_2018\Web_Services_Android\Web_Service_Android_Client\app\build\intermediates\transforms\desugar\debug\27.jar --input C:\Users\JCarvalhoJr\eclipse-workspace_2018\Web_Services_Android\Web_Service_Android_Client\app\build\intermediates\transforms\stackFramesFixer\debug\23.jar --output C:\Users\JCarvalhoJr\eclipse-workspace_2018\Web_Services_Android\Web_Service_Android_Client\app\build\intermediates\transforms\desugar\debug\24.jar --input C:\Users\JCarvalhoJr\eclipse-workspace_2018\Web_Services_Android\Web_Service_Android_Client\app\build\intermediates\transforms\stackFramesFixer\debug\21.jar --output C:\Users\JCarvalhoJr\eclipse-workspace_2018\Web_Services_Android\Web_Service_Android_Client\app\build\intermediates\transforms\desugar\debug\22.jar --input C:\Users\JCarvalhoJr\eclipse-workspace_2018\Web_Services_Android\Web_Service_Android_Client\app\build\intermediates\transforms\stackFramesFixer\debug\5.jar --output C:\Users\JCarvalhoJr\eclipse-workspace_2018\Web_Services_Android\Web_Service_Android_Client\app\build\intermediates\transforms\desugar\debug\6.jar --input C:\Users\JCarvalhoJr\eclipse-workspace_2018\Web_Services_Android\Web_Service_Android_Client\app\build\intermediates\transforms\stackFramesFixer\debug\0.jar --output C:\Users\JCarvalhoJr\eclipse-workspace_2018\Web_Services_Android\Web_Service_Android_Client\app\build\intermediates\transforms\desugar\debug\1.jar --inpu
java_class_path (initial): C:\Users\JCarvalhoJr\AppData\Local\Temp\desugar_deploy.jar1072657413588835485
Launcher Type: SUN_STANDARD

Environment Variables:
CLASSPATH=.;C:\Program Files (x86)\Griaule\Fingerprint SDK 2009\bin\GrFingerJava.jar
USERNAME=JCarvalhoJr
OS=Windows_NT
PROCESSOR_IDENTIFIER=Intel64 Family 6 Model 42 Stepping 7, GenuineIntel



---------------  S Y S T E M  ---------------

OS: Windows 10.0 , 64 bit Build 16299 (10.0.16299.15)

CPU:total 4 (initial active 4) (2 cores per cpu, 2 threads per core) family 6 model 42 stepping 7, cmov, cx8, fxsr, mmx, sse, sse2, sse3, ssse3, sse4.1, sse4.2, popcnt, avx, aes, clmul, ht, tsc, tscinvbit

Memory: 4k page, physical 12496748k(2435400k free), swap 13545324k(5132k free)

vm_info: OpenJDK 64-Bit Server VM (25.152-b01) for windows-amd64 JRE (1.8.0_152-release-915-b01), built by "builder" with MS VC++ 10.0 (VS2010)

time: Tue Mar 13 01:06:28 2018
elapsed time: 5 seconds (0d 0h 0m 5s)

