#
# There is insufficient memory for the Java Runtime Environment to continue.
# Native memory allocation (malloc) failed to allocate 32744 bytes for ChunkPool::allocate
# Possible reasons:
#   The system is out of physical RAM or swap space
#   In 32 bit mode, the process size limit was hit
# Possible solutions:
#   Reduce memory load on the system
#   Increase physical memory or swap space
#   Check if swap backing store is full
#   Use 64 bit Java on a 64 bit OS
#   Decrease Java heap size (-Xmx/-Xms)
#   Decrease number of Java threads
#   Decrease Java thread stack sizes (-Xss)
#   Set larger code cache with -XX:ReservedCodeCacheSize=
# This output file may be truncated or incomplete.
#
#  Out of Memory Error (allocation.cpp:273), pid=17684, tid=0x000000000000454c
#
# JRE version: OpenJDK Runtime Environment (8.0_152-b01) (build 1.8.0_152-release-915-b01)
# Java VM: OpenJDK 64-Bit Server VM (25.152-b01 mixed mode windows-amd64 compressed oops)
# Failed to write core dump. Minidumps are not enabled by default on client versions of Windows
#

---------------  T H R E A D  ---------------

Current thread (0x0000000014983000):  JavaThread "C2 CompilerThread0" daemon [_thread_in_native, id=17740, stack(0x00000000160d0000,0x00000000161d0000)]

Stack: [0x00000000160d0000,0x00000000161d0000]
[error occurred during error reporting (printing stack bounds), id 0xc0000005]

Native frames: (J=compiled Java code, j=interpreted, Vv=VM code, C=native code)


Current CompileTask:
C2:   6207  898 %     4       org.objectweb.asm.ClassReader::a @ 74 (3587 bytes)


---------------  P R O C E S S  ---------------

Java Threads: ( => current thread )
  0x00000000162e1000 JavaThread "Service Thread" daemon [_thread_blocked, id=18092, stack(0x00000000167d0000,0x00000000168d0000)]
  0x00000000162db800 JavaThread "C1 CompilerThread2" daemon [_thread_blocked, id=17824, stack(0x00000000166d0000,0x00000000167d0000)]
  0x0000000014985000 JavaThread "C2 CompilerThread1" daemon [_thread_blocked, id=12468, stack(0x00000000161d0000,0x00000000162d0000)]
=>0x0000000014983000 JavaThread "C2 CompilerThread0" daemon [_thread_in_native, id=17740, stack(0x00000000160d0000,0x00000000161d0000)]
  0x0000000014980800 JavaThread "Attach Listener" daemon [_thread_blocked, id=9432, stack(0x0000000015fd0000,0x00000000160d0000)]
  0x000000001497f800 JavaThread "Signal Dispatcher" daemon [_thread_blocked, id=7852, stack(0x0000000015ed0000,0x0000000015fd0000)]
  0x000000000461c000 JavaThread "Finalizer" daemon [_thread_blocked, id=10228, stack(0x0000000015bd0000,0x0000000015cd0000)]
  0x0000000004617000 JavaThread "Reference Handler" daemon [_thread_blocked, id=16060, stack(0x0000000015ad0000,0x0000000015bd0000)]
  0x0000000004526800 JavaThread "main" [_thread_in_vm, id=15464, stack(0x0000000004340000,0x0000000004440000)]

Other Threads:
  0x0000000014946000 VMThread [stack: 0x00000000159d0000,0x0000000015ad0000] [id=18080]
  0x00000000162e2000 WatcherThread [stack: 0x00000000168d0000,0x00000000169d0000] [id=18176]

VM state:synchronizing (normal execution)

VM Mutex/Monitor currently owned by a thread:  ([mutex/lock_event])
[0x0000000004523350] Threads_lock - owner thread: 0x0000000014946000
[0x0000000004523ed0] AdapterHandlerLibrary_lock - owner thread: 0x0000000004526800

Heap:
 PSYoungGen      total 18944K, used 18870K [0x00000000feb00000, 0x0000000100000000, 0x0000000100000000)
  eden space 16384K, 99% used [0x00000000feb00000,0x00000000ffaf52c0,0x00000000ffb00000)
  from space 2560K, 98% used [0x00000000ffb00000,0x00000000ffd785c8,0x00000000ffd80000)
  to   space 2560K, 0% used [0x00000000ffd80000,0x00000000ffd80000,0x0000000100000000)
 ParOldGen       total 44032K, used 1506K [0x00000000fc000000, 0x00000000feb00000, 0x00000000feb00000)
  object space 44032K, 3% used [0x00000000fc000000,0x00000000fc178840,0x00000000feb00000)
 Metaspace       used 7532K, capacity 7772K, committed 7936K, reserved 1056768K
  class space    used 867K, capacity 956K, committed 1024K, reserved 1048576K

Card table byte_map: [0x0000000004460000,0x0000000004490000] byte_map_base: 0x0000000003c80000

Marking Bits: (ParMarkBitMap*) 0x0000000066963950
 Begin Bits: [0x0000000013de0000, 0x0000000013ee0000)
 End Bits:   [0x0000000013ee0000, 0x0000000013fe0000)

Polling page: 0x0000000002b50000

CodeCache: size=245760Kb used=3597Kb max_used=3597Kb free=242162Kb
 bounds [0x0000000004620000, 0x00000000049b0000, 0x0000000013620000]
 total_blobs=1250 nmethods=919 adapters=245
 compilation: enabled

Compilation events (10 events):
Event: 5.115 Thread 0x00000000162db800  916       3       org.objectweb.asm.MethodWriter::a (1609 bytes)
Event: 5.127 Thread 0x00000000162db800 nmethod 916 0x000000000499c850 code [0x000000000499d0e0, 0x00000000049a0a98]
Event: 5.131 Thread 0x00000000162db800  917       3       com.google.devtools.build.android.desugar.LambdaDesugaring$InvokedynamicRewriter::<init> (42 bytes)
Event: 5.132 Thread 0x00000000162db800 nmethod 917 0x0000000004992ed0 code [0x00000000049930a0, 0x0000000004993888]
Event: 5.133 Thread 0x00000000162db800  918       3       org.objectweb.asm.AnnotationVisitor::<init> (7 bytes)
Event: 5.133 Thread 0x00000000162db800 nmethod 918 0x0000000004992850 code [0x00000000049929e0, 0x0000000004992d48]
Event: 5.138 Thread 0x00000000162db800  919       3       java.util.SubList::<init> (145 bytes)
Event: 5.140 Thread 0x00000000162db800 nmethod 919 0x00000000049a2d10 code [0x00000000049a3060, 0x00000000049a4bd8]
Event: 5.201 Thread 0x00000000162db800  920       3       java.nio.Buffer::position (43 bytes)
Event: 5.202 Thread 0x00000000162db800 nmethod 920 0x0000000004992350 code [0x00000000049924c0, 0x0000000004992788]

GC Heap History (2 events):
Event: 3.526 GC heap before
{Heap before GC invocations=1 (full 0):
 PSYoungGen      total 18944K, used 16384K [0x00000000feb00000, 0x0000000100000000, 0x0000000100000000)
  eden space 16384K, 100% used [0x00000000feb00000,0x00000000ffb00000,0x00000000ffb00000)
  from space 2560K, 0% used [0x00000000ffd80000,0x00000000ffd80000,0x0000000100000000)
  to   space 2560K, 0% used [0x00000000ffb00000,0x00000000ffb00000,0x00000000ffd80000)
 ParOldGen       total 44032K, used 0K [0x00000000fc000000, 0x00000000feb00000, 0x00000000feb00000)
  object space 44032K, 0% used [0x00000000fc000000,0x00000000fc000000,0x00000000feb00000)
 Metaspace       used 6533K, capacity 6730K, committed 7040K, reserved 1056768K
  class space    used 768K, capacity 823K, committed 896K, reserved 1048576K
Event: 3.575 GC heap after
Heap after GC invocations=1 (full 0):
 PSYoungGen      total 18944K, used 2529K [0x00000000feb00000, 0x0000000100000000, 0x0000000100000000)
  eden space 16384K, 0% used [0x00000000feb00000,0x00000000feb00000,0x00000000ffb00000)
  from space 2560K, 98% used [0x00000000ffb00000,0x00000000ffd785c8,0x00000000ffd80000)
  to   space 2560K, 0% used [0x00000000ffd80000,0x00000000ffd80000,0x0000000100000000)
 ParOldGen       total 44032K, used 1506K [0x00000000fc000000, 0x00000000feb00000, 0x00000000feb00000)
  object space 44032K, 3% used [0x00000000fc000000,0x00000000fc178840,0x00000000feb00000)
 Metaspace       used 6533K, capacity 6730K, committed 7040K, reserved 1056768K
  class space    used 768K, capacity 823K, committed 896K, reserved 1048576K
}

Deoptimization events (10 events):
Event: 3.348 Thread 0x0000000004526800 Uncommon trap: reason=unstable_if action=reinterpret pc=0x000000000484d3ec method=java.util.zip.ZipFile$ZipEntryIterator.hasNext()Z @ 25
Event: 3.348 Thread 0x0000000004526800 Uncommon trap: reason=unstable_if action=reinterpret pc=0x0000000004855968 method=java.util.zip.ZipCoder.decoder()Ljava/nio/charset/CharsetDecoder; @ 4
Event: 3.348 Thread 0x0000000004526800 Uncommon trap: reason=unstable_if action=reinterpret pc=0x000000000484aed8 method=java.util.zip.ZipEntry.setExtra0([BZ)V @ 1
Event: 3.378 Thread 0x0000000004526800 Uncommon trap: reason=unstable_if action=reinterpret pc=0x0000000004852288 method=java.util.zip.ZipFile$ZipEntryIterator.hasNext()Z @ 25
Event: 3.379 Thread 0x0000000004526800 Uncommon trap: reason=unstable_if action=reinterpret pc=0x0000000004858338 method=java.util.zip.ZipCoder.decoder()Ljava/nio/charset/CharsetDecoder; @ 4
Event: 3.382 Thread 0x0000000004526800 Uncommon trap: reason=unstable_if action=reinterpret pc=0x000000000484b89c method=java.util.zip.ZipCoder.decoder()Ljava/nio/charset/CharsetDecoder; @ 4
Event: 3.698 Thread 0x0000000004526800 Uncommon trap: reason=unstable_if action=reinterpret pc=0x000000000486a4e0 method=java.util.zip.ZipFile.getZipEntry(Ljava/lang/String;J)Ljava/util/zip/ZipEntry; @ 19
Event: 4.132 Thread 0x0000000004526800 Uncommon trap: reason=unloaded action=reinterpret pc=0x000000000484c4bc method=java.util.zip.ZipEntry.setExtra0([BZ)V @ 37
Event: 4.258 Thread 0x0000000004526800 Uncommon trap: reason=unstable_if action=reinterpret pc=0x00000000047d4a6c method=java.lang.String.<init>([CII)V @ 18
Event: 4.413 Thread 0x0000000004526800 Uncommon trap: reason=unstable_if action=reinterpret pc=0x0000000004804378 method=java.lang.String.indexOf([CII[CIII)I @ 134

Classes redefined (0 events):
No events

Internal exceptions (10 events):
Event: 3.758 Thread 0x0000000004526800 Exception <a 'sun/nio/fs/WindowsException'> (0x00000000ff195768) thrown at [D:\src\AOSP-openjdk-cygwin\jdk8u\hotspot\src\share\vm\prims\jni.cpp, line 709]
Event: 3.758 Thread 0x0000000004526800 Exception <a 'sun/nio/fs/WindowsException'> (0x00000000ff195d68) thrown at [D:\src\AOSP-openjdk-cygwin\jdk8u\hotspot\src\share\vm\prims\jni.cpp, line 709]
Event: 3.759 Thread 0x0000000004526800 Exception <a 'sun/nio/fs/WindowsException'> (0x00000000ff196548) thrown at [D:\src\AOSP-openjdk-cygwin\jdk8u\hotspot\src\share\vm\prims\jni.cpp, line 709]
Event: 3.760 Thread 0x0000000004526800 Exception <a 'sun/nio/fs/WindowsException'> (0x00000000ff196b20) thrown at [D:\src\AOSP-openjdk-cygwin\jdk8u\hotspot\src\share\vm\prims\jni.cpp, line 709]
Event: 3.760 Thread 0x0000000004526800 Exception <a 'sun/nio/fs/WindowsException'> (0x00000000ff1972e0) thrown at [D:\src\AOSP-openjdk-cygwin\jdk8u\hotspot\src\share\vm\prims\jni.cpp, line 709]
Event: 3.783 Thread 0x0000000004526800 Exception <a 'sun/nio/fs/WindowsException'> (0x00000000ff19c790) thrown at [D:\src\AOSP-openjdk-cygwin\jdk8u\hotspot\src\share\vm\prims\jni.cpp, line 709]
Event: 4.199 Thread 0x0000000004526800 Exception <a 'sun/nio/fs/WindowsException'> (0x00000000ff4bac18) thrown at [D:\src\AOSP-openjdk-cygwin\jdk8u\hotspot\src\share\vm\prims\jni.cpp, line 709]
Event: 4.199 Thread 0x0000000004526800 Exception <a 'sun/nio/fs/WindowsException'> (0x00000000ff4bb218) thrown at [D:\src\AOSP-openjdk-cygwin\jdk8u\hotspot\src\share\vm\prims\jni.cpp, line 709]
Event: 4.858 Thread 0x0000000004526800 Exception <a 'sun/nio/fs/WindowsException'> (0x00000000ff994cc0) thrown at [D:\src\AOSP-openjdk-cygwin\jdk8u\hotspot\src\share\vm\prims\jni.cpp, line 709]
Event: 4.864 Thread 0x0000000004526800 Exception <a 'sun/nio/fs/WindowsException'> (0x00000000ff995240) thrown at [D:\src\AOSP-openjdk-cygwin\jdk8u\hotspot\src\share\vm\prims\jni.cpp, line 709]

Events (10 events):
Event: 4.416 loading class java/util/zip/ZipOutputStream$XEntry
Event: 4.416 loading class java/util/zip/ZipOutputStream$XEntry done
Event: 4.417 loading class org/objectweb/asm/Opcodes
Event: 4.417 loading class org/objectweb/asm/Opcodes done
Event: 4.502 loading class org/objectweb/asm/tree/TryCatchBlockNode
Event: 4.502 loading class org/objectweb/asm/tree/TryCatchBlockNode done
Event: 4.503 loading class org/objectweb/asm/Handler
Event: 4.503 loading class org/objectweb/asm/Handler done
Event: 4.847 loading class java/util/Vector$Itr
Event: 4.847 loading class java/util/Vector$Itr done


Dynamic libraries:
0x00007ff67e2c0000 - 0x00007ff67e2f1000 	C:\Program Files\Android\Android Studio1\jre\bin\java.exe
0x00007ffa8bac0000 - 0x00007ffa8bca0000 	C:\WINDOWS\SYSTEM32\ntdll.dll
0x00007ffa8b2c0000 - 0x00007ffa8b36e000 	C:\WINDOWS\System32\KERNEL32.DLL
0x00007ffa88210000 - 0x00007ffa88476000 	C:\WINDOWS\System32\KERNELBASE.dll
0x00007ffa89420000 - 0x00007ffa894c1000 	C:\WINDOWS\System32\ADVAPI32.dll
0x00007ffa89bf0000 - 0x00007ffa89c8d000 	C:\WINDOWS\System32\msvcrt.dll
0x00007ffa89c90000 - 0x00007ffa89ceb000 	C:\WINDOWS\System32\sechost.dll
0x00007ffa8b740000 - 0x00007ffa8b85f000 	C:\WINDOWS\System32\RPCRT4.dll
0x00007ffa8b510000 - 0x00007ffa8b69e000 	C:\WINDOWS\System32\USER32.dll
0x00007ffa885a0000 - 0x00007ffa885c0000 	C:\WINDOWS\System32\win32u.dll
0x00007ffa8ba00000 - 0x00007ffa8ba28000 	C:\WINDOWS\System32\GDI32.dll
0x00007ffa88020000 - 0x00007ffa881b4000 	C:\WINDOWS\System32\gdi32full.dll
0x00007ffa88500000 - 0x00007ffa8859b000 	C:\WINDOWS\System32\msvcp_win.dll
0x00007ffa87ec0000 - 0x00007ffa87fb6000 	C:\WINDOWS\System32\ucrtbase.dll
0x00007ffa788b0000 - 0x00007ffa78b19000 	C:\WINDOWS\WinSxS\amd64_microsoft.windows.common-controls_6595b64144ccf1df_6.0.16299.19_none_cc92fab02215da61\COMCTL32.dll
0x00007ffa89110000 - 0x00007ffa89418000 	C:\WINDOWS\System32\combase.dll
0x00007ffa88480000 - 0x00007ffa884f2000 	C:\WINDOWS\System32\bcryptPrimitives.dll
0x00007ffa89e40000 - 0x00007ffa89e6d000 	C:\WINDOWS\System32\IMM32.DLL
0x000000006b270000 - 0x000000006b342000 	C:\Program Files\Android\Android Studio1\jre\jre\bin\msvcr100.dll
0x00000000661a0000 - 0x00000000669de000 	C:\Program Files\Android\Android Studio1\jre\jre\bin\server\jvm.dll
0x00007ffa89100000 - 0x00007ffa89108000 	C:\WINDOWS\System32\PSAPI.DLL
0x00007ffa83640000 - 0x00007ffa83649000 	C:\WINDOWS\SYSTEM32\WSOCK32.dll
0x00007ffa894d0000 - 0x00007ffa8953c000 	C:\WINDOWS\System32\WS2_32.dll
0x00007ffa86270000 - 0x00007ffa86293000 	C:\WINDOWS\SYSTEM32\WINMM.dll
0x00007ffa78b50000 - 0x00007ffa78b5a000 	C:\WINDOWS\SYSTEM32\VERSION.dll
0x00007ffa86210000 - 0x00007ffa8623a000 	C:\WINDOWS\SYSTEM32\WINMMBASE.dll
0x00007ffa881c0000 - 0x00007ffa8820a000 	C:\WINDOWS\System32\cfgmgr32.dll
0x00007ffa6b210000 - 0x00007ffa6b21f000 	C:\Program Files\Android\Android Studio1\jre\jre\bin\verify.dll
0x00007ffa4fec0000 - 0x00007ffa4fee9000 	C:\Program Files\Android\Android Studio1\jre\jre\bin\java.dll
0x00007ffa54bd0000 - 0x00007ffa54be6000 	C:\Program Files\Android\Android Studio1\jre\jre\bin\zip.dll
0x00007ffa89e70000 - 0x00007ffa8b2a7000 	C:\WINDOWS\System32\SHELL32.dll
0x00007ffa89ac0000 - 0x00007ffa89b66000 	C:\WINDOWS\System32\shcore.dll
0x00007ffa88840000 - 0x00007ffa88f87000 	C:\WINDOWS\System32\windows.storage.dll
0x00007ffa8b3e0000 - 0x00007ffa8b431000 	C:\WINDOWS\System32\shlwapi.dll
0x00007ffa87e30000 - 0x00007ffa87e41000 	C:\WINDOWS\System32\kernel.appcore.dll
0x00007ffa87e70000 - 0x00007ffa87ebc000 	C:\WINDOWS\System32\powrprof.dll
0x00007ffa87e50000 - 0x00007ffa87e6b000 	C:\WINDOWS\System32\profapi.dll
0x00007ffa87860000 - 0x00007ffa87877000 	C:\WINDOWS\SYSTEM32\CRYPTSP.dll
0x00007ffa87250000 - 0x00007ffa87283000 	C:\WINDOWS\system32\rsaenh.dll
0x00007ffa87970000 - 0x00007ffa87995000 	C:\WINDOWS\SYSTEM32\bcrypt.dll
0x00007ffa87d10000 - 0x00007ffa87d39000 	C:\WINDOWS\SYSTEM32\USERENV.dll
0x00007ffa87880000 - 0x00007ffa8788b000 	C:\WINDOWS\SYSTEM32\CRYPTBASE.dll
0x00007ffa53920000 - 0x00007ffa5393a000 	C:\Program Files\Android\Android Studio1\jre\jre\bin\net.dll
0x00007ffa876a0000 - 0x00007ffa87706000 	C:\WINDOWS\system32\mswsock.dll
0x00007ffa87430000 - 0x00007ffa87469000 	C:\WINDOWS\SYSTEM32\IPHLPAPI.DLL
0x00007ffa8b3d0000 - 0x00007ffa8b3d8000 	C:\WINDOWS\System32\NSI.dll
0x00007ffa7e010000 - 0x00007ffa7e026000 	C:\WINDOWS\SYSTEM32\dhcpcsvc6.DLL
0x00007ffa7dff0000 - 0x00007ffa7e00a000 	C:\WINDOWS\SYSTEM32\dhcpcsvc.DLL
0x00007ffa4fea0000 - 0x00007ffa4feb1000 	C:\Program Files\Android\Android Studio1\jre\jre\bin\nio.dll

VM Arguments:
jvm_args: -Djava.awt.headless=true -Xmx64M -Dfile.encoding=windows-1252 -Duser.country=BR -Duser.language=pt -Duser.variant 
java_command: com.google.devtools.build.android.desugar.Desugar --input C:\Users\JCarvalhoJr\eclipse-workspace_2018\Web_Services_Android\Web_Service_Android_Client\app\build\intermediates\transforms\stackFramesFixer\debug\14.jar --output C:\Users\JCarvalhoJr\eclipse-workspace_2018\Web_Services_Android\Web_Service_Android_Client\app\build\intermediates\transforms\desugar\debug\15.jar --input C:\Users\JCarvalhoJr\eclipse-workspace_2018\Web_Services_Android\Web_Service_Android_Client\app\build\intermediates\transforms\stackFramesFixer\debug\10.jar --output C:\Users\JCarvalhoJr\eclipse-workspace_2018\Web_Services_Android\Web_Service_Android_Client\app\build\intermediates\transforms\desugar\debug\11.jar --input C:\Users\JCarvalhoJr\eclipse-workspace_2018\Web_Services_Android\Web_Service_Android_Client\app\build\intermediates\transforms\stackFramesFixer\debug\9.jar --output C:\Users\JCarvalhoJr\eclipse-workspace_2018\Web_Services_Android\Web_Service_Android_Client\app\build\intermediates\transforms\desugar\debug\10.jar --input C:\Users\JCarvalhoJr\eclipse-workspace_2018\Web_Services_Android\Web_Service_Android_Client\app\build\intermediates\transforms\stackFramesFixer\debug\11.jar --output C:\Users\JCarvalhoJr\eclipse-workspace_2018\Web_Services_Android\Web_Service_Android_Client\app\build\intermediates\transforms\desugar\debug\12.jar --input C:\Users\JCarvalhoJr\eclipse-workspace_2018\Web_Services_Android\Web_Service_Android_Client\app\build\intermediates\transforms\stackFramesFixer\debug\6.jar --output C:\Users\JCarvalhoJr\eclipse-workspace_2018\Web_Services_Android\Web_Service_Android_Client\app\build\intermediates\transforms\desugar\debug\7.jar --input C:\Users\JCarvalhoJr\eclipse-workspace_2018\Web_Services_Android\Web_Service_Android_Client\app\build\intermediates\transforms\stackFramesFixer\debug\1.jar --output C:\Users\JCarvalhoJr\eclipse-workspace_2018\Web_Services_Android\Web_Service_Android_Client\app\build\intermediates\transforms\desugar\debug\2.jar --input
java_class_path (initial): C:\Users\JCarvalhoJr\AppData\Local\Temp\desugar_deploy.jar3951035612156620796
Launcher Type: SUN_STANDARD

Environment Variables:
JAVA_HOME=C:\Program Files\Java\jdk1.8.0_162
CLASSPATH=.;C:\Program Files (x86)\Griaule\Fingerprint SDK 2009\bin\GrFingerJava.jar
USERNAME=JCarvalhoJr
OS=Windows_NT
PROCESSOR_IDENTIFIER=Intel64 Family 6 Model 42 Stepping 7, GenuineIntel



---------------  S Y S T E M  ---------------

OS: Windows 10.0 , 64 bit Build 16299 (10.0.16299.15)

CPU:total 4 (initial active 4) (2 cores per cpu, 2 threads per core) family 6 model 42 stepping 7, cmov, cx8, fxsr, mmx, sse, sse2, sse3, ssse3, sse4.1, sse4.2, popcnt, avx, aes, clmul, ht, tsc, tscinvbit

Memory: 4k page, physical 12496748k(3456312k free), swap 13545324k(5400k free)

vm_info: OpenJDK 64-Bit Server VM (25.152-b01) for windows-amd64 JRE (1.8.0_152-release-915-b01), built by "builder" with MS VC++ 10.0 (VS2010)

time: Thu Mar 22 13:47:06 2018
elapsed time: 6 seconds (0d 0h 0m 6s)

