#
# There is insufficient memory for the Java Runtime Environment to continue.
# Native memory allocation (malloc) failed to allocate 32744 bytes for ChunkPool::allocate
# Possible reasons:
#   The system is out of physical RAM or swap space
#   In 32 bit mode, the process size limit was hit
# Possible solutions:
#   Reduce memory load on the system
#   Increase physical memory or swap space
#   Check if swap backing store is full
#   Use 64 bit Java on a 64 bit OS
#   Decrease Java heap size (-Xmx/-Xms)
#   Decrease number of Java threads
#   Decrease Java thread stack sizes (-Xss)
#   Set larger code cache with -XX:ReservedCodeCacheSize=
# This output file may be truncated or incomplete.
#
#  Out of Memory Error (allocation.cpp:273), pid=9268, tid=0x0000000000003abc
#
# JRE version: OpenJDK Runtime Environment (8.0_152-b01) (build 1.8.0_152-release-915-b01)
# Java VM: OpenJDK 64-Bit Server VM (25.152-b01 mixed mode windows-amd64 compressed oops)
# Failed to write core dump. Minidumps are not enabled by default on client versions of Windows
#

---------------  T H R E A D  ---------------

Current thread (0x0000000015554800):  JavaThread "C2 CompilerThread1" daemon [_thread_in_native, id=15036, stack(0x0000000016db0000,0x0000000016eb0000)]

Stack: [0x0000000016db0000,0x0000000016eb0000]
[error occurred during error reporting (printing stack bounds), id 0xc0000005]

Native frames: (J=compiled Java code, j=interpreted, Vv=VM code, C=native code)


Current CompileTask:
C2:   4529 1071       4       org.objectweb.asm.tree.MethodInsnNode::accept (30 bytes)


---------------  P R O C E S S  ---------------

Java Threads: ( => current thread )
  0x00000000155ae800 JavaThread "Service Thread" daemon [_thread_blocked, id=19608, stack(0x00000000173b0000,0x00000000174b0000)]
  0x00000000155a9000 JavaThread "C1 CompilerThread2" daemon [_thread_blocked, id=20056, stack(0x00000000172b0000,0x00000000173b0000)]
=>0x0000000015554800 JavaThread "C2 CompilerThread1" daemon [_thread_in_native, id=15036, stack(0x0000000016db0000,0x0000000016eb0000)]
  0x0000000015552800 JavaThread "C2 CompilerThread0" daemon [_thread_in_native, id=14668, stack(0x0000000016cb0000,0x0000000016db0000)]
  0x0000000015550800 JavaThread "Attach Listener" daemon [_thread_blocked, id=6536, stack(0x0000000016bb0000,0x0000000016cb0000)]
  0x000000001554f000 JavaThread "Signal Dispatcher" daemon [_thread_blocked, id=14312, stack(0x0000000016ab0000,0x0000000016bb0000)]
  0x00000000051ec000 JavaThread "Finalizer" daemon [_thread_blocked, id=3440, stack(0x00000000167b0000,0x00000000168b0000)]
  0x00000000051e6800 JavaThread "Reference Handler" daemon [_thread_blocked, id=1752, stack(0x00000000166b0000,0x00000000167b0000)]
  0x00000000050f6800 JavaThread "main" [_thread_in_vm, id=20344, stack(0x0000000004ff0000,0x00000000050f0000)]

Other Threads:
  0x0000000015516000 VMThread [stack: 0x00000000165b0000,0x00000000166b0000] [id=17812]
  0x0000000016ec3800 WatcherThread [stack: 0x00000000174b0000,0x00000000175b0000] [id=10164]

VM state:not at safepoint (normal execution)

VM Mutex/Monitor currently owned by a thread: None

Heap:
 PSYoungGen      total 18944K, used 18857K [0x00000000feb00000, 0x0000000100000000, 0x0000000100000000)
  eden space 16384K, 99% used [0x00000000feb00000,0x00000000ffaeb228,0x00000000ffb00000)
  from space 2560K, 99% used [0x00000000ffd80000,0x00000000fffff2c0,0x0000000100000000)
  to   space 2560K, 0% used [0x00000000ffb00000,0x00000000ffb00000,0x00000000ffd80000)
 ParOldGen       total 44032K, used 5070K [0x00000000fc000000, 0x00000000feb00000, 0x00000000feb00000)
  object space 44032K, 11% used [0x00000000fc000000,0x00000000fc4f3be8,0x00000000feb00000)
 Metaspace       used 7763K, capacity 7944K, committed 8192K, reserved 1056768K
  class space    used 896K, capacity 988K, committed 1024K, reserved 1048576K

Card table byte_map: [0x0000000003580000,0x00000000035b0000] byte_map_base: 0x0000000002da0000

Marking Bits: (ParMarkBitMap*) 0x00000000609f3950
 Begin Bits: [0x00000000149b0000, 0x0000000014ab0000)
 End Bits:   [0x0000000014ab0000, 0x0000000014bb0000)

Polling page: 0x0000000003550000

CodeCache: size=245760Kb used=4113Kb max_used=4123Kb free=241646Kb
 bounds [0x00000000051f0000, 0x0000000005600000, 0x00000000141f0000]
 total_blobs=1400 nmethods=1069 adapters=245
 compilation: enabled

Compilation events (10 events):
Event: 4.497 Thread 0x00000000155a9000 nmethod 1066 0x00000000055f5e90 code [0x00000000055f6040, 0x00000000055f6508]
Event: 4.497 Thread 0x00000000155a9000 1067       3       com.google.common.base.Preconditions::checkState (13 bytes)
Event: 4.497 Thread 0x00000000155a9000 nmethod 1067 0x00000000055f5a10 code [0x00000000055f5b80, 0x00000000055f5da8]
Event: 4.498 Thread 0x0000000015554800 1068       4       com.google.devtools.build.android.desugar.InterfaceDesugaring$InterfaceInvocationRewriter::visitMethodInsn (279 bytes)
Event: 4.505 Thread 0x0000000015554800 nmethod 1068 0x00000000055f5190 code [0x00000000055f52e0, 0x00000000055f56c8]
Event: 4.508 Thread 0x00000000155a9000 1069       3       org.objectweb.asm.ClassWriter::b (70 bytes)
Event: 4.508 Thread 0x00000000155a9000 nmethod 1069 0x00000000055fa910 code [0x00000000055faac0, 0x00000000055faef8]
Event: 4.510 Thread 0x00000000155a9000 1070       1       com.google.common.collect.Iterators$1::hasNext (2 bytes)
Event: 4.510 Thread 0x00000000155a9000 nmethod 1070 0x00000000055c8190 code [0x00000000055c82e0, 0x00000000055c83f0]
Event: 4.517 Thread 0x0000000015554800 1071       4       org.objectweb.asm.tree.MethodInsnNode::accept (30 bytes)

GC Heap History (4 events):
Event: 1.879 GC heap before
{Heap before GC invocations=1 (full 0):
 PSYoungGen      total 18944K, used 16384K [0x00000000feb00000, 0x0000000100000000, 0x0000000100000000)
  eden space 16384K, 100% used [0x00000000feb00000,0x00000000ffb00000,0x00000000ffb00000)
  from space 2560K, 0% used [0x00000000ffd80000,0x00000000ffd80000,0x0000000100000000)
  to   space 2560K, 0% used [0x00000000ffb00000,0x00000000ffb00000,0x00000000ffd80000)
 ParOldGen       total 44032K, used 0K [0x00000000fc000000, 0x00000000feb00000, 0x00000000feb00000)
  object space 44032K, 0% used [0x00000000fc000000,0x00000000fc000000,0x00000000feb00000)
 Metaspace       used 6525K, capacity 6682K, committed 6784K, reserved 1056768K
  class space    used 769K, capacity 823K, committed 896K, reserved 1048576K
Event: 1.885 GC heap after
Heap after GC invocations=1 (full 0):
 PSYoungGen      total 18944K, used 2529K [0x00000000feb00000, 0x0000000100000000, 0x0000000100000000)
  eden space 16384K, 0% used [0x00000000feb00000,0x00000000feb00000,0x00000000ffb00000)
  from space 2560K, 98% used [0x00000000ffb00000,0x00000000ffd78430,0x00000000ffd80000)
  to   space 2560K, 0% used [0x00000000ffd80000,0x00000000ffd80000,0x0000000100000000)
 ParOldGen       total 44032K, used 1490K [0x00000000fc000000, 0x00000000feb00000, 0x00000000feb00000)
  object space 44032K, 3% used [0x00000000fc000000,0x00000000fc174840,0x00000000feb00000)
 Metaspace       used 6525K, capacity 6682K, committed 6784K, reserved 1056768K
  class space    used 769K, capacity 823K, committed 896K, reserved 1048576K
}
Event: 2.749 GC heap before
{Heap before GC invocations=2 (full 0):
 PSYoungGen      total 18944K, used 18913K [0x00000000feb00000, 0x0000000100000000, 0x0000000100000000)
  eden space 16384K, 100% used [0x00000000feb00000,0x00000000ffb00000,0x00000000ffb00000)
  from space 2560K, 98% used [0x00000000ffb00000,0x00000000ffd78430,0x00000000ffd80000)
  to   space 2560K, 0% used [0x00000000ffd80000,0x00000000ffd80000,0x0000000100000000)
 ParOldGen       total 44032K, used 1490K [0x00000000fc000000, 0x00000000feb00000, 0x00000000feb00000)
  object space 44032K, 3% used [0x00000000fc000000,0x00000000fc174840,0x00000000feb00000)
 Metaspace       used 7679K, capacity 7880K, committed 7936K, reserved 1056768K
  class space    used 895K, capacity 988K, committed 1024K, reserved 1048576K
Event: 2.806 GC heap after
Heap after GC invocations=2 (full 0):
 PSYoungGen      total 18944K, used 2556K [0x00000000feb00000, 0x0000000100000000, 0x0000000100000000)
  eden space 16384K, 0% used [0x00000000feb00000,0x00000000feb00000,0x00000000ffb00000)
  from space 2560K, 99% used [0x00000000ffd80000,0x00000000fffff2c0,0x0000000100000000)
  to   space 2560K, 0% used [0x00000000ffb00000,0x00000000ffb00000,0x00000000ffd80000)
 ParOldGen       total 44032K, used 5070K [0x00000000fc000000, 0x00000000feb00000, 0x00000000feb00000)
  object space 44032K, 11% used [0x00000000fc000000,0x00000000fc4f3be8,0x00000000feb00000)
 Metaspace       used 7679K, capacity 7880K, committed 7936K, reserved 1056768K
  class space    used 895K, capacity 988K, committed 1024K, reserved 1048576K
}

Deoptimization events (10 events):
Event: 2.417 Thread 0x00000000050f6800 Uncommon trap: reason=class_check action=maybe_recompile pc=0x0000000005423898 method=com.google.common.collect.TransformedIterator.next()Ljava/lang/Object; @ 5
Event: 2.417 Thread 0x00000000050f6800 Uncommon trap: reason=class_check action=maybe_recompile pc=0x000000000541f5d0 method=com.google.common.collect.Iterators$7.transform(Ljava/lang/Object;)Ljava/lang/Object; @ 5
Event: 2.417 Thread 0x00000000050f6800 Uncommon trap: reason=class_check action=maybe_recompile pc=0x0000000005423898 method=com.google.common.collect.TransformedIterator.next()Ljava/lang/Object; @ 5
Event: 2.417 Thread 0x00000000050f6800 Uncommon trap: reason=class_check action=maybe_recompile pc=0x000000000541f5d0 method=com.google.common.collect.Iterators$7.transform(Ljava/lang/Object;)Ljava/lang/Object; @ 5
Event: 2.524 Thread 0x00000000050f6800 Uncommon trap: reason=unstable_if action=reinterpret pc=0x00000000053e8678 method=java.lang.String.indexOf([CII[CIII)I @ 134
Event: 3.026 Thread 0x00000000050f6800 Uncommon trap: reason=unstable_if action=reinterpret pc=0x000000000555b49c method=org.objectweb.asm.Type.getArgumentsAndReturnSizes(Ljava/lang/String;)I @ 130
Event: 4.032 Thread 0x00000000050f6800 Uncommon trap: reason=unstable_if action=reinterpret pc=0x000000000558b4f4 method=org.objectweb.asm.tree.MethodNode.getLabelNodes([Ljava/lang/Object;)[Ljava/lang/Object; @ 24
Event: 4.064 Thread 0x00000000050f6800 Uncommon trap: reason=null_check action=make_not_entrant pc=0x00000000055c4444 method=com.google.devtools.build.android.desugar.InterfaceDesugaring$InterfaceInvocationRewriter.visitMethodInsn(ILjava/lang/String;Ljava/lang/String;Ljava/lang/String;Z)V @ 10
Event: 4.415 Thread 0x00000000050f6800 Uncommon trap: reason=unstable_if action=reinterpret pc=0x00000000055c7f90 method=com.google.devtools.build.android.desugar.LongCompareMethodRewriter$LongCompareMethodVisitor.visitMethodInsn(ILjava/lang/String;Ljava/lang/String;Ljava/lang/String;Z)V @ 13
Event: 4.470 Thread 0x00000000050f6800 Uncommon trap: reason=unstable_if action=reinterpret pc=0x00000000055c6568 method=java.io.BufferedOutputStream.write(I)V @ 9

Classes redefined (0 events):
No events

Internal exceptions (10 events):
Event: 2.073 Thread 0x00000000050f6800 Exception <a 'sun/nio/fs/WindowsException'> (0x00000000ff1a2b28) thrown at [D:\src\AOSP-openjdk-cygwin\jdk8u\hotspot\src\share\vm\prims\jni.cpp, line 709]
Event: 2.074 Thread 0x00000000050f6800 Exception <a 'sun/nio/fs/WindowsException'> (0x00000000ff1a3308) thrown at [D:\src\AOSP-openjdk-cygwin\jdk8u\hotspot\src\share\vm\prims\jni.cpp, line 709]
Event: 2.075 Thread 0x00000000050f6800 Exception <a 'sun/nio/fs/WindowsException'> (0x00000000ff1a38f8) thrown at [D:\src\AOSP-openjdk-cygwin\jdk8u\hotspot\src\share\vm\prims\jni.cpp, line 709]
Event: 2.076 Thread 0x00000000050f6800 Exception <a 'sun/nio/fs/WindowsException'> (0x00000000ff1a40c8) thrown at [D:\src\AOSP-openjdk-cygwin\jdk8u\hotspot\src\share\vm\prims\jni.cpp, line 709]
Event: 2.094 Thread 0x00000000050f6800 Exception <a 'sun/nio/fs/WindowsException'> (0x00000000ff1a95d8) thrown at [D:\src\AOSP-openjdk-cygwin\jdk8u\hotspot\src\share\vm\prims\jni.cpp, line 709]
Event: 2.357 Thread 0x00000000050f6800 Exception <a 'sun/nio/fs/WindowsException'> (0x00000000ff4bb940) thrown at [D:\src\AOSP-openjdk-cygwin\jdk8u\hotspot\src\share\vm\prims\jni.cpp, line 709]
Event: 2.358 Thread 0x00000000050f6800 Exception <a 'sun/nio/fs/WindowsException'> (0x00000000ff4bbf40) thrown at [D:\src\AOSP-openjdk-cygwin\jdk8u\hotspot\src\share\vm\prims\jni.cpp, line 709]
Event: 4.064 Thread 0x00000000050f6800 Implicit null exception at 0x00000000055c3a9a to 0x00000000055c441d
Event: 4.492 Thread 0x00000000050f6800 Exception <a 'sun/nio/fs/WindowsException'> (0x00000000ff971b30) thrown at [D:\src\AOSP-openjdk-cygwin\jdk8u\hotspot\src\share\vm\prims\jni.cpp, line 709]
Event: 4.492 Thread 0x00000000050f6800 Exception <a 'sun/nio/fs/WindowsException'> (0x00000000ff9720b0) thrown at [D:\src\AOSP-openjdk-cygwin\jdk8u\hotspot\src\share\vm\prims\jni.cpp, line 709]

Events (10 events):
Event: 4.415 Thread 0x00000000050f6800 DEOPT UNPACKING pc=0x000000000523556a sp=0x00000000050eeba8 mode 2
Event: 4.470 loading class java/util/Vector$Itr
Event: 4.470 loading class java/util/Vector$Itr done
Event: 4.470 Thread 0x00000000050f6800 Uncommon trap: trap_request=0xffffff65 fr.pc=0x00000000055c6568
Event: 4.470 Thread 0x00000000050f6800 DEOPT PACKING pc=0x00000000055c6568 sp=0x00000000050ef2b0
Event: 4.470 Thread 0x00000000050f6800 DEOPT UNPACKING pc=0x000000000523556a sp=0x00000000050ef260 mode 2
Event: 4.495 Thread 0x00000000050f6800 DEOPT PACKING pc=0x00000000054cc49d sp=0x00000000050eec90
Event: 4.495 Thread 0x00000000050f6800 DEOPT UNPACKING pc=0x00000000052375bf sp=0x00000000050eec40 mode 0
Event: 4.510 Thread 0x00000000050f6800 DEOPT PACKING pc=0x00000000054cc49d sp=0x00000000050eec90
Event: 4.510 Thread 0x00000000050f6800 DEOPT UNPACKING pc=0x00000000052375bf sp=0x00000000050eec40 mode 0


Dynamic libraries:
0x00007ff657170000 - 0x00007ff6571a1000 	C:\Program Files\Android\Android Studio1\jre\bin\java.exe
0x00007ffca44f0000 - 0x00007ffca46d0000 	C:\WINDOWS\SYSTEM32\ntdll.dll
0x00007ffca1f80000 - 0x00007ffca202e000 	C:\WINDOWS\System32\KERNEL32.DLL
0x00007ffca16a0000 - 0x00007ffca1906000 	C:\WINDOWS\System32\KERNELBASE.dll
0x00007ffca19d0000 - 0x00007ffca1a71000 	C:\WINDOWS\System32\ADVAPI32.dll
0x00007ffca4420000 - 0x00007ffca44bd000 	C:\WINDOWS\System32\msvcrt.dll
0x00007ffca1e20000 - 0x00007ffca1e7b000 	C:\WINDOWS\System32\sechost.dll
0x00007ffca2760000 - 0x00007ffca287f000 	C:\WINDOWS\System32\RPCRT4.dll
0x00007ffca2160000 - 0x00007ffca22ee000 	C:\WINDOWS\System32\USER32.dll
0x00007ffca1480000 - 0x00007ffca14a0000 	C:\WINDOWS\System32\win32u.dll
0x00007ffca1b40000 - 0x00007ffca1b68000 	C:\WINDOWS\System32\GDI32.dll
0x00007ffca08f0000 - 0x00007ffca0a84000 	C:\WINDOWS\System32\gdi32full.dll
0x00007ffca14a0000 - 0x00007ffca153b000 	C:\WINDOWS\System32\msvcp_win.dll
0x00007ffca15a0000 - 0x00007ffca1696000 	C:\WINDOWS\System32\ucrtbase.dll
0x00007ffc90e70000 - 0x00007ffc910d9000 	C:\WINDOWS\WinSxS\amd64_microsoft.windows.common-controls_6595b64144ccf1df_6.0.16299.19_none_cc92fab02215da61\COMCTL32.dll
0x00007ffca3e80000 - 0x00007ffca4188000 	C:\WINDOWS\System32\combase.dll
0x00007ffca13b0000 - 0x00007ffca1422000 	C:\WINDOWS\System32\bcryptPrimitives.dll
0x00007ffca1a80000 - 0x00007ffca1aad000 	C:\WINDOWS\System32\IMM32.DLL
0x0000000060150000 - 0x0000000060222000 	C:\Program Files\Android\Android Studio1\jre\jre\bin\msvcr100.dll
0x0000000060230000 - 0x0000000060a6e000 	C:\Program Files\Android\Android Studio1\jre\jre\bin\server\jvm.dll
0x00007ffca19c0000 - 0x00007ffca19c8000 	C:\WINDOWS\System32\PSAPI.DLL
0x00007ffc9d5a0000 - 0x00007ffc9d5a9000 	C:\WINDOWS\SYSTEM32\WSOCK32.dll
0x00007ffca3cc0000 - 0x00007ffca3d2c000 	C:\WINDOWS\System32\WS2_32.dll
0x00007ffc9e570000 - 0x00007ffc9e593000 	C:\WINDOWS\SYSTEM32\WINMM.dll
0x00007ffc910e0000 - 0x00007ffc910ea000 	C:\WINDOWS\SYSTEM32\VERSION.dll
0x00007ffc9e3c0000 - 0x00007ffc9e3ea000 	C:\WINDOWS\SYSTEM32\WINMMBASE.dll
0x00007ffca1430000 - 0x00007ffca147a000 	C:\WINDOWS\System32\cfgmgr32.dll
0x00007ffc9d360000 - 0x00007ffc9d36f000 	C:\Program Files\Android\Android Studio1\jre\jre\bin\verify.dll
0x00007ffc9ab60000 - 0x00007ffc9ab89000 	C:\Program Files\Android\Android Studio1\jre\jre\bin\java.dll
0x00007ffc95780000 - 0x00007ffc95796000 	C:\Program Files\Android\Android Studio1\jre\jre\bin\zip.dll
0x00007ffca2880000 - 0x00007ffca3cb7000 	C:\WINDOWS\System32\SHELL32.dll
0x00007ffca41f0000 - 0x00007ffca4296000 	C:\WINDOWS\System32\shcore.dll
0x00007ffca0c60000 - 0x00007ffca13a7000 	C:\WINDOWS\System32\windows.storage.dll
0x00007ffca2030000 - 0x00007ffca2081000 	C:\WINDOWS\System32\shlwapi.dll
0x00007ffca0840000 - 0x00007ffca0851000 	C:\WINDOWS\System32\kernel.appcore.dll
0x00007ffca0860000 - 0x00007ffca08ac000 	C:\WINDOWS\System32\powrprof.dll
0x00007ffca08d0000 - 0x00007ffca08eb000 	C:\WINDOWS\System32\profapi.dll
0x00007ffca0570000 - 0x00007ffca0587000 	C:\WINDOWS\SYSTEM32\CRYPTSP.dll
0x00007ffc9f930000 - 0x00007ffc9f963000 	C:\WINDOWS\system32\rsaenh.dll
0x00007ffca0370000 - 0x00007ffca0395000 	C:\WINDOWS\SYSTEM32\bcrypt.dll
0x00007ffca0740000 - 0x00007ffca0769000 	C:\WINDOWS\SYSTEM32\USERENV.dll
0x00007ffc9ff40000 - 0x00007ffc9ff4b000 	C:\WINDOWS\SYSTEM32\CRYPTBASE.dll
0x00007ffc95760000 - 0x00007ffc9577a000 	C:\Program Files\Android\Android Studio1\jre\jre\bin\net.dll
0x00007ffc9fd80000 - 0x00007ffc9fde6000 	C:\WINDOWS\system32\mswsock.dll
0x00007ffc9fab0000 - 0x00007ffc9fae9000 	C:\WINDOWS\SYSTEM32\IPHLPAPI.DLL
0x00007ffca4410000 - 0x00007ffca4418000 	C:\WINDOWS\System32\NSI.dll
0x00007ffc95eb0000 - 0x00007ffc95ec6000 	C:\WINDOWS\SYSTEM32\dhcpcsvc6.DLL
0x00007ffc95e90000 - 0x00007ffc95eaa000 	C:\WINDOWS\SYSTEM32\dhcpcsvc.DLL
0x00007ffc95740000 - 0x00007ffc95751000 	C:\Program Files\Android\Android Studio1\jre\jre\bin\nio.dll

VM Arguments:
jvm_args: -Djava.awt.headless=true -Xmx64M -Dfile.encoding=windows-1252 -Duser.country=BR -Duser.language=pt -Duser.variant 
java_command: com.google.devtools.build.android.desugar.Desugar --input C:\Users\JCarvalhoJr\eclipse-workspace_2018\Web_Services_Android\Web_Service_Android_Client\app\build\intermediates\transforms\stackFramesFixer\debug\8.jar --output C:\Users\JCarvalhoJr\eclipse-workspace_2018\Web_Services_Android\Web_Service_Android_Client\app\build\intermediates\transforms\desugar\debug\9.jar --input C:\Users\JCarvalhoJr\eclipse-workspace_2018\Web_Services_Android\Web_Service_Android_Client\app\build\intermediates\transforms\stackFramesFixer\debug\26.jar --output C:\Users\JCarvalhoJr\eclipse-workspace_2018\Web_Services_Android\Web_Service_Android_Client\app\build\intermediates\transforms\desugar\debug\27.jar --input C:\Users\JCarvalhoJr\eclipse-workspace_2018\Web_Services_Android\Web_Service_Android_Client\app\build\intermediates\transforms\stackFramesFixer\debug\10.jar --output C:\Users\JCarvalhoJr\eclipse-workspace_2018\Web_Services_Android\Web_Service_Android_Client\app\build\intermediates\transforms\desugar\debug\11.jar --input C:\Users\JCarvalhoJr\eclipse-workspace_2018\Web_Services_Android\Web_Service_Android_Client\app\build\intermediates\transforms\stackFramesFixer\debug\20.jar --output C:\Users\JCarvalhoJr\eclipse-workspace_2018\Web_Services_Android\Web_Service_Android_Client\app\build\intermediates\transforms\desugar\debug\21.jar --input C:\Users\JCarvalhoJr\eclipse-workspace_2018\Web_Services_Android\Web_Service_Android_Client\app\build\intermediates\transforms\stackFramesFixer\debug\22.jar --output C:\Users\JCarvalhoJr\eclipse-workspace_2018\Web_Services_Android\Web_Service_Android_Client\app\build\intermediates\transforms\desugar\debug\23.jar --input C:\Users\JCarvalhoJr\eclipse-workspace_2018\Web_Services_Android\Web_Service_Android_Client\app\build\intermediates\transforms\stackFramesFixer\debug\24.jar --output C:\Users\JCarvalhoJr\eclipse-workspace_2018\Web_Services_Android\Web_Service_Android_Client\app\build\intermediates\transforms\desugar\debug\25.jar --in
java_class_path (initial): C:\Users\JCarvalhoJr\AppData\Local\Temp\desugar_deploy.jar24638645045520254
Launcher Type: SUN_STANDARD

Environment Variables:
CLASSPATH=.;C:\Program Files (x86)\Griaule\Fingerprint SDK 2009\bin\GrFingerJava.jar
USERNAME=JCarvalhoJr
OS=Windows_NT
PROCESSOR_IDENTIFIER=Intel64 Family 6 Model 42 Stepping 7, GenuineIntel



---------------  S Y S T E M  ---------------

OS: Windows 10.0 , 64 bit Build 16299 (10.0.16299.15)

CPU:total 4 (initial active 4) (2 cores per cpu, 2 threads per core) family 6 model 42 stepping 7, cmov, cx8, fxsr, mmx, sse, sse2, sse3, ssse3, sse4.1, sse4.2, popcnt, avx, aes, clmul, ht, tsc, tscinvbit

Memory: 4k page, physical 12496748k(3371020k free), swap 13545324k(6952k free)

vm_info: OpenJDK 64-Bit Server VM (25.152-b01) for windows-amd64 JRE (1.8.0_152-release-915-b01), built by "builder" with MS VC++ 10.0 (VS2010)

time: Tue Mar 13 16:36:18 2018
elapsed time: 4 seconds (0d 0h 0m 4s)

