#
# There is insufficient memory for the Java Runtime Environment to continue.
# Native memory allocation (malloc) failed to allocate 32744 bytes for ChunkPool::allocate
# Possible reasons:
#   The system is out of physical RAM or swap space
#   In 32 bit mode, the process size limit was hit
# Possible solutions:
#   Reduce memory load on the system
#   Increase physical memory or swap space
#   Check if swap backing store is full
#   Use 64 bit Java on a 64 bit OS
#   Decrease Java heap size (-Xmx/-Xms)
#   Decrease number of Java threads
#   Decrease Java thread stack sizes (-Xss)
#   Set larger code cache with -XX:ReservedCodeCacheSize=
# This output file may be truncated or incomplete.
#
#  Out of Memory Error (allocation.cpp:273), pid=16392, tid=0x0000000000003b08
#
# JRE version: OpenJDK Runtime Environment (8.0_152-b01) (build 1.8.0_152-release-915-b01)
# Java VM: OpenJDK 64-Bit Server VM (25.152-b01 mixed mode windows-amd64 compressed oops)
# Failed to write core dump. Minidumps are not enabled by default on client versions of Windows
#

---------------  T H R E A D  ---------------

Current thread (0x0000000016c33000):  JavaThread "C1 CompilerThread2" daemon [_thread_in_native, id=15112, stack(0x0000000017030000,0x0000000017130000)]

Stack: [0x0000000017030000,0x0000000017130000]
[error occurred during error reporting (printing stack bounds), id 0xc0000005]

Native frames: (J=compiled Java code, j=interpreted, Vv=VM code, C=native code)


Current CompileTask:
C1:   5101  806       3       org.objectweb.asm.ClassReader::a (3587 bytes)


---------------  P R O C E S S  ---------------

Java Threads: ( => current thread )
  0x0000000016c3a800 JavaThread "Service Thread" daemon [_thread_blocked, id=20376, stack(0x0000000017130000,0x0000000017230000)]
=>0x0000000016c33000 JavaThread "C1 CompilerThread2" daemon [_thread_in_native, id=15112, stack(0x0000000017030000,0x0000000017130000)]
  0x00000000152c5000 JavaThread "C2 CompilerThread1" daemon [_thread_blocked, id=7324, stack(0x0000000016b30000,0x0000000016c30000)]
  0x00000000152c2800 JavaThread "C2 CompilerThread0" daemon [_thread_blocked, id=17752, stack(0x0000000016a30000,0x0000000016b30000)]
  0x00000000152c0800 JavaThread "Attach Listener" daemon [_thread_blocked, id=1568, stack(0x0000000016930000,0x0000000016a30000)]
  0x00000000152bf000 JavaThread "Signal Dispatcher" daemon [_thread_blocked, id=19200, stack(0x0000000016830000,0x0000000016930000)]
  0x0000000004f5c000 JavaThread "Finalizer" daemon [_thread_blocked, id=19796, stack(0x0000000016530000,0x0000000016630000)]
  0x0000000004f56800 JavaThread "Reference Handler" daemon [_thread_blocked, id=19892, stack(0x0000000016430000,0x0000000016530000)]
  0x0000000004e66800 JavaThread "main" [_thread_in_Java, id=17500, stack(0x0000000004d60000,0x0000000004e60000)]

Other Threads:
  0x0000000015286000 VMThread [stack: 0x0000000016330000,0x0000000016430000] [id=20284]
  0x0000000016c3c000 WatcherThread [stack: 0x0000000017230000,0x0000000017330000] [id=19408]

VM state:not at safepoint (normal execution)

VM Mutex/Monitor currently owned by a thread: None

Heap:
 PSYoungGen      total 18944K, used 15356K [0x00000000feb00000, 0x0000000100000000, 0x0000000100000000)
  eden space 16384K, 78% used [0x00000000feb00000,0x00000000ff782ef0,0x00000000ffb00000)
  from space 2560K, 99% used [0x00000000ffb00000,0x00000000ffd7c478,0x00000000ffd80000)
  to   space 2560K, 0% used [0x00000000ffd80000,0x00000000ffd80000,0x0000000100000000)
 ParOldGen       total 44032K, used 1508K [0x00000000fc000000, 0x00000000feb00000, 0x00000000feb00000)
  object space 44032K, 3% used [0x00000000fc000000,0x00000000fc1791f0,0x00000000feb00000)
 Metaspace       used 7610K, capacity 7820K, committed 7936K, reserved 1056768K
  class space    used 895K, capacity 988K, committed 1024K, reserved 1048576K

Card table byte_map: [0x0000000003280000,0x00000000032b0000] byte_map_base: 0x0000000002aa0000

Marking Bits: (ParMarkBitMap*) 0x00000000609f3950
 Begin Bits: [0x0000000014720000, 0x0000000014820000)
 End Bits:   [0x0000000014820000, 0x0000000014920000)

Polling page: 0x0000000002f80000

CodeCache: size=245760Kb used=2937Kb max_used=2937Kb free=242822Kb
 bounds [0x0000000004f60000, 0x0000000005250000, 0x0000000013f60000]
 total_blobs=1136 nmethods=805 adapters=245
 compilation: enabled

Compilation events (10 events):
Event: 5.062 Thread 0x0000000016c33000 nmethod 801 0x000000000523d3d0 code [0x000000000523d5e0, 0x000000000523e058]
Event: 5.067 Thread 0x0000000016c33000  802       3       org.objectweb.asm.MethodWriter::visitLabel (321 bytes)
Event: 5.068 Thread 0x0000000016c33000 nmethod 802 0x000000000523e4d0 code [0x000000000523e6a0, 0x000000000523efa8]
Event: 5.069 Thread 0x0000000016c33000  803       3       org.objectweb.asm.MethodVisitor::visitCode (15 bytes)
Event: 5.069 Thread 0x0000000016c33000 nmethod 803 0x000000000523f290 code [0x000000000523f400, 0x000000000523f668]
Event: 5.070 Thread 0x0000000016c33000  804       3       org.objectweb.asm.MethodVisitor::visitMaxs (17 bytes)
Event: 5.070 Thread 0x0000000016c33000 nmethod 804 0x000000000523f710 code [0x000000000523f880, 0x000000000523fae8]
Event: 5.071 Thread 0x0000000016c33000  805       3       org.objectweb.asm.ByteVector::putInt (74 bytes)
Event: 5.072 Thread 0x0000000016c33000 nmethod 805 0x000000000523fbd0 code [0x000000000523fd40, 0x000000000523ffc8]
Event: 5.073 Thread 0x0000000016c33000  806       3       org.objectweb.asm.ClassReader::a (3587 bytes)

GC Heap History (2 events):
Event: 2.348 GC heap before
{Heap before GC invocations=1 (full 0):
 PSYoungGen      total 18944K, used 16384K [0x00000000feb00000, 0x0000000100000000, 0x0000000100000000)
  eden space 16384K, 100% used [0x00000000feb00000,0x00000000ffb00000,0x00000000ffb00000)
  from space 2560K, 0% used [0x00000000ffd80000,0x00000000ffd80000,0x0000000100000000)
  to   space 2560K, 0% used [0x00000000ffb00000,0x00000000ffb00000,0x00000000ffd80000)
 ParOldGen       total 44032K, used 0K [0x00000000fc000000, 0x00000000feb00000, 0x00000000feb00000)
  object space 44032K, 0% used [0x00000000fc000000,0x00000000fc000000,0x00000000feb00000)
 Metaspace       used 6525K, capacity 6682K, committed 6784K, reserved 1056768K
  class space    used 768K, capacity 823K, committed 896K, reserved 1048576K
Event: 2.371 GC heap after
Heap after GC invocations=1 (full 0):
 PSYoungGen      total 18944K, used 2545K [0x00000000feb00000, 0x0000000100000000, 0x0000000100000000)
  eden space 16384K, 0% used [0x00000000feb00000,0x00000000feb00000,0x00000000ffb00000)
  from space 2560K, 99% used [0x00000000ffb00000,0x00000000ffd7c478,0x00000000ffd80000)
  to   space 2560K, 0% used [0x00000000ffd80000,0x00000000ffd80000,0x0000000100000000)
 ParOldGen       total 44032K, used 1508K [0x00000000fc000000, 0x00000000feb00000, 0x00000000feb00000)
  object space 44032K, 3% used [0x00000000fc000000,0x00000000fc1791f0,0x00000000feb00000)
 Metaspace       used 6525K, capacity 6682K, committed 6784K, reserved 1056768K
  class space    used 768K, capacity 823K, committed 896K, reserved 1048576K
}

Deoptimization events (10 events):
Event: 3.670 Thread 0x0000000004e66800 Uncommon trap: reason=class_check action=maybe_recompile pc=0x000000000519e16c method=com.google.common.collect.TransformedIterator.hasNext()Z @ 4
Event: 3.670 Thread 0x0000000004e66800 Uncommon trap: reason=class_check action=maybe_recompile pc=0x000000000519e16c method=com.google.common.collect.TransformedIterator.hasNext()Z @ 4
Event: 3.671 Thread 0x0000000004e66800 Uncommon trap: reason=class_check action=maybe_recompile pc=0x00000000051aaf64 method=com.google.common.collect.TransformedIterator.next()Ljava/lang/Object; @ 5
Event: 3.671 Thread 0x0000000004e66800 Uncommon trap: reason=class_check action=maybe_recompile pc=0x000000000518cdd0 method=com.google.common.collect.Iterators$7.transform(Ljava/lang/Object;)Ljava/lang/Object; @ 5
Event: 3.671 Thread 0x0000000004e66800 Uncommon trap: reason=class_check action=maybe_recompile pc=0x000000000519e16c method=com.google.common.collect.TransformedIterator.hasNext()Z @ 4
Event: 3.671 Thread 0x0000000004e66800 Uncommon trap: reason=class_check action=maybe_recompile pc=0x00000000051aaf64 method=com.google.common.collect.TransformedIterator.next()Ljava/lang/Object; @ 5
Event: 3.671 Thread 0x0000000004e66800 Uncommon trap: reason=class_check action=maybe_recompile pc=0x000000000518cdd0 method=com.google.common.collect.Iterators$7.transform(Ljava/lang/Object;)Ljava/lang/Object; @ 5
Event: 3.671 Thread 0x0000000004e66800 Uncommon trap: reason=class_check action=maybe_recompile pc=0x00000000051aaf64 method=com.google.common.collect.TransformedIterator.next()Ljava/lang/Object; @ 5
Event: 3.671 Thread 0x0000000004e66800 Uncommon trap: reason=class_check action=maybe_recompile pc=0x000000000518cdd0 method=com.google.common.collect.Iterators$7.transform(Ljava/lang/Object;)Ljava/lang/Object; @ 5
Event: 4.301 Thread 0x0000000004e66800 Uncommon trap: reason=unstable_if action=reinterpret pc=0x0000000005141c78 method=java.lang.String.indexOf([CII[CIII)I @ 134

Classes redefined (0 events):
No events

Internal exceptions (10 events):
Event: 2.270 Thread 0x0000000004e66800 Implicit null exception at 0x0000000005199085 to 0x0000000005199a0d
Event: 2.591 Thread 0x0000000004e66800 Exception <a 'sun/nio/fs/WindowsException'> (0x00000000ff19eae8) thrown at [D:\src\AOSP-openjdk-cygwin\jdk8u\hotspot\src\share\vm\prims\jni.cpp, line 709]
Event: 2.591 Thread 0x0000000004e66800 Exception <a 'sun/nio/fs/WindowsException'> (0x00000000ff19f0c8) thrown at [D:\src\AOSP-openjdk-cygwin\jdk8u\hotspot\src\share\vm\prims\jni.cpp, line 709]
Event: 2.591 Thread 0x0000000004e66800 Exception <a 'sun/nio/fs/WindowsException'> (0x00000000ff19f6e0) thrown at [D:\src\AOSP-openjdk-cygwin\jdk8u\hotspot\src\share\vm\prims\jni.cpp, line 709]
Event: 2.592 Thread 0x0000000004e66800 Exception <a 'sun/nio/fs/WindowsException'> (0x00000000ff19fec0) thrown at [D:\src\AOSP-openjdk-cygwin\jdk8u\hotspot\src\share\vm\prims\jni.cpp, line 709]
Event: 2.592 Thread 0x0000000004e66800 Exception <a 'sun/nio/fs/WindowsException'> (0x00000000ff1a04b0) thrown at [D:\src\AOSP-openjdk-cygwin\jdk8u\hotspot\src\share\vm\prims\jni.cpp, line 709]
Event: 2.593 Thread 0x0000000004e66800 Exception <a 'sun/nio/fs/WindowsException'> (0x00000000ff1a0c80) thrown at [D:\src\AOSP-openjdk-cygwin\jdk8u\hotspot\src\share\vm\prims\jni.cpp, line 709]
Event: 2.737 Thread 0x0000000004e66800 Exception <a 'sun/nio/fs/WindowsException'> (0x00000000ff1a6190) thrown at [D:\src\AOSP-openjdk-cygwin\jdk8u\hotspot\src\share\vm\prims\jni.cpp, line 709]
Event: 3.285 Thread 0x0000000004e66800 Exception <a 'sun/nio/fs/WindowsException'> (0x00000000ff4b8970) thrown at [D:\src\AOSP-openjdk-cygwin\jdk8u\hotspot\src\share\vm\prims\jni.cpp, line 709]
Event: 3.285 Thread 0x0000000004e66800 Exception <a 'sun/nio/fs/WindowsException'> (0x00000000ff4b8f70) thrown at [D:\src\AOSP-openjdk-cygwin\jdk8u\hotspot\src\share\vm\prims\jni.cpp, line 709]

Events (10 events):
Event: 4.302 loading class sun/util/calendar/BaseCalendar$Date done
Event: 4.302 loading class sun/util/calendar/Gregorian$Date done
Event: 4.302 loading class sun/util/calendar/CalendarUtils
Event: 4.302 loading class sun/util/calendar/CalendarUtils done
Event: 4.302 loading class java/util/zip/ZipOutputStream$XEntry
Event: 4.302 loading class java/util/zip/ZipOutputStream$XEntry done
Event: 4.305 loading class org/objectweb/asm/Opcodes
Event: 4.305 loading class org/objectweb/asm/Opcodes done
Event: 4.354 Executing VM operation: EnableBiasedLocking
Event: 4.355 Executing VM operation: EnableBiasedLocking done


Dynamic libraries:
0x00007ff657170000 - 0x00007ff6571a1000 	C:\Program Files\Android\Android Studio1\jre\bin\java.exe
0x00007ffca44f0000 - 0x00007ffca46d0000 	C:\WINDOWS\SYSTEM32\ntdll.dll
0x00007ffca1f80000 - 0x00007ffca202e000 	C:\WINDOWS\System32\KERNEL32.DLL
0x00007ffca16a0000 - 0x00007ffca1906000 	C:\WINDOWS\System32\KERNELBASE.dll
0x00007ffca19d0000 - 0x00007ffca1a71000 	C:\WINDOWS\System32\ADVAPI32.dll
0x00007ffca4420000 - 0x00007ffca44bd000 	C:\WINDOWS\System32\msvcrt.dll
0x00007ffca1e20000 - 0x00007ffca1e7b000 	C:\WINDOWS\System32\sechost.dll
0x00007ffca2760000 - 0x00007ffca287f000 	C:\WINDOWS\System32\RPCRT4.dll
0x00007ffca2160000 - 0x00007ffca22ee000 	C:\WINDOWS\System32\USER32.dll
0x00007ffca1480000 - 0x00007ffca14a0000 	C:\WINDOWS\System32\win32u.dll
0x00007ffca1b40000 - 0x00007ffca1b68000 	C:\WINDOWS\System32\GDI32.dll
0x00007ffca08f0000 - 0x00007ffca0a84000 	C:\WINDOWS\System32\gdi32full.dll
0x00007ffca14a0000 - 0x00007ffca153b000 	C:\WINDOWS\System32\msvcp_win.dll
0x00007ffca15a0000 - 0x00007ffca1696000 	C:\WINDOWS\System32\ucrtbase.dll
0x00007ffc90e70000 - 0x00007ffc910d9000 	C:\WINDOWS\WinSxS\amd64_microsoft.windows.common-controls_6595b64144ccf1df_6.0.16299.19_none_cc92fab02215da61\COMCTL32.dll
0x00007ffca3e80000 - 0x00007ffca4188000 	C:\WINDOWS\System32\combase.dll
0x00007ffca13b0000 - 0x00007ffca1422000 	C:\WINDOWS\System32\bcryptPrimitives.dll
0x00007ffca1a80000 - 0x00007ffca1aad000 	C:\WINDOWS\System32\IMM32.DLL
0x0000000060150000 - 0x0000000060222000 	C:\Program Files\Android\Android Studio1\jre\jre\bin\msvcr100.dll
0x0000000060230000 - 0x0000000060a6e000 	C:\Program Files\Android\Android Studio1\jre\jre\bin\server\jvm.dll
0x00007ffca19c0000 - 0x00007ffca19c8000 	C:\WINDOWS\System32\PSAPI.DLL
0x00007ffc9d5a0000 - 0x00007ffc9d5a9000 	C:\WINDOWS\SYSTEM32\WSOCK32.dll
0x00007ffca3cc0000 - 0x00007ffca3d2c000 	C:\WINDOWS\System32\WS2_32.dll
0x00007ffc9e570000 - 0x00007ffc9e593000 	C:\WINDOWS\SYSTEM32\WINMM.dll
0x00007ffc910e0000 - 0x00007ffc910ea000 	C:\WINDOWS\SYSTEM32\VERSION.dll
0x00007ffc9e3c0000 - 0x00007ffc9e3ea000 	C:\WINDOWS\SYSTEM32\WINMMBASE.dll
0x00007ffca1430000 - 0x00007ffca147a000 	C:\WINDOWS\System32\cfgmgr32.dll
0x00007ffc9d360000 - 0x00007ffc9d36f000 	C:\Program Files\Android\Android Studio1\jre\jre\bin\verify.dll
0x00007ffc9ab60000 - 0x00007ffc9ab89000 	C:\Program Files\Android\Android Studio1\jre\jre\bin\java.dll
0x00007ffc95780000 - 0x00007ffc95796000 	C:\Program Files\Android\Android Studio1\jre\jre\bin\zip.dll
0x00007ffca2880000 - 0x00007ffca3cb7000 	C:\WINDOWS\System32\SHELL32.dll
0x00007ffca41f0000 - 0x00007ffca4296000 	C:\WINDOWS\System32\shcore.dll
0x00007ffca0c60000 - 0x00007ffca13a7000 	C:\WINDOWS\System32\windows.storage.dll
0x00007ffca2030000 - 0x00007ffca2081000 	C:\WINDOWS\System32\shlwapi.dll
0x00007ffca0840000 - 0x00007ffca0851000 	C:\WINDOWS\System32\kernel.appcore.dll
0x00007ffca0860000 - 0x00007ffca08ac000 	C:\WINDOWS\System32\powrprof.dll
0x00007ffca08d0000 - 0x00007ffca08eb000 	C:\WINDOWS\System32\profapi.dll
0x00007ffca0570000 - 0x00007ffca0587000 	C:\WINDOWS\SYSTEM32\CRYPTSP.dll
0x00007ffc9f930000 - 0x00007ffc9f963000 	C:\WINDOWS\system32\rsaenh.dll
0x00007ffca0370000 - 0x00007ffca0395000 	C:\WINDOWS\SYSTEM32\bcrypt.dll
0x00007ffca0740000 - 0x00007ffca0769000 	C:\WINDOWS\SYSTEM32\USERENV.dll
0x00007ffc9ff40000 - 0x00007ffc9ff4b000 	C:\WINDOWS\SYSTEM32\CRYPTBASE.dll
0x00007ffc95760000 - 0x00007ffc9577a000 	C:\Program Files\Android\Android Studio1\jre\jre\bin\net.dll
0x00007ffc9fd80000 - 0x00007ffc9fde6000 	C:\WINDOWS\system32\mswsock.dll
0x00007ffc9fab0000 - 0x00007ffc9fae9000 	C:\WINDOWS\SYSTEM32\IPHLPAPI.DLL
0x00007ffca4410000 - 0x00007ffca4418000 	C:\WINDOWS\System32\NSI.dll
0x00007ffc95eb0000 - 0x00007ffc95ec6000 	C:\WINDOWS\SYSTEM32\dhcpcsvc6.DLL
0x00007ffc95e90000 - 0x00007ffc95eaa000 	C:\WINDOWS\SYSTEM32\dhcpcsvc.DLL
0x00007ffc95740000 - 0x00007ffc95751000 	C:\Program Files\Android\Android Studio1\jre\jre\bin\nio.dll

VM Arguments:
jvm_args: -Djava.awt.headless=true -Xmx64M -Dfile.encoding=windows-1252 -Duser.country=BR -Duser.language=pt -Duser.variant 
java_command: com.google.devtools.build.android.desugar.Desugar --input C:\Users\JCarvalhoJr\eclipse-workspace_2018\Web_Services_Android\Web_Service_Android_Client\app\build\intermediates\transforms\stackFramesFixer\debug\8.jar --output C:\Users\JCarvalhoJr\eclipse-workspace_2018\Web_Services_Android\Web_Service_Android_Client\app\build\intermediates\transforms\desugar\debug\9.jar --input C:\Users\JCarvalhoJr\eclipse-workspace_2018\Web_Services_Android\Web_Service_Android_Client\app\build\intermediates\transforms\stackFramesFixer\debug\7.jar --output C:\Users\JCarvalhoJr\eclipse-workspace_2018\Web_Services_Android\Web_Service_Android_Client\app\build\intermediates\transforms\desugar\debug\8.jar --input C:\Users\JCarvalhoJr\eclipse-workspace_2018\Web_Services_Android\Web_Service_Android_Client\app\build\intermediates\transforms\stackFramesFixer\debug\24.jar --output C:\Users\JCarvalhoJr\eclipse-workspace_2018\Web_Services_Android\Web_Service_Android_Client\app\build\intermediates\transforms\desugar\debug\25.jar --input C:\Users\JCarvalhoJr\eclipse-workspace_2018\Web_Services_Android\Web_Service_Android_Client\app\build\intermediates\transforms\stackFramesFixer\debug\13.jar --output C:\Users\JCarvalhoJr\eclipse-workspace_2018\Web_Services_Android\Web_Service_Android_Client\app\build\intermediates\transforms\desugar\debug\14.jar --input C:\Users\JCarvalhoJr\eclipse-workspace_2018\Web_Services_Android\Web_Service_Android_Client\app\build\intermediates\transforms\stackFramesFixer\debug\1.jar --output C:\Users\JCarvalhoJr\eclipse-workspace_2018\Web_Services_Android\Web_Service_Android_Client\app\build\intermediates\transforms\desugar\debug\2.jar --input C:\Users\JCarvalhoJr\eclipse-workspace_2018\Web_Services_Android\Web_Service_Android_Client\app\build\intermediates\transforms\stackFramesFixer\debug\4.jar --output C:\Users\JCarvalhoJr\eclipse-workspace_2018\Web_Services_Android\Web_Service_Android_Client\app\build\intermediates\transforms\desugar\debug\5.jar --input C:
java_class_path (initial): C:\Users\JCarvalhoJr\AppData\Local\Temp\desugar_deploy.jar24638645045520254
Launcher Type: SUN_STANDARD

Environment Variables:
CLASSPATH=.;C:\Program Files (x86)\Griaule\Fingerprint SDK 2009\bin\GrFingerJava.jar
USERNAME=JCarvalhoJr
OS=Windows_NT
PROCESSOR_IDENTIFIER=Intel64 Family 6 Model 42 Stepping 7, GenuineIntel



---------------  S Y S T E M  ---------------

OS: Windows 10.0 , 64 bit Build 16299 (10.0.16299.15)

CPU:total 4 (initial active 4) (2 cores per cpu, 2 threads per core) family 6 model 42 stepping 7, cmov, cx8, fxsr, mmx, sse, sse2, sse3, ssse3, sse4.1, sse4.2, popcnt, avx, aes, clmul, ht, tsc, tscinvbit

Memory: 4k page, physical 12496748k(2763308k free), swap 13545324k(2140k free)

vm_info: OpenJDK 64-Bit Server VM (25.152-b01) for windows-amd64 JRE (1.8.0_152-release-915-b01), built by "builder" with MS VC++ 10.0 (VS2010)

time: Tue Mar 13 16:32:39 2018
elapsed time: 5 seconds (0d 0h 0m 5s)

