#
# There is insufficient memory for the Java Runtime Environment to continue.
# Native memory allocation (malloc) failed to allocate 1989936 bytes for Chunk::new
# Possible reasons:
#   The system is out of physical RAM or swap space
#   In 32 bit mode, the process size limit was hit
# Possible solutions:
#   Reduce memory load on the system
#   Increase physical memory or swap space
#   Check if swap backing store is full
#   Use 64 bit Java on a 64 bit OS
#   Decrease Java heap size (-Xmx/-Xms)
#   Decrease number of Java threads
#   Decrease Java thread stack sizes (-Xss)
#   Set larger code cache with -XX:ReservedCodeCacheSize=
# This output file may be truncated or incomplete.
#
#  Out of Memory Error (allocation.cpp:390), pid=14048, tid=0x00000000000058a8
#
# JRE version: OpenJDK Runtime Environment (8.0_152-b01) (build 1.8.0_152-release-915-b01)
# Java VM: OpenJDK 64-Bit Server VM (25.152-b01 mixed mode windows-amd64 compressed oops)
# Failed to write core dump. Minidumps are not enabled by default on client versions of Windows
#

---------------  T H R E A D  ---------------

Current thread (0x0000000014965000):  JavaThread "C2 CompilerThread1" daemon [_thread_in_native, id=22696, stack(0x00000000161b0000,0x00000000162b0000)]

Stack: [0x00000000161b0000,0x00000000162b0000]
[error occurred during error reporting (printing stack bounds), id 0xc0000005]

Native frames: (J=compiled Java code, j=interpreted, Vv=VM code, C=native code)


Current CompileTask:
C2:   5045  961 %     4       org.objectweb.asm.ClassReader::a @ 74 (3587 bytes)


---------------  P R O C E S S  ---------------

Java Threads: ( => current thread )
  0x00000000162ba800 JavaThread "Service Thread" daemon [_thread_blocked, id=23208, stack(0x00000000167b0000,0x00000000168b0000)]
  0x00000000149be800 JavaThread "C1 CompilerThread2" daemon [_thread_blocked, id=7232, stack(0x00000000166b0000,0x00000000167b0000)]
=>0x0000000014965000 JavaThread "C2 CompilerThread1" daemon [_thread_in_native, id=22696, stack(0x00000000161b0000,0x00000000162b0000)]
  0x0000000014963000 JavaThread "C2 CompilerThread0" daemon [_thread_blocked, id=18396, stack(0x00000000160b0000,0x00000000161b0000)]
  0x0000000014960800 JavaThread "Attach Listener" daemon [_thread_blocked, id=23084, stack(0x0000000015fb0000,0x00000000160b0000)]
  0x000000001495f800 JavaThread "Signal Dispatcher" daemon [_thread_blocked, id=14000, stack(0x0000000015eb0000,0x0000000015fb0000)]
  0x00000000045fc000 JavaThread "Finalizer" daemon [_thread_blocked, id=19356, stack(0x0000000015bb0000,0x0000000015cb0000)]
  0x00000000045f7000 JavaThread "Reference Handler" daemon [_thread_blocked, id=19896, stack(0x0000000015ab0000,0x0000000015bb0000)]
  0x0000000004507000 JavaThread "main" [_thread_in_vm, id=22724, stack(0x0000000004400000,0x0000000004500000)]

Other Threads:
  0x0000000014926000 VMThread [stack: 0x00000000159b0000,0x0000000015ab0000] [id=22644]
  0x00000000162bc000 WatcherThread [stack: 0x00000000168b0000,0x00000000169b0000] [id=19508]

VM state:not at safepoint (normal execution)

VM Mutex/Monitor currently owned by a thread: None

Heap:
 PSYoungGen      total 18944K, used 6214K [0x00000000feb00000, 0x0000000100000000, 0x0000000100000000)
  eden space 16384K, 22% used [0x00000000feb00000,0x00000000fee959a0,0x00000000ffb00000)
  from space 2560K, 99% used [0x00000000ffd80000,0x00000000ffffc0c0,0x0000000100000000)
  to   space 2560K, 0% used [0x00000000ffb00000,0x00000000ffb00000,0x00000000ffd80000)
 ParOldGen       total 44032K, used 4949K [0x00000000fc000000, 0x00000000feb00000, 0x00000000feb00000)
  object space 44032K, 11% used [0x00000000fc000000,0x00000000fc4d5678,0x00000000feb00000)
 Metaspace       used 7764K, capacity 7928K, committed 8192K, reserved 1056768K
  class space    used 898K, capacity 988K, committed 1024K, reserved 1048576K

Card table byte_map: [0x0000000002980000,0x00000000029b0000] byte_map_base: 0x00000000021a0000

Marking Bits: (ParMarkBitMap*) 0x000000006e4b3950
 Begin Bits: [0x0000000013dc0000, 0x0000000013ec0000)
 End Bits:   [0x0000000013ec0000, 0x0000000013fc0000)

Polling page: 0x0000000002650000

CodeCache: size=245760Kb used=3816Kb max_used=3827Kb free=241943Kb
 bounds [0x0000000004600000, 0x00000000049d0000, 0x0000000013600000]
 total_blobs=1307 nmethods=976 adapters=245
 compilation: enabled

Compilation events (10 events):
Event: 4.635 Thread 0x00000000149be800  973       3       org.objectweb.asm.FieldWriter::a (475 bytes)
Event: 4.637 Thread 0x00000000149be800 nmethod 973 0x00000000049af7d0 code [0x00000000049afb80, 0x00000000049b0fb8]
Event: 4.637 Thread 0x00000000149be800  974       3       com.google.devtools.build.android.desugar.BitFlags::isSet (13 bytes)
Event: 4.638 Thread 0x00000000149be800 nmethod 974 0x00000000049adb10 code [0x00000000049adc60, 0x00000000049addf0]
Event: 4.639 Thread 0x00000000149be800  975       3       org.objectweb.asm.ClassReader::accept (1176 bytes)
Event: 4.647 Thread 0x00000000149be800 nmethod 975 0x00000000049b1910 code [0x00000000049b2040, 0x00000000049b86e8]
Event: 4.651 Thread 0x0000000014963000  976       4       org.objectweb.asm.tree.MethodNode::visitLineNumber (21 bytes)
Event: 4.656 Thread 0x0000000014963000 nmethod 976 0x00000000049ad4d0 code [0x00000000049ad640, 0x00000000049ad918]
Event: 4.658 Thread 0x00000000149be800  977       3       org.objectweb.asm.Item::<init> (5 bytes)
Event: 4.658 Thread 0x00000000149be800 nmethod 977 0x00000000049ad110 code [0x00000000049ad260, 0x00000000049ad410]

GC Heap History (4 events):
Event: 2.120 GC heap before
{Heap before GC invocations=1 (full 0):
 PSYoungGen      total 18944K, used 16384K [0x00000000feb00000, 0x0000000100000000, 0x0000000100000000)
  eden space 16384K, 100% used [0x00000000feb00000,0x00000000ffb00000,0x00000000ffb00000)
  from space 2560K, 0% used [0x00000000ffd80000,0x00000000ffd80000,0x0000000100000000)
  to   space 2560K, 0% used [0x00000000ffb00000,0x00000000ffb00000,0x00000000ffd80000)
 ParOldGen       total 44032K, used 0K [0x00000000fc000000, 0x00000000feb00000, 0x00000000feb00000)
  object space 44032K, 0% used [0x00000000fc000000,0x00000000fc000000,0x00000000feb00000)
 Metaspace       used 6538K, capacity 6730K, committed 7040K, reserved 1056768K
  class space    used 769K, capacity 823K, committed 896K, reserved 1048576K
Event: 2.125 GC heap after
Heap after GC invocations=1 (full 0):
 PSYoungGen      total 18944K, used 2528K [0x00000000feb00000, 0x0000000100000000, 0x0000000100000000)
  eden space 16384K, 0% used [0x00000000feb00000,0x00000000feb00000,0x00000000ffb00000)
  from space 2560K, 98% used [0x00000000ffb00000,0x00000000ffd78030,0x00000000ffd80000)
  to   space 2560K, 0% used [0x00000000ffd80000,0x00000000ffd80000,0x0000000100000000)
 ParOldGen       total 44032K, used 1436K [0x00000000fc000000, 0x00000000feb00000, 0x00000000feb00000)
  object space 44032K, 3% used [0x00000000fc000000,0x00000000fc1673e0,0x00000000feb00000)
 Metaspace       used 6538K, capacity 6730K, committed 7040K, reserved 1056768K
  class space    used 769K, capacity 823K, committed 896K, reserved 1048576K
}
Event: 3.419 GC heap before
{Heap before GC invocations=2 (full 0):
 PSYoungGen      total 18944K, used 18912K [0x00000000feb00000, 0x0000000100000000, 0x0000000100000000)
  eden space 16384K, 100% used [0x00000000feb00000,0x00000000ffb00000,0x00000000ffb00000)
  from space 2560K, 98% used [0x00000000ffb00000,0x00000000ffd78030,0x00000000ffd80000)
  to   space 2560K, 0% used [0x00000000ffd80000,0x00000000ffd80000,0x0000000100000000)
 ParOldGen       total 44032K, used 1436K [0x00000000fc000000, 0x00000000feb00000, 0x00000000feb00000)
  object space 44032K, 3% used [0x00000000fc000000,0x00000000fc1673e0,0x00000000feb00000)
 Metaspace       used 7694K, capacity 7864K, committed 7936K, reserved 1056768K
  class space    used 896K, capacity 988K, committed 1024K, reserved 1048576K
Event: 3.588 GC heap after
Heap after GC invocations=2 (full 0):
 PSYoungGen      total 18944K, used 2544K [0x00000000feb00000, 0x0000000100000000, 0x0000000100000000)
  eden space 16384K, 0% used [0x00000000feb00000,0x00000000feb00000,0x00000000ffb00000)
  from space 2560K, 99% used [0x00000000ffd80000,0x00000000ffffc0c0,0x0000000100000000)
  to   space 2560K, 0% used [0x00000000ffb00000,0x00000000ffb00000,0x00000000ffd80000)
 ParOldGen       total 44032K, used 4949K [0x00000000fc000000, 0x00000000feb00000, 0x00000000feb00000)
  object space 44032K, 11% used [0x00000000fc000000,0x00000000fc4d5678,0x00000000feb00000)
 Metaspace       used 7694K, capacity 7864K, committed 7936K, reserved 1056768K
  class space    used 896K, capacity 988K, committed 1024K, reserved 1048576K
}

Deoptimization events (10 events):
Event: 2.813 Thread 0x0000000004507000 Uncommon trap: reason=class_check action=maybe_recompile pc=0x000000000484f664 method=com.google.common.collect.TransformedIterator.next()Ljava/lang/Object; @ 5
Event: 2.813 Thread 0x0000000004507000 Uncommon trap: reason=class_check action=maybe_recompile pc=0x000000000483ce10 method=com.google.common.collect.Iterators$7.transform(Ljava/lang/Object;)Ljava/lang/Object; @ 5
Event: 2.813 Thread 0x0000000004507000 Uncommon trap: reason=class_check action=maybe_recompile pc=0x000000000484f664 method=com.google.common.collect.TransformedIterator.next()Ljava/lang/Object; @ 5
Event: 2.813 Thread 0x0000000004507000 Uncommon trap: reason=class_check action=maybe_recompile pc=0x000000000483ce10 method=com.google.common.collect.Iterators$7.transform(Ljava/lang/Object;)Ljava/lang/Object; @ 5
Event: 3.032 Thread 0x0000000004507000 Uncommon trap: reason=unstable_if action=reinterpret pc=0x00000000047f4778 method=java.lang.String.indexOf([CII[CIII)I @ 134
Event: 3.054 Thread 0x0000000004507000 Uncommon trap: reason=unstable_if action=reinterpret pc=0x00000000047c58ec method=java.lang.String.<init>([CII)V @ 18
Event: 3.055 Thread 0x0000000004507000 Uncommon trap: reason=unstable_if action=reinterpret pc=0x000000000483165c method=java.util.zip.ZipFile$ZipEntryIterator.hasNext()Z @ 25
Event: 3.649 Thread 0x0000000004507000 Uncommon trap: reason=unstable_if action=reinterpret pc=0x000000000492c5c0 method=org.objectweb.asm.Item.a(Lorg/objectweb/asm/Item;)Z @ 345
Event: 4.583 Thread 0x0000000004507000 Uncommon trap: reason=unstable_if action=reinterpret pc=0x0000000004981424 method=org.objectweb.asm.Type.getArgumentsAndReturnSizes(Ljava/lang/String;)I @ 47
Event: 4.602 Thread 0x0000000004507000 Uncommon trap: reason=unstable_if action=reinterpret pc=0x0000000004965634 method=org.objectweb.asm.MethodWriter.visitVarInsn(II)V @ 130

Classes redefined (0 events):
No events

Internal exceptions (10 events):
Event: 2.361 Thread 0x0000000004507000 Exception <a 'sun/nio/fs/WindowsException'> (0x00000000ff1cc330) thrown at [D:\src\AOSP-openjdk-cygwin\jdk8u\hotspot\src\share\vm\prims\jni.cpp, line 709]
Event: 2.362 Thread 0x0000000004507000 Exception <a 'sun/nio/fs/WindowsException'> (0x00000000ff1cc920) thrown at [D:\src\AOSP-openjdk-cygwin\jdk8u\hotspot\src\share\vm\prims\jni.cpp, line 709]
Event: 2.362 Thread 0x0000000004507000 Exception <a 'sun/nio/fs/WindowsException'> (0x00000000ff1cd0f0) thrown at [D:\src\AOSP-openjdk-cygwin\jdk8u\hotspot\src\share\vm\prims\jni.cpp, line 709]
Event: 2.414 Thread 0x0000000004507000 Exception <a 'sun/nio/fs/WindowsException'> (0x00000000ff1d2600) thrown at [D:\src\AOSP-openjdk-cygwin\jdk8u\hotspot\src\share\vm\prims\jni.cpp, line 709]
Event: 2.689 Thread 0x0000000004507000 Exception <a 'sun/nio/fs/WindowsException'> (0x00000000ff4c1138) thrown at [D:\src\AOSP-openjdk-cygwin\jdk8u\hotspot\src\share\vm\prims\jni.cpp, line 709]
Event: 2.689 Thread 0x0000000004507000 Exception <a 'sun/nio/fs/WindowsException'> (0x00000000ff4c1738) thrown at [D:\src\AOSP-openjdk-cygwin\jdk8u\hotspot\src\share\vm\prims\jni.cpp, line 709]
Event: 3.058 Thread 0x0000000004507000 Exception <a 'sun/nio/fs/WindowsException'> (0x00000000ff7011c0) thrown at [D:\src\AOSP-openjdk-cygwin\jdk8u\hotspot\src\share\vm\prims\jni.cpp, line 709]
Event: 3.059 Thread 0x0000000004507000 Exception <a 'sun/nio/fs/WindowsException'> (0x00000000ff701740) thrown at [D:\src\AOSP-openjdk-cygwin\jdk8u\hotspot\src\share\vm\prims\jni.cpp, line 709]
Event: 4.150 Thread 0x0000000004507000 Exception <a 'sun/nio/fs/WindowsException'> (0x00000000fecdec20) thrown at [D:\src\AOSP-openjdk-cygwin\jdk8u\hotspot\src\share\vm\prims\jni.cpp, line 709]
Event: 4.150 Thread 0x0000000004507000 Exception <a 'sun/nio/fs/WindowsException'> (0x00000000fecdf1a0) thrown at [D:\src\AOSP-openjdk-cygwin\jdk8u\hotspot\src\share\vm\prims\jni.cpp, line 709]

Events (10 events):
Event: 4.559 loading class com/google/devtools/build/android/desugar/AutoValue_FieldInfo
Event: 4.559 loading class com/google/devtools/build/android/desugar/AutoValue_FieldInfo done
Event: 4.561 loading class com/google/devtools/build/android/desugar/Java7Compatibility$InlineOneMethod
Event: 4.561 loading class com/google/devtools/build/android/desugar/Java7Compatibility$InlineOneMethod done
Event: 4.583 Thread 0x0000000004507000 Uncommon trap: trap_request=0xffffff65 fr.pc=0x0000000004981424
Event: 4.583 Thread 0x0000000004507000 DEOPT PACKING pc=0x0000000004981424 sp=0x00000000044fe340
Event: 4.583 Thread 0x0000000004507000 DEOPT UNPACKING pc=0x000000000464556a sp=0x00000000044fe2c8 mode 2
Event: 4.602 Thread 0x0000000004507000 Uncommon trap: trap_request=0xffffff65 fr.pc=0x0000000004965634
Event: 4.602 Thread 0x0000000004507000 DEOPT PACKING pc=0x0000000004965634 sp=0x00000000044fe880
Event: 4.602 Thread 0x0000000004507000 DEOPT UNPACKING pc=0x000000000464556a sp=0x00000000044fe820 mode 2


Dynamic libraries:
0x00007ff65ea60000 - 0x00007ff65ea91000 	C:\Program Files\Android\Android Studio1\jre\bin\java.exe
0x00007ff9e3740000 - 0x00007ff9e3920000 	C:\WINDOWS\SYSTEM32\ntdll.dll
0x00007ff9e0e00000 - 0x00007ff9e0eae000 	C:\WINDOWS\System32\KERNEL32.DLL
0x00007ff9dfba0000 - 0x00007ff9dfe06000 	C:\WINDOWS\System32\KERNELBASE.dll
0x00007ff9e1540000 - 0x00007ff9e15e1000 	C:\WINDOWS\System32\ADVAPI32.dll
0x00007ff9e1ea0000 - 0x00007ff9e1f3d000 	C:\WINDOWS\System32\msvcrt.dll
0x00007ff9e0da0000 - 0x00007ff9e0dfb000 	C:\WINDOWS\System32\sechost.dll
0x00007ff9e35f0000 - 0x00007ff9e370f000 	C:\WINDOWS\System32\RPCRT4.dll
0x00007ff9e0c10000 - 0x00007ff9e0d9e000 	C:\WINDOWS\System32\USER32.dll
0x00007ff9e0190000 - 0x00007ff9e01b0000 	C:\WINDOWS\System32\win32u.dll
0x00007ff9e1de0000 - 0x00007ff9e1e08000 	C:\WINDOWS\System32\GDI32.dll
0x00007ff9e0a70000 - 0x00007ff9e0c04000 	C:\WINDOWS\System32\gdi32full.dll
0x00007ff9e09d0000 - 0x00007ff9e0a6b000 	C:\WINDOWS\System32\msvcp_win.dll
0x00007ff9e0090000 - 0x00007ff9e0186000 	C:\WINDOWS\System32\ucrtbase.dll
0x00007ff9d17c0000 - 0x00007ff9d1a29000 	C:\WINDOWS\WinSxS\amd64_microsoft.windows.common-controls_6595b64144ccf1df_6.0.16299.19_none_cc92fab02215da61\COMCTL32.dll
0x00007ff9e1000000 - 0x00007ff9e1308000 	C:\WINDOWS\System32\combase.dll
0x00007ff9e01b0000 - 0x00007ff9e0222000 	C:\WINDOWS\System32\bcryptPrimitives.dll
0x00007ff9e14b0000 - 0x00007ff9e14dd000 	C:\WINDOWS\System32\IMM32.DLL
0x000000006d2e0000 - 0x000000006d3b2000 	C:\Program Files\Android\Android Studio1\jre\jre\bin\msvcr100.dll
0x000000006dcf0000 - 0x000000006e52e000 	C:\Program Files\Android\Android Studio1\jre\jre\bin\server\jvm.dll
0x00007ff9e1e10000 - 0x00007ff9e1e18000 	C:\WINDOWS\System32\PSAPI.DLL
0x00007ff9dde90000 - 0x00007ff9dde99000 	C:\WINDOWS\SYSTEM32\WSOCK32.dll
0x00007ff9e13e0000 - 0x00007ff9e144c000 	C:\WINDOWS\System32\WS2_32.dll
0x00007ff9dda80000 - 0x00007ff9ddaa3000 	C:\WINDOWS\SYSTEM32\WINMM.dll
0x00007ff9ccec0000 - 0x00007ff9cceca000 	C:\WINDOWS\SYSTEM32\VERSION.dll
0x00007ff9dda20000 - 0x00007ff9dda4a000 	C:\WINDOWS\SYSTEM32\winmmbase.dll
0x00007ff9e0230000 - 0x00007ff9e027a000 	C:\WINDOWS\System32\cfgmgr32.dll
0x00007ff9ddff0000 - 0x00007ff9ddfff000 	C:\Program Files\Android\Android Studio1\jre\jre\bin\verify.dll
0x00007ff9ddca0000 - 0x00007ff9ddcc9000 	C:\Program Files\Android\Android Studio1\jre\jre\bin\java.dll
0x00007ff9ddc80000 - 0x00007ff9ddc96000 	C:\Program Files\Android\Android Studio1\jre\jre\bin\zip.dll
0x00007ff9e21b0000 - 0x00007ff9e35e7000 	C:\WINDOWS\System32\SHELL32.dll
0x00007ff9e1ab0000 - 0x00007ff9e1b56000 	C:\WINDOWS\System32\shcore.dll
0x00007ff9e0280000 - 0x00007ff9e09c7000 	C:\WINDOWS\System32\windows.storage.dll
0x00007ff9e14e0000 - 0x00007ff9e1531000 	C:\WINDOWS\System32\shlwapi.dll
0x00007ff9dfa90000 - 0x00007ff9dfaa1000 	C:\WINDOWS\System32\kernel.appcore.dll
0x00007ff9dfaf0000 - 0x00007ff9dfb3c000 	C:\WINDOWS\System32\powrprof.dll
0x00007ff9dfad0000 - 0x00007ff9dfaeb000 	C:\WINDOWS\System32\profapi.dll
0x00007ff9df480000 - 0x00007ff9df497000 	C:\WINDOWS\SYSTEM32\CRYPTSP.dll
0x00007ff9deed0000 - 0x00007ff9def03000 	C:\WINDOWS\system32\rsaenh.dll
0x00007ff9df5f0000 - 0x00007ff9df615000 	C:\WINDOWS\SYSTEM32\bcrypt.dll
0x00007ff9df990000 - 0x00007ff9df9b9000 	C:\WINDOWS\SYSTEM32\USERENV.dll
0x00007ff9df4a0000 - 0x00007ff9df4ab000 	C:\WINDOWS\SYSTEM32\CRYPTBASE.dll
0x00007ff9d8ac0000 - 0x00007ff9d8ada000 	C:\Program Files\Android\Android Studio1\jre\jre\bin\net.dll
0x00007ff9df2c0000 - 0x00007ff9df326000 	C:\WINDOWS\system32\mswsock.dll
0x00007ff9df050000 - 0x00007ff9df089000 	C:\WINDOWS\SYSTEM32\IPHLPAPI.DLL
0x00007ff9e2100000 - 0x00007ff9e2108000 	C:\WINDOWS\System32\NSI.dll
0x00007ff9d5060000 - 0x00007ff9d5076000 	C:\WINDOWS\SYSTEM32\dhcpcsvc6.DLL
0x00007ff9d5040000 - 0x00007ff9d505a000 	C:\WINDOWS\SYSTEM32\dhcpcsvc.DLL
0x00007ff9d4b30000 - 0x00007ff9d4b41000 	C:\Program Files\Android\Android Studio1\jre\jre\bin\nio.dll

VM Arguments:
jvm_args: -Djava.awt.headless=true -Xmx64M -Dfile.encoding=windows-1252 -Duser.country=BR -Duser.language=pt -Duser.variant 
java_command: com.google.devtools.build.android.desugar.Desugar --input C:\Users\JCarvalhoJr\eclipse-workspace_2018\Web_Services_Android\Web_Service_Android_Client\app\build\intermediates\transforms\stackFramesFixer\debug\19.jar --output C:\Users\JCarvalhoJr\eclipse-workspace_2018\Web_Services_Android\Web_Service_Android_Client\app\build\intermediates\transforms\desugar\debug\20.jar --input C:\Users\JCarvalhoJr\eclipse-workspace_2018\Web_Services_Android\Web_Service_Android_Client\app\build\intermediates\transforms\stackFramesFixer\debug\17.jar --output C:\Users\JCarvalhoJr\eclipse-workspace_2018\Web_Services_Android\Web_Service_Android_Client\app\build\intermediates\transforms\desugar\debug\18.jar --input C:\Users\JCarvalhoJr\eclipse-workspace_2018\Web_Services_Android\Web_Service_Android_Client\app\build\intermediates\transforms\stackFramesFixer\debug\30.jar --output C:\Users\JCarvalhoJr\eclipse-workspace_2018\Web_Services_Android\Web_Service_Android_Client\app\build\intermediates\transforms\desugar\debug\31.jar --input C:\Users\JCarvalhoJr\eclipse-workspace_2018\Web_Services_Android\Web_Service_Android_Client\app\build\intermediates\transforms\stackFramesFixer\debug\5.jar --output C:\Users\JCarvalhoJr\eclipse-workspace_2018\Web_Services_Android\Web_Service_Android_Client\app\build\intermediates\transforms\desugar\debug\6.jar --input C:\Users\JCarvalhoJr\eclipse-workspace_2018\Web_Services_Android\Web_Service_Android_Client\app\build\intermediates\transforms\stackFramesFixer\debug\29.jar --output C:\Users\JCarvalhoJr\eclipse-workspace_2018\Web_Services_Android\Web_Service_Android_Client\app\build\intermediates\transforms\desugar\debug\30.jar --input C:\Users\JCarvalhoJr\eclipse-workspace_2018\Web_Services_Android\Web_Service_Android_Client\app\build\intermediates\transforms\stackFramesFixer\debug\28.jar --output C:\Users\JCarvalhoJr\eclipse-workspace_2018\Web_Services_Android\Web_Service_Android_Client\app\build\intermediates\transforms\desugar\debug\29.jar --in
java_class_path (initial): C:\Users\JCarvalhoJr\AppData\Local\Temp\desugar_deploy.jar6380878435666297763
Launcher Type: SUN_STANDARD

Environment Variables:
CLASSPATH=.;C:\Program Files (x86)\Griaule\Fingerprint SDK 2009\bin\GrFingerJava.jar
USERNAME=JCarvalhoJr
OS=Windows_NT
PROCESSOR_IDENTIFIER=Intel64 Family 6 Model 42 Stepping 7, GenuineIntel



---------------  S Y S T E M  ---------------

OS: Windows 10.0 , 64 bit Build 16299 (10.0.16299.15)

CPU:total 4 (initial active 4) (2 cores per cpu, 2 threads per core) family 6 model 42 stepping 7, cmov, cx8, fxsr, mmx, sse, sse2, sse3, ssse3, sse4.1, sse4.2, popcnt, avx, aes, clmul, ht, tsc, tscinvbit

Memory: 4k page, physical 12496748k(2662344k free), swap 13545324k(2424k free)

vm_info: OpenJDK 64-Bit Server VM (25.152-b01) for windows-amd64 JRE (1.8.0_152-release-915-b01), built by "builder" with MS VC++ 10.0 (VS2010)

time: Sun Mar 11 16:32:48 2018
elapsed time: 5 seconds (0d 0h 0m 5s)

