#
# There is insufficient memory for the Java Runtime Environment to continue.
# Native memory allocation (malloc) failed to allocate 858896 bytes for Chunk::new
# Possible reasons:
#   The system is out of physical RAM or swap space
#   In 32 bit mode, the process size limit was hit
# Possible solutions:
#   Reduce memory load on the system
#   Increase physical memory or swap space
#   Check if swap backing store is full
#   Use 64 bit Java on a 64 bit OS
#   Decrease Java heap size (-Xmx/-Xms)
#   Decrease number of Java threads
#   Decrease Java thread stack sizes (-Xss)
#   Set larger code cache with -XX:ReservedCodeCacheSize=
# This output file may be truncated or incomplete.
#
#  Out of Memory Error (allocation.cpp:390), pid=4044, tid=0x0000000000004180
#
# JRE version: OpenJDK Runtime Environment (8.0_152-b01) (build 1.8.0_152-release-915-b01)
# Java VM: OpenJDK 64-Bit Server VM (25.152-b01 mixed mode windows-amd64 compressed oops)
# Failed to write core dump. Minidumps are not enabled by default on client versions of Windows
#

---------------  T H R E A D  ---------------

Current thread (0x0000000014e23000):  JavaThread "C2 CompilerThread0" daemon [_thread_in_native, id=16768, stack(0x0000000016590000,0x0000000016690000)]

Stack: [0x0000000016590000,0x0000000016690000]
[error occurred during error reporting (printing stack bounds), id 0xc0000005]

Native frames: (J=compiled Java code, j=interpreted, Vv=VM code, C=native code)


Current CompileTask:
C2:   3658  875       4       org.objectweb.asm.ClassReader::a (3587 bytes)


---------------  P R O C E S S  ---------------

Java Threads: ( => current thread )
  0x0000000016699000 JavaThread "Service Thread" daemon [_thread_blocked, id=20096, stack(0x0000000016c90000,0x0000000016d90000)]
  0x0000000016693800 JavaThread "C1 CompilerThread2" daemon [_thread_blocked, id=19808, stack(0x0000000016b90000,0x0000000016c90000)]
  0x0000000016690800 JavaThread "C2 CompilerThread1" daemon [_thread_blocked, id=14520, stack(0x0000000016a90000,0x0000000016b90000)]
=>0x0000000014e23000 JavaThread "C2 CompilerThread0" daemon [_thread_in_native, id=16768, stack(0x0000000016590000,0x0000000016690000)]
  0x0000000014e21000 JavaThread "Attach Listener" daemon [_thread_blocked, id=18148, stack(0x0000000016490000,0x0000000016590000)]
  0x0000000014e1f800 JavaThread "Signal Dispatcher" daemon [_thread_blocked, id=5716, stack(0x0000000016390000,0x0000000016490000)]
  0x0000000004abc800 JavaThread "Finalizer" daemon [_thread_blocked, id=3288, stack(0x0000000016080000,0x0000000016180000)]
  0x0000000004ab7000 JavaThread "Reference Handler" daemon [_thread_blocked, id=15544, stack(0x0000000015f80000,0x0000000016080000)]
  0x00000000049c7000 JavaThread "main" [_thread_in_Java, id=17796, stack(0x0000000004870000,0x0000000004970000)]

Other Threads:
  0x0000000014de6800 VMThread [stack: 0x0000000015e80000,0x0000000015f80000] [id=16600]
  0x000000001669a000 WatcherThread [stack: 0x0000000016d90000,0x0000000016e90000] [id=18828]

VM state:not at safepoint (normal execution)

VM Mutex/Monitor currently owned by a thread: None

Heap:
 PSYoungGen      total 18944K, used 3259K [0x00000000feb00000, 0x0000000100000000, 0x0000000100000000)
  eden space 16384K, 4% used [0x00000000feb00000,0x00000000febb3a68,0x00000000ffb00000)
  from space 2560K, 99% used [0x00000000ffd80000,0x00000000ffffb300,0x0000000100000000)
  to   space 2560K, 0% used [0x00000000ffb00000,0x00000000ffb00000,0x00000000ffd80000)
 ParOldGen       total 44032K, used 4793K [0x00000000fc000000, 0x00000000feb00000, 0x00000000feb00000)
  object space 44032K, 10% used [0x00000000fc000000,0x00000000fc4ae5b8,0x00000000feb00000)
 Metaspace       used 7713K, capacity 7880K, committed 7936K, reserved 1056768K
  class space    used 896K, capacity 988K, committed 1024K, reserved 1048576K

Card table byte_map: [0x0000000004820000,0x0000000004850000] byte_map_base: 0x0000000004040000

Marking Bits: (ParMarkBitMap*) 0x00000000609f3950
 Begin Bits: [0x0000000014280000, 0x0000000014380000)
 End Bits:   [0x0000000014380000, 0x0000000014480000)

Polling page: 0x00000000047f0000

CodeCache: size=245760Kb used=3412Kb max_used=3423Kb free=242347Kb
 bounds [0x0000000004ac0000, 0x0000000004e20000, 0x0000000013ac0000]
 total_blobs=1219 nmethods=888 adapters=245
 compilation: enabled

Compilation events (10 events):
Event: 3.569 Thread 0x0000000016693800 nmethod 873 0x0000000004e139d0 code [0x0000000004e13b40, 0x0000000004e13d48]
Event: 3.569 Thread 0x0000000016693800  884       3       org.objectweb.asm.ClassVisitor::visit (24 bytes)
Event: 3.569 Thread 0x0000000016693800 nmethod 884 0x0000000004e13dd0 code [0x0000000004e13f40, 0x0000000004e141a8]
Event: 3.569 Thread 0x0000000016693800  889       3       com.google.common.base.Preconditions::checkArgument (34 bytes)
Event: 3.570 Thread 0x0000000016693800 nmethod 889 0x0000000004e14290 code [0x0000000004e14440, 0x0000000004e14a98]
Event: 3.570 Thread 0x0000000016693800  865       1       java.nio.Buffer::limit (5 bytes)
Event: 3.570 Thread 0x0000000016693800 nmethod 865 0x0000000004e14cd0 code [0x0000000004e14e20, 0x0000000004e14f30]
Event: 3.583 Thread 0x0000000016690800 nmethod 885 0x0000000004e18490 code [0x0000000004e18600, 0x0000000004e18ed8]
Event: 3.583 Thread 0x0000000016690800  888       4       org.objectweb.asm.ClassWriter::b (152 bytes)
Event: 3.590 Thread 0x0000000016690800 nmethod 888 0x0000000004e16d10 code [0x0000000004e16e80, 0x0000000004e171f8]

GC Heap History (4 events):
Event: 2.725 GC heap before
{Heap before GC invocations=1 (full 0):
 PSYoungGen      total 18944K, used 16384K [0x00000000feb00000, 0x0000000100000000, 0x0000000100000000)
  eden space 16384K, 100% used [0x00000000feb00000,0x00000000ffb00000,0x00000000ffb00000)
  from space 2560K, 0% used [0x00000000ffd80000,0x00000000ffd80000,0x0000000100000000)
  to   space 2560K, 0% used [0x00000000ffb00000,0x00000000ffb00000,0x00000000ffd80000)
 ParOldGen       total 44032K, used 0K [0x00000000fc000000, 0x00000000feb00000, 0x00000000feb00000)
  object space 44032K, 0% used [0x00000000fc000000,0x00000000fc000000,0x00000000feb00000)
 Metaspace       used 6522K, capacity 6682K, committed 6784K, reserved 1056768K
  class space    used 769K, capacity 823K, committed 896K, reserved 1048576K
Event: 2.769 GC heap after
Heap after GC invocations=1 (full 0):
 PSYoungGen      total 18944K, used 2528K [0x00000000feb00000, 0x0000000100000000, 0x0000000100000000)
  eden space 16384K, 0% used [0x00000000feb00000,0x00000000feb00000,0x00000000ffb00000)
  from space 2560K, 98% used [0x00000000ffb00000,0x00000000ffd78030,0x00000000ffd80000)
  to   space 2560K, 0% used [0x00000000ffd80000,0x00000000ffd80000,0x0000000100000000)
 ParOldGen       total 44032K, used 1395K [0x00000000fc000000, 0x00000000feb00000, 0x00000000feb00000)
  object space 44032K, 3% used [0x00000000fc000000,0x00000000fc15ce38,0x00000000feb00000)
 Metaspace       used 6522K, capacity 6682K, committed 6784K, reserved 1056768K
  class space    used 769K, capacity 823K, committed 896K, reserved 1048576K
}
Event: 3.549 GC heap before
{Heap before GC invocations=2 (full 0):
 PSYoungGen      total 18944K, used 18912K [0x00000000feb00000, 0x0000000100000000, 0x0000000100000000)
  eden space 16384K, 100% used [0x00000000feb00000,0x00000000ffb00000,0x00000000ffb00000)
  from space 2560K, 98% used [0x00000000ffb00000,0x00000000ffd78030,0x00000000ffd80000)
  to   space 2560K, 0% used [0x00000000ffd80000,0x00000000ffd80000,0x0000000100000000)
 ParOldGen       total 44032K, used 1395K [0x00000000fc000000, 0x00000000feb00000, 0x00000000feb00000)
  object space 44032K, 3% used [0x00000000fc000000,0x00000000fc15ce38,0x00000000feb00000)
 Metaspace       used 7706K, capacity 7880K, committed 7936K, reserved 1056768K
  class space    used 896K, capacity 988K, committed 1024K, reserved 1048576K
Event: 3.557 GC heap after
Heap after GC invocations=2 (full 0):
 PSYoungGen      total 18944K, used 2540K [0x00000000feb00000, 0x0000000100000000, 0x0000000100000000)
  eden space 16384K, 0% used [0x00000000feb00000,0x00000000feb00000,0x00000000ffb00000)
  from space 2560K, 99% used [0x00000000ffd80000,0x00000000ffffb300,0x0000000100000000)
  to   space 2560K, 0% used [0x00000000ffb00000,0x00000000ffb00000,0x00000000ffd80000)
 ParOldGen       total 44032K, used 4793K [0x00000000fc000000, 0x00000000feb00000, 0x00000000feb00000)
  object space 44032K, 10% used [0x00000000fc000000,0x00000000fc4ae5b8,0x00000000feb00000)
 Metaspace       used 7706K, capacity 7880K, committed 7936K, reserved 1056768K
  class space    used 896K, capacity 988K, committed 1024K, reserved 1048576K
}

Deoptimization events (10 events):
Event: 3.244 Thread 0x00000000049c7000 Uncommon trap: reason=class_check action=maybe_recompile pc=0x0000000004cf326c method=com.google.common.collect.TransformedIterator.hasNext()Z @ 4
Event: 3.244 Thread 0x00000000049c7000 Uncommon trap: reason=class_check action=maybe_recompile pc=0x0000000004cf326c method=com.google.common.collect.TransformedIterator.hasNext()Z @ 4
Event: 3.244 Thread 0x00000000049c7000 Uncommon trap: reason=class_check action=maybe_recompile pc=0x0000000004cf78d8 method=com.google.common.collect.TransformedIterator.next()Ljava/lang/Object; @ 5
Event: 3.244 Thread 0x00000000049c7000 Uncommon trap: reason=class_check action=maybe_recompile pc=0x0000000004cd8f90 method=com.google.common.collect.Iterators$7.transform(Ljava/lang/Object;)Ljava/lang/Object; @ 5
Event: 3.244 Thread 0x00000000049c7000 Uncommon trap: reason=class_check action=maybe_recompile pc=0x0000000004cf326c method=com.google.common.collect.TransformedIterator.hasNext()Z @ 4
Event: 3.244 Thread 0x00000000049c7000 Uncommon trap: reason=class_check action=maybe_recompile pc=0x0000000004cf78d8 method=com.google.common.collect.TransformedIterator.next()Ljava/lang/Object; @ 5
Event: 3.244 Thread 0x00000000049c7000 Uncommon trap: reason=class_check action=maybe_recompile pc=0x0000000004cd8f90 method=com.google.common.collect.Iterators$7.transform(Ljava/lang/Object;)Ljava/lang/Object; @ 5
Event: 3.244 Thread 0x00000000049c7000 Uncommon trap: reason=class_check action=maybe_recompile pc=0x0000000004cf78d8 method=com.google.common.collect.TransformedIterator.next()Ljava/lang/Object; @ 5
Event: 3.244 Thread 0x00000000049c7000 Uncommon trap: reason=class_check action=maybe_recompile pc=0x0000000004cd8f90 method=com.google.common.collect.Iterators$7.transform(Ljava/lang/Object;)Ljava/lang/Object; @ 5
Event: 3.343 Thread 0x00000000049c7000 Uncommon trap: reason=unstable_if action=reinterpret pc=0x0000000004ca3678 method=java.lang.String.indexOf([CII[CIII)I @ 134

Classes redefined (0 events):
No events

Internal exceptions (10 events):
Event: 2.836 Thread 0x00000000049c7000 Implicit null exception at 0x0000000004cdfc78 to 0x0000000004ce00d1
Event: 2.952 Thread 0x00000000049c7000 Exception <a 'sun/nio/fs/WindowsException'> (0x00000000ff1e31e0) thrown at [D:\src\AOSP-openjdk-cygwin\jdk8u\hotspot\src\share\vm\prims\jni.cpp, line 709]
Event: 2.952 Thread 0x00000000049c7000 Exception <a 'sun/nio/fs/WindowsException'> (0x00000000ff1e37c0) thrown at [D:\src\AOSP-openjdk-cygwin\jdk8u\hotspot\src\share\vm\prims\jni.cpp, line 709]
Event: 2.952 Thread 0x00000000049c7000 Exception <a 'sun/nio/fs/WindowsException'> (0x00000000ff1e3dd8) thrown at [D:\src\AOSP-openjdk-cygwin\jdk8u\hotspot\src\share\vm\prims\jni.cpp, line 709]
Event: 2.953 Thread 0x00000000049c7000 Exception <a 'sun/nio/fs/WindowsException'> (0x00000000ff1e45b8) thrown at [D:\src\AOSP-openjdk-cygwin\jdk8u\hotspot\src\share\vm\prims\jni.cpp, line 709]
Event: 2.953 Thread 0x00000000049c7000 Exception <a 'sun/nio/fs/WindowsException'> (0x00000000ff1e4ba8) thrown at [D:\src\AOSP-openjdk-cygwin\jdk8u\hotspot\src\share\vm\prims\jni.cpp, line 709]
Event: 2.953 Thread 0x00000000049c7000 Exception <a 'sun/nio/fs/WindowsException'> (0x00000000ff1e5378) thrown at [D:\src\AOSP-openjdk-cygwin\jdk8u\hotspot\src\share\vm\prims\jni.cpp, line 709]
Event: 2.970 Thread 0x00000000049c7000 Exception <a 'sun/nio/fs/WindowsException'> (0x00000000ff1ea888) thrown at [D:\src\AOSP-openjdk-cygwin\jdk8u\hotspot\src\share\vm\prims\jni.cpp, line 709]
Event: 3.177 Thread 0x00000000049c7000 Exception <a 'sun/nio/fs/WindowsException'> (0x00000000ff4f9a08) thrown at [D:\src\AOSP-openjdk-cygwin\jdk8u\hotspot\src\share\vm\prims\jni.cpp, line 709]
Event: 3.178 Thread 0x00000000049c7000 Exception <a 'sun/nio/fs/WindowsException'> (0x00000000ff4fa008) thrown at [D:\src\AOSP-openjdk-cygwin\jdk8u\hotspot\src\share\vm\prims\jni.cpp, line 709]

Events (10 events):
Event: 3.344 loading class java/util/zip/ZipOutputStream$XEntry
Event: 3.344 loading class java/util/zip/ZipOutputStream$XEntry done
Event: 3.347 loading class org/objectweb/asm/Opcodes
Event: 3.347 loading class org/objectweb/asm/Opcodes done
Event: 3.440 loading class org/objectweb/asm/tree/TryCatchBlockNode
Event: 3.440 loading class org/objectweb/asm/tree/TryCatchBlockNode done
Event: 3.441 loading class org/objectweb/asm/Handler
Event: 3.441 loading class org/objectweb/asm/Handler done
Event: 3.549 Executing VM operation: ParallelGCFailedAllocation
Event: 3.557 Executing VM operation: ParallelGCFailedAllocation done


Dynamic libraries:
0x00007ff657170000 - 0x00007ff6571a1000 	C:\Program Files\Android\Android Studio1\jre\bin\java.exe
0x00007ffca44f0000 - 0x00007ffca46d0000 	C:\WINDOWS\SYSTEM32\ntdll.dll
0x00007ffca1f80000 - 0x00007ffca202e000 	C:\WINDOWS\System32\KERNEL32.DLL
0x00007ffca16a0000 - 0x00007ffca1906000 	C:\WINDOWS\System32\KERNELBASE.dll
0x00007ffca19d0000 - 0x00007ffca1a71000 	C:\WINDOWS\System32\ADVAPI32.dll
0x00007ffca4420000 - 0x00007ffca44bd000 	C:\WINDOWS\System32\msvcrt.dll
0x00007ffca1e20000 - 0x00007ffca1e7b000 	C:\WINDOWS\System32\sechost.dll
0x00007ffca2760000 - 0x00007ffca287f000 	C:\WINDOWS\System32\RPCRT4.dll
0x00007ffca2160000 - 0x00007ffca22ee000 	C:\WINDOWS\System32\USER32.dll
0x00007ffca1480000 - 0x00007ffca14a0000 	C:\WINDOWS\System32\win32u.dll
0x00007ffca1b40000 - 0x00007ffca1b68000 	C:\WINDOWS\System32\GDI32.dll
0x00007ffca08f0000 - 0x00007ffca0a84000 	C:\WINDOWS\System32\gdi32full.dll
0x00007ffca14a0000 - 0x00007ffca153b000 	C:\WINDOWS\System32\msvcp_win.dll
0x00007ffca15a0000 - 0x00007ffca1696000 	C:\WINDOWS\System32\ucrtbase.dll
0x00007ffc90e70000 - 0x00007ffc910d9000 	C:\WINDOWS\WinSxS\amd64_microsoft.windows.common-controls_6595b64144ccf1df_6.0.16299.19_none_cc92fab02215da61\COMCTL32.dll
0x00007ffca3e80000 - 0x00007ffca4188000 	C:\WINDOWS\System32\combase.dll
0x00007ffca13b0000 - 0x00007ffca1422000 	C:\WINDOWS\System32\bcryptPrimitives.dll
0x00007ffca1a80000 - 0x00007ffca1aad000 	C:\WINDOWS\System32\IMM32.DLL
0x0000000060150000 - 0x0000000060222000 	C:\Program Files\Android\Android Studio1\jre\jre\bin\msvcr100.dll
0x0000000060230000 - 0x0000000060a6e000 	C:\Program Files\Android\Android Studio1\jre\jre\bin\server\jvm.dll
0x00007ffca19c0000 - 0x00007ffca19c8000 	C:\WINDOWS\System32\PSAPI.DLL
0x00007ffc9d5a0000 - 0x00007ffc9d5a9000 	C:\WINDOWS\SYSTEM32\WSOCK32.dll
0x00007ffca3cc0000 - 0x00007ffca3d2c000 	C:\WINDOWS\System32\WS2_32.dll
0x00007ffc9e570000 - 0x00007ffc9e593000 	C:\WINDOWS\SYSTEM32\WINMM.dll
0x00007ffc910e0000 - 0x00007ffc910ea000 	C:\WINDOWS\SYSTEM32\VERSION.dll
0x00007ffc9e3c0000 - 0x00007ffc9e3ea000 	C:\WINDOWS\SYSTEM32\WINMMBASE.dll
0x00007ffca1430000 - 0x00007ffca147a000 	C:\WINDOWS\System32\cfgmgr32.dll
0x00007ffc9d360000 - 0x00007ffc9d36f000 	C:\Program Files\Android\Android Studio1\jre\jre\bin\verify.dll
0x00007ffc9ab60000 - 0x00007ffc9ab89000 	C:\Program Files\Android\Android Studio1\jre\jre\bin\java.dll
0x00007ffc95780000 - 0x00007ffc95796000 	C:\Program Files\Android\Android Studio1\jre\jre\bin\zip.dll
0x00007ffca2880000 - 0x00007ffca3cb7000 	C:\WINDOWS\System32\SHELL32.dll
0x00007ffca41f0000 - 0x00007ffca4296000 	C:\WINDOWS\System32\shcore.dll
0x00007ffca0c60000 - 0x00007ffca13a7000 	C:\WINDOWS\System32\windows.storage.dll
0x00007ffca2030000 - 0x00007ffca2081000 	C:\WINDOWS\System32\shlwapi.dll
0x00007ffca0840000 - 0x00007ffca0851000 	C:\WINDOWS\System32\kernel.appcore.dll
0x00007ffca0860000 - 0x00007ffca08ac000 	C:\WINDOWS\System32\powrprof.dll
0x00007ffca08d0000 - 0x00007ffca08eb000 	C:\WINDOWS\System32\profapi.dll
0x00007ffca0570000 - 0x00007ffca0587000 	C:\WINDOWS\SYSTEM32\CRYPTSP.dll
0x00007ffc9f930000 - 0x00007ffc9f963000 	C:\WINDOWS\system32\rsaenh.dll
0x00007ffca0370000 - 0x00007ffca0395000 	C:\WINDOWS\SYSTEM32\bcrypt.dll
0x00007ffca0740000 - 0x00007ffca0769000 	C:\WINDOWS\SYSTEM32\USERENV.dll
0x00007ffc9ff40000 - 0x00007ffc9ff4b000 	C:\WINDOWS\SYSTEM32\CRYPTBASE.dll
0x00007ffc95760000 - 0x00007ffc9577a000 	C:\Program Files\Android\Android Studio1\jre\jre\bin\net.dll
0x00007ffc9fd80000 - 0x00007ffc9fde6000 	C:\WINDOWS\system32\mswsock.dll
0x00007ffc9fab0000 - 0x00007ffc9fae9000 	C:\WINDOWS\SYSTEM32\IPHLPAPI.DLL
0x00007ffca4410000 - 0x00007ffca4418000 	C:\WINDOWS\System32\NSI.dll
0x00007ffc95eb0000 - 0x00007ffc95ec6000 	C:\WINDOWS\SYSTEM32\dhcpcsvc6.DLL
0x00007ffc95e90000 - 0x00007ffc95eaa000 	C:\WINDOWS\SYSTEM32\dhcpcsvc.DLL
0x00007ffc95740000 - 0x00007ffc95751000 	C:\Program Files\Android\Android Studio1\jre\jre\bin\nio.dll

VM Arguments:
jvm_args: -Djava.awt.headless=true -Xmx64M -Dfile.encoding=windows-1252 -Duser.country=BR -Duser.language=pt -Duser.variant 
java_command: com.google.devtools.build.android.desugar.Desugar --input C:\Users\JCarvalhoJr\eclipse-workspace_2018\Web_Services_Android\Web_Service_Android_Client\app\build\intermediates\transforms\stackFramesFixer\debug\7.jar --output C:\Users\JCarvalhoJr\eclipse-workspace_2018\Web_Services_Android\Web_Service_Android_Client\app\build\intermediates\transforms\desugar\debug\8.jar --input C:\Users\JCarvalhoJr\eclipse-workspace_2018\Web_Services_Android\Web_Service_Android_Client\app\build\intermediates\transforms\stackFramesFixer\debug\23.jar --output C:\Users\JCarvalhoJr\eclipse-workspace_2018\Web_Services_Android\Web_Service_Android_Client\app\build\intermediates\transforms\desugar\debug\24.jar --input C:\Users\JCarvalhoJr\eclipse-workspace_2018\Web_Services_Android\Web_Service_Android_Client\app\build\intermediates\transforms\stackFramesFixer\debug\22.jar --output C:\Users\JCarvalhoJr\eclipse-workspace_2018\Web_Services_Android\Web_Service_Android_Client\app\build\intermediates\transforms\desugar\debug\23.jar --input C:\Users\JCarvalhoJr\eclipse-workspace_2018\Web_Services_Android\Web_Service_Android_Client\app\build\intermediates\transforms\stackFramesFixer\debug\11.jar --output C:\Users\JCarvalhoJr\eclipse-workspace_2018\Web_Services_Android\Web_Service_Android_Client\app\build\intermediates\transforms\desugar\debug\12.jar --input C:\Users\JCarvalhoJr\eclipse-workspace_2018\Web_Services_Android\Web_Service_Android_Client\app\build\intermediates\transforms\stackFramesFixer\debug\6.jar --output C:\Users\JCarvalhoJr\eclipse-workspace_2018\Web_Services_Android\Web_Service_Android_Client\app\build\intermediates\transforms\desugar\debug\7.jar --input C:\Users\JCarvalhoJr\eclipse-workspace_2018\Web_Services_Android\Web_Service_Android_Client\app\build\intermediates\transforms\stackFramesFixer\debug\1.jar --output C:\Users\JCarvalhoJr\eclipse-workspace_2018\Web_Services_Android\Web_Service_Android_Client\app\build\intermediates\transforms\desugar\debug\2.jar --input 
java_class_path (initial): C:\Users\JCarvalhoJr\AppData\Local\Temp\desugar_deploy.jar5014690146577838824
Launcher Type: SUN_STANDARD

Environment Variables:
CLASSPATH=.;C:\Program Files (x86)\Griaule\Fingerprint SDK 2009\bin\GrFingerJava.jar
USERNAME=JCarvalhoJr
OS=Windows_NT
PROCESSOR_IDENTIFIER=Intel64 Family 6 Model 42 Stepping 7, GenuineIntel



---------------  S Y S T E M  ---------------

OS: Windows 10.0 , 64 bit Build 16299 (10.0.16299.15)

CPU:total 4 (initial active 4) (2 cores per cpu, 2 threads per core) family 6 model 42 stepping 7, cmov, cx8, fxsr, mmx, sse, sse2, sse3, ssse3, sse4.1, sse4.2, popcnt, avx, aes, clmul, ht, tsc, tscinvbit

Memory: 4k page, physical 12496748k(3714628k free), swap 13545324k(5920k free)

vm_info: OpenJDK 64-Bit Server VM (25.152-b01) for windows-amd64 JRE (1.8.0_152-release-915-b01), built by "builder" with MS VC++ 10.0 (VS2010)

time: Tue Mar 13 15:42:39 2018
elapsed time: 3 seconds (0d 0h 0m 3s)

