#
# There is insufficient memory for the Java Runtime Environment to continue.
# Native memory allocation (malloc) failed to allocate 293008 bytes for Chunk::new
# Possible reasons:
#   The system is out of physical RAM or swap space
#   In 32 bit mode, the process size limit was hit
# Possible solutions:
#   Reduce memory load on the system
#   Increase physical memory or swap space
#   Check if swap backing store is full
#   Use 64 bit Java on a 64 bit OS
#   Decrease Java heap size (-Xmx/-Xms)
#   Decrease number of Java threads
#   Decrease Java thread stack sizes (-Xss)
#   Set larger code cache with -XX:ReservedCodeCacheSize=
# This output file may be truncated or incomplete.
#
#  Out of Memory Error (allocation.cpp:390), pid=20300, tid=0x0000000000006364
#
# JRE version: OpenJDK Runtime Environment (8.0_152-b01) (build 1.8.0_152-release-915-b01)
# Java VM: OpenJDK 64-Bit Server VM (25.152-b01 mixed mode windows-amd64 compressed oops)
# Failed to write core dump. Minidumps are not enabled by default on client versions of Windows
#

---------------  T H R E A D  ---------------

Current thread (0x0000000015293000):  JavaThread "C2 CompilerThread0" daemon [_thread_in_native, id=25444, stack(0x0000000016a00000,0x0000000016b00000)]

Stack: [0x0000000016a00000,0x0000000016b00000]
[error occurred during error reporting (printing stack bounds), id 0xc0000005]

Native frames: (J=compiled Java code, j=interpreted, Vv=VM code, C=native code)


Current CompileTask:
C2:   3706  911 %     4       org.objectweb.asm.ClassReader::a @ 1480 (3587 bytes)


---------------  P R O C E S S  ---------------

Java Threads: ( => current thread )
  0x0000000016c13000 JavaThread "Service Thread" daemon [_thread_blocked, id=25340, stack(0x0000000017100000,0x0000000017200000)]
  0x00000000152e9000 JavaThread "C1 CompilerThread2" daemon [_thread_blocked, id=25392, stack(0x0000000017000000,0x0000000017100000)]
  0x0000000015295000 JavaThread "C2 CompilerThread1" daemon [_thread_blocked, id=24816, stack(0x0000000016b00000,0x0000000016c00000)]
=>0x0000000015293000 JavaThread "C2 CompilerThread0" daemon [_thread_in_native, id=25444, stack(0x0000000016a00000,0x0000000016b00000)]
  0x0000000015290800 JavaThread "Attach Listener" daemon [_thread_blocked, id=18876, stack(0x0000000016900000,0x0000000016a00000)]
  0x000000001528f800 JavaThread "Signal Dispatcher" daemon [_thread_blocked, id=21952, stack(0x0000000016800000,0x0000000016900000)]
  0x0000000004f2c000 JavaThread "Finalizer" daemon [_thread_blocked, id=23336, stack(0x0000000016500000,0x0000000016600000)]
  0x0000000004f27000 JavaThread "Reference Handler" daemon [_thread_blocked, id=22048, stack(0x0000000016400000,0x0000000016500000)]
  0x0000000004e37000 JavaThread "main" [_thread_in_Java, id=22540, stack(0x0000000004c60000,0x0000000004d60000)]

Other Threads:
  0x0000000015256000 VMThread [stack: 0x0000000016300000,0x0000000016400000] [id=21956]
  0x0000000016c14000 WatcherThread [stack: 0x0000000017200000,0x0000000017300000] [id=24272]

VM state:not at safepoint (normal execution)

VM Mutex/Monitor currently owned by a thread: None

Heap:
 PSYoungGen      total 18944K, used 5569K [0x00000000feb00000, 0x0000000100000000, 0x0000000100000000)
  eden space 16384K, 18% used [0x00000000feb00000,0x00000000fedf5bf0,0x00000000ffb00000)
  from space 2560K, 99% used [0x00000000ffd80000,0x00000000ffffa840,0x0000000100000000)
  to   space 2560K, 0% used [0x00000000ffb00000,0x00000000ffb00000,0x00000000ffd80000)
 ParOldGen       total 44032K, used 4873K [0x00000000fc000000, 0x00000000feb00000, 0x00000000feb00000)
  object space 44032K, 11% used [0x00000000fc000000,0x00000000fc4c2550,0x00000000feb00000)
 Metaspace       used 7723K, capacity 7876K, committed 7936K, reserved 1056768K
  class space    used 896K, capacity 988K, committed 1024K, reserved 1048576K

Card table byte_map: [0x00000000031b0000,0x00000000031e0000] byte_map_base: 0x00000000029d0000

Marking Bits: (ParMarkBitMap*) 0x000000006e4b3950
 Begin Bits: [0x00000000146f0000, 0x00000000147f0000)
 End Bits:   [0x00000000147f0000, 0x00000000148f0000)

Polling page: 0x0000000003180000

CodeCache: size=245760Kb used=3638Kb max_used=3649Kb free=242122Kb
 bounds [0x0000000004f30000, 0x00000000052d0000, 0x0000000013f30000]
 total_blobs=1287 nmethods=956 adapters=245
 compilation: enabled

Compilation events (10 events):
Event: 3.639 Thread 0x00000000152e9000 nmethod 953 0x00000000052bc990 code [0x00000000052bcb80, 0x00000000052bd2e8]
Event: 3.639 Thread 0x00000000152e9000  954       3       org.objectweb.asm.ClassReader::<init> (257 bytes)
Event: 3.640 Thread 0x00000000152e9000 nmethod 954 0x00000000052bd710 code [0x00000000052bd8e0, 0x00000000052be288]
Event: 3.640 Thread 0x00000000152e9000  956       1       java.util.Arrays$ArrayList::get (7 bytes)
Event: 3.640 Thread 0x00000000152e9000 nmethod 956 0x00000000052b4290 code [0x00000000052b43e0, 0x00000000052b4510]
Event: 3.640 Thread 0x00000000152e9000  957       3       org.objectweb.asm.Type::a (269 bytes)
Event: 3.641 Thread 0x00000000152e9000 nmethod 957 0x00000000052be950 code [0x00000000052beb40, 0x00000000052bf430]
Event: 3.642 Thread 0x0000000015295000 nmethod 948 0x00000000052c07d0 code [0x00000000052c0940, 0x00000000052c0cb8]
Event: 3.642 Thread 0x0000000015295000  955       4       java.util.ArrayList::add (29 bytes)
Event: 3.647 Thread 0x0000000015295000 nmethod 955 0x00000000052c0090 code [0x00000000052c01e0, 0x00000000052c0508]

GC Heap History (4 events):
Event: 2.360 GC heap before
{Heap before GC invocations=1 (full 0):
 PSYoungGen      total 18944K, used 16384K [0x00000000feb00000, 0x0000000100000000, 0x0000000100000000)
  eden space 16384K, 100% used [0x00000000feb00000,0x00000000ffb00000,0x00000000ffb00000)
  from space 2560K, 0% used [0x00000000ffd80000,0x00000000ffd80000,0x0000000100000000)
  to   space 2560K, 0% used [0x00000000ffb00000,0x00000000ffb00000,0x00000000ffd80000)
 ParOldGen       total 44032K, used 0K [0x00000000fc000000, 0x00000000feb00000, 0x00000000feb00000)
  object space 44032K, 0% used [0x00000000fc000000,0x00000000fc000000,0x00000000feb00000)
 Metaspace       used 6509K, capacity 6610K, committed 6784K, reserved 1056768K
  class space    used 768K, capacity 823K, committed 896K, reserved 1048576K
Event: 2.420 GC heap after
Heap after GC invocations=1 (full 0):
 PSYoungGen      total 18944K, used 2530K [0x00000000feb00000, 0x0000000100000000, 0x0000000100000000)
  eden space 16384K, 0% used [0x00000000feb00000,0x00000000feb00000,0x00000000ffb00000)
  from space 2560K, 98% used [0x00000000ffb00000,0x00000000ffd78848,0x00000000ffd80000)
  to   space 2560K, 0% used [0x00000000ffd80000,0x00000000ffd80000,0x0000000100000000)
 ParOldGen       total 44032K, used 1462K [0x00000000fc000000, 0x00000000feb00000, 0x00000000feb00000)
  object space 44032K, 3% used [0x00000000fc000000,0x00000000fc16da40,0x00000000feb00000)
 Metaspace       used 6509K, capacity 6610K, committed 6784K, reserved 1056768K
  class space    used 768K, capacity 823K, committed 896K, reserved 1048576K
}
Event: 3.512 GC heap before
{Heap before GC invocations=2 (full 0):
 PSYoungGen      total 18944K, used 18914K [0x00000000feb00000, 0x0000000100000000, 0x0000000100000000)
  eden space 16384K, 100% used [0x00000000feb00000,0x00000000ffb00000,0x00000000ffb00000)
  from space 2560K, 98% used [0x00000000ffb00000,0x00000000ffd78848,0x00000000ffd80000)
  to   space 2560K, 0% used [0x00000000ffd80000,0x00000000ffd80000,0x0000000100000000)
 ParOldGen       total 44032K, used 1462K [0x00000000fc000000, 0x00000000feb00000, 0x00000000feb00000)
  object space 44032K, 3% used [0x00000000fc000000,0x00000000fc16da40,0x00000000feb00000)
 Metaspace       used 7684K, capacity 7876K, committed 7936K, reserved 1056768K
  class space    used 896K, capacity 988K, committed 1024K, reserved 1048576K
Event: 3.570 GC heap after
Heap after GC invocations=2 (full 0):
 PSYoungGen      total 18944K, used 2538K [0x00000000feb00000, 0x0000000100000000, 0x0000000100000000)
  eden space 16384K, 0% used [0x00000000feb00000,0x00000000feb00000,0x00000000ffb00000)
  from space 2560K, 99% used [0x00000000ffd80000,0x00000000ffffa840,0x0000000100000000)
  to   space 2560K, 0% used [0x00000000ffb00000,0x00000000ffb00000,0x00000000ffd80000)
 ParOldGen       total 44032K, used 4873K [0x00000000fc000000, 0x00000000feb00000, 0x00000000feb00000)
  object space 44032K, 11% used [0x00000000fc000000,0x00000000fc4c2550,0x00000000feb00000)
 Metaspace       used 7684K, capacity 7876K, committed 7936K, reserved 1056768K
  class space    used 896K, capacity 988K, committed 1024K, reserved 1048576K
}

Deoptimization events (10 events):
Event: 3.018 Thread 0x0000000004e37000 Uncommon trap: reason=class_check action=maybe_recompile pc=0x000000000514c698 method=com.google.common.collect.TransformedIterator.next()Ljava/lang/Object; @ 5
Event: 3.018 Thread 0x0000000004e37000 Uncommon trap: reason=class_check action=maybe_recompile pc=0x000000000514e090 method=com.google.common.collect.Iterators$7.transform(Ljava/lang/Object;)Ljava/lang/Object; @ 5
Event: 3.018 Thread 0x0000000004e37000 Uncommon trap: reason=class_check action=maybe_recompile pc=0x000000000515df2c method=com.google.common.collect.TransformedIterator.hasNext()Z @ 4
Event: 3.018 Thread 0x0000000004e37000 Uncommon trap: reason=class_check action=maybe_recompile pc=0x000000000514c698 method=com.google.common.collect.TransformedIterator.next()Ljava/lang/Object; @ 5
Event: 3.018 Thread 0x0000000004e37000 Uncommon trap: reason=class_check action=maybe_recompile pc=0x000000000514e090 method=com.google.common.collect.Iterators$7.transform(Ljava/lang/Object;)Ljava/lang/Object; @ 5
Event: 3.018 Thread 0x0000000004e37000 Uncommon trap: reason=class_check action=maybe_recompile pc=0x000000000514c698 method=com.google.common.collect.TransformedIterator.next()Ljava/lang/Object; @ 5
Event: 3.018 Thread 0x0000000004e37000 Uncommon trap: reason=class_check action=maybe_recompile pc=0x000000000514e090 method=com.google.common.collect.Iterators$7.transform(Ljava/lang/Object;)Ljava/lang/Object; @ 5
Event: 3.160 Thread 0x0000000004e37000 Uncommon trap: reason=unstable_if action=reinterpret pc=0x000000000510ecb8 method=java.lang.String.indexOf([CII[CIII)I @ 134
Event: 3.218 Thread 0x0000000004e37000 Uncommon trap: reason=unstable_if action=reinterpret pc=0x0000000005210ac8 method=org.objectweb.asm.ClassReader.readUTF8(I[C)Ljava/lang/String; @ 11
Event: 3.225 Thread 0x0000000004e37000 Uncommon trap: reason=unstable_if action=reinterpret pc=0x00000000050dc66c method=java.lang.String.<init>([CII)V @ 18

Classes redefined (0 events):
No events

Internal exceptions (10 events):
Event: 2.602 Thread 0x0000000004e37000 Exception <a 'sun/nio/fs/WindowsException'> (0x00000000ff1d3528) thrown at [D:\src\AOSP-openjdk-cygwin\jdk8u\hotspot\src\share\vm\prims\jni.cpp, line 709]
Event: 2.602 Thread 0x0000000004e37000 Exception <a 'sun/nio/fs/WindowsException'> (0x00000000ff1d3b08) thrown at [D:\src\AOSP-openjdk-cygwin\jdk8u\hotspot\src\share\vm\prims\jni.cpp, line 709]
Event: 2.603 Thread 0x0000000004e37000 Exception <a 'sun/nio/fs/WindowsException'> (0x00000000ff1d42d8) thrown at [D:\src\AOSP-openjdk-cygwin\jdk8u\hotspot\src\share\vm\prims\jni.cpp, line 709]
Event: 2.626 Thread 0x0000000004e37000 Exception <a 'sun/nio/fs/WindowsException'> (0x00000000ff1d97d0) thrown at [D:\src\AOSP-openjdk-cygwin\jdk8u\hotspot\src\share\vm\prims\jni.cpp, line 709]
Event: 2.884 Thread 0x0000000004e37000 Exception <a 'sun/nio/fs/WindowsException'> (0x00000000ff4cc690) thrown at [D:\src\AOSP-openjdk-cygwin\jdk8u\hotspot\src\share\vm\prims\jni.cpp, line 709]
Event: 2.885 Thread 0x0000000004e37000 Exception <a 'sun/nio/fs/WindowsException'> (0x00000000ff4ccc90) thrown at [D:\src\AOSP-openjdk-cygwin\jdk8u\hotspot\src\share\vm\prims\jni.cpp, line 709]
Event: 3.233 Thread 0x0000000004e37000 Exception <a 'sun/nio/fs/WindowsException'> (0x00000000ff7fe158) thrown at [D:\src\AOSP-openjdk-cygwin\jdk8u\hotspot\src\share\vm\prims\jni.cpp, line 709]
Event: 3.233 Thread 0x0000000004e37000 Exception <a 'sun/nio/fs/WindowsException'> (0x00000000ff7fe6d8) thrown at [D:\src\AOSP-openjdk-cygwin\jdk8u\hotspot\src\share\vm\prims\jni.cpp, line 709]
Event: 3.273 Thread 0x0000000004e37000 Exception <a 'sun/nio/fs/WindowsException'> (0x00000000ff878e60) thrown at [D:\src\AOSP-openjdk-cygwin\jdk8u\hotspot\src\share\vm\prims\jni.cpp, line 709]
Event: 3.274 Thread 0x0000000004e37000 Exception <a 'sun/nio/fs/WindowsException'> (0x00000000ff8793e0) thrown at [D:\src\AOSP-openjdk-cygwin\jdk8u\hotspot\src\share\vm\prims\jni.cpp, line 709]

Events (10 events):
Event: 3.218 Thread 0x0000000004e37000 Uncommon trap: trap_request=0xffffff65 fr.pc=0x0000000005210ac8
Event: 3.218 Thread 0x0000000004e37000 DEOPT PACKING pc=0x0000000005210ac8 sp=0x0000000004d5f2f0
Event: 3.218 Thread 0x0000000004e37000 DEOPT UNPACKING pc=0x0000000004f7556a sp=0x0000000004d5f2d8 mode 2
Event: 3.225 Thread 0x0000000004e37000 Uncommon trap: trap_request=0xffffff65 fr.pc=0x00000000050dc66c
Event: 3.225 Thread 0x0000000004e37000 DEOPT PACKING pc=0x00000000050dc66c sp=0x0000000004d5ec60
Event: 3.225 Thread 0x0000000004e37000 DEOPT UNPACKING pc=0x0000000004f7556a sp=0x0000000004d5ec28 mode 2
Event: 3.231 loading class java/util/Vector$Itr
Event: 3.231 loading class java/util/Vector$Itr done
Event: 3.512 Executing VM operation: ParallelGCFailedAllocation
Event: 3.570 Executing VM operation: ParallelGCFailedAllocation done


Dynamic libraries:
0x00007ff65ea60000 - 0x00007ff65ea91000 	C:\Program Files\Android\Android Studio1\jre\bin\java.exe
0x00007ff9e3740000 - 0x00007ff9e3920000 	C:\WINDOWS\SYSTEM32\ntdll.dll
0x00007ff9e0e00000 - 0x00007ff9e0eae000 	C:\WINDOWS\System32\KERNEL32.DLL
0x00007ff9dfba0000 - 0x00007ff9dfe06000 	C:\WINDOWS\System32\KERNELBASE.dll
0x00007ff9e1540000 - 0x00007ff9e15e1000 	C:\WINDOWS\System32\ADVAPI32.dll
0x00007ff9e1ea0000 - 0x00007ff9e1f3d000 	C:\WINDOWS\System32\msvcrt.dll
0x00007ff9e0da0000 - 0x00007ff9e0dfb000 	C:\WINDOWS\System32\sechost.dll
0x00007ff9e35f0000 - 0x00007ff9e370f000 	C:\WINDOWS\System32\RPCRT4.dll
0x00007ff9e0c10000 - 0x00007ff9e0d9e000 	C:\WINDOWS\System32\USER32.dll
0x00007ff9e0190000 - 0x00007ff9e01b0000 	C:\WINDOWS\System32\win32u.dll
0x00007ff9e1de0000 - 0x00007ff9e1e08000 	C:\WINDOWS\System32\GDI32.dll
0x00007ff9e0a70000 - 0x00007ff9e0c04000 	C:\WINDOWS\System32\gdi32full.dll
0x00007ff9e09d0000 - 0x00007ff9e0a6b000 	C:\WINDOWS\System32\msvcp_win.dll
0x00007ff9e0090000 - 0x00007ff9e0186000 	C:\WINDOWS\System32\ucrtbase.dll
0x00007ff9d17c0000 - 0x00007ff9d1a29000 	C:\WINDOWS\WinSxS\amd64_microsoft.windows.common-controls_6595b64144ccf1df_6.0.16299.19_none_cc92fab02215da61\COMCTL32.dll
0x00007ff9e1000000 - 0x00007ff9e1308000 	C:\WINDOWS\System32\combase.dll
0x00007ff9e01b0000 - 0x00007ff9e0222000 	C:\WINDOWS\System32\bcryptPrimitives.dll
0x00007ff9e14b0000 - 0x00007ff9e14dd000 	C:\WINDOWS\System32\IMM32.DLL
0x000000006d2e0000 - 0x000000006d3b2000 	C:\Program Files\Android\Android Studio1\jre\jre\bin\msvcr100.dll
0x000000006dcf0000 - 0x000000006e52e000 	C:\Program Files\Android\Android Studio1\jre\jre\bin\server\jvm.dll
0x00007ff9e1e10000 - 0x00007ff9e1e18000 	C:\WINDOWS\System32\PSAPI.DLL
0x00007ff9dde90000 - 0x00007ff9dde99000 	C:\WINDOWS\SYSTEM32\WSOCK32.dll
0x00007ff9e13e0000 - 0x00007ff9e144c000 	C:\WINDOWS\System32\WS2_32.dll
0x00007ff9dda80000 - 0x00007ff9ddaa3000 	C:\WINDOWS\SYSTEM32\WINMM.dll
0x00007ff9ccec0000 - 0x00007ff9cceca000 	C:\WINDOWS\SYSTEM32\VERSION.dll
0x00007ff9dda20000 - 0x00007ff9dda4a000 	C:\WINDOWS\SYSTEM32\WINMMBASE.dll
0x00007ff9e0230000 - 0x00007ff9e027a000 	C:\WINDOWS\System32\cfgmgr32.dll
0x00007ff9ddff0000 - 0x00007ff9ddfff000 	C:\Program Files\Android\Android Studio1\jre\jre\bin\verify.dll
0x00007ff9ddcc0000 - 0x00007ff9ddce9000 	C:\Program Files\Android\Android Studio1\jre\jre\bin\java.dll
0x00007ff9dde60000 - 0x00007ff9dde76000 	C:\Program Files\Android\Android Studio1\jre\jre\bin\zip.dll
0x00007ff9e21b0000 - 0x00007ff9e35e7000 	C:\WINDOWS\System32\SHELL32.dll
0x00007ff9e1ab0000 - 0x00007ff9e1b56000 	C:\WINDOWS\System32\shcore.dll
0x00007ff9e0280000 - 0x00007ff9e09c7000 	C:\WINDOWS\System32\windows.storage.dll
0x00007ff9e14e0000 - 0x00007ff9e1531000 	C:\WINDOWS\System32\shlwapi.dll
0x00007ff9dfa90000 - 0x00007ff9dfaa1000 	C:\WINDOWS\System32\kernel.appcore.dll
0x00007ff9dfaf0000 - 0x00007ff9dfb3c000 	C:\WINDOWS\System32\powrprof.dll
0x00007ff9dfad0000 - 0x00007ff9dfaeb000 	C:\WINDOWS\System32\profapi.dll
0x00007ff9df480000 - 0x00007ff9df497000 	C:\WINDOWS\SYSTEM32\CRYPTSP.dll
0x00007ff9deed0000 - 0x00007ff9def03000 	C:\WINDOWS\system32\rsaenh.dll
0x00007ff9df5f0000 - 0x00007ff9df615000 	C:\WINDOWS\SYSTEM32\bcrypt.dll
0x00007ff9df990000 - 0x00007ff9df9b9000 	C:\WINDOWS\SYSTEM32\USERENV.dll
0x00007ff9df4a0000 - 0x00007ff9df4ab000 	C:\WINDOWS\SYSTEM32\CRYPTBASE.dll
0x00007ff9ddca0000 - 0x00007ff9ddcba000 	C:\Program Files\Android\Android Studio1\jre\jre\bin\net.dll
0x00007ff9df2c0000 - 0x00007ff9df326000 	C:\WINDOWS\system32\mswsock.dll
0x00007ff9df050000 - 0x00007ff9df089000 	C:\WINDOWS\SYSTEM32\IPHLPAPI.DLL
0x00007ff9e2100000 - 0x00007ff9e2108000 	C:\WINDOWS\System32\NSI.dll
0x00007ff9d5060000 - 0x00007ff9d5076000 	C:\WINDOWS\SYSTEM32\dhcpcsvc6.DLL
0x00007ff9d5040000 - 0x00007ff9d505a000 	C:\WINDOWS\SYSTEM32\dhcpcsvc.DLL
0x00007ff9ddc80000 - 0x00007ff9ddc91000 	C:\Program Files\Android\Android Studio1\jre\jre\bin\nio.dll

VM Arguments:
jvm_args: -Djava.awt.headless=true -Xmx64M -Dfile.encoding=windows-1252 -Duser.country=BR -Duser.language=pt -Duser.variant 
java_command: com.google.devtools.build.android.desugar.Desugar --input C:\Users\JCarvalhoJr\eclipse-workspace_2018\Web_Services_Android\Web_Service_Android_Client\app\build\intermediates\transforms\stackFramesFixer\debug\27.jar --output C:\Users\JCarvalhoJr\eclipse-workspace_2018\Web_Services_Android\Web_Service_Android_Client\app\build\intermediates\transforms\desugar\debug\28.jar --input C:\Users\JCarvalhoJr\eclipse-workspace_2018\Web_Services_Android\Web_Service_Android_Client\app\build\intermediates\transforms\stackFramesFixer\debug\25.jar --output C:\Users\JCarvalhoJr\eclipse-workspace_2018\Web_Services_Android\Web_Service_Android_Client\app\build\intermediates\transforms\desugar\debug\26.jar --input C:\Users\JCarvalhoJr\eclipse-workspace_2018\Web_Services_Android\Web_Service_Android_Client\app\build\intermediates\transforms\stackFramesFixer\debug\9.jar --output C:\Users\JCarvalhoJr\eclipse-workspace_2018\Web_Services_Android\Web_Service_Android_Client\app\build\intermediates\transforms\desugar\debug\10.jar --input C:\Users\JCarvalhoJr\eclipse-workspace_2018\Web_Services_Android\Web_Service_Android_Client\app\build\intermediates\transforms\stackFramesFixer\debug\11.jar --output C:\Users\JCarvalhoJr\eclipse-workspace_2018\Web_Services_Android\Web_Service_Android_Client\app\build\intermediates\transforms\desugar\debug\12.jar --input C:\Users\JCarvalhoJr\eclipse-workspace_2018\Web_Services_Android\Web_Service_Android_Client\app\build\intermediates\transforms\stackFramesFixer\debug\1.jar --output C:\Users\JCarvalhoJr\eclipse-workspace_2018\Web_Services_Android\Web_Service_Android_Client\app\build\intermediates\transforms\desugar\debug\2.jar --input C:\Users\JCarvalhoJr\eclipse-workspace_2018\Web_Services_Android\Web_Service_Android_Client\app\build\intermediates\transforms\stackFramesFixer\debug\18.jar --output C:\Users\JCarvalhoJr\eclipse-workspace_2018\Web_Services_Android\Web_Service_Android_Client\app\build\intermediates\transforms\desugar\debug\19.jar --inp
java_class_path (initial): C:\Users\JCarvalhoJr\AppData\Local\Temp\desugar_deploy.jar459280170640432245
Launcher Type: SUN_STANDARD

Environment Variables:
CLASSPATH=.;C:\Program Files (x86)\Griaule\Fingerprint SDK 2009\bin\GrFingerJava.jar
USERNAME=JCarvalhoJr
OS=Windows_NT
PROCESSOR_IDENTIFIER=Intel64 Family 6 Model 42 Stepping 7, GenuineIntel



---------------  S Y S T E M  ---------------

OS: Windows 10.0 , 64 bit Build 16299 (10.0.16299.15)

CPU:total 4 (initial active 4) (2 cores per cpu, 2 threads per core) family 6 model 42 stepping 7, cmov, cx8, fxsr, mmx, sse, sse2, sse3, ssse3, sse4.1, sse4.2, popcnt, avx, aes, clmul, ht, tsc, tscinvbit

Memory: 4k page, physical 12496748k(3400308k free), swap 13545324k(1136k free)

vm_info: OpenJDK 64-Bit Server VM (25.152-b01) for windows-amd64 JRE (1.8.0_152-release-915-b01), built by "builder" with MS VC++ 10.0 (VS2010)

time: Sun Mar 11 19:35:44 2018
elapsed time: 3 seconds (0d 0h 0m 3s)

