#
# There is insufficient memory for the Java Runtime Environment to continue.
# Native memory allocation (malloc) failed to allocate 32744 bytes for ChunkPool::allocate
# Possible reasons:
#   The system is out of physical RAM or swap space
#   In 32 bit mode, the process size limit was hit
# Possible solutions:
#   Reduce memory load on the system
#   Increase physical memory or swap space
#   Check if swap backing store is full
#   Use 64 bit Java on a 64 bit OS
#   Decrease Java heap size (-Xmx/-Xms)
#   Decrease number of Java threads
#   Decrease Java thread stack sizes (-Xss)
#   Set larger code cache with -XX:ReservedCodeCacheSize=
# This output file may be truncated or incomplete.
#
#  Out of Memory Error (allocation.cpp:273), pid=18636, tid=0x0000000000004a88
#
# JRE version: OpenJDK Runtime Environment (8.0_152-b01) (build 1.8.0_152-release-915-b01)
# Java VM: OpenJDK 64-Bit Server VM (25.152-b01 mixed mode windows-amd64 compressed oops)
# Failed to write core dump. Minidumps are not enabled by default on client versions of Windows
#

---------------  T H R E A D  ---------------

Current thread (0x0000000015665000):  JavaThread "C2 CompilerThread1" daemon [_thread_in_native, id=19080, stack(0x0000000016eb0000,0x0000000016fb0000)]

Stack: [0x0000000016eb0000,0x0000000016fb0000]
[error occurred during error reporting (printing stack bounds), id 0xc0000005]

Native frames: (J=compiled Java code, j=interpreted, Vv=VM code, C=native code)


Current CompileTask:
C2:   4663  902 %     4       org.objectweb.asm.ClassReader::a @ 1360 (3587 bytes)


---------------  P R O C E S S  ---------------

Java Threads: ( => current thread )
  0x0000000016fc3000 JavaThread "Service Thread" daemon [_thread_blocked, id=19316, stack(0x00000000174b0000,0x00000000175b0000)]
  0x00000000156b9800 JavaThread "C1 CompilerThread2" daemon [_thread_blocked, id=19044, stack(0x00000000173b0000,0x00000000174b0000)]
=>0x0000000015665000 JavaThread "C2 CompilerThread1" daemon [_thread_in_native, id=19080, stack(0x0000000016eb0000,0x0000000016fb0000)]
  0x0000000015663000 JavaThread "C2 CompilerThread0" daemon [_thread_in_native, id=17544, stack(0x0000000016db0000,0x0000000016eb0000)]
  0x0000000015660800 JavaThread "Attach Listener" daemon [_thread_blocked, id=18548, stack(0x0000000016cb0000,0x0000000016db0000)]
  0x000000001565f800 JavaThread "Signal Dispatcher" daemon [_thread_blocked, id=16236, stack(0x0000000016bb0000,0x0000000016cb0000)]
  0x00000000052fc000 JavaThread "Finalizer" daemon [_thread_blocked, id=2368, stack(0x00000000168b0000,0x00000000169b0000)]
  0x00000000052f7000 JavaThread "Reference Handler" daemon [_thread_blocked, id=18076, stack(0x00000000167b0000,0x00000000168b0000)]
  0x0000000005206800 JavaThread "main" [_thread_in_Java, id=12280, stack(0x0000000005100000,0x0000000005200000)]

Other Threads:
  0x0000000015626000 VMThread [stack: 0x00000000166b0000,0x00000000167b0000] [id=18100]
  0x0000000016fc4000 WatcherThread [stack: 0x00000000175b0000,0x00000000176b0000] [id=18444]

VM state:not at safepoint (normal execution)

VM Mutex/Monitor currently owned by a thread: None

Heap:
 PSYoungGen      total 18944K, used 6898K [0x00000000feb00000, 0x0000000100000000, 0x0000000100000000)
  eden space 16384K, 26% used [0x00000000feb00000,0x00000000fef3da78,0x00000000ffb00000)
  from space 2560K, 99% used [0x00000000ffd80000,0x00000000ffffeda0,0x0000000100000000)
  to   space 2560K, 0% used [0x00000000ffb00000,0x00000000ffb00000,0x00000000ffd80000)
 ParOldGen       total 44032K, used 4635K [0x00000000fc000000, 0x00000000feb00000, 0x00000000feb00000)
  object space 44032K, 10% used [0x00000000fc000000,0x00000000fc486fc0,0x00000000feb00000)
 Metaspace       used 7543K, capacity 7720K, committed 7936K, reserved 1056768K
  class space    used 867K, capacity 956K, committed 1024K, reserved 1048576K

Card table byte_map: [0x0000000003670000,0x00000000036a0000] byte_map_base: 0x0000000002e90000

Marking Bits: (ParMarkBitMap*) 0x0000000066963950
 Begin Bits: [0x0000000014ac0000, 0x0000000014bc0000)
 End Bits:   [0x0000000014bc0000, 0x0000000014cc0000)

Polling page: 0x0000000003320000

CodeCache: size=245760Kb used=3673Kb max_used=3685Kb free=242086Kb
 bounds [0x0000000005300000, 0x00000000056a0000, 0x0000000014300000]
 total_blobs=1291 nmethods=960 adapters=245
 compilation: enabled

Compilation events (10 events):
Event: 4.413 Thread 0x0000000015663000 nmethod 944 0x0000000005697a10 code [0x0000000005697ba0, 0x0000000005698338]
Event: 4.413 Thread 0x0000000015663000  957       4       org.objectweb.asm.Type::getArgumentsAndReturnSizes (151 bytes)
Event: 4.419 Thread 0x0000000015663000 nmethod 957 0x0000000005698a90 code [0x0000000005698c00, 0x0000000005699078]
Event: 4.419 Thread 0x0000000015663000  948       4       org.objectweb.asm.Item::a (354 bytes)
Event: 4.429 Thread 0x0000000015663000 nmethod 948 0x00000000056950d0 code [0x0000000005695380, 0x0000000005695d78]
Event: 4.429 Thread 0x0000000015663000  953       4       org.objectweb.asm.tree.VarInsnNode::accept (18 bytes)
Event: 4.438 Thread 0x0000000015663000 nmethod 953 0x000000000569b350 code [0x000000000569b4e0, 0x000000000569bbd8]
Event: 4.650 Thread 0x0000000015663000  961       4       org.objectweb.asm.tree.MethodNode::getLabelNodes (51 bytes)
Event: 4.655 Thread 0x0000000015663000 nmethod 961 0x0000000005694bd0 code [0x0000000005694d20, 0x0000000005694f98]
Event: 4.658 Thread 0x0000000015663000  962       4       org.objectweb.asm.MethodVisitor::visitMethodInsn (68 bytes)

GC Heap History (4 events):
Event: 1.939 GC heap before
{Heap before GC invocations=1 (full 0):
 PSYoungGen      total 18944K, used 16384K [0x00000000feb00000, 0x0000000100000000, 0x0000000100000000)
  eden space 16384K, 100% used [0x00000000feb00000,0x00000000ffb00000,0x00000000ffb00000)
  from space 2560K, 0% used [0x00000000ffd80000,0x00000000ffd80000,0x0000000100000000)
  to   space 2560K, 0% used [0x00000000ffb00000,0x00000000ffb00000,0x00000000ffd80000)
 ParOldGen       total 44032K, used 0K [0x00000000fc000000, 0x00000000feb00000, 0x00000000feb00000)
  object space 44032K, 0% used [0x00000000fc000000,0x00000000fc000000,0x00000000feb00000)
 Metaspace       used 6527K, capacity 6682K, committed 6784K, reserved 1056768K
  class space    used 768K, capacity 823K, committed 896K, reserved 1048576K
Event: 1.974 GC heap after
Heap after GC invocations=1 (full 0):
 PSYoungGen      total 18944K, used 2544K [0x00000000feb00000, 0x0000000100000000, 0x0000000100000000)
  eden space 16384K, 0% used [0x00000000feb00000,0x00000000feb00000,0x00000000ffb00000)
  from space 2560K, 99% used [0x00000000ffb00000,0x00000000ffd7c020,0x00000000ffd80000)
  to   space 2560K, 0% used [0x00000000ffd80000,0x00000000ffd80000,0x0000000100000000)
 ParOldGen       total 44032K, used 1536K [0x00000000fc000000, 0x00000000feb00000, 0x00000000feb00000)
  object space 44032K, 3% used [0x00000000fc000000,0x00000000fc1802a8,0x00000000feb00000)
 Metaspace       used 6527K, capacity 6682K, committed 6784K, reserved 1056768K
  class space    used 768K, capacity 823K, committed 896K, reserved 1048576K
}
Event: 4.107 GC heap before
{Heap before GC invocations=2 (full 0):
 PSYoungGen      total 18944K, used 18928K [0x00000000feb00000, 0x0000000100000000, 0x0000000100000000)
  eden space 16384K, 100% used [0x00000000feb00000,0x00000000ffb00000,0x00000000ffb00000)
  from space 2560K, 99% used [0x00000000ffb00000,0x00000000ffd7c020,0x00000000ffd80000)
  to   space 2560K, 0% used [0x00000000ffd80000,0x00000000ffd80000,0x0000000100000000)
 ParOldGen       total 44032K, used 1536K [0x00000000fc000000, 0x00000000feb00000, 0x00000000feb00000)
  object space 44032K, 3% used [0x00000000fc000000,0x00000000fc1802a8,0x00000000feb00000)
 Metaspace       used 7527K, capacity 7720K, committed 7936K, reserved 1056768K
  class space    used 867K, capacity 956K, committed 1024K, reserved 1048576K
Event: 4.355 GC heap after
Heap after GC invocations=2 (full 0):
 PSYoungGen      total 18944K, used 2555K [0x00000000feb00000, 0x0000000100000000, 0x0000000100000000)
  eden space 16384K, 0% used [0x00000000feb00000,0x00000000feb00000,0x00000000ffb00000)
  from space 2560K, 99% used [0x00000000ffd80000,0x00000000ffffeda0,0x0000000100000000)
  to   space 2560K, 0% used [0x00000000ffb00000,0x00000000ffb00000,0x00000000ffd80000)
 ParOldGen       total 44032K, used 4635K [0x00000000fc000000, 0x00000000feb00000, 0x00000000feb00000)
  object space 44032K, 10% used [0x00000000fc000000,0x00000000fc486fc0,0x00000000feb00000)
 Metaspace       used 7527K, capacity 7720K, committed 7936K, reserved 1056768K
  class space    used 867K, capacity 956K, committed 1024K, reserved 1048576K
}

Deoptimization events (10 events):
Event: 2.026 Thread 0x0000000005206800 Uncommon trap: reason=unstable_if action=reinterpret pc=0x000000000553cb4c method=java.util.zip.ZipCoder.decoder()Ljava/nio/charset/CharsetDecoder; @ 4
Event: 2.028 Thread 0x0000000005206800 Uncommon trap: reason=unstable_if action=reinterpret pc=0x00000000055317dc method=java.util.zip.ZipCoder.decoder()Ljava/nio/charset/CharsetDecoder; @ 4
Event: 2.037 Thread 0x0000000005206800 Uncommon trap: reason=unstable_if action=reinterpret pc=0x000000000554e808 method=java.util.HashMap$HashIterator.nextNode()Ljava/util/HashMap$Node; @ 74
Event: 2.164 Thread 0x0000000005206800 Uncommon trap: reason=unstable_if action=reinterpret pc=0x0000000005547108 method=java.util.HashMap$HashIterator.nextNode()Ljava/util/HashMap$Node; @ 74
Event: 2.428 Thread 0x0000000005206800 Uncommon trap: reason=unloaded action=reinterpret pc=0x00000000055323fc method=java.util.zip.ZipEntry.setExtra0([BZ)V @ 37
Event: 2.823 Thread 0x0000000005206800 Uncommon trap: reason=unstable_if action=reinterpret pc=0x00000000054ed4f8 method=java.lang.String.indexOf([CII[CIII)I @ 134
Event: 2.881 Thread 0x0000000005206800 Uncommon trap: reason=unstable_if action=reinterpret pc=0x00000000054b01ec method=java.lang.String.<init>([CII)V @ 18
Event: 3.154 Thread 0x0000000005206800 Uncommon trap: reason=unstable_if action=reinterpret pc=0x00000000055f65f0 method=org.objectweb.asm.ClassReader.readUTF8(I[C)Ljava/lang/String; @ 7
Event: 3.938 Thread 0x0000000005206800 Uncommon trap: reason=unstable_if action=reinterpret pc=0x00000000056415d8 method=org.objectweb.asm.Type.getArgumentsAndReturnSizes(Ljava/lang/String;)I @ 47
Event: 4.078 Thread 0x0000000005206800 Uncommon trap: reason=unstable_if action=reinterpret pc=0x000000000562c6cc method=org.objectweb.asm.Item.a(Lorg/objectweb/asm/Item;)Z @ 345

Classes redefined (0 events):
No events

Internal exceptions (10 events):
Event: 2.161 Thread 0x0000000005206800 Exception <a 'sun/nio/fs/WindowsException'> (0x00000000ff19e770) thrown at [D:\src\AOSP-openjdk-cygwin\jdk8u\hotspot\src\share\vm\prims\jni.cpp, line 709]
Event: 2.171 Thread 0x0000000005206800 Exception <a 'sun/nio/fs/WindowsException'> (0x00000000ff1a3c80) thrown at [D:\src\AOSP-openjdk-cygwin\jdk8u\hotspot\src\share\vm\prims\jni.cpp, line 709]
Event: 2.502 Thread 0x0000000005206800 Exception <a 'sun/nio/fs/WindowsException'> (0x00000000ff4c3c60) thrown at [D:\src\AOSP-openjdk-cygwin\jdk8u\hotspot\src\share\vm\prims\jni.cpp, line 709]
Event: 2.502 Thread 0x0000000005206800 Exception <a 'sun/nio/fs/WindowsException'> (0x00000000ff4c4260) thrown at [D:\src\AOSP-openjdk-cygwin\jdk8u\hotspot\src\share\vm\prims\jni.cpp, line 709]
Event: 3.116 Thread 0x0000000005206800 Exception <a 'sun/nio/fs/WindowsException'> (0x00000000ff741838) thrown at [D:\src\AOSP-openjdk-cygwin\jdk8u\hotspot\src\share\vm\prims\jni.cpp, line 709]
Event: 3.117 Thread 0x0000000005206800 Exception <a 'sun/nio/fs/WindowsException'> (0x00000000ff741db8) thrown at [D:\src\AOSP-openjdk-cygwin\jdk8u\hotspot\src\share\vm\prims\jni.cpp, line 709]
Event: 3.891 Thread 0x0000000005206800 Exception <a 'sun/nio/fs/WindowsException'> (0x00000000ff8c4048) thrown at [D:\src\AOSP-openjdk-cygwin\jdk8u\hotspot\src\share\vm\prims\jni.cpp, line 709]
Event: 3.892 Thread 0x0000000005206800 Exception <a 'sun/nio/fs/WindowsException'> (0x00000000ff8c45c8) thrown at [D:\src\AOSP-openjdk-cygwin\jdk8u\hotspot\src\share\vm\prims\jni.cpp, line 709]
Event: 3.922 Thread 0x0000000005206800 Exception <a 'sun/nio/fs/WindowsException'> (0x00000000ff9334d0) thrown at [D:\src\AOSP-openjdk-cygwin\jdk8u\hotspot\src\share\vm\prims\jni.cpp, line 709]
Event: 3.922 Thread 0x0000000005206800 Exception <a 'sun/nio/fs/WindowsException'> (0x00000000ff933a50) thrown at [D:\src\AOSP-openjdk-cygwin\jdk8u\hotspot\src\share\vm\prims\jni.cpp, line 709]

Events (10 events):
Event: 3.154 Thread 0x0000000005206800 DEOPT PACKING pc=0x00000000055f65f0 sp=0x00000000051fee10
Event: 3.154 Thread 0x0000000005206800 DEOPT UNPACKING pc=0x000000000534556a sp=0x00000000051fede0 mode 2
Event: 3.938 Thread 0x0000000005206800 Uncommon trap: trap_request=0xffffff65 fr.pc=0x00000000056415d8
Event: 3.938 Thread 0x0000000005206800 DEOPT PACKING pc=0x00000000056415d8 sp=0x00000000051fe5f0
Event: 3.938 Thread 0x0000000005206800 DEOPT UNPACKING pc=0x000000000534556a sp=0x00000000051fe578 mode 2
Event: 4.078 Thread 0x0000000005206800 Uncommon trap: trap_request=0xffffff65 fr.pc=0x000000000562c6cc
Event: 4.078 Thread 0x0000000005206800 DEOPT PACKING pc=0x000000000562c6cc sp=0x00000000051fe790
Event: 4.078 Thread 0x0000000005206800 DEOPT UNPACKING pc=0x000000000534556a sp=0x00000000051fe728 mode 2
Event: 4.106 Executing VM operation: ParallelGCFailedAllocation
Event: 4.355 Executing VM operation: ParallelGCFailedAllocation done


Dynamic libraries:
0x00007ff67e2c0000 - 0x00007ff67e2f1000 	C:\Program Files\Android\Android Studio1\jre\bin\java.exe
0x00007ffa8bac0000 - 0x00007ffa8bca0000 	C:\WINDOWS\SYSTEM32\ntdll.dll
0x00007ffa8b2c0000 - 0x00007ffa8b36e000 	C:\WINDOWS\System32\KERNEL32.DLL
0x00007ffa88210000 - 0x00007ffa88476000 	C:\WINDOWS\System32\KERNELBASE.dll
0x00007ffa89420000 - 0x00007ffa894c1000 	C:\WINDOWS\System32\ADVAPI32.dll
0x00007ffa89bf0000 - 0x00007ffa89c8d000 	C:\WINDOWS\System32\msvcrt.dll
0x00007ffa89c90000 - 0x00007ffa89ceb000 	C:\WINDOWS\System32\sechost.dll
0x00007ffa8b740000 - 0x00007ffa8b85f000 	C:\WINDOWS\System32\RPCRT4.dll
0x00007ffa8b510000 - 0x00007ffa8b69e000 	C:\WINDOWS\System32\USER32.dll
0x00007ffa885a0000 - 0x00007ffa885c0000 	C:\WINDOWS\System32\win32u.dll
0x00007ffa8ba00000 - 0x00007ffa8ba28000 	C:\WINDOWS\System32\GDI32.dll
0x00007ffa88020000 - 0x00007ffa881b4000 	C:\WINDOWS\System32\gdi32full.dll
0x00007ffa88500000 - 0x00007ffa8859b000 	C:\WINDOWS\System32\msvcp_win.dll
0x00007ffa87ec0000 - 0x00007ffa87fb6000 	C:\WINDOWS\System32\ucrtbase.dll
0x00007ffa788b0000 - 0x00007ffa78b19000 	C:\WINDOWS\WinSxS\amd64_microsoft.windows.common-controls_6595b64144ccf1df_6.0.16299.19_none_cc92fab02215da61\COMCTL32.dll
0x00007ffa89110000 - 0x00007ffa89418000 	C:\WINDOWS\System32\combase.dll
0x00007ffa88480000 - 0x00007ffa884f2000 	C:\WINDOWS\System32\bcryptPrimitives.dll
0x00007ffa89e40000 - 0x00007ffa89e6d000 	C:\WINDOWS\System32\IMM32.DLL
0x000000006b270000 - 0x000000006b342000 	C:\Program Files\Android\Android Studio1\jre\jre\bin\msvcr100.dll
0x00000000661a0000 - 0x00000000669de000 	C:\Program Files\Android\Android Studio1\jre\jre\bin\server\jvm.dll
0x00007ffa89100000 - 0x00007ffa89108000 	C:\WINDOWS\System32\PSAPI.DLL
0x00007ffa83640000 - 0x00007ffa83649000 	C:\WINDOWS\SYSTEM32\WSOCK32.dll
0x00007ffa894d0000 - 0x00007ffa8953c000 	C:\WINDOWS\System32\WS2_32.dll
0x00007ffa86270000 - 0x00007ffa86293000 	C:\WINDOWS\SYSTEM32\WINMM.dll
0x00007ffa78b50000 - 0x00007ffa78b5a000 	C:\WINDOWS\SYSTEM32\VERSION.dll
0x00007ffa86210000 - 0x00007ffa8623a000 	C:\WINDOWS\SYSTEM32\WINMMBASE.dll
0x00007ffa881c0000 - 0x00007ffa8820a000 	C:\WINDOWS\System32\cfgmgr32.dll
0x00007ffa6b210000 - 0x00007ffa6b21f000 	C:\Program Files\Android\Android Studio1\jre\jre\bin\verify.dll
0x00007ffa4fec0000 - 0x00007ffa4fee9000 	C:\Program Files\Android\Android Studio1\jre\jre\bin\java.dll
0x00007ffa54bd0000 - 0x00007ffa54be6000 	C:\Program Files\Android\Android Studio1\jre\jre\bin\zip.dll
0x00007ffa89e70000 - 0x00007ffa8b2a7000 	C:\WINDOWS\System32\SHELL32.dll
0x00007ffa89ac0000 - 0x00007ffa89b66000 	C:\WINDOWS\System32\shcore.dll
0x00007ffa88840000 - 0x00007ffa88f87000 	C:\WINDOWS\System32\windows.storage.dll
0x00007ffa8b3e0000 - 0x00007ffa8b431000 	C:\WINDOWS\System32\shlwapi.dll
0x00007ffa87e30000 - 0x00007ffa87e41000 	C:\WINDOWS\System32\kernel.appcore.dll
0x00007ffa87e70000 - 0x00007ffa87ebc000 	C:\WINDOWS\System32\powrprof.dll
0x00007ffa87e50000 - 0x00007ffa87e6b000 	C:\WINDOWS\System32\profapi.dll
0x00007ffa87860000 - 0x00007ffa87877000 	C:\WINDOWS\SYSTEM32\CRYPTSP.dll
0x00007ffa87250000 - 0x00007ffa87283000 	C:\WINDOWS\system32\rsaenh.dll
0x00007ffa87970000 - 0x00007ffa87995000 	C:\WINDOWS\SYSTEM32\bcrypt.dll
0x00007ffa87d10000 - 0x00007ffa87d39000 	C:\WINDOWS\SYSTEM32\USERENV.dll
0x00007ffa87880000 - 0x00007ffa8788b000 	C:\WINDOWS\SYSTEM32\CRYPTBASE.dll
0x00007ffa53920000 - 0x00007ffa5393a000 	C:\Program Files\Android\Android Studio1\jre\jre\bin\net.dll
0x00007ffa876a0000 - 0x00007ffa87706000 	C:\WINDOWS\system32\mswsock.dll
0x00007ffa87430000 - 0x00007ffa87469000 	C:\WINDOWS\SYSTEM32\IPHLPAPI.DLL
0x00007ffa8b3d0000 - 0x00007ffa8b3d8000 	C:\WINDOWS\System32\NSI.dll
0x00007ffa7e010000 - 0x00007ffa7e026000 	C:\WINDOWS\SYSTEM32\dhcpcsvc6.DLL
0x00007ffa7dff0000 - 0x00007ffa7e00a000 	C:\WINDOWS\SYSTEM32\dhcpcsvc.DLL
0x00007ffa4fea0000 - 0x00007ffa4feb1000 	C:\Program Files\Android\Android Studio1\jre\jre\bin\nio.dll

VM Arguments:
jvm_args: -Djava.awt.headless=true -Xmx64M -Dfile.encoding=windows-1252 -Duser.country=BR -Duser.language=pt -Duser.variant 
java_command: com.google.devtools.build.android.desugar.Desugar --input C:\Users\JCarvalhoJr\eclipse-workspace_2018\Web_Services_Android\Web_Service_Android_Client\app\build\intermediates\transforms\stackFramesFixer\debug\8.jar --output C:\Users\JCarvalhoJr\eclipse-workspace_2018\Web_Services_Android\Web_Service_Android_Client\app\build\intermediates\transforms\desugar\debug\9.jar --input C:\Users\JCarvalhoJr\eclipse-workspace_2018\Web_Services_Android\Web_Service_Android_Client\app\build\intermediates\transforms\stackFramesFixer\debug\7.jar --output C:\Users\JCarvalhoJr\eclipse-workspace_2018\Web_Services_Android\Web_Service_Android_Client\app\build\intermediates\transforms\desugar\debug\8.jar --input C:\Users\JCarvalhoJr\eclipse-workspace_2018\Web_Services_Android\Web_Service_Android_Client\app\build\intermediates\transforms\stackFramesFixer\debug\25.jar --output C:\Users\JCarvalhoJr\eclipse-workspace_2018\Web_Services_Android\Web_Service_Android_Client\app\build\intermediates\transforms\desugar\debug\26.jar --input C:\Users\JCarvalhoJr\eclipse-workspace_2018\Web_Services_Android\Web_Service_Android_Client\app\build\intermediates\transforms\stackFramesFixer\debug\9.jar --output C:\Users\JCarvalhoJr\eclipse-workspace_2018\Web_Services_Android\Web_Service_Android_Client\app\build\intermediates\transforms\desugar\debug\10.jar --input C:\Users\JCarvalhoJr\eclipse-workspace_2018\Web_Services_Android\Web_Service_Android_Client\app\build\intermediates\transforms\stackFramesFixer\debug\20.jar --output C:\Users\JCarvalhoJr\eclipse-workspace_2018\Web_Services_Android\Web_Service_Android_Client\app\build\intermediates\transforms\desugar\debug\21.jar --input C:\Users\JCarvalhoJr\eclipse-workspace_2018\Web_Services_Android\Web_Service_Android_Client\app\build\intermediates\transforms\stackFramesFixer\debug\17.jar --output C:\Users\JCarvalhoJr\eclipse-workspace_2018\Web_Services_Android\Web_Service_Android_Client\app\build\intermediates\transforms\desugar\debug\18.jar --input
java_class_path (initial): C:\Users\JCarvalhoJr\AppData\Local\Temp\desugar_deploy.jar3951035612156620796
Launcher Type: SUN_STANDARD

Environment Variables:
JAVA_HOME=C:\Program Files\Java\jdk1.8.0_162
CLASSPATH=.;C:\Program Files (x86)\Griaule\Fingerprint SDK 2009\bin\GrFingerJava.jar
USERNAME=JCarvalhoJr
OS=Windows_NT
PROCESSOR_IDENTIFIER=Intel64 Family 6 Model 42 Stepping 7, GenuineIntel



---------------  S Y S T E M  ---------------

OS: Windows 10.0 , 64 bit Build 16299 (10.0.16299.15)

CPU:total 4 (initial active 4) (2 cores per cpu, 2 threads per core) family 6 model 42 stepping 7, cmov, cx8, fxsr, mmx, sse, sse2, sse3, ssse3, sse4.1, sse4.2, popcnt, avx, aes, clmul, ht, tsc, tscinvbit

Memory: 4k page, physical 12496748k(5628244k free), swap 13545324k(1700k free)

vm_info: OpenJDK 64-Bit Server VM (25.152-b01) for windows-amd64 JRE (1.8.0_152-release-915-b01), built by "builder" with MS VC++ 10.0 (VS2010)

time: Thu Mar 22 15:46:08 2018
elapsed time: 4 seconds (0d 0h 0m 4s)

